Information,8/27/2023 4:53:13 AM,Microsoft-Windows-Install-Agent,2006,Service,"[Telemetry]: StateTransition :: ProductId = 9NBLGGH42THS  PFN = Microsoft.Microsoft3DViewer_8wekyb3d8bbwe  CatalogId =   FulfillmentPluginId = WU  PluginTelemetryData = {""WorkProperties"":{""IsInteractive"":0,""CallerApplicationId"":""ScanForUpdates"",""InstallForAllUsers"":0,""AllowDownloadOnAnyNetwork"":0,""ForceUseOfNonRemovableStorage"":0,""AllowForcedAppRestart"":0,""IsDiscInstall"":0,""IsRestore"":0,""Repair"":0,""StageButDoNotInstall"":0,""RequiresElevation"":0,""AutomaticallyDownloadAndInstallUpdateIfFound"":0,""AllowCachedResult"":0,""UserIdentityInfo"":"""",""VolumePath"":""""},""extendedErrorCode"":0}  PrevState = BlockedOnUser  NewState = LowPriority  PluginLastStage = 4  HResult = 0  __TlgCV__ = djk7teN0u0OSQnoQ.1.0  
Error: Unknown HResult Error code: 0xefffffff
Function: LogTelemetryEvent
Source: onecoreuap\enduser\winstore\installservice\svc\logging.cpp (10)"
Information,8/27/2023 4:53:13 AM,Microsoft-Windows-Install-Agent,2006,Service,"[Start] Creating Queue Item for the workCatalogId = PackageFamilyName:Microsoft.Microsoft3DViewer_8wekyb3d8bbwe  
Error: The operation completed successfully.
Function: InstallQueue2::_EnqueueWork
Source: onecoreuap\enduser\winstore\installservice\libqueue2\installqueue2.cpp (1078)"
Information,8/27/2023 4:53:13 AM,Microsoft-Windows-Install-Agent,2006,Service,"[End] Creating UWA Work FulfillmentData = {""ProductId"":""9NBLGGH42THS"",""WuBundleId"":""65af8f82-e029-48e0-bf83-e7ef1e837cd5"",""WuCategoryId"":""0c7d3085-6c21-49a1-b267-52fdd722ca9d"",""PackageFamilyName"":""Microsoft.Microsoft3DViewer_8wekyb3d8bbwe"",""SkuId"":""0010"",""Content"":null,""PackageFeatures"":null}  
Error: The operation completed successfully.
Function: 
Source:  (387)"
Information,8/27/2023 4:53:13 AM,Microsoft-Windows-Install-Agent,2006,Service,"WU scan found 3 packages
Error: Unknown HResult Error code: 0xefffffff
Function: _PackagesFromSearchResult
Source: onecoreuap\enduser\winstore\installservice\lib\wuhelpers.cpp (151)"
Information,8/27/2023 4:53:06 AM,Microsoft-Windows-Install-Agent,2006,Service,"WU query: ""IsInstalled=0 AND AppCategoryIDs contains '0c7d3085-6c21-49a1-b267-52fdd722ca9d'""
Error: Unknown HResult Error code: 0xefffffff
Function: SearchUpdatePackages
Source: onecoreuap\enduser\winstore\installservice\lib\wuhelpers.cpp (308)"
Information,8/27/2023 4:53:06 AM,Microsoft-Windows-Install-Agent,2006,Service,"AppId = 0c7d3085-6c21-49a1-b267-52fdd722ca9d, WU Installed Flag = 0, OnlineSearch = 0, Interactive = 0, Scope = 4, Client ID = Update;ScanForUpdates
Error: Unknown HResult Error code: 0xefffffff
Function: SearchUpdatePackages
Source: onecoreuap\enduser\winstore\installservice\lib\wuhelpers.cpp (243)"
Warning,8/27/2023 4:53:06 AM,Microsoft-Windows-Install-Agent,2007,Service,"InstallService InProc Caller. Current Thread not impersonating. Using current process (LocalSystem)
Error: Unknown HResult Error code: 0xefffffff
Function: CallerContext::_getCallerToken
Source: onecoreuap\enduser\winstore\installservice\lib\callercontext.cpp (85)"
Information,8/27/2023 4:53:06 AM,Microsoft-Windows-Install-Agent,2006,Service,"[Start] Creating UWA Work FulfillmentData = {""ProductId"":""9NBLGGH42THS"",""WuBundleId"":""65af8f82-e029-48e0-bf83-e7ef1e837cd5"",""WuCategoryId"":""0c7d3085-6c21-49a1-b267-52fdd722ca9d"",""PackageFamilyName"":""Microsoft.Microsoft3DViewer_8wekyb3d8bbwe"",""SkuId"":""0010"",""Content"":null,""PackageFeatures"":null}  
Error: The operation completed successfully.
Function: UWAInstallServiceWorkItem::UWAInstallServiceWorkItem
Source: onecoreuap\enduser\winstore\installservice\libqueue2\uwainstallworkbridge.cpp (387)"
Information,8/27/2023 4:53:06 AM,Microsoft-Windows-Install-Agent,2006,Service,"Received checkpoint data updateItem = 9NBLGGH10PG8   
Error: The operation completed successfully.
Function: InstallQueue2::NotifyCheckpointChanged
Source: onecoreuap\enduser\winstore\installservice\libqueue2\installqueue2.cpp (1922)"
Information,8/27/2023 4:53:06 AM,Microsoft-Windows-Install-Agent,2006,Service,"[End] Item inserted into the queue. Attempting to create progresstrackersItem = 9NBLGGH10PG8  
Error: The operation completed successfully.
Function: 
Source:  (1143)"
Information,8/27/2023 4:53:06 AM,Microsoft-Windows-Install-Agent,2006,Service,"[Start] Item inserted into the queue. Attempting to create progresstrackersItem = 9NBLGGH10PG8  
Error: The operation completed successfully.
Function: InstallQueue2::_EnqueueWork
Source: onecoreuap\enduser\winstore\installservice\libqueue2\installqueue2.cpp (1143)"
Information,8/27/2023 4:53:06 AM,Microsoft-Windows-Install-Agent,2006,Service,"[End] Creating Queue Item for the workCatalogId = PackageFamilyName:Microsoft.People_8wekyb3d8bbwe  
Error: The operation completed successfully.
Function: 
Source:  (1078)"
Information,8/27/2023 4:53:06 AM,Microsoft-Windows-Install-Agent,2006,Service,"[Telemetry]: StateTransition :: ProductId = 9NBLGGH10PG8  PFN = Microsoft.People_8wekyb3d8bbwe  CatalogId =   FulfillmentPluginId = WU  PluginTelemetryData = {""WorkProperties"":{""IsInteractive"":0,""CallerApplicationId"":""ScanForUpdates"",""InstallForAllUsers"":0,""AllowDownloadOnAnyNetwork"":0,""ForceUseOfNonRemovableStorage"":0,""AllowForcedAppRestart"":0,""IsDiscInstall"":0,""IsRestore"":0,""Repair"":0,""StageButDoNotInstall"":0,""RequiresElevation"":0,""AutomaticallyDownloadAndInstallUpdateIfFound"":0,""AllowCachedResult"":0,""UserIdentityInfo"":"""",""VolumePath"":""""},""extendedErrorCode"":0}  PrevState = Error  NewState = LowPriority  PluginLastStage = 4  HResult = 0  __TlgCV__ = djk7teN0u0OSQnoQ.1.0  
Error: Unknown HResult Error code: 0xefffffff
Function: LogTelemetryEvent
Source: onecoreuap\enduser\winstore\installservice\svc\logging.cpp (10)"
Information,8/27/2023 4:53:06 AM,Microsoft-Windows-Install-Agent,2006,Service,"[Start] Creating Queue Item for the workCatalogId = PackageFamilyName:Microsoft.People_8wekyb3d8bbwe  
Error: The operation completed successfully.
Function: InstallQueue2::_EnqueueWork
Source: onecoreuap\enduser\winstore\installservice\libqueue2\installqueue2.cpp (1078)"
Information,8/27/2023 4:53:06 AM,Microsoft-Windows-Install-Agent,2006,Service,"[End] Creating UWA Work FulfillmentData = {""ProductId"":""9NBLGGH10PG8"",""WuBundleId"":""d9e29148-498c-4802-be9a-6efe30e2b610"",""WuCategoryId"":""cfc4a10e-0356-451d-bb3e-c4fe5edfd20c"",""PackageFamilyName"":""Microsoft.People_8wekyb3d8bbwe"",""SkuId"":""0010"",""Content"":null,""PackageFeatures"":null}  
Error: The operation completed successfully.
Function: 
Source:  (387)"
Information,8/27/2023 4:53:06 AM,Microsoft-Windows-Install-Agent,2006,Service,"WU scan found 2 packages
Error: Unknown HResult Error code: 0xefffffff
Function: _PackagesFromSearchResult
Source: onecoreuap\enduser\winstore\installservice\lib\wuhelpers.cpp (151)"
Information,8/27/2023 4:53:00 AM,Microsoft-Windows-Store,8001,LM,"Removed timer for {F6000DD5-AD12-6402-FFC7-1B3DF712E284}
Function: MemoryTimerService::CleanupTimer
Source: onecoreuap\enduser\winstore\licensemanager\lib\memorytimer.cpp (19)"
Warning,8/27/2023 4:53:00 AM,Microsoft-Windows-Store,8002,LM,"Trying to remove timer {F6000DD5-AD12-6402-FFC7-1B3DF712E284} not in table
Function: MemoryTimerService::CancelTimerWithId
Source: onecoreuap\enduser\winstore\licensemanager\lib\memorytimer.cpp (80)"
Information,8/27/2023 4:53:00 AM,Microsoft-Windows-Store,8001,LM,"Ignoring lease removal with reason 0x00000000 because this is an offline lease

Function: ClipStorage::RemoveLeaseDocumentWithIdAndReason
Source: onecoreuap\enduser\winstore\licensemanager\lib\clipstorage.cpp (514)"
Information,8/27/2023 4:53:00 AM,Microsoft-Windows-Store,8001,LM,"Decoding: {""entitlementId"":""00de91bb-a7f9-0bd6-a5f1-f56c981fbe0b"",""entitlementSatisfaction"":""Device"",""isOffline"":true,""leaseEnforcement"":""None"",""leaseUri"":""https://licensing.md.mp.microsoft.com/v7.0/licenses/?beneficiaryId=msahwonecoreuap\enduser\winstore\licensemanager\lib\clipdocument.cppa6825769495073050&contentId=53466e60-4da9-d32b-d0c1-e0686457d28f&entitlementId=00de91bb-a7f9-0bd6-a5f1-f56c981fbe0b&market=US&policyType=Device"",""keyIds"":[""b81d7e70-84e7-b16a-e3d0-1e7aa2f1232d""],""kind"":""Content"",""packages"":[{""packageIdentifier"":""53466e60-4da9-d32b-d0c1-e0686457d28f"",""packageType"":""msix"",""productAddOns"":[],""productId"":""9NBLGGH52CKV"",""skuId"":""0010""}],""pollAt"":""2022-09-21T07:32:37.2389905+00:00"",""refreshOnStartup"":false,""version"":7}
Function: DecodeCustomPolicy
Source: onecoreuap\enduser\winstore\licensemanager\lib\clipdocument.cpp (50)"
Information,8/27/2023 4:53:00 AM,Microsoft-Windows-Store,8001,LM,"Requesting lease document removal for reason 0x00000000, {F6000DD5-AD12-6402-FFC7-1B3DF712E284}
Function: LicenseManagerCore::DoRemoveLeaseDocumentWithId
Source: onecoreuap\enduser\winstore\licensemanager\lib\managercore.cpp (1460)"
Verbose,8/27/2023 4:53:00 AM,Microsoft-Windows-Store,8012,LM State Machine,0x22a5922dd60: 5232: Lease:Valid Change: Lease:Invalid => {F6000DD5-AD12-6402-FFC7-1B3DF712E284}
Verbose,8/27/2023 4:53:00 AM,Microsoft-Windows-Store,8011,LM State Machine,0x22a5922dd60: 5232: {F6000DD5-AD12-6402-FFC7-1B3DF712E284}: Dispatch: Lease:Unregistered => Lease:Valid
Verbose,8/27/2023 4:53:00 AM,Microsoft-Windows-Store,8011,LM State Machine,0x22a5922dd60: 5232: {F6000DD5-AD12-6402-FFC7-1B3DF712E284}: Dispatch: Lease:RemoveKey => Lease:Valid
Information,8/27/2023 4:53:00 AM,Microsoft-Windows-Store,8001,LM,"Set results for lease = 0x0, policy = 0, operation = 0, Leasebehavior = 0
Function: KeyMachine::DoSetResult
Source: onecoreuap\enduser\winstore\licensemanager\lib\keymachine.cpp (1460)"
Verbose,8/27/2023 4:53:00 AM,Microsoft-Windows-Store,8012,LM State Machine,0x22a592d99c0: 5232: Key:Valid Change: Key:Invalid => 53466E60-4DA9-D32B-D0C1-E0686457D28F
Information,8/27/2023 4:53:00 AM,Microsoft-Windows-Store,8001,LM,"Lease dropped
Function: KeyMachine::DoDropLease
Source: onecoreuap\enduser\winstore\licensemanager\lib\keymachine.cpp (279)"
Verbose,8/27/2023 4:53:00 AM,Microsoft-Windows-Store,8011,LM State Machine,0x22a592d99c0: 5232: 53466E60-4DA9-D32B-D0C1-E0686457D28F: Dispatch: Key:Unregistered => Key:Valid
Information,8/27/2023 4:53:00 AM,Microsoft-Windows-Store,8001,LM,"ServicePackageRundownNotificationImpl PsmKey:Microsoft.Wallet_2.4.18324.0_x64__8wekyb3d8bbwe+App, sid:S-1-5-21-3089243881-3525850343-252262830-500
Function: ServicePackageRundownNotificationImpl
Source: onecoreuap\enduser\winstore\licensemanager\lib\service.cpp (2366)"
Information,8/27/2023 4:53:00 AM,Microsoft-Windows-Store,8001,LM,"Invoking license manager because license/lease polling time up: PFN Microsoft.Wallet_2.4.18324.0_x64__8wekyb3d8bbwe
Function: InvokeLicenseManagerRequired
Source: onecoreuap\enduser\winstore\licensemanager\apisethost\activationapis.cpp (361)"
Information,8/27/2023 4:52:59 AM,Microsoft-Windows-Install-Agent,2006,Service,"WU query: ""IsInstalled=0 AND AppCategoryIDs contains 'cfc4a10e-0356-451d-bb3e-c4fe5edfd20c'""
Error: Unknown HResult Error code: 0xefffffff
Function: SearchUpdatePackages
Source: onecoreuap\enduser\winstore\installservice\lib\wuhelpers.cpp (308)"
Information,8/27/2023 4:52:59 AM,Microsoft-Windows-Install-Agent,2006,Service,"AppId = cfc4a10e-0356-451d-bb3e-c4fe5edfd20c, WU Installed Flag = 0, OnlineSearch = 0, Interactive = 0, Scope = 4, Client ID = Update;ScanForUpdates
Error: Unknown HResult Error code: 0xefffffff
Function: SearchUpdatePackages
Source: onecoreuap\enduser\winstore\installservice\lib\wuhelpers.cpp (243)"
Warning,8/27/2023 4:52:59 AM,Microsoft-Windows-Install-Agent,2007,Service,"InstallService InProc Caller. Current Thread not impersonating. Using current process (LocalSystem)
Error: Unknown HResult Error code: 0xefffffff
Function: CallerContext::_getCallerToken
Source: onecoreuap\enduser\winstore\installservice\lib\callercontext.cpp (85)"
Information,8/27/2023 4:52:59 AM,Microsoft-Windows-Install-Agent,2006,Service,"[Start] Creating UWA Work FulfillmentData = {""ProductId"":""9NBLGGH10PG8"",""WuBundleId"":""d9e29148-498c-4802-be9a-6efe30e2b610"",""WuCategoryId"":""cfc4a10e-0356-451d-bb3e-c4fe5edfd20c"",""PackageFamilyName"":""Microsoft.People_8wekyb3d8bbwe"",""SkuId"":""0010"",""Content"":null,""PackageFeatures"":null}  
Error: The operation completed successfully.
Function: UWAInstallServiceWorkItem::UWAInstallServiceWorkItem
Source: onecoreuap\enduser\winstore\installservice\libqueue2\uwainstallworkbridge.cpp (387)"
Information,8/27/2023 4:52:59 AM,Microsoft-Windows-Install-Agent,2006,Service,"Received checkpoint data updateItem = 9WZDNCRFJ3Q2   
Error: The operation completed successfully.
Function: InstallQueue2::NotifyCheckpointChanged
Source: onecoreuap\enduser\winstore\installservice\libqueue2\installqueue2.cpp (1922)"
Information,8/27/2023 4:52:59 AM,Microsoft-Windows-Install-Agent,2006,Service,"[End] Item inserted into the queue. Attempting to create progresstrackersItem = 9WZDNCRFJ3Q2  
Error: The operation completed successfully.
Function: 
Source:  (1143)"
Information,8/27/2023 4:52:59 AM,Microsoft-Windows-Install-Agent,2006,Service,"[Start] Item inserted into the queue. Attempting to create progresstrackersItem = 9WZDNCRFJ3Q2  
Error: The operation completed successfully.
Function: InstallQueue2::_EnqueueWork
Source: onecoreuap\enduser\winstore\installservice\libqueue2\installqueue2.cpp (1143)"
Information,8/27/2023 4:52:59 AM,Microsoft-Windows-Install-Agent,2006,Service,"[End] Creating Queue Item for the workCatalogId = PackageFamilyName:Microsoft.BingWeather_8wekyb3d8bbwe  
Error: The operation completed successfully.
Function: 
Source:  (1078)"
Information,8/27/2023 4:52:59 AM,Microsoft-Windows-Install-Agent,2006,Service,"[Telemetry]: StateTransition :: ProductId = 9WZDNCRFJ3Q2  PFN = Microsoft.BingWeather_8wekyb3d8bbwe  CatalogId =   FulfillmentPluginId = WU  PluginTelemetryData = {""WorkProperties"":{""IsInteractive"":0,""CallerApplicationId"":""ScanForUpdates"",""InstallForAllUsers"":0,""AllowDownloadOnAnyNetwork"":0,""ForceUseOfNonRemovableStorage"":0,""AllowForcedAppRestart"":0,""IsDiscInstall"":0,""IsRestore"":0,""Repair"":0,""StageButDoNotInstall"":0,""RequiresElevation"":0,""AutomaticallyDownloadAndInstallUpdateIfFound"":0,""AllowCachedResult"":0,""UserIdentityInfo"":"""",""VolumePath"":""""},""extendedErrorCode"":0}  PrevState = Error  NewState = LowPriority  PluginLastStage = 4  HResult = 0  __TlgCV__ = djk7teN0u0OSQnoQ.1.0  
Error: Unknown HResult Error code: 0xefffffff
Function: LogTelemetryEvent
Source: onecoreuap\enduser\winstore\installservice\svc\logging.cpp (10)"
Information,8/27/2023 4:52:59 AM,Microsoft-Windows-Install-Agent,2006,Service,"[Start] Creating Queue Item for the workCatalogId = PackageFamilyName:Microsoft.BingWeather_8wekyb3d8bbwe  
Error: The operation completed successfully.
Function: InstallQueue2::_EnqueueWork
Source: onecoreuap\enduser\winstore\installservice\libqueue2\installqueue2.cpp (1078)"
Information,8/27/2023 4:52:59 AM,Microsoft-Windows-Install-Agent,2006,Service,"[End] Creating UWA Work FulfillmentData = {""ProductId"":""9WZDNCRFJ3Q2"",""WuBundleId"":""86337522-24aa-43b6-86c4-152f61c87589"",""WuCategoryId"":""421ba874-f903-4965-9b82-d60f3ba3cae0"",""PackageFamilyName"":""Microsoft.BingWeather_8wekyb3d8bbwe"",""SkuId"":""0010"",""Content"":null,""PackageFeatures"":null}  
Error: The operation completed successfully.
Function: 
Source:  (387)"
Information,8/27/2023 4:52:59 AM,Microsoft-Windows-Install-Agent,2006,Service,"WU scan found 4 packages
Error: Unknown HResult Error code: 0xefffffff
Function: _PackagesFromSearchResult
Source: onecoreuap\enduser\winstore\installservice\lib\wuhelpers.cpp (151)"
Information,8/27/2023 4:52:50 AM,Microsoft-Windows-Install-Agent,2006,Service,"WU query: ""IsInstalled=0 AND AppCategoryIDs contains '421ba874-f903-4965-9b82-d60f3ba3cae0'""
Error: Unknown HResult Error code: 0xefffffff
Function: SearchUpdatePackages
Source: onecoreuap\enduser\winstore\installservice\lib\wuhelpers.cpp (308)"
Information,8/27/2023 4:52:50 AM,Microsoft-Windows-Install-Agent,2006,Service,"AppId = 421ba874-f903-4965-9b82-d60f3ba3cae0, WU Installed Flag = 0, OnlineSearch = 0, Interactive = 0, Scope = 4, Client ID = Update;ScanForUpdates
Error: Unknown HResult Error code: 0xefffffff
Function: SearchUpdatePackages
Source: onecoreuap\enduser\winstore\installservice\lib\wuhelpers.cpp (243)"
Warning,8/27/2023 4:52:50 AM,Microsoft-Windows-Install-Agent,2007,Service,"InstallService InProc Caller. Current Thread not impersonating. Using current process (LocalSystem)
Error: Unknown HResult Error code: 0xefffffff
Function: CallerContext::_getCallerToken
Source: onecoreuap\enduser\winstore\installservice\lib\callercontext.cpp (85)"
Information,8/27/2023 4:52:50 AM,Microsoft-Windows-Install-Agent,2006,Service,"[Start] Creating UWA Work FulfillmentData = {""ProductId"":""9WZDNCRFJ3Q2"",""WuBundleId"":""86337522-24aa-43b6-86c4-152f61c87589"",""WuCategoryId"":""421ba874-f903-4965-9b82-d60f3ba3cae0"",""PackageFamilyName"":""Microsoft.BingWeather_8wekyb3d8bbwe"",""SkuId"":""0010"",""Content"":null,""PackageFeatures"":null}  
Error: The operation completed successfully.
Function: UWAInstallServiceWorkItem::UWAInstallServiceWorkItem
Source: onecoreuap\enduser\winstore\installservice\libqueue2\uwainstallworkbridge.cpp (387)"
Information,8/27/2023 4:52:50 AM,Microsoft-Windows-Install-Agent,2006,Service,"Received checkpoint data updateItem = 9WZDNCRFHWD2   
Error: The operation completed successfully.
Function: InstallQueue2::NotifyCheckpointChanged
Source: onecoreuap\enduser\winstore\installservice\libqueue2\installqueue2.cpp (1922)"
Information,8/27/2023 4:52:50 AM,Microsoft-Windows-Install-Agent,2006,Service,"[End] Item inserted into the queue. Attempting to create progresstrackersItem = 9WZDNCRFHWD2  
Error: The operation completed successfully.
Function: 
Source:  (1143)"
Information,8/27/2023 4:52:50 AM,Microsoft-Windows-Install-Agent,2006,Service,"[Start] Item inserted into the queue. Attempting to create progresstrackersItem = 9WZDNCRFHWD2  
Error: The operation completed successfully.
Function: InstallQueue2::_EnqueueWork
Source: onecoreuap\enduser\winstore\installservice\libqueue2\installqueue2.cpp (1143)"
Information,8/27/2023 4:52:50 AM,Microsoft-Windows-Install-Agent,2006,Service,"[End] Creating Queue Item for the workCatalogId = PackageFamilyName:Microsoft.MicrosoftSolitaireCollection_8wekyb3d8bbwe  
Error: The operation completed successfully.
Function: 
Source:  (1078)"
Information,8/27/2023 4:52:50 AM,Microsoft-Windows-Install-Agent,2006,Service,"[Telemetry]: StateTransition :: ProductId = 9WZDNCRFHWD2  PFN = Microsoft.MicrosoftSolitaireCollection_8wekyb3d8bbwe  CatalogId =   FulfillmentPluginId = WU  PluginTelemetryData = {""WorkProperties"":{""IsInteractive"":0,""CallerApplicationId"":""ScanForUpdates"",""InstallForAllUsers"":0,""AllowDownloadOnAnyNetwork"":0,""ForceUseOfNonRemovableStorage"":0,""AllowForcedAppRestart"":0,""IsDiscInstall"":0,""IsRestore"":0,""Repair"":0,""StageButDoNotInstall"":0,""RequiresElevation"":0,""AutomaticallyDownloadAndInstallUpdateIfFound"":0,""AllowCachedResult"":0,""UserIdentityInfo"":"""",""VolumePath"":""""},""extendedErrorCode"":0}  PrevState = Error  NewState = LowPriority  PluginLastStage = 4  HResult = 0  __TlgCV__ = gdmrwIx6I0uKUoqX.1.0  
Error: Unknown HResult Error code: 0xefffffff
Function: LogTelemetryEvent
Source: onecoreuap\enduser\winstore\installservice\svc\logging.cpp (10)"
Information,8/27/2023 4:52:50 AM,Microsoft-Windows-Install-Agent,2006,Service,"[Start] Creating Queue Item for the workCatalogId = PackageFamilyName:Microsoft.MicrosoftSolitaireCollection_8wekyb3d8bbwe  
Error: The operation completed successfully.
Function: InstallQueue2::_EnqueueWork
Source: onecoreuap\enduser\winstore\installservice\libqueue2\installqueue2.cpp (1078)"
Information,8/27/2023 4:52:50 AM,Microsoft-Windows-Install-Agent,2006,Service,"[End] Creating UWA Work FulfillmentData = {""ProductId"":""9WZDNCRFHWD2"",""WuBundleId"":""4e26b016-5c59-4915-9704-27e65b4ed4df"",""WuCategoryId"":""1a36fd17-5161-4651-ae2d-13384e427ea8"",""PackageFamilyName"":""Microsoft.MicrosoftSolitaireCollection_8wekyb3d8bbwe"",""SkuId"":""0010"",""Content"":null,""PackageFeatures"":null}  
Error: The operation completed successfully.
Function: 
Source:  (387)"
Information,8/27/2023 4:52:50 AM,Microsoft-Windows-Install-Agent,2006,Service,"WU scan found 4 packages
Error: Unknown HResult Error code: 0xefffffff
Function: _PackagesFromSearchResult
Source: onecoreuap\enduser\winstore\installservice\lib\wuhelpers.cpp (151)"
Information,8/27/2023 4:52:45 AM,Microsoft-Windows-Install-Agent,2006,Service,"WU query: ""IsInstalled=0 AND AppCategoryIDs contains '1a36fd17-5161-4651-ae2d-13384e427ea8'""
Error: Unknown HResult Error code: 0xefffffff
Function: SearchUpdatePackages
Source: onecoreuap\enduser\winstore\installservice\lib\wuhelpers.cpp (308)"
Information,8/27/2023 4:52:45 AM,Microsoft-Windows-Install-Agent,2006,Service,"AppId = 1a36fd17-5161-4651-ae2d-13384e427ea8, WU Installed Flag = 0, OnlineSearch = 0, Interactive = 0, Scope = 4, Client ID = Update;ScanForUpdates
Error: Unknown HResult Error code: 0xefffffff
Function: SearchUpdatePackages
Source: onecoreuap\enduser\winstore\installservice\lib\wuhelpers.cpp (243)"
Warning,8/27/2023 4:52:45 AM,Microsoft-Windows-Install-Agent,2007,Service,"InstallService InProc Caller. Current Thread not impersonating. Using current process (LocalSystem)
Error: Unknown HResult Error code: 0xefffffff
Function: CallerContext::_getCallerToken
Source: onecoreuap\enduser\winstore\installservice\lib\callercontext.cpp (85)"
Information,8/27/2023 4:52:45 AM,Microsoft-Windows-Install-Agent,2006,Service,"[Start] Creating UWA Work FulfillmentData = {""ProductId"":""9WZDNCRFHWD2"",""WuBundleId"":""4e26b016-5c59-4915-9704-27e65b4ed4df"",""WuCategoryId"":""1a36fd17-5161-4651-ae2d-13384e427ea8"",""PackageFamilyName"":""Microsoft.MicrosoftSolitaireCollection_8wekyb3d8bbwe"",""SkuId"":""0010"",""Content"":null,""PackageFeatures"":null}  
Error: The operation completed successfully.
Function: UWAInstallServiceWorkItem::UWAInstallServiceWorkItem
Source: onecoreuap\enduser\winstore\installservice\libqueue2\uwainstallworkbridge.cpp (387)"
Information,8/27/2023 4:52:45 AM,Microsoft-Windows-Install-Agent,2006,Service,"Received checkpoint data updateItem = 9WZDNCRFJ3PT   
Error: The operation completed successfully.
Function: InstallQueue2::NotifyCheckpointChanged
Source: onecoreuap\enduser\winstore\installservice\libqueue2\installqueue2.cpp (1922)"
Information,8/27/2023 4:52:45 AM,Microsoft-Windows-Install-Agent,2006,Service,"[End] Item inserted into the queue. Attempting to create progresstrackersItem = 9WZDNCRFJ3PT  
Error: The operation completed successfully.
Function: 
Source:  (1143)"
Information,8/27/2023 4:52:45 AM,Microsoft-Windows-Install-Agent,2006,Service,"[Start] Item inserted into the queue. Attempting to create progresstrackersItem = 9WZDNCRFJ3PT  
Error: The operation completed successfully.
Function: InstallQueue2::_EnqueueWork
Source: onecoreuap\enduser\winstore\installservice\libqueue2\installqueue2.cpp (1143)"
Information,8/27/2023 4:52:45 AM,Microsoft-Windows-Install-Agent,2006,Service,"[End] Creating Queue Item for the workCatalogId = PackageFamilyName:Microsoft.ZuneMusic_8wekyb3d8bbwe  
Error: The operation completed successfully.
Function: 
Source:  (1078)"
Information,8/27/2023 4:52:45 AM,Microsoft-Windows-Install-Agent,2006,Service,"[Telemetry]: StateTransition :: ProductId = 9WZDNCRFJ3PT  PFN = Microsoft.ZuneMusic_8wekyb3d8bbwe  CatalogId =   FulfillmentPluginId = WU  PluginTelemetryData = {""WorkProperties"":{""IsInteractive"":0,""CallerApplicationId"":""ScanForUpdates"",""InstallForAllUsers"":0,""AllowDownloadOnAnyNetwork"":0,""ForceUseOfNonRemovableStorage"":0,""AllowForcedAppRestart"":0,""IsDiscInstall"":0,""IsRestore"":0,""Repair"":0,""StageButDoNotInstall"":0,""RequiresElevation"":0,""AutomaticallyDownloadAndInstallUpdateIfFound"":0,""AllowCachedResult"":0,""UserIdentityInfo"":"""",""VolumePath"":""""},""extendedErrorCode"":0}  PrevState = Error  NewState = LowPriority  PluginLastStage = 4  HResult = 0  __TlgCV__ = djk7teN0u0OSQnoQ.1.0  
Error: Unknown HResult Error code: 0xefffffff
Function: LogTelemetryEvent
Source: onecoreuap\enduser\winstore\installservice\svc\logging.cpp (10)"
Information,8/27/2023 4:52:45 AM,Microsoft-Windows-Install-Agent,2006,Service,"[Start] Creating Queue Item for the workCatalogId = PackageFamilyName:Microsoft.ZuneMusic_8wekyb3d8bbwe  
Error: The operation completed successfully.
Function: InstallQueue2::_EnqueueWork
Source: onecoreuap\enduser\winstore\installservice\libqueue2\installqueue2.cpp (1078)"
Information,8/27/2023 4:52:45 AM,Microsoft-Windows-Install-Agent,2006,Service,"[End] Creating UWA Work FulfillmentData = {""ProductId"":""9WZDNCRFJ3PT"",""WuBundleId"":""5198d431-ec8c-4375-aedc-0ffe42480d42"",""WuCategoryId"":""16db93bf-8748-449a-96ba-e9ed3a5f872d"",""PackageFamilyName"":""Microsoft.ZuneMusic_8wekyb3d8bbwe"",""SkuId"":""0010"",""Content"":null,""PackageFeatures"":null}  
Error: The operation completed successfully.
Function: 
Source:  (387)"
Information,8/27/2023 4:52:45 AM,Microsoft-Windows-Install-Agent,2006,Service,"WU scan found 3 packages
Error: Unknown HResult Error code: 0xefffffff
Function: _PackagesFromSearchResult
Source: onecoreuap\enduser\winstore\installservice\lib\wuhelpers.cpp (151)"
Information,8/27/2023 4:52:31 AM,Microsoft-Windows-Install-Agent,2006,Service,"WU query: ""IsInstalled=0 AND AppCategoryIDs contains '16db93bf-8748-449a-96ba-e9ed3a5f872d'""
Error: Unknown HResult Error code: 0xefffffff
Function: SearchUpdatePackages
Source: onecoreuap\enduser\winstore\installservice\lib\wuhelpers.cpp (308)"
Information,8/27/2023 4:52:31 AM,Microsoft-Windows-Install-Agent,2006,Service,"AppId = 16db93bf-8748-449a-96ba-e9ed3a5f872d, WU Installed Flag = 0, OnlineSearch = 0, Interactive = 0, Scope = 4, Client ID = Update;ScanForUpdates
Error: Unknown HResult Error code: 0xefffffff
Function: SearchUpdatePackages
Source: onecoreuap\enduser\winstore\installservice\lib\wuhelpers.cpp (243)"
Warning,8/27/2023 4:52:31 AM,Microsoft-Windows-Install-Agent,2007,Service,"InstallService InProc Caller. Current Thread not impersonating. Using current process (LocalSystem)
Error: Unknown HResult Error code: 0xefffffff
Function: CallerContext::_getCallerToken
Source: onecoreuap\enduser\winstore\installservice\lib\callercontext.cpp (85)"
Information,8/27/2023 4:52:31 AM,Microsoft-Windows-Install-Agent,2006,Service,"[Start] Creating UWA Work FulfillmentData = {""ProductId"":""9WZDNCRFJ3PT"",""WuBundleId"":""5198d431-ec8c-4375-aedc-0ffe42480d42"",""WuCategoryId"":""16db93bf-8748-449a-96ba-e9ed3a5f872d"",""PackageFamilyName"":""Microsoft.ZuneMusic_8wekyb3d8bbwe"",""SkuId"":""0010"",""Content"":null,""PackageFeatures"":null}  
Error: The operation completed successfully.
Function: UWAInstallServiceWorkItem::UWAInstallServiceWorkItem
Source: onecoreuap\enduser\winstore\installservice\libqueue2\uwainstallworkbridge.cpp (387)"
Information,8/27/2023 4:52:31 AM,Microsoft-Windows-Install-Agent,2006,Service,"Received checkpoint data updateItem = 9N5TDP8VCMHS   
Error: The operation completed successfully.
Function: InstallQueue2::NotifyCheckpointChanged
Source: onecoreuap\enduser\winstore\installservice\libqueue2\installqueue2.cpp (1922)"
Information,8/27/2023 4:52:31 AM,Microsoft-Windows-Install-Agent,2006,Service,"[End] Item inserted into the queue. Attempting to create progresstrackersItem = 9N5TDP8VCMHS  
Error: The operation completed successfully.
Function: 
Source:  (1143)"
Information,8/27/2023 4:52:31 AM,Microsoft-Windows-Install-Agent,2006,Service,"[Start] Item inserted into the queue. Attempting to create progresstrackersItem = 9N5TDP8VCMHS  
Error: The operation completed successfully.
Function: InstallQueue2::_EnqueueWork
Source: onecoreuap\enduser\winstore\installservice\libqueue2\installqueue2.cpp (1143)"
Information,8/27/2023 4:52:31 AM,Microsoft-Windows-Install-Agent,2006,Service,"[End] Creating Queue Item for the workCatalogId = PackageFamilyName:Microsoft.WebMediaExtensions_8wekyb3d8bbwe  
Error: The operation completed successfully.
Function: 
Source:  (1078)"
Information,8/27/2023 4:52:31 AM,Microsoft-Windows-Install-Agent,2006,Service,"[Telemetry]: StateTransition :: ProductId = 9N5TDP8VCMHS  PFN = Microsoft.WebMediaExtensions_8wekyb3d8bbwe  CatalogId =   FulfillmentPluginId = WU  PluginTelemetryData = {""WorkProperties"":{""IsInteractive"":0,""CallerApplicationId"":""ScanForUpdates"",""InstallForAllUsers"":0,""AllowDownloadOnAnyNetwork"":0,""ForceUseOfNonRemovableStorage"":0,""AllowForcedAppRestart"":0,""IsDiscInstall"":0,""IsRestore"":0,""Repair"":0,""StageButDoNotInstall"":0,""RequiresElevation"":0,""AutomaticallyDownloadAndInstallUpdateIfFound"":0,""AllowCachedResult"":0,""UserIdentityInfo"":"""",""VolumePath"":""""},""extendedErrorCode"":0}  PrevState = Error  NewState = LowPriority  PluginLastStage = 4  HResult = 0  __TlgCV__ = djk7teN0u0OSQnoQ.1.0  
Error: Unknown HResult Error code: 0xefffffff
Function: LogTelemetryEvent
Source: onecoreuap\enduser\winstore\installservice\svc\logging.cpp (10)"
Information,8/27/2023 4:52:31 AM,Microsoft-Windows-Install-Agent,2006,Service,"[Start] Creating Queue Item for the workCatalogId = PackageFamilyName:Microsoft.WebMediaExtensions_8wekyb3d8bbwe  
Error: The operation completed successfully.
Function: InstallQueue2::_EnqueueWork
Source: onecoreuap\enduser\winstore\installservice\libqueue2\installqueue2.cpp (1078)"
Information,8/27/2023 4:52:31 AM,Microsoft-Windows-Install-Agent,2006,Service,"[End] Creating UWA Work FulfillmentData = {""ProductId"":""9N5TDP8VCMHS"",""WuBundleId"":""e0fc265c-bfc7-45d5-8c95-bc1ca046f576"",""WuCategoryId"":""b4f3025d-a236-44b0-8d4c-849bed549259"",""PackageFamilyName"":""Microsoft.WebMediaExtensions_8wekyb3d8bbwe"",""SkuId"":""0010"",""Content"":null,""PackageFeatures"":null}  
Error: The operation completed successfully.
Function: 
Source:  (387)"
Information,8/27/2023 4:52:31 AM,Microsoft-Windows-Install-Agent,2006,Service,"WU scan found 2 packages
Error: Unknown HResult Error code: 0xefffffff
Function: _PackagesFromSearchResult
Source: onecoreuap\enduser\winstore\installservice\lib\wuhelpers.cpp (151)"
Information,8/27/2023 4:52:25 AM,Microsoft-Windows-Install-Agent,2006,Service,"WU query: ""IsInstalled=0 AND AppCategoryIDs contains 'b4f3025d-a236-44b0-8d4c-849bed549259'""
Error: Unknown HResult Error code: 0xefffffff
Function: SearchUpdatePackages
Source: onecoreuap\enduser\winstore\installservice\lib\wuhelpers.cpp (308)"
Information,8/27/2023 4:52:25 AM,Microsoft-Windows-Install-Agent,2006,Service,"AppId = b4f3025d-a236-44b0-8d4c-849bed549259, WU Installed Flag = 0, OnlineSearch = 0, Interactive = 0, Scope = 4, Client ID = Update;ScanForUpdates
Error: Unknown HResult Error code: 0xefffffff
Function: SearchUpdatePackages
Source: onecoreuap\enduser\winstore\installservice\lib\wuhelpers.cpp (243)"
Warning,8/27/2023 4:52:25 AM,Microsoft-Windows-Install-Agent,2007,Service,"InstallService InProc Caller. Current Thread not impersonating. Using current process (LocalSystem)
Error: Unknown HResult Error code: 0xefffffff
Function: CallerContext::_getCallerToken
Source: onecoreuap\enduser\winstore\installservice\lib\callercontext.cpp (85)"
Information,8/27/2023 4:52:25 AM,Microsoft-Windows-Install-Agent,2006,Service,"[Start] Creating UWA Work FulfillmentData = {""ProductId"":""9N5TDP8VCMHS"",""WuBundleId"":""e0fc265c-bfc7-45d5-8c95-bc1ca046f576"",""WuCategoryId"":""b4f3025d-a236-44b0-8d4c-849bed549259"",""PackageFamilyName"":""Microsoft.WebMediaExtensions_8wekyb3d8bbwe"",""SkuId"":""0010"",""Content"":null,""PackageFeatures"":null}  
Error: The operation completed successfully.
Function: UWAInstallServiceWorkItem::UWAInstallServiceWorkItem
Source: onecoreuap\enduser\winstore\installservice\libqueue2\uwainstallworkbridge.cpp (387)"
Information,8/27/2023 4:52:25 AM,Microsoft-Windows-Install-Agent,2006,Service,"Received checkpoint data updateItem = 9NBLGGH4LS1F   
Error: The operation completed successfully.
Function: InstallQueue2::NotifyCheckpointChanged
Source: onecoreuap\enduser\winstore\installservice\libqueue2\installqueue2.cpp (1922)"
Information,8/27/2023 4:52:25 AM,Microsoft-Windows-Install-Agent,2006,Service,"[End] Item inserted into the queue. Attempting to create progresstrackersItem = 9NBLGGH4LS1F  
Error: The operation completed successfully.
Function: 
Source:  (1143)"
Information,8/27/2023 4:52:25 AM,Microsoft-Windows-Install-Agent,2006,Service,"[Start] Item inserted into the queue. Attempting to create progresstrackersItem = 9NBLGGH4LS1F  
Error: The operation completed successfully.
Function: InstallQueue2::_EnqueueWork
Source: onecoreuap\enduser\winstore\installservice\libqueue2\installqueue2.cpp (1143)"
Information,8/27/2023 4:52:25 AM,Microsoft-Windows-Install-Agent,2006,Service,"[End] Creating Queue Item for the workCatalogId = PackageFamilyName:Microsoft.StorePurchaseApp_8wekyb3d8bbwe  
Error: The operation completed successfully.
Function: 
Source:  (1078)"
Information,8/27/2023 4:52:25 AM,Microsoft-Windows-Install-Agent,2006,Service,"[Telemetry]: StateTransition :: ProductId = 9NBLGGH4LS1F  PFN = Microsoft.StorePurchaseApp_8wekyb3d8bbwe  CatalogId =   FulfillmentPluginId = WU  PluginTelemetryData = {""WorkProperties"":{""IsInteractive"":0,""CallerApplicationId"":""ScanForUpdates"",""InstallForAllUsers"":0,""AllowDownloadOnAnyNetwork"":0,""ForceUseOfNonRemovableStorage"":0,""AllowForcedAppRestart"":0,""IsDiscInstall"":0,""IsRestore"":0,""Repair"":0,""StageButDoNotInstall"":0,""RequiresElevation"":0,""AutomaticallyDownloadAndInstallUpdateIfFound"":0,""AllowCachedResult"":0,""UserIdentityInfo"":"""",""VolumePath"":""""},""extendedErrorCode"":0}  PrevState = Error  NewState = LowPriority  PluginLastStage = 4  HResult = -2147009279  __TlgCV__ = djk7teN0u0OSQnoQ.1.0  
Error: Unknown HResult Error code: 0xefffffff
Function: LogTelemetryEvent
Source: onecoreuap\enduser\winstore\installservice\svc\logging.cpp (10)"
Information,8/27/2023 4:52:25 AM,Microsoft-Windows-Install-Agent,2006,Service,"[Start] Creating Queue Item for the workCatalogId = PackageFamilyName:Microsoft.StorePurchaseApp_8wekyb3d8bbwe  
Error: The operation completed successfully.
Function: InstallQueue2::_EnqueueWork
Source: onecoreuap\enduser\winstore\installservice\libqueue2\installqueue2.cpp (1078)"
Information,8/27/2023 4:52:24 AM,Microsoft-Windows-Install-Agent,2006,Service,"[End] Creating UWA Work FulfillmentData = {""ProductId"":""9NBLGGH4LS1F"",""WuBundleId"":""460f71e0-4365-4b5d-955f-5bb18db81156"",""WuCategoryId"":""214308d7-4262-449d-a78d-9a2306144b11"",""PackageFamilyName"":""Microsoft.StorePurchaseApp_8wekyb3d8bbwe"",""SkuId"":""0010"",""Content"":null,""PackageFeatures"":null}  
Error: The operation completed successfully.
Function: 
Source:  (387)"
Information,8/27/2023 4:52:24 AM,Microsoft-Windows-Install-Agent,2006,Service,"WU scan found 2 packages
Error: Unknown HResult Error code: 0xefffffff
Function: _PackagesFromSearchResult
Source: onecoreuap\enduser\winstore\installservice\lib\wuhelpers.cpp (151)"
Information,8/27/2023 4:52:13 AM,Microsoft-Windows-Install-Agent,2006,Service,"WU query: ""IsInstalled=0 AND AppCategoryIDs contains '214308d7-4262-449d-a78d-9a2306144b11'""
Error: Unknown HResult Error code: 0xefffffff
Function: SearchUpdatePackages
Source: onecoreuap\enduser\winstore\installservice\lib\wuhelpers.cpp (308)"
Information,8/27/2023 4:52:13 AM,Microsoft-Windows-Install-Agent,2006,Service,"AppId = 214308d7-4262-449d-a78d-9a2306144b11, WU Installed Flag = 0, OnlineSearch = 0, Interactive = 0, Scope = 4, Client ID = Update;ScanForUpdates
Error: Unknown HResult Error code: 0xefffffff
Function: SearchUpdatePackages
Source: onecoreuap\enduser\winstore\installservice\lib\wuhelpers.cpp (243)"
Warning,8/27/2023 4:52:13 AM,Microsoft-Windows-Install-Agent,2007,Service,"InstallService InProc Caller. Current Thread not impersonating. Using current process (LocalSystem)
Error: Unknown HResult Error code: 0xefffffff
Function: CallerContext::_getCallerToken
Source: onecoreuap\enduser\winstore\installservice\lib\callercontext.cpp (85)"
Information,8/27/2023 4:52:13 AM,Microsoft-Windows-Install-Agent,2006,Service,"[Start] Creating UWA Work FulfillmentData = {""ProductId"":""9NBLGGH4LS1F"",""WuBundleId"":""460f71e0-4365-4b5d-955f-5bb18db81156"",""WuCategoryId"":""214308d7-4262-449d-a78d-9a2306144b11"",""PackageFamilyName"":""Microsoft.StorePurchaseApp_8wekyb3d8bbwe"",""SkuId"":""0010"",""Content"":null,""PackageFeatures"":null}  
Error: The operation completed successfully.
Function: UWAInstallServiceWorkItem::UWAInstallServiceWorkItem
Source: onecoreuap\enduser\winstore\installservice\libqueue2\uwainstallworkbridge.cpp (387)"
Information,8/27/2023 4:52:13 AM,Microsoft-Windows-Install-Agent,2006,Service,"Loaded listener for completed events. Listener = EnterpriseModernAppManagement.EAMProgressHandler  
Error: The operation completed successfully.
Function: InstallQueue2::_LoadRegistryHandlers
Source: onecoreuap\enduser\winstore\installservice\libqueue2\installqueue2.cpp (3160)"
Information,8/27/2023 4:52:13 AM,Microsoft-Windows-Install-Agent,2006,Service,"Loaded listener for progress events. Listener = EnterpriseModernAppManagement.EAMProgressHandler  
Error: The operation completed successfully.
Function: InstallQueue2::_LoadRegistryHandlers
Source: onecoreuap\enduser\winstore\installservice\libqueue2\installqueue2.cpp (3155)"
Information,8/27/2023 4:52:13 AM,Microsoft-Windows-Install-Agent,2006,Service,"Loaded listener for completed events. Listener = CuratedTileCollections.StoreEventListener  
Error: The operation completed successfully.
Function: InstallQueue2::_LoadRegistryHandlers
Source: onecoreuap\enduser\winstore\installservice\libqueue2\installqueue2.cpp (3160)"
Information,8/27/2023 4:52:13 AM,Microsoft-Windows-Install-Agent,2006,Service,"Loaded listener for progress events. Listener = CuratedTileCollections.StoreEventListener  
Error: The operation completed successfully.
Function: InstallQueue2::_LoadRegistryHandlers
Source: onecoreuap\enduser\winstore\installservice\libqueue2\installqueue2.cpp (3155)"
Verbose,8/27/2023 4:52:13 AM,Microsoft-Windows-Install-Agent,2005,Service,"Initializing InstallService
Error: Unknown HResult Error code: 0xefffffff
Function: InstallService::ServiceStarted
Source: onecoreuap\enduser\winstore\installservice\svc\svcmain.cpp (36)"
Verbose,8/27/2023 4:52:13 AM,Microsoft-Windows-Install-Agent,2005,Service,"Initializing InstallService for shared
Error: Unknown HResult Error code: 0xefffffff
Function: ServiceMain
Source: onecoreuap\enduser\winstore\installservice\svc\svcmain.cpp (58)"
Information,8/27/2023 4:52:13 AM,Microsoft-Windows-Install-Agent,2000,Install Service Module Loaded,"Process Name: C:\WINDOWS\System32\svchost.exe
Module Name: c:\windows\system32\installservice.dll
Build: 19041.1.amd64fre.vb_release.191206-1406
"
Information,8/27/2023 4:52:13 AM,Microsoft-Windows-Install-Agent,2000,Install Service Module Loaded,"Process Name: C:\WINDOWS\system32\backgroundTaskHost.exe
Module Name: C:\Windows\System32\InstallService.dll
Build: 19041.1.amd64fre.vb_release.191206-1406
"
Information,8/27/2023 4:52:03 AM,Microsoft-Windows-Store,8001,LM,"Removed timer for {2E7BE475-76A1-5EDF-B5AE-5ABC96A84598}
Function: MemoryTimerService::CleanupTimer
Source: onecoreuap\enduser\winstore\licensemanager\lib\memorytimer.cpp (19)"
Warning,8/27/2023 4:52:03 AM,Microsoft-Windows-Store,8002,LM,"Trying to remove timer {2E7BE475-76A1-5EDF-B5AE-5ABC96A84598} not in table
Function: MemoryTimerService::CancelTimerWithId
Source: onecoreuap\enduser\winstore\licensemanager\lib\memorytimer.cpp (80)"
Information,8/27/2023 4:52:03 AM,Microsoft-Windows-Store,8001,LM,"Ignoring lease removal with reason 0x00000000 because this is an offline lease

Function: ClipStorage::RemoveLeaseDocumentWithIdAndReason
Source: onecoreuap\enduser\winstore\licensemanager\lib\clipstorage.cpp (514)"
Information,8/27/2023 4:52:03 AM,Microsoft-Windows-Store,8001,LM,"Decoding: {""entitlementSatisfaction"":""Open"",""isOffline"":true,""leaseEnforcement"":""None"",""leaseUri"":""https://licensing.md.mp.microsoft.com/v7.0/licenses/?contentId=6ea6fc2e-9305-586b-3411-02826d151533&market=US&policyType=Open&productId=9WZDNCRFHVQM&skuId=0010"",""keyIds"":[""71c8f37a-a7b9-aff0-6de0-9b276c089ad6""],""kind"":""Content"",""packages"":[{""packageIdentifier"":""6ea6fc2e-9305-586b-3411-02826d151533"",""packageType"":""msix"",""productAddOns"":[],""productId"":""9WZDNCRFHVQM"",""skuId"":""0010""}],""pollAt"":""2022-12-06T07:49:54.7646872+00:00"",""refreshOnStartup"":false,""version"":7}
Function: DecodeCustomPolicy
Source: onecoreuap\enduser\winstore\licensemanager\lib\clipdocument.cpp (50)"
Information,8/27/2023 4:52:03 AM,Microsoft-Windows-Store,8001,LM,"Requesting lease document removal for reason 0x00000000, {2E7BE475-76A1-5EDF-B5AE-5ABC96A84598}
Function: LicenseManagerCore::DoRemoveLeaseDocumentWithId
Source: onecoreuap\enduser\winstore\licensemanager\lib\managercore.cpp (1460)"
Verbose,8/27/2023 4:52:03 AM,Microsoft-Windows-Store,8012,LM State Machine,0x22a5922c360: 5232: Lease:Valid Change: Lease:Invalid => {2E7BE475-76A1-5EDF-B5AE-5ABC96A84598}
Verbose,8/27/2023 4:52:03 AM,Microsoft-Windows-Store,8011,LM State Machine,0x22a5922c360: 5232: {2E7BE475-76A1-5EDF-B5AE-5ABC96A84598}: Dispatch: Lease:Unregistered => Lease:Valid
Verbose,8/27/2023 4:52:03 AM,Microsoft-Windows-Store,8011,LM State Machine,0x22a5922c360: 5232: {2E7BE475-76A1-5EDF-B5AE-5ABC96A84598}: Dispatch: Lease:RemoveKey => Lease:Valid
Information,8/27/2023 4:52:03 AM,Microsoft-Windows-Store,8001,LM,"Set results for lease = 0x0, policy = 0, operation = 0, Leasebehavior = 0
Function: KeyMachine::DoSetResult
Source: onecoreuap\enduser\winstore\licensemanager\lib\keymachine.cpp (1460)"
Verbose,8/27/2023 4:52:03 AM,Microsoft-Windows-Store,8012,LM State Machine,0x22a592d9b50: 5232: Key:Valid Change: Key:Invalid => 6EA6FC2E-9305-586B-3411-02826D151533
Information,8/27/2023 4:52:03 AM,Microsoft-Windows-Store,8001,LM,"Lease dropped
Function: KeyMachine::DoDropLease
Source: onecoreuap\enduser\winstore\licensemanager\lib\keymachine.cpp (279)"
Verbose,8/27/2023 4:52:03 AM,Microsoft-Windows-Store,8011,LM State Machine,0x22a592d9b50: 5232: 6EA6FC2E-9305-586B-3411-02826D151533: Dispatch: Key:Unregistered => Key:Valid
Information,8/27/2023 4:52:03 AM,Microsoft-Windows-Store,8001,LM,"ServicePackageRundownNotificationImpl PsmKey:microsoft.windowscommunicationsapps_16005.14326.21446.0_x64__8wekyb3d8bbwe+ppleae38af2e007f4358a809ac99a64a67c1, sid:S-1-5-21-3089243881-3525850343-252262830-500
Function: ServicePackageRundownNotificationImpl
Source: onecoreuap\enduser\winstore\licensemanager\lib\service.cpp (2366)"
Information,8/27/2023 4:52:03 AM,Microsoft-Windows-Store,8001,LM,"Invoking license manager because license/lease polling time up: PFN microsoft.windowscommunicationsapps_16005.14326.21446.0_x64__8wekyb3d8bbwe
Function: InvokeLicenseManagerRequired
Source: onecoreuap\enduser\winstore\licensemanager\apisethost\activationapis.cpp (361)"
Verbose,8/27/2023 4:51:59 AM,Microsoft-Windows-Store,8011,LM State Machine,0x22a5922dd60: 6632: {F6000DD5-AD12-6402-FFC7-1B3DF712E284}: Dispatch: Lease:AddKey => Lease:Valid
Verbose,8/27/2023 4:51:59 AM,Microsoft-Windows-Store,8011,LM State Machine,0x22a592d99c0: 8636: 53466E60-4DA9-D32B-D0C1-E0686457D28F: Dispatch: Key:RegisterCallback => Key:Valid
Information,8/27/2023 4:51:59 AM,Microsoft-Windows-Store,8001,LM,"Added timer for {F6000DD5-AD12-6402-FFC7-1B3DF712E284}
Function: MemoryTimerService::CreateTimerWithId
Source: onecoreuap\enduser\winstore\licensemanager\lib\memorytimer.cpp (57)"
Information,8/27/2023 4:51:59 AM,Microsoft-Windows-Store,8001,LM,"ReactiveLicensingResult: 0x00000000 for Microsoft.Wallet_2.4.18324.0_x64__8wekyb3d8bbwe, 234ms
Function: LogReactiveLicensingResult
Source: onecoreuap\enduser\winstore\licensemanager\lib\telemetry.cpp (503)"
Information,8/27/2023 4:51:59 AM,Microsoft-Windows-Store,8001,LM,"Updating lease timer for {F6000DD5-AD12-6402-FFC7-1B3DF712E284} to expire @ 2023-08-27T12:20:42Z (jitter was 28.724840 minutes)
Function: LeaseMachine::DoUpdateLeaseTimer
Source: onecoreuap\enduser\winstore\licensemanager\lib\leasemachine.cpp (276)"
Information,8/27/2023 4:51:59 AM,Microsoft-Windows-Store,8001,LM,"Decoding: {""entitlementId"":""00de91bb-a7f9-0bd6-a5f1-f56c981fbe0b"",""entitlementSatisfaction"":""Device"",""isOffline"":true,""leaseEnforcement"":""None"",""leaseUri"":""https://licensing.md.mp.microsoft.com/v7.0/licenses/?beneficiaryId=msahwonecoreuap\enduser\winstore\licensemanager\lib\clipdocument.cppa6825769495073050&contentId=53466e60-4da9-d32b-d0c1-e0686457d28f&entitlementId=00de91bb-a7f9-0bd6-a5f1-f56c981fbe0b&market=US&policyType=Device"",""keyIds"":[""b81d7e70-84e7-b16a-e3d0-1e7aa2f1232d""],""kind"":""Content"",""packages"":[{""packageIdentifier"":""53466e60-4da9-d32b-d0c1-e0686457d28f"",""packageType"":""msix"",""productAddOns"":[],""productId"":""9NBLGGH52CKV"",""skuId"":""0010""}],""pollAt"":""2022-09-21T07:32:37.2389905+00:00"",""refreshOnStartup"":false,""version"":7}
Function: DecodeCustomPolicy
Source: onecoreuap\enduser\winstore\licensemanager\lib\clipdocument.cpp (50)"
Information,8/27/2023 4:51:59 AM,Microsoft-Windows-Store,8001,LM,"Decoding: {""entitlementId"":""00de91bb-a7f9-0bd6-a5f1-f56c981fbe0b"",""entitlementSatisfaction"":""Device"",""isOffline"":true,""leaseEnforcement"":""None"",""leaseUri"":""https://licensing.md.mp.microsoft.com/v7.0/licenses/?beneficiaryId=msahwonecoreuap\enduser\winstore\licensemanager\lib\clipdocument.cppa6825769495073050&contentId=53466e60-4da9-d32b-d0c1-e0686457d28f&entitlementId=00de91bb-a7f9-0bd6-a5f1-f56c981fbe0b&market=US&policyType=Device"",""keyIds"":[""b81d7e70-84e7-b16a-e3d0-1e7aa2f1232d""],""kind"":""Content"",""packages"":[{""packageIdentifier"":""53466e60-4da9-d32b-d0c1-e0686457d28f"",""packageType"":""msix"",""productAddOns"":[],""productId"":""9NBLGGH52CKV"",""skuId"":""0010""}],""pollAt"":""2022-09-21T07:32:37.2389905+00:00"",""refreshOnStartup"":false,""version"":7}
Function: DecodeCustomPolicy
Source: onecoreuap\enduser\winstore\licensemanager\lib\clipdocument.cpp (50)"
Information,8/27/2023 4:51:59 AM,Microsoft-Windows-Store,8001,LM,"Decoding: {""legacyProductId"":""2f9fba37-ba56-4587-a2a8-17468c0275c1""}
Function: DecodeCustomPolicy
Source: onecoreuap\enduser\winstore\licensemanager\lib\clipdocument.cpp (50)"
Verbose,8/27/2023 4:51:59 AM,Microsoft-Windows-Store,8012,LM State Machine,0x22a5922dd60: 6632: Lease:Initial Change: Lease:Valid => {F6000DD5-AD12-6402-FFC7-1B3DF712E284}
Verbose,8/27/2023 4:51:59 AM,Microsoft-Windows-Store,8011,LM State Machine,0x22a5922dd60: 6632: {F6000DD5-AD12-6402-FFC7-1B3DF712E284}: Dispatch: Lease:UpdateLeaseDocument => Lease:Initial
Verbose,8/27/2023 4:51:59 AM,Microsoft-Windows-Store,8012,LM State Machine,0x22a592d99c0: 6632: Key:NegotiatingUnleased Change: Key:Valid => 53466E60-4DA9-D32B-D0C1-E0686457D28F
Information,8/27/2023 4:51:59 AM,Microsoft-Windows-Store,8001,LM,"No cached lease or key found, not renewing with service and treating this as a valid license with lease = 0x592dfdc8
Function: KeyMachine::NegotiatingUnleased::LicenseDone
Source: onecoreuap\enduser\winstore\licensemanager\lib\keymachine.cpp (1956)"
Information,8/27/2023 4:51:59 AM,Microsoft-Windows-Store,8001,LM,"Set results for lease = 0x592dfdc8, policy = 1, operation = 3, Leasebehavior = 0
Function: KeyMachine::DoSetResult
Source: onecoreuap\enduser\winstore\licensemanager\lib\keymachine.cpp (1460)"
Information,8/27/2023 4:51:59 AM,Microsoft-Windows-Store,8001,LM,"Lease Machine: 0000022A5922DD40: {F6000DD5-AD12-6402-FFC7-1B3DF712E284}
Function: LeaseMachine::LeaseMachine
Source: onecoreuap\enduser\winstore\licensemanager\lib\leasemachine.cpp (40)"
Information,8/27/2023 4:51:59 AM,Microsoft-Windows-Store,8001,LM,"lease = 0x592dfdc8, leaseActive = 1, leaseBehavior = 0
Function: KeyMachine::NegotiatingUnleased::LicenseDone
Source: onecoreuap\enduser\winstore\licensemanager\lib\keymachine.cpp (1926)"
Verbose,8/27/2023 4:51:59 AM,Microsoft-Windows-Store,8011,LM State Machine,0x22a592d9b50: 264: 6EA6FC2E-9305-586B-3411-02826D151533: Dispatch: Key:RegisterCallback => Key:Valid
Information,8/27/2023 4:51:59 AM,Microsoft-Windows-Store,8001,LM,"ReactiveLicensingResult: 0x00000000 for microsoft.windowscommunicationsapps_16005.14326.21446.0_x64__8wekyb3d8bbwe, 187ms
Function: LogReactiveLicensingResult
Source: onecoreuap\enduser\winstore\licensemanager\lib\telemetry.cpp (503)"
