Information,8/27/2023 4:55:04 AM,Microsoft-Windows-Install-Agent,2006,Service,"[Start] Item inserted into the queue. Attempting to create progresstrackersItem = 9WZDNCRFJ3PT  
Error: The operation completed successfully.
Function: InstallQueue2::_EnqueueWork
Source: onecoreuap\enduser\winstore\installservice\libqueue2\installqueue2.cpp (1143)"
Information,8/27/2023 4:55:04 AM,Microsoft-Windows-Install-Agent,2006,Service,"Work already enqueued. Refusing to queue duplicate workCatalogId = PackageFamilyName:Microsoft.ZuneMusic_8wekyb3d8bbwe  
Error: The operation completed successfully.
Function: InstallQueue2::_EnqueueWork
Source: onecoreuap\enduser\winstore\installservice\libqueue2\installqueue2.cpp (1069)"
Information,8/27/2023 4:55:04 AM,Microsoft-Windows-Install-Agent,2006,Service,"[End] Creating UWA Work FulfillmentData = {""ProductId"":""9WZDNCRFJ3PT"",""WuBundleId"":""bb3f67b0-9ec1-4bdb-82a4-a99f23d3b86b"",""WuCategoryId"":""16db93bf-8748-449a-96ba-e9ed3a5f872d"",""PackageFamilyName"":""Microsoft.ZuneMusic_8wekyb3d8bbwe"",""SkuId"":""0010"",""Content"":null,""PackageFeatures"":null}  
Error: The operation completed successfully.
Function: 
Source:  (387)"
Information,8/27/2023 4:55:04 AM,Microsoft-Windows-Install-Agent,2006,Service,"WU scan found 3 packages
Error: Unknown HResult Error code: 0xefffffff
Function: _PackagesFromSearchResult
Source: onecoreuap\enduser\winstore\installservice\lib\wuhelpers.cpp (151)"
Information,8/27/2023 4:54:50 AM,Microsoft-Windows-Install-Agent,2006,Service,"WU query: ""IsInstalled=0 AND AppCategoryIDs contains '16db93bf-8748-449a-96ba-e9ed3a5f872d'""
Error: Unknown HResult Error code: 0xefffffff
Function: SearchUpdatePackages
Source: onecoreuap\enduser\winstore\installservice\lib\wuhelpers.cpp (308)"
Information,8/27/2023 4:54:50 AM,Microsoft-Windows-Install-Agent,2006,Service,"AppId = 16db93bf-8748-449a-96ba-e9ed3a5f872d, WU Installed Flag = 0, OnlineSearch = 0, Interactive = 0, Scope = 4, Client ID = Update;ScanForUpdates
Error: Unknown HResult Error code: 0xefffffff
Function: SearchUpdatePackages
Source: onecoreuap\enduser\winstore\installservice\lib\wuhelpers.cpp (243)"
Warning,8/27/2023 4:54:50 AM,Microsoft-Windows-Install-Agent,2007,Service,"InstallService InProc Caller. Current Thread not impersonating. Using current process (LocalSystem)
Error: Unknown HResult Error code: 0xefffffff
Function: CallerContext::_getCallerToken
Source: onecoreuap\enduser\winstore\installservice\lib\callercontext.cpp (85)"
Information,8/27/2023 4:54:50 AM,Microsoft-Windows-Install-Agent,2006,Service,"[Start] Creating UWA Work FulfillmentData = {""ProductId"":""9WZDNCRFJ3PT"",""WuBundleId"":""bb3f67b0-9ec1-4bdb-82a4-a99f23d3b86b"",""WuCategoryId"":""16db93bf-8748-449a-96ba-e9ed3a5f872d"",""PackageFamilyName"":""Microsoft.ZuneMusic_8wekyb3d8bbwe"",""SkuId"":""0010"",""Content"":null,""PackageFeatures"":null}  
Error: The operation completed successfully.
Function: UWAInstallServiceWorkItem::UWAInstallServiceWorkItem
Source: onecoreuap\enduser\winstore\installservice\libqueue2\uwainstallworkbridge.cpp (387)"
Information,8/27/2023 4:54:50 AM,Microsoft-Windows-Install-Agent,2006,Service,"Received checkpoint data updateItem = 9WZDNCRFHVJL   
Error: The operation completed successfully.
Function: InstallQueue2::NotifyCheckpointChanged
Source: onecoreuap\enduser\winstore\installservice\libqueue2\installqueue2.cpp (1922)"
Information,8/27/2023 4:54:50 AM,Microsoft-Windows-Install-Agent,2006,Service,"[End] Item inserted into the queue. Attempting to create progresstrackersItem = 9WZDNCRFHVJL  
Error: The operation completed successfully.
Function: 
Source:  (1143)"
Information,8/27/2023 4:54:50 AM,Microsoft-Windows-Install-Agent,2006,Service,"[Start] Item inserted into the queue. Attempting to create progresstrackersItem = 9WZDNCRFHVJL  
Error: The operation completed successfully.
Function: InstallQueue2::_EnqueueWork
Source: onecoreuap\enduser\winstore\installservice\libqueue2\installqueue2.cpp (1143)"
Information,8/27/2023 4:54:50 AM,Microsoft-Windows-Install-Agent,2006,Service,"[End] Creating Queue Item for the workCatalogId = PackageFamilyName:Microsoft.Office.OneNote_8wekyb3d8bbwe  
Error: The operation completed successfully.
Function: 
Source:  (1078)"
Information,8/27/2023 4:54:50 AM,Microsoft-Windows-Install-Agent,2006,Service,"[Telemetry]: StateTransition :: ProductId = 9WZDNCRFHVJL  PFN = Microsoft.Office.OneNote_8wekyb3d8bbwe  CatalogId =   FulfillmentPluginId = WU  PluginTelemetryData = {""WorkProperties"":{""IsInteractive"":0,""CallerApplicationId"":""ScanForUpdates"",""InstallForAllUsers"":0,""AllowDownloadOnAnyNetwork"":0,""ForceUseOfNonRemovableStorage"":0,""AllowForcedAppRestart"":0,""IsDiscInstall"":0,""IsRestore"":0,""Repair"":0,""StageButDoNotInstall"":0,""RequiresElevation"":0,""AutomaticallyDownloadAndInstallUpdateIfFound"":0,""AllowCachedResult"":0,""UserIdentityInfo"":"""",""VolumePath"":""""},""extendedErrorCode"":0}  PrevState = BlockedOnUser  NewState = LowPriority  PluginLastStage = 4  HResult = 0  __TlgCV__ = djk7teN0u0OSQnoQ.1.0  
Error: Unknown HResult Error code: 0xefffffff
Function: LogTelemetryEvent
Source: onecoreuap\enduser\winstore\installservice\svc\logging.cpp (10)"
Information,8/27/2023 4:54:50 AM,Microsoft-Windows-Install-Agent,2006,Service,"[Start] Creating Queue Item for the workCatalogId = PackageFamilyName:Microsoft.Office.OneNote_8wekyb3d8bbwe  
Error: The operation completed successfully.
Function: InstallQueue2::_EnqueueWork
Source: onecoreuap\enduser\winstore\installservice\libqueue2\installqueue2.cpp (1078)"
Information,8/27/2023 4:54:50 AM,Microsoft-Windows-Install-Agent,2006,Service,"[End] Creating UWA Work FulfillmentData = {""ProductId"":""9WZDNCRFHVJL"",""WuBundleId"":""dbce57d8-a53c-49a1-9682-961b10efae1c"",""WuCategoryId"":""f022389f-f3a6-417e-ad23-704fbdf57117"",""PackageFamilyName"":""Microsoft.Office.OneNote_8wekyb3d8bbwe"",""SkuId"":""0010"",""Content"":null,""PackageFeatures"":null}  
Error: The operation completed successfully.
Function: 
Source:  (387)"
Information,8/27/2023 4:54:50 AM,Microsoft-Windows-Install-Agent,2006,Service,"WU scan found 2 packages
Error: Unknown HResult Error code: 0xefffffff
Function: _PackagesFromSearchResult
Source: onecoreuap\enduser\winstore\installservice\lib\wuhelpers.cpp (151)"
Information,8/27/2023 4:54:40 AM,Microsoft-Windows-Install-Agent,2006,Service,"WU query: ""IsInstalled=0 AND AppCategoryIDs contains 'f022389f-f3a6-417e-ad23-704fbdf57117'""
Error: Unknown HResult Error code: 0xefffffff
Function: SearchUpdatePackages
Source: onecoreuap\enduser\winstore\installservice\lib\wuhelpers.cpp (308)"
Information,8/27/2023 4:54:40 AM,Microsoft-Windows-Install-Agent,2006,Service,"AppId = f022389f-f3a6-417e-ad23-704fbdf57117, WU Installed Flag = 0, OnlineSearch = 0, Interactive = 0, Scope = 4, Client ID = Update;ScanForUpdates
Error: Unknown HResult Error code: 0xefffffff
Function: SearchUpdatePackages
Source: onecoreuap\enduser\winstore\installservice\lib\wuhelpers.cpp (243)"
Warning,8/27/2023 4:54:40 AM,Microsoft-Windows-Install-Agent,2007,Service,"InstallService InProc Caller. Current Thread not impersonating. Using current process (LocalSystem)
Error: Unknown HResult Error code: 0xefffffff
Function: CallerContext::_getCallerToken
Source: onecoreuap\enduser\winstore\installservice\lib\callercontext.cpp (85)"
Information,8/27/2023 4:54:40 AM,Microsoft-Windows-Install-Agent,2006,Service,"[Start] Creating UWA Work FulfillmentData = {""ProductId"":""9WZDNCRFHVJL"",""WuBundleId"":""dbce57d8-a53c-49a1-9682-961b10efae1c"",""WuCategoryId"":""f022389f-f3a6-417e-ad23-704fbdf57117"",""PackageFamilyName"":""Microsoft.Office.OneNote_8wekyb3d8bbwe"",""SkuId"":""0010"",""Content"":null,""PackageFeatures"":null}  
Error: The operation completed successfully.
Function: UWAInstallServiceWorkItem::UWAInstallServiceWorkItem
Source: onecoreuap\enduser\winstore\installservice\libqueue2\uwainstallworkbridge.cpp (387)"
Information,8/27/2023 4:54:40 AM,Microsoft-Windows-Install-Agent,2006,Service,"Received checkpoint data updateItem = 9WZDNCRFJ3PT   
Error: The operation completed successfully.
Function: InstallQueue2::NotifyCheckpointChanged
Source: onecoreuap\enduser\winstore\installservice\libqueue2\installqueue2.cpp (1922)"
Information,8/27/2023 4:54:40 AM,Microsoft-Windows-Install-Agent,2006,Service,"[End] Item inserted into the queue. Attempting to create progresstrackersItem = 9WZDNCRFJ3PT  
Error: The operation completed successfully.
Function: 
Source:  (1143)"
Information,8/27/2023 4:54:40 AM,Microsoft-Windows-Install-Agent,2006,Service,"[Start] Item inserted into the queue. Attempting to create progresstrackersItem = 9WZDNCRFJ3PT  
Error: The operation completed successfully.
Function: InstallQueue2::_EnqueueWork
Source: onecoreuap\enduser\winstore\installservice\libqueue2\installqueue2.cpp (1143)"
Information,8/27/2023 4:54:40 AM,Microsoft-Windows-Install-Agent,2006,Service,"Work already enqueued. Refusing to queue duplicate workCatalogId = PackageFamilyName:Microsoft.ZuneMusic_8wekyb3d8bbwe  
Error: The operation completed successfully.
Function: InstallQueue2::_EnqueueWork
Source: onecoreuap\enduser\winstore\installservice\libqueue2\installqueue2.cpp (1069)"
Information,8/27/2023 4:54:40 AM,Microsoft-Windows-Install-Agent,2006,Service,"[End] Creating UWA Work FulfillmentData = {""ProductId"":""9WZDNCRFJ3PT"",""WuBundleId"":""bb3f67b0-9ec1-4bdb-82a4-a99f23d3b86b"",""WuCategoryId"":""16db93bf-8748-449a-96ba-e9ed3a5f872d"",""PackageFamilyName"":""Microsoft.ZuneMusic_8wekyb3d8bbwe"",""SkuId"":""0010"",""Content"":null,""PackageFeatures"":null}  
Error: The operation completed successfully.
Function: 
Source:  (387)"
Information,8/27/2023 4:54:40 AM,Microsoft-Windows-Install-Agent,2006,Service,"WU scan found 3 packages
Error: Unknown HResult Error code: 0xefffffff
Function: _PackagesFromSearchResult
Source: onecoreuap\enduser\winstore\installservice\lib\wuhelpers.cpp (151)"
Information,8/27/2023 4:54:11 AM,Microsoft-Windows-Install-Agent,2006,Service,"WU query: ""IsInstalled=0 AND AppCategoryIDs contains '16db93bf-8748-449a-96ba-e9ed3a5f872d'""
Error: Unknown HResult Error code: 0xefffffff
Function: SearchUpdatePackages
Source: onecoreuap\enduser\winstore\installservice\lib\wuhelpers.cpp (308)"
Information,8/27/2023 4:54:11 AM,Microsoft-Windows-Install-Agent,2006,Service,"AppId = 16db93bf-8748-449a-96ba-e9ed3a5f872d, WU Installed Flag = 0, OnlineSearch = 0, Interactive = 0, Scope = 4, Client ID = Update;ScanForUpdates
Error: Unknown HResult Error code: 0xefffffff
Function: SearchUpdatePackages
Source: onecoreuap\enduser\winstore\installservice\lib\wuhelpers.cpp (243)"
Warning,8/27/2023 4:54:11 AM,Microsoft-Windows-Install-Agent,2007,Service,"InstallService InProc Caller. Current Thread not impersonating. Using current process (LocalSystem)
Error: Unknown HResult Error code: 0xefffffff
Function: CallerContext::_getCallerToken
Source: onecoreuap\enduser\winstore\installservice\lib\callercontext.cpp (85)"
Information,8/27/2023 4:54:11 AM,Microsoft-Windows-Install-Agent,2006,Service,"[Start] Creating UWA Work FulfillmentData = {""ProductId"":""9WZDNCRFJ3PT"",""WuBundleId"":""bb3f67b0-9ec1-4bdb-82a4-a99f23d3b86b"",""WuCategoryId"":""16db93bf-8748-449a-96ba-e9ed3a5f872d"",""PackageFamilyName"":""Microsoft.ZuneMusic_8wekyb3d8bbwe"",""SkuId"":""0010"",""Content"":null,""PackageFeatures"":null}  
Error: The operation completed successfully.
Function: UWAInstallServiceWorkItem::UWAInstallServiceWorkItem
Source: onecoreuap\enduser\winstore\installservice\libqueue2\uwainstallworkbridge.cpp (387)"
Information,8/27/2023 4:54:11 AM,Microsoft-Windows-Install-Agent,2006,Service,"Received checkpoint data updateItem = 9PMMSR1CGPWG   
Error: The operation completed successfully.
Function: InstallQueue2::NotifyCheckpointChanged
Source: onecoreuap\enduser\winstore\installservice\libqueue2\installqueue2.cpp (1922)"
Information,8/27/2023 4:54:11 AM,Microsoft-Windows-Install-Agent,2006,Service,"[End] Item inserted into the queue. Attempting to create progresstrackersItem = 9PMMSR1CGPWG  
Error: The operation completed successfully.
Function: 
Source:  (1143)"
Information,8/27/2023 4:54:11 AM,Microsoft-Windows-Install-Agent,2006,Service,"[Start] Item inserted into the queue. Attempting to create progresstrackersItem = 9PMMSR1CGPWG  
Error: The operation completed successfully.
Function: InstallQueue2::_EnqueueWork
Source: onecoreuap\enduser\winstore\installservice\libqueue2\installqueue2.cpp (1143)"
Information,8/27/2023 4:54:11 AM,Microsoft-Windows-Install-Agent,2006,Service,"[End] Creating Queue Item for the workCatalogId = PackageFamilyName:Microsoft.HEIFImageExtension_8wekyb3d8bbwe  
Error: The operation completed successfully.
Function: 
Source:  (1078)"
Information,8/27/2023 4:54:11 AM,Microsoft-Windows-Install-Agent,2006,Service,"[Telemetry]: StateTransition :: ProductId = 9PMMSR1CGPWG  PFN = Microsoft.HEIFImageExtension_8wekyb3d8bbwe  CatalogId =   FulfillmentPluginId = WU  PluginTelemetryData = {""WorkProperties"":{""IsInteractive"":0,""CallerApplicationId"":""ScanForUpdates"",""InstallForAllUsers"":0,""AllowDownloadOnAnyNetwork"":0,""ForceUseOfNonRemovableStorage"":0,""AllowForcedAppRestart"":0,""IsDiscInstall"":0,""IsRestore"":0,""Repair"":0,""StageButDoNotInstall"":0,""RequiresElevation"":0,""AutomaticallyDownloadAndInstallUpdateIfFound"":0,""AllowCachedResult"":0,""UserIdentityInfo"":"""",""VolumePath"":""""},""extendedErrorCode"":0}  PrevState = Error  NewState = LowPriority  PluginLastStage = 4  HResult = -2147009279  __TlgCV__ = djk7teN0u0OSQnoQ.1.0  
Error: Unknown HResult Error code: 0xefffffff
Function: LogTelemetryEvent
Source: onecoreuap\enduser\winstore\installservice\svc\logging.cpp (10)"
Information,8/27/2023 4:54:11 AM,Microsoft-Windows-Install-Agent,2006,Service,"[Start] Creating Queue Item for the workCatalogId = PackageFamilyName:Microsoft.HEIFImageExtension_8wekyb3d8bbwe  
Error: The operation completed successfully.
Function: InstallQueue2::_EnqueueWork
Source: onecoreuap\enduser\winstore\installservice\libqueue2\installqueue2.cpp (1078)"
Information,8/27/2023 4:54:11 AM,Microsoft-Windows-Install-Agent,2006,Service,"[End] Creating UWA Work FulfillmentData = {""ProductId"":""9PMMSR1CGPWG"",""WuBundleId"":""6f367b20-844b-4f27-8d5c-c391dd02eacd"",""WuCategoryId"":""f4ccc4c1-6e9a-49a0-8f19-46f1717c7ba3"",""PackageFamilyName"":""Microsoft.HEIFImageExtension_8wekyb3d8bbwe"",""SkuId"":""0010"",""Content"":null,""PackageFeatures"":null}  
Error: The operation completed successfully.
Function: 
Source:  (387)"
Information,8/27/2023 4:54:11 AM,Microsoft-Windows-Install-Agent,2006,Service,"WU scan found 1 packages
Error: Unknown HResult Error code: 0xefffffff
Function: _PackagesFromSearchResult
Source: onecoreuap\enduser\winstore\installservice\lib\wuhelpers.cpp (151)"
Information,8/27/2023 4:54:03 AM,Microsoft-Windows-Install-Agent,2006,Service,"WU query: ""IsInstalled=0 AND AppCategoryIDs contains 'f4ccc4c1-6e9a-49a0-8f19-46f1717c7ba3'""
Error: Unknown HResult Error code: 0xefffffff
Function: SearchUpdatePackages
Source: onecoreuap\enduser\winstore\installservice\lib\wuhelpers.cpp (308)"
Information,8/27/2023 4:54:03 AM,Microsoft-Windows-Install-Agent,2006,Service,"AppId = f4ccc4c1-6e9a-49a0-8f19-46f1717c7ba3, WU Installed Flag = 0, OnlineSearch = 0, Interactive = 0, Scope = 4, Client ID = Update;ScanForUpdates
Error: Unknown HResult Error code: 0xefffffff
Function: SearchUpdatePackages
Source: onecoreuap\enduser\winstore\installservice\lib\wuhelpers.cpp (243)"
Warning,8/27/2023 4:54:03 AM,Microsoft-Windows-Install-Agent,2007,Service,"InstallService InProc Caller. Current Thread not impersonating. Using current process (LocalSystem)
Error: Unknown HResult Error code: 0xefffffff
Function: CallerContext::_getCallerToken
Source: onecoreuap\enduser\winstore\installservice\lib\callercontext.cpp (85)"
Information,8/27/2023 4:54:03 AM,Microsoft-Windows-Install-Agent,2006,Service,"[Start] Creating UWA Work FulfillmentData = {""ProductId"":""9PMMSR1CGPWG"",""WuBundleId"":""6f367b20-844b-4f27-8d5c-c391dd02eacd"",""WuCategoryId"":""f4ccc4c1-6e9a-49a0-8f19-46f1717c7ba3"",""PackageFamilyName"":""Microsoft.HEIFImageExtension_8wekyb3d8bbwe"",""SkuId"":""0010"",""Content"":null,""PackageFeatures"":null}  
Error: The operation completed successfully.
Function: UWAInstallServiceWorkItem::UWAInstallServiceWorkItem
Source: onecoreuap\enduser\winstore\installservice\libqueue2\uwainstallworkbridge.cpp (387)"
Information,8/27/2023 4:54:03 AM,Microsoft-Windows-Install-Agent,2006,Service,"Received checkpoint data updateItem = 9NFFX4SZZ23L   
Error: The operation completed successfully.
Function: InstallQueue2::NotifyCheckpointChanged
Source: onecoreuap\enduser\winstore\installservice\libqueue2\installqueue2.cpp (1922)"
Information,8/27/2023 4:54:03 AM,Microsoft-Windows-Install-Agent,2006,Service,"[End] Item inserted into the queue. Attempting to create progresstrackersItem = 9NFFX4SZZ23L  
Error: The operation completed successfully.
Function: 
Source:  (1143)"
Information,8/27/2023 4:54:03 AM,Microsoft-Windows-Install-Agent,2006,Service,"[Start] Item inserted into the queue. Attempting to create progresstrackersItem = 9NFFX4SZZ23L  
Error: The operation completed successfully.
Function: InstallQueue2::_EnqueueWork
Source: onecoreuap\enduser\winstore\installservice\libqueue2\installqueue2.cpp (1143)"
Information,8/27/2023 4:54:03 AM,Microsoft-Windows-Install-Agent,2006,Service,"[End] Creating Queue Item for the workCatalogId = PackageFamilyName:Microsoft.549981C3F5F10_8wekyb3d8bbwe  
Error: The operation completed successfully.
Function: 
Source:  (1078)"
Information,8/27/2023 4:54:03 AM,Microsoft-Windows-Install-Agent,2006,Service,"[Telemetry]: StateTransition :: ProductId = 9NFFX4SZZ23L  PFN = Microsoft.549981C3F5F10_8wekyb3d8bbwe  CatalogId =   FulfillmentPluginId = WU  PluginTelemetryData = {""WorkProperties"":{""IsInteractive"":0,""CallerApplicationId"":""ScanForUpdates"",""InstallForAllUsers"":0,""AllowDownloadOnAnyNetwork"":0,""ForceUseOfNonRemovableStorage"":0,""AllowForcedAppRestart"":0,""IsDiscInstall"":0,""IsRestore"":0,""Repair"":0,""StageButDoNotInstall"":0,""RequiresElevation"":0,""AutomaticallyDownloadAndInstallUpdateIfFound"":0,""AllowCachedResult"":0,""UserIdentityInfo"":"""",""VolumePath"":""""},""extendedErrorCode"":0}  PrevState = BlockedOnUser  NewState = LowPriority  PluginLastStage = 4  HResult = 0  __TlgCV__ = djk7teN0u0OSQnoQ.1.0  
Error: Unknown HResult Error code: 0xefffffff
Function: LogTelemetryEvent
Source: onecoreuap\enduser\winstore\installservice\svc\logging.cpp (10)"
Information,8/27/2023 4:54:03 AM,Microsoft-Windows-Install-Agent,2006,Service,"[Start] Creating Queue Item for the workCatalogId = PackageFamilyName:Microsoft.549981C3F5F10_8wekyb3d8bbwe  
Error: The operation completed successfully.
Function: InstallQueue2::_EnqueueWork
Source: onecoreuap\enduser\winstore\installservice\libqueue2\installqueue2.cpp (1078)"
Information,8/27/2023 4:54:03 AM,Microsoft-Windows-Install-Agent,2006,Service,"[End] Creating UWA Work FulfillmentData = {""ProductId"":""9NFFX4SZZ23L"",""WuBundleId"":""76ad7544-f95c-4366-b203-79ce7807e46d"",""WuCategoryId"":""3ece63c1-ae51-4414-9064-b4ff1e0a9017"",""PackageFamilyName"":""Microsoft.549981C3F5F10_8wekyb3d8bbwe"",""SkuId"":""0010"",""Content"":null,""PackageFeatures"":null}  
Error: The operation completed successfully.
Function: 
Source:  (387)"
Information,8/27/2023 4:54:03 AM,Microsoft-Windows-Install-Agent,2006,Service,"WU scan found 3 packages
Error: Unknown HResult Error code: 0xefffffff
Function: _PackagesFromSearchResult
Source: onecoreuap\enduser\winstore\installservice\lib\wuhelpers.cpp (151)"
Information,8/27/2023 4:53:54 AM,Microsoft-Windows-Install-Agent,2006,Service,"WU query: ""IsInstalled=0 AND AppCategoryIDs contains '3ece63c1-ae51-4414-9064-b4ff1e0a9017'""
Error: Unknown HResult Error code: 0xefffffff
Function: SearchUpdatePackages
Source: onecoreuap\enduser\winstore\installservice\lib\wuhelpers.cpp (308)"
Information,8/27/2023 4:53:54 AM,Microsoft-Windows-Install-Agent,2006,Service,"AppId = 3ece63c1-ae51-4414-9064-b4ff1e0a9017, WU Installed Flag = 0, OnlineSearch = 0, Interactive = 0, Scope = 4, Client ID = Update;ScanForUpdates
Error: Unknown HResult Error code: 0xefffffff
Function: SearchUpdatePackages
Source: onecoreuap\enduser\winstore\installservice\lib\wuhelpers.cpp (243)"
Warning,8/27/2023 4:53:54 AM,Microsoft-Windows-Install-Agent,2007,Service,"InstallService InProc Caller. Current Thread not impersonating. Using current process (LocalSystem)
Error: Unknown HResult Error code: 0xefffffff
Function: CallerContext::_getCallerToken
Source: onecoreuap\enduser\winstore\installservice\lib\callercontext.cpp (85)"
Information,8/27/2023 4:53:54 AM,Microsoft-Windows-Install-Agent,2006,Service,"[Start] Creating UWA Work FulfillmentData = {""ProductId"":""9NFFX4SZZ23L"",""WuBundleId"":""76ad7544-f95c-4366-b203-79ce7807e46d"",""WuCategoryId"":""3ece63c1-ae51-4414-9064-b4ff1e0a9017"",""PackageFamilyName"":""Microsoft.549981C3F5F10_8wekyb3d8bbwe"",""SkuId"":""0010"",""Content"":null,""PackageFeatures"":null}  
Error: The operation completed successfully.
Function: UWAInstallServiceWorkItem::UWAInstallServiceWorkItem
Source: onecoreuap\enduser\winstore\installservice\libqueue2\uwainstallworkbridge.cpp (387)"
Information,8/27/2023 4:53:54 AM,Microsoft-Windows-Install-Agent,2006,Service,"Received checkpoint data updateItem = 9N4D0MSMP0PT   
Error: The operation completed successfully.
Function: InstallQueue2::NotifyCheckpointChanged
Source: onecoreuap\enduser\winstore\installservice\libqueue2\installqueue2.cpp (1922)"
Information,8/27/2023 4:53:54 AM,Microsoft-Windows-Install-Agent,2006,Service,"[End] Item inserted into the queue. Attempting to create progresstrackersItem = 9N4D0MSMP0PT  
Error: The operation completed successfully.
Function: 
Source:  (1143)"
Information,8/27/2023 4:53:54 AM,Microsoft-Windows-Install-Agent,2006,Service,"[Start] Item inserted into the queue. Attempting to create progresstrackersItem = 9N4D0MSMP0PT  
Error: The operation completed successfully.
Function: InstallQueue2::_EnqueueWork
Source: onecoreuap\enduser\winstore\installservice\libqueue2\installqueue2.cpp (1143)"
Information,8/27/2023 4:53:54 AM,Microsoft-Windows-Install-Agent,2006,Service,"[End] Creating Queue Item for the workCatalogId = PackageFamilyName:Microsoft.VP9VideoExtensions_8wekyb3d8bbwe  
Error: The operation completed successfully.
Function: 
Source:  (1078)"
Information,8/27/2023 4:53:54 AM,Microsoft-Windows-Install-Agent,2006,Service,"[Telemetry]: StateTransition :: ProductId = 9N4D0MSMP0PT  PFN = Microsoft.VP9VideoExtensions_8wekyb3d8bbwe  CatalogId =   FulfillmentPluginId = WU  PluginTelemetryData = {""WorkProperties"":{""IsInteractive"":0,""CallerApplicationId"":""ScanForUpdates"",""InstallForAllUsers"":0,""AllowDownloadOnAnyNetwork"":0,""ForceUseOfNonRemovableStorage"":0,""AllowForcedAppRestart"":0,""IsDiscInstall"":0,""IsRestore"":0,""Repair"":0,""StageButDoNotInstall"":0,""RequiresElevation"":0,""AutomaticallyDownloadAndInstallUpdateIfFound"":0,""AllowCachedResult"":0,""UserIdentityInfo"":"""",""VolumePath"":""""},""extendedErrorCode"":0}  PrevState = Error  NewState = LowPriority  PluginLastStage = 4  HResult = -2147009279  __TlgCV__ = djk7teN0u0OSQnoQ.1.0  
Error: Unknown HResult Error code: 0xefffffff
Function: LogTelemetryEvent
Source: onecoreuap\enduser\winstore\installservice\svc\logging.cpp (10)"
Information,8/27/2023 4:53:54 AM,Microsoft-Windows-Install-Agent,2006,Service,"[Start] Creating Queue Item for the workCatalogId = PackageFamilyName:Microsoft.VP9VideoExtensions_8wekyb3d8bbwe  
Error: The operation completed successfully.
Function: InstallQueue2::_EnqueueWork
Source: onecoreuap\enduser\winstore\installservice\libqueue2\installqueue2.cpp (1078)"
Information,8/27/2023 4:53:54 AM,Microsoft-Windows-Install-Agent,2006,Service,"[End] Creating UWA Work FulfillmentData = {""ProductId"":""9N4D0MSMP0PT"",""WuBundleId"":""54c74f48-dac6-4593-a2ab-d6a528c1b357"",""WuCategoryId"":""65b58c5c-5c7e-4b72-9d9f-9bdd15c506b3"",""PackageFamilyName"":""Microsoft.VP9VideoExtensions_8wekyb3d8bbwe"",""SkuId"":""0010"",""Content"":null,""PackageFeatures"":null}  
Error: The operation completed successfully.
Function: 
Source:  (387)"
Information,8/27/2023 4:53:54 AM,Microsoft-Windows-Install-Agent,2006,Service,"WU scan found 1 packages
Error: Unknown HResult Error code: 0xefffffff
Function: _PackagesFromSearchResult
Source: onecoreuap\enduser\winstore\installservice\lib\wuhelpers.cpp (151)"
Information,8/27/2023 4:53:51 AM,Microsoft-Windows-Install-Agent,2006,Service,"WU query: ""IsInstalled=0 AND AppCategoryIDs contains '65b58c5c-5c7e-4b72-9d9f-9bdd15c506b3'""
Error: Unknown HResult Error code: 0xefffffff
Function: SearchUpdatePackages
Source: onecoreuap\enduser\winstore\installservice\lib\wuhelpers.cpp (308)"
Information,8/27/2023 4:53:51 AM,Microsoft-Windows-Install-Agent,2006,Service,"AppId = 65b58c5c-5c7e-4b72-9d9f-9bdd15c506b3, WU Installed Flag = 0, OnlineSearch = 0, Interactive = 0, Scope = 4, Client ID = Update;ScanForUpdates
Error: Unknown HResult Error code: 0xefffffff
Function: SearchUpdatePackages
Source: onecoreuap\enduser\winstore\installservice\lib\wuhelpers.cpp (243)"
Warning,8/27/2023 4:53:51 AM,Microsoft-Windows-Install-Agent,2007,Service,"InstallService InProc Caller. Current Thread not impersonating. Using current process (LocalSystem)
Error: Unknown HResult Error code: 0xefffffff
Function: CallerContext::_getCallerToken
Source: onecoreuap\enduser\winstore\installservice\lib\callercontext.cpp (85)"
Information,8/27/2023 4:53:51 AM,Microsoft-Windows-Install-Agent,2006,Service,"[Start] Creating UWA Work FulfillmentData = {""ProductId"":""9N4D0MSMP0PT"",""WuBundleId"":""54c74f48-dac6-4593-a2ab-d6a528c1b357"",""WuCategoryId"":""65b58c5c-5c7e-4b72-9d9f-9bdd15c506b3"",""PackageFamilyName"":""Microsoft.VP9VideoExtensions_8wekyb3d8bbwe"",""SkuId"":""0010"",""Content"":null,""PackageFeatures"":null}  
Error: The operation completed successfully.
Function: UWAInstallServiceWorkItem::UWAInstallServiceWorkItem
Source: onecoreuap\enduser\winstore\installservice\libqueue2\uwainstallworkbridge.cpp (387)"
Information,8/27/2023 4:53:51 AM,Microsoft-Windows-Install-Agent,2006,Service,"Received checkpoint data updateItem = 9WZDNCRFHWD2   
Error: The operation completed successfully.
Function: InstallQueue2::NotifyCheckpointChanged
Source: onecoreuap\enduser\winstore\installservice\libqueue2\installqueue2.cpp (1922)"
Information,8/27/2023 4:53:51 AM,Microsoft-Windows-Install-Agent,2006,Service,"[End] Item inserted into the queue. Attempting to create progresstrackersItem = 9WZDNCRFHWD2  
Error: The operation completed successfully.
Function: 
Source:  (1143)"
Information,8/27/2023 4:53:51 AM,Microsoft-Windows-Install-Agent,2006,Service,"[Start] Item inserted into the queue. Attempting to create progresstrackersItem = 9WZDNCRFHWD2  
Error: The operation completed successfully.
Function: InstallQueue2::_EnqueueWork
Source: onecoreuap\enduser\winstore\installservice\libqueue2\installqueue2.cpp (1143)"
Information,8/27/2023 4:53:51 AM,Microsoft-Windows-Install-Agent,2006,Service,"Work already enqueued. Refusing to queue duplicate workCatalogId = PackageFamilyName:Microsoft.MicrosoftSolitaireCollection_8wekyb3d8bbwe  
Error: The operation completed successfully.
Function: InstallQueue2::_EnqueueWork
Source: onecoreuap\enduser\winstore\installservice\libqueue2\installqueue2.cpp (1069)"
Information,8/27/2023 4:53:51 AM,Microsoft-Windows-Install-Agent,2006,Service,"[End] Creating UWA Work FulfillmentData = {""ProductId"":""9WZDNCRFHWD2"",""WuBundleId"":""4e26b016-5c59-4915-9704-27e65b4ed4df"",""WuCategoryId"":""1a36fd17-5161-4651-ae2d-13384e427ea8"",""PackageFamilyName"":""Microsoft.MicrosoftSolitaireCollection_8wekyb3d8bbwe"",""SkuId"":""0010"",""Content"":null,""PackageFeatures"":null}  
Error: The operation completed successfully.
Function: 
Source:  (387)"
Information,8/27/2023 4:53:50 AM,Microsoft-Windows-Install-Agent,2006,Service,"WU scan found 4 packages
Error: Unknown HResult Error code: 0xefffffff
Function: _PackagesFromSearchResult
Source: onecoreuap\enduser\winstore\installservice\lib\wuhelpers.cpp (151)"
Information,8/27/2023 4:53:44 AM,Microsoft-Windows-Install-Agent,2006,Service,"WU query: ""IsInstalled=0 AND AppCategoryIDs contains '1a36fd17-5161-4651-ae2d-13384e427ea8'""
Error: Unknown HResult Error code: 0xefffffff
Function: SearchUpdatePackages
Source: onecoreuap\enduser\winstore\installservice\lib\wuhelpers.cpp (308)"
Information,8/27/2023 4:53:44 AM,Microsoft-Windows-Install-Agent,2006,Service,"AppId = 1a36fd17-5161-4651-ae2d-13384e427ea8, WU Installed Flag = 0, OnlineSearch = 0, Interactive = 0, Scope = 4, Client ID = Update;ScanForUpdates
Error: Unknown HResult Error code: 0xefffffff
Function: SearchUpdatePackages
Source: onecoreuap\enduser\winstore\installservice\lib\wuhelpers.cpp (243)"
Warning,8/27/2023 4:53:44 AM,Microsoft-Windows-Install-Agent,2007,Service,"InstallService InProc Caller. Current Thread not impersonating. Using current process (LocalSystem)
Error: Unknown HResult Error code: 0xefffffff
Function: CallerContext::_getCallerToken
Source: onecoreuap\enduser\winstore\installservice\lib\callercontext.cpp (85)"
Information,8/27/2023 4:53:44 AM,Microsoft-Windows-Install-Agent,2006,Service,"[Start] Creating UWA Work FulfillmentData = {""ProductId"":""9WZDNCRFHWD2"",""WuBundleId"":""4e26b016-5c59-4915-9704-27e65b4ed4df"",""WuCategoryId"":""1a36fd17-5161-4651-ae2d-13384e427ea8"",""PackageFamilyName"":""Microsoft.MicrosoftSolitaireCollection_8wekyb3d8bbwe"",""SkuId"":""0010"",""Content"":null,""PackageFeatures"":null}  
Error: The operation completed successfully.
Function: UWAInstallServiceWorkItem::UWAInstallServiceWorkItem
Source: onecoreuap\enduser\winstore\installservice\libqueue2\uwainstallworkbridge.cpp (387)"
Information,8/27/2023 4:53:44 AM,Microsoft-Windows-Install-Agent,2006,Service,"Received checkpoint data updateItem = 9WZDNCRFJBH4   
Error: The operation completed successfully.
Function: InstallQueue2::NotifyCheckpointChanged
Source: onecoreuap\enduser\winstore\installservice\libqueue2\installqueue2.cpp (1922)"
Information,8/27/2023 4:53:44 AM,Microsoft-Windows-Install-Agent,2006,Service,"[End] Item inserted into the queue. Attempting to create progresstrackersItem = 9WZDNCRFJBH4  
Error: The operation completed successfully.
Function: 
Source:  (1143)"
Information,8/27/2023 4:53:44 AM,Microsoft-Windows-Install-Agent,2006,Service,"[Start] Item inserted into the queue. Attempting to create progresstrackersItem = 9WZDNCRFJBH4  
Error: The operation completed successfully.
Function: InstallQueue2::_EnqueueWork
Source: onecoreuap\enduser\winstore\installservice\libqueue2\installqueue2.cpp (1143)"
Information,8/27/2023 4:53:44 AM,Microsoft-Windows-Install-Agent,2006,Service,"[End] Creating Queue Item for the workCatalogId = PackageFamilyName:Microsoft.Windows.Photos_8wekyb3d8bbwe  
Error: The operation completed successfully.
Function: 
Source:  (1078)"
Information,8/27/2023 4:53:44 AM,Microsoft-Windows-Install-Agent,2006,Service,"[Telemetry]: StateTransition :: ProductId = 9WZDNCRFJBH4  PFN = Microsoft.Windows.Photos_8wekyb3d8bbwe  CatalogId =   FulfillmentPluginId = WU  PluginTelemetryData = {""WorkProperties"":{""IsInteractive"":0,""CallerApplicationId"":""ScanForUpdates"",""InstallForAllUsers"":0,""AllowDownloadOnAnyNetwork"":0,""ForceUseOfNonRemovableStorage"":0,""AllowForcedAppRestart"":0,""IsDiscInstall"":0,""IsRestore"":0,""Repair"":0,""StageButDoNotInstall"":0,""RequiresElevation"":0,""AutomaticallyDownloadAndInstallUpdateIfFound"":0,""AllowCachedResult"":0,""UserIdentityInfo"":"""",""VolumePath"":""""},""extendedErrorCode"":0}  PrevState = Error  NewState = LowPriority  PluginLastStage = 4  HResult = -2147009279  __TlgCV__ = djk7teN0u0OSQnoQ.1.0  
Error: Unknown HResult Error code: 0xefffffff
Function: LogTelemetryEvent
Source: onecoreuap\enduser\winstore\installservice\svc\logging.cpp (10)"
Information,8/27/2023 4:53:44 AM,Microsoft-Windows-Install-Agent,2006,Service,"[Start] Creating Queue Item for the workCatalogId = PackageFamilyName:Microsoft.Windows.Photos_8wekyb3d8bbwe  
Error: The operation completed successfully.
Function: InstallQueue2::_EnqueueWork
Source: onecoreuap\enduser\winstore\installservice\libqueue2\installqueue2.cpp (1078)"
Information,8/27/2023 4:53:44 AM,Microsoft-Windows-Install-Agent,2006,Service,"[End] Creating UWA Work FulfillmentData = {""ProductId"":""9WZDNCRFJBH4"",""WuBundleId"":""962012a6-2e08-4ff5-8180-ae914431d0da"",""WuCategoryId"":""454a759b-ff5b-4a79-80d3-1cf15eba0908"",""PackageFamilyName"":""Microsoft.Windows.Photos_8wekyb3d8bbwe"",""SkuId"":""0010"",""Content"":null,""PackageFeatures"":null}  
Error: The operation completed successfully.
Function: 
Source:  (387)"
Information,8/27/2023 4:53:44 AM,Microsoft-Windows-Install-Agent,2006,Service,"WU scan found 3 packages
Error: Unknown HResult Error code: 0xefffffff
Function: _PackagesFromSearchResult
Source: onecoreuap\enduser\winstore\installservice\lib\wuhelpers.cpp (151)"
Information,8/27/2023 4:53:33 AM,Microsoft-Windows-Install-Agent,2006,Service,"WU query: ""IsInstalled=0 AND AppCategoryIDs contains '454a759b-ff5b-4a79-80d3-1cf15eba0908'""
Error: Unknown HResult Error code: 0xefffffff
Function: SearchUpdatePackages
Source: onecoreuap\enduser\winstore\installservice\lib\wuhelpers.cpp (308)"
Information,8/27/2023 4:53:33 AM,Microsoft-Windows-Install-Agent,2006,Service,"AppId = 454a759b-ff5b-4a79-80d3-1cf15eba0908, WU Installed Flag = 0, OnlineSearch = 0, Interactive = 0, Scope = 4, Client ID = Update;ScanForUpdates
Error: Unknown HResult Error code: 0xefffffff
Function: SearchUpdatePackages
Source: onecoreuap\enduser\winstore\installservice\lib\wuhelpers.cpp (243)"
Warning,8/27/2023 4:53:33 AM,Microsoft-Windows-Install-Agent,2007,Service,"InstallService InProc Caller. Current Thread not impersonating. Using current process (LocalSystem)
Error: Unknown HResult Error code: 0xefffffff
Function: CallerContext::_getCallerToken
Source: onecoreuap\enduser\winstore\installservice\lib\callercontext.cpp (85)"
Information,8/27/2023 4:53:33 AM,Microsoft-Windows-Install-Agent,2006,Service,"[Start] Creating UWA Work FulfillmentData = {""ProductId"":""9WZDNCRFJBH4"",""WuBundleId"":""962012a6-2e08-4ff5-8180-ae914431d0da"",""WuCategoryId"":""454a759b-ff5b-4a79-80d3-1cf15eba0908"",""PackageFamilyName"":""Microsoft.Windows.Photos_8wekyb3d8bbwe"",""SkuId"":""0010"",""Content"":null,""PackageFeatures"":null}  
Error: The operation completed successfully.
Function: UWAInstallServiceWorkItem::UWAInstallServiceWorkItem
Source: onecoreuap\enduser\winstore\installservice\libqueue2\uwainstallworkbridge.cpp (387)"
Error,8/27/2023 4:53:33 AM,Microsoft-Windows-Install-Agent,2008,Service,"Failed to recover work from checkpoint. PackageFamilyName = Microsoft.XboxApp_8wekyb3d8bbwe, cv = akgQMk0QwEORnjWS.1.0, HRESULT = 0x80240024 
Error: The operation completed successfully.
Function: InstallQueue2::_LoadCheckpointsWorker
Source: onecoreuap\enduser\winstore\installservice\libqueue2\installqueue2.cpp (3077)"
Information,8/27/2023 4:53:33 AM,Microsoft-Windows-Install-Agent,2006,Service,"winrt::hresult_error: onecoreuap\enduser\winstore\installservice\libqueue2\uwainstallworkbridge.cpp(441)\installservice.dll!00007FFDF3A886D9: (caller: 00007FFDF3A8FA36) Exception(1) tid(12f8) 80240024
Error: Unknown HResult Error code: 0x80240024
Function: 
Source: NULL (0)"
Error,8/27/2023 4:53:33 AM,Microsoft-Windows-Install-Agent,2008,Service,"Error creating work item 
Error: Unknown HResult Error code: 0x80240024
Function: UWAInstallServiceWorkItem::UWAInstallServiceWorkItem
Source: onecoreuap\enduser\winstore\installservice\libqueue2\uwainstallworkbridge.cpp (475)"
Error,8/27/2023 4:53:33 AM,Microsoft-Windows-Install-Agent,2008,Service,"[Error] Creating UWA Work FulfillmentData = {""ProductId"":""9WZDNCRFJBD8"",""WuBundleId"":""69e8be91-65f1-4436-96b8-9025450413d7"",""WuCategoryId"":""2f510dc1-4b62-4128-956e-a73d253cc9cb"",""PackageFamilyName"":""Microsoft.XboxApp_8wekyb3d8bbwe"",""SkuId"":""0010"",""Content"":null,""PackageFeatures"":null}  
Error: The operation completed successfully.
Function: 
Source:  (387)"
Warning,8/27/2023 4:53:33 AM,Microsoft-Windows-Install-Agent,2007,Service,"Failure detected
Error: Unknown HResult Error code: 0x80240024
Function: 
Source: onecoreuap\enduser\winstore\installservice\libqueue2\uwainstallworkbridge.cpp (441)"
Information,8/27/2023 4:53:33 AM,Microsoft-Windows-Install-Agent,2006,Service,"WU scan found 0 packages
Error: Unknown HResult Error code: 0xefffffff
Function: _PackagesFromSearchResult
Source: onecoreuap\enduser\winstore\installservice\lib\wuhelpers.cpp (151)"
Information,8/27/2023 4:53:30 AM,Microsoft-Windows-Install-Agent,2006,Service,"WU query: ""IsInstalled=0 AND AppCategoryIDs contains '2f510dc1-4b62-4128-956e-a73d253cc9cb'""
Error: Unknown HResult Error code: 0xefffffff
Function: SearchUpdatePackages
Source: onecoreuap\enduser\winstore\installservice\lib\wuhelpers.cpp (308)"
Information,8/27/2023 4:53:30 AM,Microsoft-Windows-Install-Agent,2006,Service,"AppId = 2f510dc1-4b62-4128-956e-a73d253cc9cb, WU Installed Flag = 0, OnlineSearch = 0, Interactive = 0, Scope = 4, Client ID = Update;ScanForUpdates
Error: Unknown HResult Error code: 0xefffffff
Function: SearchUpdatePackages
Source: onecoreuap\enduser\winstore\installservice\lib\wuhelpers.cpp (243)"
Warning,8/27/2023 4:53:30 AM,Microsoft-Windows-Install-Agent,2007,Service,"InstallService InProc Caller. Current Thread not impersonating. Using current process (LocalSystem)
Error: Unknown HResult Error code: 0xefffffff
Function: CallerContext::_getCallerToken
Source: onecoreuap\enduser\winstore\installservice\lib\callercontext.cpp (85)"
Information,8/27/2023 4:53:30 AM,Microsoft-Windows-Install-Agent,2006,Service,"[Start] Creating UWA Work FulfillmentData = {""ProductId"":""9WZDNCRFJBD8"",""WuBundleId"":""69e8be91-65f1-4436-96b8-9025450413d7"",""WuCategoryId"":""2f510dc1-4b62-4128-956e-a73d253cc9cb"",""PackageFamilyName"":""Microsoft.XboxApp_8wekyb3d8bbwe"",""SkuId"":""0010"",""Content"":null,""PackageFeatures"":null}  
Error: The operation completed successfully.
Function: UWAInstallServiceWorkItem::UWAInstallServiceWorkItem
Source: onecoreuap\enduser\winstore\installservice\libqueue2\uwainstallworkbridge.cpp (387)"
Information,8/27/2023 4:53:30 AM,Microsoft-Windows-Install-Agent,2006,Service,"Received checkpoint data updateItem = 9NMPJ99VJBWV   
Error: The operation completed successfully.
Function: InstallQueue2::NotifyCheckpointChanged
Source: onecoreuap\enduser\winstore\installservice\libqueue2\installqueue2.cpp (1922)"
Information,8/27/2023 4:53:30 AM,Microsoft-Windows-Install-Agent,2006,Service,"[End] Item inserted into the queue. Attempting to create progresstrackersItem = 9NMPJ99VJBWV  
Error: The operation completed successfully.
Function: 
Source:  (1143)"
Information,8/27/2023 4:53:30 AM,Microsoft-Windows-Install-Agent,2006,Service,"[Start] Item inserted into the queue. Attempting to create progresstrackersItem = 9NMPJ99VJBWV  
Error: The operation completed successfully.
Function: InstallQueue2::_EnqueueWork
Source: onecoreuap\enduser\winstore\installservice\libqueue2\installqueue2.cpp (1143)"
Information,8/27/2023 4:53:30 AM,Microsoft-Windows-Install-Agent,2006,Service,"[End] Creating Queue Item for the workCatalogId = PackageFamilyName:Microsoft.YourPhone_8wekyb3d8bbwe  
Error: The operation completed successfully.
Function: 
Source:  (1078)"
Information,8/27/2023 4:53:30 AM,Microsoft-Windows-Install-Agent,2006,Service,"[Telemetry]: StateTransition :: ProductId = 9NMPJ99VJBWV  PFN = Microsoft.YourPhone_8wekyb3d8bbwe  CatalogId =   FulfillmentPluginId = WU  PluginTelemetryData = {""WorkProperties"":{""IsInteractive"":0,""CallerApplicationId"":""ScanForUpdates"",""InstallForAllUsers"":0,""AllowDownloadOnAnyNetwork"":0,""ForceUseOfNonRemovableStorage"":0,""AllowForcedAppRestart"":0,""IsDiscInstall"":0,""IsRestore"":0,""Repair"":0,""StageButDoNotInstall"":0,""RequiresElevation"":0,""AutomaticallyDownloadAndInstallUpdateIfFound"":0,""AllowCachedResult"":0,""UserIdentityInfo"":"""",""VolumePath"":""""},""extendedErrorCode"":0}  PrevState = BlockedOnUser  NewState = LowPriority  PluginLastStage = 4  HResult = 0  __TlgCV__ = djk7teN0u0OSQnoQ.1.0  
Error: Unknown HResult Error code: 0xefffffff
Function: LogTelemetryEvent
Source: onecoreuap\enduser\winstore\installservice\svc\logging.cpp (10)"
Information,8/27/2023 4:53:30 AM,Microsoft-Windows-Install-Agent,2006,Service,"[Start] Creating Queue Item for the workCatalogId = PackageFamilyName:Microsoft.YourPhone_8wekyb3d8bbwe  
Error: The operation completed successfully.
Function: InstallQueue2::_EnqueueWork
Source: onecoreuap\enduser\winstore\installservice\libqueue2\installqueue2.cpp (1078)"
Information,8/27/2023 4:53:30 AM,Microsoft-Windows-Install-Agent,2006,Service,"[End] Creating UWA Work FulfillmentData = {""ProductId"":""9NMPJ99VJBWV"",""WuBundleId"":""9b82dabb-c24d-40dc-b616-783b95dbf21a"",""WuCategoryId"":""b99aef9a-1685-4798-b4b1-3d94ee6d7184"",""PackageFamilyName"":""Microsoft.YourPhone_8wekyb3d8bbwe"",""SkuId"":""0010"",""Content"":null,""PackageFeatures"":null}  
Error: The operation completed successfully.
Function: 
Source:  (387)"
Information,8/27/2023 4:53:30 AM,Microsoft-Windows-Install-Agent,2006,Service,"WU scan found 4 packages
Error: Unknown HResult Error code: 0xefffffff
Function: _PackagesFromSearchResult
Source: onecoreuap\enduser\winstore\installservice\lib\wuhelpers.cpp (151)"
Information,8/27/2023 4:53:17 AM,Microsoft-Windows-Install-Agent,2006,Service,"WU query: ""IsInstalled=0 AND AppCategoryIDs contains 'b99aef9a-1685-4798-b4b1-3d94ee6d7184'""
Error: Unknown HResult Error code: 0xefffffff
Function: SearchUpdatePackages
Source: onecoreuap\enduser\winstore\installservice\lib\wuhelpers.cpp (308)"
Information,8/27/2023 4:53:17 AM,Microsoft-Windows-Install-Agent,2006,Service,"AppId = b99aef9a-1685-4798-b4b1-3d94ee6d7184, WU Installed Flag = 0, OnlineSearch = 0, Interactive = 0, Scope = 4, Client ID = Update;ScanForUpdates
Error: Unknown HResult Error code: 0xefffffff
Function: SearchUpdatePackages
Source: onecoreuap\enduser\winstore\installservice\lib\wuhelpers.cpp (243)"
Warning,8/27/2023 4:53:17 AM,Microsoft-Windows-Install-Agent,2007,Service,"InstallService InProc Caller. Current Thread not impersonating. Using current process (LocalSystem)
Error: Unknown HResult Error code: 0xefffffff
Function: CallerContext::_getCallerToken
Source: onecoreuap\enduser\winstore\installservice\lib\callercontext.cpp (85)"
Information,8/27/2023 4:53:17 AM,Microsoft-Windows-Install-Agent,2006,Service,"[Start] Creating UWA Work FulfillmentData = {""ProductId"":""9NMPJ99VJBWV"",""WuBundleId"":""9b82dabb-c24d-40dc-b616-783b95dbf21a"",""WuCategoryId"":""b99aef9a-1685-4798-b4b1-3d94ee6d7184"",""PackageFamilyName"":""Microsoft.YourPhone_8wekyb3d8bbwe"",""SkuId"":""0010"",""Content"":null,""PackageFeatures"":null}  
Error: The operation completed successfully.
Function: UWAInstallServiceWorkItem::UWAInstallServiceWorkItem
Source: onecoreuap\enduser\winstore\installservice\libqueue2\uwainstallworkbridge.cpp (387)"
Information,8/27/2023 4:53:17 AM,Microsoft-Windows-Install-Agent,2006,Service,"Received checkpoint data updateItem = 9NBLGGH4NNS1   
Error: The operation completed successfully.
Function: InstallQueue2::NotifyCheckpointChanged
Source: onecoreuap\enduser\winstore\installservice\libqueue2\installqueue2.cpp (1922)"
Information,8/27/2023 4:53:17 AM,Microsoft-Windows-Install-Agent,2006,Service,"[End] Item inserted into the queue. Attempting to create progresstrackersItem = 9NBLGGH4NNS1  
Error: The operation completed successfully.
Function: 
Source:  (1143)"
Information,8/27/2023 4:53:17 AM,Microsoft-Windows-Install-Agent,2006,Service,"[Start] Item inserted into the queue. Attempting to create progresstrackersItem = 9NBLGGH4NNS1  
Error: The operation completed successfully.
Function: InstallQueue2::_EnqueueWork
Source: onecoreuap\enduser\winstore\installservice\libqueue2\installqueue2.cpp (1143)"
Information,8/27/2023 4:53:17 AM,Microsoft-Windows-Install-Agent,2006,Service,"[End] Creating Queue Item for the workCatalogId = PackageFamilyName:Microsoft.DesktopAppInstaller_8wekyb3d8bbwe  
Error: The operation completed successfully.
Function: 
Source:  (1078)"
Information,8/27/2023 4:53:17 AM,Microsoft-Windows-Install-Agent,2006,Service,"[Telemetry]: StateTransition :: ProductId = 9NBLGGH4NNS1  PFN = Microsoft.DesktopAppInstaller_8wekyb3d8bbwe  CatalogId =   FulfillmentPluginId = WU  PluginTelemetryData = {""WorkProperties"":{""IsInteractive"":0,""CallerApplicationId"":""ScanForUpdates"",""InstallForAllUsers"":0,""AllowDownloadOnAnyNetwork"":0,""ForceUseOfNonRemovableStorage"":0,""AllowForcedAppRestart"":0,""IsDiscInstall"":0,""IsRestore"":0,""Repair"":0,""StageButDoNotInstall"":0,""RequiresElevation"":0,""AutomaticallyDownloadAndInstallUpdateIfFound"":0,""AllowCachedResult"":0,""UserIdentityInfo"":"""",""VolumePath"":""""},""extendedErrorCode"":0}  PrevState = BlockedOnUser  NewState = LowPriority  PluginLastStage = 4  HResult = 0  __TlgCV__ = djk7teN0u0OSQnoQ.1.0  
Error: Unknown HResult Error code: 0xefffffff
Function: LogTelemetryEvent
Source: onecoreuap\enduser\winstore\installservice\svc\logging.cpp (10)"
Information,8/27/2023 4:53:17 AM,Microsoft-Windows-Install-Agent,2006,Service,"[Start] Creating Queue Item for the workCatalogId = PackageFamilyName:Microsoft.DesktopAppInstaller_8wekyb3d8bbwe  
Error: The operation completed successfully.
Function: InstallQueue2::_EnqueueWork
Source: onecoreuap\enduser\winstore\installservice\libqueue2\installqueue2.cpp (1078)"
Information,8/27/2023 4:53:17 AM,Microsoft-Windows-Install-Agent,2006,Service,"[End] Creating UWA Work FulfillmentData = {""ProductId"":""9NBLGGH4NNS1"",""WuBundleId"":""e513f814-f475-4dab-80f0-870418ff73ac"",""WuCategoryId"":""f855810c-9f77-45ff-a0f5-cd0feaa945c6"",""PackageFamilyName"":""Microsoft.DesktopAppInstaller_8wekyb3d8bbwe"",""SkuId"":""0010"",""Content"":null,""PackageFeatures"":null}  
Error: The operation completed successfully.
Function: 
Source:  (387)"
Information,8/27/2023 4:53:17 AM,Microsoft-Windows-Install-Agent,2006,Service,"WU scan found 2 packages
Error: Unknown HResult Error code: 0xefffffff
Function: _PackagesFromSearchResult
Source: onecoreuap\enduser\winstore\installservice\lib\wuhelpers.cpp (151)"
Information,8/27/2023 4:53:13 AM,Microsoft-Windows-Install-Agent,2006,Service,"WU query: ""IsInstalled=0 AND AppCategoryIDs contains 'f855810c-9f77-45ff-a0f5-cd0feaa945c6'""
Error: Unknown HResult Error code: 0xefffffff
Function: SearchUpdatePackages
Source: onecoreuap\enduser\winstore\installservice\lib\wuhelpers.cpp (308)"
Information,8/27/2023 4:53:13 AM,Microsoft-Windows-Install-Agent,2006,Service,"AppId = f855810c-9f77-45ff-a0f5-cd0feaa945c6, WU Installed Flag = 0, OnlineSearch = 0, Interactive = 0, Scope = 4, Client ID = Update;ScanForUpdates
Error: Unknown HResult Error code: 0xefffffff
Function: SearchUpdatePackages
Source: onecoreuap\enduser\winstore\installservice\lib\wuhelpers.cpp (243)"
Warning,8/27/2023 4:53:13 AM,Microsoft-Windows-Install-Agent,2007,Service,"InstallService InProc Caller. Current Thread not impersonating. Using current process (LocalSystem)
Error: Unknown HResult Error code: 0xefffffff
Function: CallerContext::_getCallerToken
Source: onecoreuap\enduser\winstore\installservice\lib\callercontext.cpp (85)"
Information,8/27/2023 4:53:13 AM,Microsoft-Windows-Install-Agent,2006,Service,"[Start] Creating UWA Work FulfillmentData = {""ProductId"":""9NBLGGH4NNS1"",""WuBundleId"":""e513f814-f475-4dab-80f0-870418ff73ac"",""WuCategoryId"":""f855810c-9f77-45ff-a0f5-cd0feaa945c6"",""PackageFamilyName"":""Microsoft.DesktopAppInstaller_8wekyb3d8bbwe"",""SkuId"":""0010"",""Content"":null,""PackageFeatures"":null}  
Error: The operation completed successfully.
Function: UWAInstallServiceWorkItem::UWAInstallServiceWorkItem
Source: onecoreuap\enduser\winstore\installservice\libqueue2\uwainstallworkbridge.cpp (387)"
Information,8/27/2023 4:53:13 AM,Microsoft-Windows-Install-Agent,2006,Service,"Received checkpoint data updateItem = 9NBLGGH42THS   
Error: The operation completed successfully.
Function: InstallQueue2::NotifyCheckpointChanged
Source: onecoreuap\enduser\winstore\installservice\libqueue2\installqueue2.cpp (1922)"
Information,8/27/2023 4:53:13 AM,Microsoft-Windows-Install-Agent,2006,Service,"[End] Item inserted into the queue. Attempting to create progresstrackersItem = 9NBLGGH42THS  
Error: The operation completed successfully.
Function: 
Source:  (1143)"
Information,8/27/2023 4:53:13 AM,Microsoft-Windows-Install-Agent,2006,Service,"[Start] Item inserted into the queue. Attempting to create progresstrackersItem = 9NBLGGH42THS  
Error: The operation completed successfully.
Function: InstallQueue2::_EnqueueWork
Source: onecoreuap\enduser\winstore\installservice\libqueue2\installqueue2.cpp (1143)"
Information,8/27/2023 4:53:13 AM,Microsoft-Windows-Install-Agent,2006,Service,"[End] Creating Queue Item for the workCatalogId = PackageFamilyName:Microsoft.Microsoft3DViewer_8wekyb3d8bbwe  
Error: The operation completed successfully.
Function: 
Source:  (1078)"
