Warning,8/27/2023 4:23:24 AM,Microsoft-Windows-Store,8002,LM,"Failure Message: hr: 0x800703f0
Function: ServiceBeginAcquireLicenseImpl
Source: onecoreuap\enduser\winstore\licensemanager\lib\service.cpp (2103)"
Information,8/27/2023 4:23:24 AM,Microsoft-Windows-Store,8001,LM,"ServiceBeginAcquireLicenseImpl PsmKey:Microsoft.YourPhone_1.23042.107.0_x64__8wekyb3d8bbwe+App, IsSystemUsage:1
Function: ServiceBeginAcquireLicenseImpl
Source: onecoreuap\enduser\winstore\licensemanager\lib\service.cpp (2083)"
Information,8/27/2023 4:23:24 AM,Microsoft-Windows-Store,8001,LM,"Invoking license manager because license/lease polling time up: PFN Microsoft.YourPhone_1.23042.107.0_x64__8wekyb3d8bbwe
Function: InvokeLicenseManagerRequired
Source: onecoreuap\enduser\winstore\licensemanager\apisethost\activationapis.cpp (361)"
Information,8/27/2023 4:22:40 AM,Microsoft-Windows-Store,8000,LM Module Loaded,"Process Name: C:\WINDOWS\system32\svchost.exe
Module Name: C:\WINDOWS\SYSTEM32\licensemanagerapi.dll
Build: 19041.1.amd64fre.vb_release.191206-1406
"
Information,8/27/2023 4:22:26 AM,Microsoft-Windows-Store,8001,LM,"Skipping license manager: PFN Microsoft.YourPhone_1.23042.107.0_x64__8wekyb3d8bbwe
Function: InvokeLicenseManagerRequired
Source: onecoreuap\enduser\winstore\licensemanager\apisethost\activationapis.cpp (373)"
Verbose,8/27/2023 4:22:17 AM,Microsoft-Windows-Store,8011,LM State Machine,0x22a5a2191f0: 6080: EEE53744-2BB9-BCA2-A50A-C6A1C5B0A0ED: Dispatch: Key:RegisterCallback => Key:Valid
Information,8/27/2023 4:22:17 AM,Microsoft-Windows-Store,8001,LM,"ReactiveLicensingResult: 0x00000000 for Microsoft.YourPhone_1.23042.107.0_x64__8wekyb3d8bbwe, 485ms
Function: LogReactiveLicensingResult
Source: onecoreuap\enduser\winstore\licensemanager\lib\telemetry.cpp (503)"
Information,8/27/2023 4:22:17 AM,Microsoft-Windows-Store,8001,LM,"Decoding: {""entitlementId"":""9be874f8-7167-9701-bc1b-9b161ab5b1c4"",""entitlementSatisfaction"":""Device"",""isOffline"":true,""leaseEnforcement"":""None"",""leaseUri"":""https://licensing.md.mp.microsoft.com/v7.0/licenses/?beneficiaryId=msaonecoreuap\enduser\winstore\licensemanager\lib\clipdocument.cppa844425221464020&contentId=eee53744-2bb9-bca2-a50a-c6a1c5b0a0ed&entitlementId=9be874f8-7167-9701-bc1b-9b161ab5b1c4&market=US&policyType=Device"",""keyIds"":[""0f8e2cd5-b8eb-7a22-b9e9-9b1183fa0a84""],""kind"":""Content"",""packages"":[{""packageIdentifier"":""eee53744-2bb9-bca2-a50a-c6a1c5b0a0ed"",""packageType"":""msix"",""productAddOns"":[],""productId"":""9NMPJ99VJBWV"",""skuId"":""0010""}],""pollAt"":""2023-05-09T17:10:21.4505337+00:00"",""refreshOnStartup"":false,""version"":7}
Function: DecodeCustomPolicy
Source: onecoreuap\enduser\winstore\licensemanager\lib\clipdocument.cpp (50)"
Information,8/27/2023 4:22:17 AM,Microsoft-Windows-Store,8001,LM,"Decoding: {""entitlementId"":""9be874f8-7167-9701-bc1b-9b161ab5b1c4"",""entitlementSatisfaction"":""Device"",""isOffline"":true,""leaseEnforcement"":""None"",""leaseUri"":""https://licensing.md.mp.microsoft.com/v7.0/licenses/?beneficiaryId=msaonecoreuap\enduser\winstore\licensemanager\lib\clipdocument.cppa844425221464020&contentId=eee53744-2bb9-bca2-a50a-c6a1c5b0a0ed&entitlementId=9be874f8-7167-9701-bc1b-9b161ab5b1c4&market=US&policyType=Device"",""keyIds"":[""0f8e2cd5-b8eb-7a22-b9e9-9b1183fa0a84""],""kind"":""Content"",""packages"":[{""packageIdentifier"":""eee53744-2bb9-bca2-a50a-c6a1c5b0a0ed"",""packageType"":""msix"",""productAddOns"":[],""productId"":""9NMPJ99VJBWV"",""skuId"":""0010""}],""pollAt"":""2023-05-09T17:10:21.4505337+00:00"",""refreshOnStartup"":false,""version"":7}
Function: DecodeCustomPolicy
Source: onecoreuap\enduser\winstore\licensemanager\lib\clipdocument.cpp (50)"
Information,8/27/2023 4:22:17 AM,Microsoft-Windows-Store,8001,LM,"Decoding: {""legacyProductId"":""6ead4a77-d076-4866-9188-621a5b1f414f""}
Function: DecodeCustomPolicy
Source: onecoreuap\enduser\winstore\licensemanager\lib\clipdocument.cpp (50)"
Verbose,8/27/2023 4:22:17 AM,Microsoft-Windows-Store,8011,LM State Machine,0x22a5922dd60: 6068: {A85B769D-9FA4-0970-1D82-6504C89DF776}: Dispatch: Lease:AddKey => Lease:Valid
Information,8/27/2023 4:22:17 AM,Microsoft-Windows-Store,8001,LM,"Added timer for {A85B769D-9FA4-0970-1D82-6504C89DF776}
Function: MemoryTimerService::CreateTimerWithId
Source: onecoreuap\enduser\winstore\licensemanager\lib\memorytimer.cpp (57)"
Information,8/27/2023 4:22:17 AM,Microsoft-Windows-Store,8001,LM,"Updating lease timer for {A85B769D-9FA4-0970-1D82-6504C89DF776} to expire @ 2023-08-27T11:48:27Z (jitter was 26.173502 minutes)
Function: LeaseMachine::DoUpdateLeaseTimer
Source: onecoreuap\enduser\winstore\licensemanager\lib\leasemachine.cpp (276)"
Verbose,8/27/2023 4:22:17 AM,Microsoft-Windows-Store,8012,LM State Machine,0x22a5922dd60: 6068: Lease:Initial Change: Lease:Valid => {A85B769D-9FA4-0970-1D82-6504C89DF776}
Verbose,8/27/2023 4:22:17 AM,Microsoft-Windows-Store,8011,LM State Machine,0x22a5922dd60: 6068: {A85B769D-9FA4-0970-1D82-6504C89DF776}: Dispatch: Lease:UpdateLeaseDocument => Lease:Initial
Verbose,8/27/2023 4:22:17 AM,Microsoft-Windows-Store,8012,LM State Machine,0x22a5a2191f0: 6068: Key:NegotiatingUnleased Change: Key:Valid => EEE53744-2BB9-BCA2-A50A-C6A1C5B0A0ED
Information,8/27/2023 4:22:17 AM,Microsoft-Windows-Store,8001,LM,"No cached lease or key found, not renewing with service and treating this as a valid license with lease = 0x592e0638
Function: KeyMachine::NegotiatingUnleased::LicenseDone
Source: onecoreuap\enduser\winstore\licensemanager\lib\keymachine.cpp (1956)"
Information,8/27/2023 4:22:17 AM,Microsoft-Windows-Store,8001,LM,"Set results for lease = 0x592e0638, policy = 1, operation = 3, Leasebehavior = 0
Function: KeyMachine::DoSetResult
Source: onecoreuap\enduser\winstore\licensemanager\lib\keymachine.cpp (1460)"
Information,8/27/2023 4:22:17 AM,Microsoft-Windows-Store,8001,LM,"Lease Machine: 0000022A5922DD40: {A85B769D-9FA4-0970-1D82-6504C89DF776}
Function: LeaseMachine::LeaseMachine
Source: onecoreuap\enduser\winstore\licensemanager\lib\leasemachine.cpp (40)"
Information,8/27/2023 4:22:17 AM,Microsoft-Windows-Store,8001,LM,"lease = 0x592e0638, leaseActive = 1, leaseBehavior = 0
Function: KeyMachine::NegotiatingUnleased::LicenseDone
Source: onecoreuap\enduser\winstore\licensemanager\lib\keymachine.cpp (1926)"
Verbose,8/27/2023 4:22:17 AM,Microsoft-Windows-Store,8011,LM State Machine,0x22a5a2191f0: 6068: EEE53744-2BB9-BCA2-A50A-C6A1C5B0A0ED: Dispatch: Key:@LicenseDone => Key:NegotiatingUnleased
Information,8/27/2023 4:22:17 AM,Microsoft-Windows-Store,8001,LM,"lease = 0x592e0638, usage = 268435456, policy = 1, operation = 3, leaseBehavior = 0, shouldContentBeDeactivated = 0
Function: KeyMachine::DoLicenseThreadProc
Source: onecoreuap\enduser\winstore\licensemanager\lib\keymachine.cpp (900)"
Information,8/27/2023 4:22:17 AM,Microsoft-Windows-Store,8001,LM,"Returning 1 lease documents for contentid EEE53744-2BB9-BCA2-A50A-C6A1C5B0A0ED
Function: ClipStorage::GetLeaseDocumentsForKeyDocument
Source: onecoreuap\enduser\winstore\licensemanager\lib\clipstorage.cpp (473)"
Information,8/27/2023 4:22:17 AM,Microsoft-Windows-Store,8001,LM,"Adding lease {A900C622-99E6-0D09-3F2B-FC30E2F4563B} to results
Function: ClipStorage::GetLeaseDocumentsForKeyDocument
Source: onecoreuap\enduser\winstore\licensemanager\lib\clipstorage.cpp (400)"
Information,8/27/2023 4:22:17 AM,Microsoft-Windows-Store,8001,LM,"Decoding: {""entitlementId"":""9be874f8-7167-9701-bc1b-9b161ab5b1c4"",""entitlementSatisfaction"":""Device"",""isOffline"":true,""leaseEnforcement"":""None"",""leaseUri"":""https://licensing.md.mp.microsoft.com/v7.0/licenses/?beneficiaryId=msaonecoreuap\enduser\winstore\licensemanager\lib\clipdocument.cppa844425221464020&contentId=eee53744-2bb9-bca2-a50a-c6a1c5b0a0ed&entitlementId=9be874f8-7167-9701-bc1b-9b161ab5b1c4&market=US&policyType=Device"",""keyIds"":[""0f8e2cd5-b8eb-7a22-b9e9-9b1183fa0a84""],""kind"":""Content"",""packages"":[{""packageIdentifier"":""eee53744-2bb9-bca2-a50a-c6a1c5b0a0ed"",""packageType"":""msix"",""productAddOns"":[],""productId"":""9NMPJ99VJBWV"",""skuId"":""0010""}],""pollAt"":""2023-05-09T17:10:21.4505337+00:00"",""refreshOnStartup"":false,""version"":7}
Function: DecodeCustomPolicy
Source: onecoreuap\enduser\winstore\licensemanager\lib\clipdocument.cpp (50)"
Information,8/27/2023 4:22:17 AM,Microsoft-Windows-Store,8001,LM,"Getting lease for EEE53744-2BB9-BCA2-A50A-C6A1C5B0A0ED
Function: LicenseManagerCore::GetExistingLeaseAndLicense
Source: onecoreuap\enduser\winstore\licensemanager\lib\managercore.cpp (415)"
Information,8/27/2023 4:22:17 AM,Microsoft-Windows-Store,8001,LM,"Returning key document for contentid EEE53744-2BB9-BCA2-A50A-C6A1C5B0A0ED
Function: ClipStorage::GetKeyDocumentForContentWithIdAndMinQuality
Source: onecoreuap\enduser\winstore\licensemanager\lib\clipstorage.cpp (262)"
Information,8/27/2023 4:22:17 AM,Microsoft-Windows-Store,8001,LM,"Accepting key with License ID {0F8E2CD5-B8EB-7A22-B9E9-9B1183FA0A84} for Content ID EEE53744-2BB9-BCA2-A50A-C6A1C5B0A0ED (first match)
Function: ClipStorage::GetKeyDocumentForContentWithIdAndMinQuality
Source: onecoreuap\enduser\winstore\licensemanager\lib\clipstorage.cpp (223)"
Information,8/27/2023 4:22:17 AM,Microsoft-Windows-Store,8001,LM,"Decoding: {""legacyProductId"":""6ead4a77-d076-4866-9188-621a5b1f414f""}
Function: DecodeCustomPolicy
Source: onecoreuap\enduser\winstore\licensemanager\lib\clipdocument.cpp (50)"
Information,8/27/2023 4:22:17 AM,Microsoft-Windows-Store,8001,LM,"Considering License ID {0F8E2CD5-B8EB-7A22-B9E9-9B1183FA0A84} for content ID EEE53744-2BB9-BCA2-A50A-C6A1C5B0A0ED...
Function: ClipStorage::GetKeyDocumentForContentWithIdAndMinQuality
Source: onecoreuap\enduser\winstore\licensemanager\lib\clipstorage.cpp (192)"
Verbose,8/27/2023 4:22:17 AM,Microsoft-Windows-Store,8012,LM State Machine,0x22a5a2191f0: 6068: Key:Initial Change: Key:NegotiatingUnleased => EEE53744-2BB9-BCA2-A50A-C6A1C5B0A0ED
Information,8/27/2023 4:22:17 AM,Microsoft-Windows-Store,8001,LM,"0000022A5A2191D0: BeginLicense: Operation 3, CachedLeaseOK true, RequireServiceValidation false
Function: KeyMachine::DoBeginLicense
Source: onecoreuap\enduser\winstore\licensemanager\lib\keymachine.cpp (819)"
Verbose,8/27/2023 4:22:17 AM,Microsoft-Windows-Store,8011,LM State Machine,0x22a5a2191f0: 6068: EEE53744-2BB9-BCA2-A50A-C6A1C5B0A0ED: Dispatch: Key:Activate => Key:Initial
Verbose,8/27/2023 4:22:17 AM,Microsoft-Windows-Store,8011,LM State Machine,0x22a59231158: 6068: RootMachine: Dispatch: Root:Connect => Root:Valid
Information,8/27/2023 4:22:17 AM,Microsoft-Windows-Store,8001,LM,"0000022A5A2191D0: Key Machine for content: EEE53744-2BB9-BCA2-A50A-C6A1C5B0A0ED
Function: KeyMachine::KeyMachine
Source: onecoreuap\enduser\winstore\licensemanager\lib\keymachine.cpp (95)"
Information,8/27/2023 4:22:17 AM,Microsoft-Windows-Store,8001,LM,"Licensing EEE53744-2BB9-BCA2-A50A-C6A1C5B0A0ED (Active)
Function: LicenseManager::LicenseContentWithId
Source: onecoreuap\enduser\winstore\licensemanager\lib\manager.cpp (88)"
Information,8/27/2023 4:22:17 AM,Microsoft-Windows-Store,8001,LM,"Licensing package Microsoft.YourPhone_1.23042.107.0_x64__8wekyb3d8bbwe (3)
Function: OneStoreApplicationLicenseManager::GetLicenseForInstalledPackage
Source: onecoreuap\enduser\winstore\licensemanager\lib\onestoreapplicensemanager.cpp (119)"
Information,8/27/2023 4:22:16 AM,Microsoft-Windows-Store,8001,LM,"Skipping license manager: PFN Microsoft.YourPhone_1.23042.107.0_x64__8wekyb3d8bbwe
Function: InvokeLicenseManagerRequired
Source: onecoreuap\enduser\winstore\licensemanager\apisethost\activationapis.cpp (373)"
Information,8/27/2023 4:22:16 AM,Microsoft-Windows-Store,8001,LM,"ServiceBeginAcquireLicenseImpl PsmKey:Microsoft.YourPhone_1.23042.107.0_x64__8wekyb3d8bbwe+App, IsSystemUsage:1
Function: ServiceBeginAcquireLicenseImpl
Source: onecoreuap\enduser\winstore\licensemanager\lib\service.cpp (2083)"
Information,8/27/2023 4:22:16 AM,Microsoft-Windows-Store,8001,LM,"Failure Message: onecoreuap\enduser\winstore\licensemanager\lib\service.cpp(2103)\LicenseManager.dll!00007FFE28B396AC: Exception(12) tid(17b4) 800703F0 An attempt was made to reference a token that does not exist.
    [ServiceBeginAcquireLicenseImpl]

Function: ServiceBeginAcquireLicenseImpl
Source: onecoreuap\enduser\winstore\licensemanager\lib\service.cpp (2127)"
Warning,8/27/2023 4:22:16 AM,Microsoft-Windows-Store,8002,LM,"Failure Message: hr: 0x800703f0
Function: ServiceBeginAcquireLicenseImpl
Source: onecoreuap\enduser\winstore\licensemanager\lib\service.cpp (2103)"
Information,8/27/2023 4:22:16 AM,Microsoft-Windows-Store,8001,LM,"ServiceBeginAcquireLicenseImpl PsmKey:Microsoft.YourPhone_1.23042.107.0_x64__8wekyb3d8bbwe+App, IsSystemUsage:1
Function: ServiceBeginAcquireLicenseImpl
Source: onecoreuap\enduser\winstore\licensemanager\lib\service.cpp (2083)"
Information,8/27/2023 4:22:16 AM,Microsoft-Windows-Store,8001,LM,"Failure Message: onecoreuap\enduser\winstore\licensemanager\lib\service.cpp(2103)\LicenseManager.dll!00007FFE28B396AC: Exception(11) tid(17c0) 800703F0 An attempt was made to reference a token that does not exist.
    [ServiceBeginAcquireLicenseImpl]

Function: ServiceBeginAcquireLicenseImpl
Source: onecoreuap\enduser\winstore\licensemanager\lib\service.cpp (2127)"
Warning,8/27/2023 4:22:16 AM,Microsoft-Windows-Store,8002,LM,"Failure Message: hr: 0x800703f0
Function: ServiceBeginAcquireLicenseImpl
Source: onecoreuap\enduser\winstore\licensemanager\lib\service.cpp (2103)"
Information,8/27/2023 4:22:16 AM,Microsoft-Windows-Store,8001,LM,"ServiceBeginAcquireLicenseImpl PsmKey:Microsoft.YourPhone_1.23042.107.0_x64__8wekyb3d8bbwe+App, IsSystemUsage:1
Function: ServiceBeginAcquireLicenseImpl
Source: onecoreuap\enduser\winstore\licensemanager\lib\service.cpp (2083)"
Information,8/27/2023 4:22:16 AM,Microsoft-Windows-Store,8001,LM,"Invoking license manager because license/lease polling time up: PFN Microsoft.YourPhone_1.23042.107.0_x64__8wekyb3d8bbwe
Function: InvokeLicenseManagerRequired
Source: onecoreuap\enduser\winstore\licensemanager\apisethost\activationapis.cpp (361)"
Information,8/27/2023 4:22:16 AM,Microsoft-Windows-Store,8001,LM,"canDisableApps value is 0
Function: InitStoreAppsAreDisabled
Source: onecoreuap\enduser\winstore\licensemanager\apisethost\activationapis.cpp (195)"
Information,8/27/2023 4:22:06 AM,Microsoft-Windows-Store,8000,LM Module Loaded,"Process Name: C:\WINDOWS\system32\svchost.exe
Module Name: C:\WINDOWS\SYSTEM32\licensemanagerapi.dll
Build: 19041.1.amd64fre.vb_release.191206-1406
"
Information,8/27/2023 4:22:04 AM,Microsoft-Windows-Store,8001,LM,"Set results for lease = 0x0, policy = 0, operation = 0, Leasebehavior = 0
Function: KeyMachine::DoSetResult
Source: onecoreuap\enduser\winstore\licensemanager\lib\keymachine.cpp (1460)"
Verbose,8/27/2023 4:22:04 AM,Microsoft-Windows-Store,8012,LM State Machine,0x22a592d9060: 6064: Key:Initial Change: Key:Invalid => 2907b935-0ea5-dca1-85a7-75597491a18b
Verbose,8/27/2023 4:22:04 AM,Microsoft-Windows-Store,8011,LM State Machine,0x22a592d9060: 6064: 2907b935-0ea5-dca1-85a7-75597491a18b: Dispatch: Key:Unregistered => Key:Initial
Information,8/27/2023 4:22:04 AM,Microsoft-Windows-Store,8001,LM,"Failure Message: onecoreuap\enduser\winstore\licensemanager\lib\applicensemanager.cpp(447)\LicenseManager.dll!00007FFE28B86AAF: Exception(10) tid(17b0) 803F7001     [ApplicationLicenseManager::ActivateLicenseForContent]

Function: ApplicationLicenseManager::ActivateLicenseForContent
Source: onecoreuap\enduser\winstore\licensemanager\lib\applicensemanager.cpp (450)"
Warning,8/27/2023 4:22:04 AM,Microsoft-Windows-Store,8002,LM,"Failure Message: hr: 0x803f7001
Function: ApplicationLicenseManager::ActivateLicenseForContent
Source: onecoreuap\enduser\winstore\licensemanager\lib\applicensemanager.cpp (447)"
Warning,8/27/2023 4:22:04 AM,Microsoft-Windows-Store,8002,LM,"Failure Message: hr: 0x803f7001
Function: LicenseCallback::WaitForComplete
Source: onecoreuap\enduser\winstore\licensemanager\lib\managercore.cpp (171)"
Verbose,8/27/2023 4:22:04 AM,Microsoft-Windows-Store,8012,LM State Machine,0x22a592d9060: 5152: Key:NegotiatingUnleased Change: Key:Initial => 2907b935-0ea5-dca1-85a7-75597491a18b
Information,8/27/2023 4:22:04 AM,Microsoft-Windows-Store,8001,LM,"Set results for lease = 0x0, policy = 0, operation = 3, Leasebehavior = 0
Function: KeyMachine::DoSetResult
Source: onecoreuap\enduser\winstore\licensemanager\lib\keymachine.cpp (1460)"
Verbose,8/27/2023 4:22:04 AM,Microsoft-Windows-Store,8011,LM State Machine,0x22a592d9060: 5152: 2907b935-0ea5-dca1-85a7-75597491a18b: Dispatch: Key:@LicenseDone => Key:NegotiatingUnleased
Information,8/27/2023 4:22:04 AM,Microsoft-Windows-Store,8001,LM,"Failure Message: onecoreuap\enduser\winstore\licensemanager\lib\managercore.cpp(1817)\LicenseManager.dll!00007FFE28B91371: Exception(8) tid(1420) 803F7001     [LicenseManagerCore::RequestLicenseForContentWithId]

Function: KeyMachine::DoLicenseThreadProc
Source: onecoreuap\enduser\winstore\licensemanager\lib\keymachine.cpp (1007)"
Warning,8/27/2023 4:22:04 AM,Microsoft-Windows-Store,8002,LM,"Failure Message: hr: 0x803f7001
Function: LicenseManagerCore::RequestLicenseForContentWithId
Source: onecoreuap\enduser\winstore\licensemanager\lib\managercore.cpp (1817)"
Information,8/27/2023 4:22:04 AM,Microsoft-Windows-Store,8001,LM,"Failure Message: onecoreuap\enduser\winstore\licensemanager\lib\proxy.cpp(339)\LicenseManager.dll!00007FFE28BA59C7: Exception(7) tid(1420) 803F7001     [LicenseProxyService::RequestLicenseForContentWithId]

Function: LicenseProxyService::RequestLicenseForContentWithId
Source: onecoreuap\enduser\winstore\licensemanager\lib\proxy.cpp (348)"
Warning,8/27/2023 4:22:04 AM,Microsoft-Windows-Store,8002,LM,"Failure Message: hr: 0x803f7001
Function: LicenseProxyService::RequestLicenseForContentWithId
Source: onecoreuap\enduser\winstore\licensemanager\lib\proxy.cpp (339)"
Error,8/27/2023 4:22:04 AM,Microsoft-Windows-Store,8003,LM,"Satisfaction error from service: 4096: Users do not possess any satisfying entitlements for the operating system content id in question. (Corr: no9IXkJrKkWREbi+.2, Svr: ent-bd96d6574-rqj8n), token broker error: 0x00000000, number of MSA tickets: 0, number of AAD tickets: 0
Function: LogSatisfactionError
Source: onecoreuap\enduser\winstore\licensemanager\lib\telemetry.cpp (177)"
Information,8/27/2023 4:22:04 AM,Microsoft-Windows-Store,8001,LM,"License Response: 0 leases, 0 keys for contentId 2907b935-0ea5-dca1-85a7-75597491a18b (Corr: no9IXkJrKkWREbi+.2, Svr: ent-bd96d6574-rqj8n)
Function: LogRequestLicenseSuccess
Source: onecoreuap\enduser\winstore\licensemanager\lib\telemetry.cpp (237)"
Information,8/27/2023 4:22:04 AM,Microsoft-Windows-Store,8001,LM,"Requesting license for 2907b935-0ea5-dca1-85a7-75597491a18b at /v7.0/licenses/content (https://licensing.mp.microsoft.com) (Corr: no9IXkJrKkWREbi+.2)
Function: LicenseProxyService::DoRequestLicense
Source: onecoreuap\enduser\winstore\licensemanager\lib\proxy.cpp (1982)"
Warning,8/27/2023 4:22:04 AM,Microsoft-Windows-Store,8002,LM,"No user tickets captured for S-1-5-21-3089243881-3525850343-252262830-500, so this might not end well.
Function: SingleUserStoredIdentitySnapshot::CaptureIdentity
Source: onecoreuap\enduser\winstore\licensemanager\lib\identity.cpp (483)"
Warning,8/27/2023 4:22:04 AM,Microsoft-Windows-Store,8002,LM,"No authenticated user, no ticket. (0x80070525)
Function: CaptureLegacyMSATicket
Source: onecoreuap\enduser\winstore\licensemanager\lib\identity.cpp (131)"
Warning,8/27/2023 4:22:04 AM,Microsoft-Windows-Store,8002,LM,"Failure Message: hr: 0x80070525
Function: WaitForOperation
Source: onecoreuap\enduser\winstore\licensemanager\inc\util.h (294)"
Information,8/27/2023 4:22:04 AM,Microsoft-Windows-Store,8001,LM,"Failure Message: hr: 0x80070002
Function: WinStoreAuth::AuthenticationInternal::FetchStoreAccountIdFromRegistry
Source: onecoreuap\enduser\winstore\auth\lib\winstoreauth.cpp (1291)"
Information,8/27/2023 4:22:04 AM,Microsoft-Windows-Store,8001,LM,"Getting user tickets for S-1-5-21-3089243881-3525850343-252262830-500
Function: SingleUserStoredIdentitySnapshot::CaptureIdentity
Source: onecoreuap\enduser\winstore\licensemanager\lib\identity.cpp (399)"
Information,8/27/2023 4:22:04 AM,Microsoft-Windows-Store,8001,LM,"No key document found for contentid 2907b935-0ea5-dca1-85a7-75597491a18b
Function: ClipStorage::GetKeyDocumentForContentWithIdAndMinQuality
Source: onecoreuap\enduser\winstore\licensemanager\lib\clipstorage.cpp (269)"
Verbose,8/27/2023 4:22:04 AM,Microsoft-Windows-Store,8012,LM State Machine,0x22a592d9060: 5152: Key:Initial Change: Key:NegotiatingUnleased => 2907b935-0ea5-dca1-85a7-75597491a18b
Information,8/27/2023 4:22:04 AM,Microsoft-Windows-Store,8001,LM,"0000022A592D9040: BeginLicense: Operation 3, CachedLeaseOK true, RequireServiceValidation false
Function: KeyMachine::DoBeginLicense
Source: onecoreuap\enduser\winstore\licensemanager\lib\keymachine.cpp (819)"
Verbose,8/27/2023 4:22:04 AM,Microsoft-Windows-Store,8011,LM State Machine,0x22a592d9060: 5152: 2907b935-0ea5-dca1-85a7-75597491a18b: Dispatch: Key:Activate => Key:Initial
Verbose,8/27/2023 4:22:04 AM,Microsoft-Windows-Store,8011,LM State Machine,0x22a59231158: 5152: RootMachine: Dispatch: Root:Connect => Root:Valid
Information,8/27/2023 4:22:04 AM,Microsoft-Windows-Store,8001,LM,"0000022A592D9040: Key Machine for content: 2907b935-0ea5-dca1-85a7-75597491a18b
Function: KeyMachine::KeyMachine
Source: onecoreuap\enduser\winstore\licensemanager\lib\keymachine.cpp (95)"
Information,8/27/2023 4:22:04 AM,Microsoft-Windows-Store,8001,LM,"Licensing 2907b935-0ea5-dca1-85a7-75597491a18b (Active)
Function: LicenseManager::LicenseContentWithId
Source: onecoreuap\enduser\winstore\licensemanager\lib\manager.cpp (88)"
Information,8/27/2023 4:22:04 AM,Microsoft-Windows-Store,8001,LM,"Licensing content 2907b935-0ea5-dca1-85a7-75597491a18b
Function: OneStoreApplicationLicenseManager::ActivateLicenseForContent
Source: onecoreuap\enduser\winstore\licensemanager\lib\onestoreapplicensemanager.cpp (409)"
Information,8/27/2023 4:21:32 AM,Microsoft-Windows-Store,8001,LM,"Failure Message: onecoreuap\enduser\winstore\licensemanager\lib\applicensemanager.cpp(447)\LicenseManager.dll!00007FFE28B86AAF: Exception(5) tid(17b4) 803F7001     [ApplicationLicenseManager::ActivateLicenseForContent]

Function: ApplicationLicenseManager::ActivateLicenseForContent
Source: onecoreuap\enduser\winstore\licensemanager\lib\applicensemanager.cpp (450)"
Warning,8/27/2023 4:21:32 AM,Microsoft-Windows-Store,8002,LM,"Failure Message: hr: 0x803f7001
Function: ApplicationLicenseManager::ActivateLicenseForContent
Source: onecoreuap\enduser\winstore\licensemanager\lib\applicensemanager.cpp (447)"
Information,8/27/2023 4:21:32 AM,Microsoft-Windows-Store,8001,LM,"Set results for lease = 0x0, policy = 0, operation = 0, Leasebehavior = 0
Function: KeyMachine::DoSetResult
Source: onecoreuap\enduser\winstore\licensemanager\lib\keymachine.cpp (1460)"
Verbose,8/27/2023 4:21:32 AM,Microsoft-Windows-Store,8012,LM State Machine,0x22a5924b450: 6064: Key:Initial Change: Key:Invalid => 2907b935-0ea5-dca1-85a7-75597491a18b
Verbose,8/27/2023 4:21:32 AM,Microsoft-Windows-Store,8011,LM State Machine,0x22a5924b450: 6064: 2907b935-0ea5-dca1-85a7-75597491a18b: Dispatch: Key:Unregistered => Key:Initial
Warning,8/27/2023 4:21:32 AM,Microsoft-Windows-Store,8002,LM,"Failure Message: hr: 0x803f7001
Function: LicenseCallback::WaitForComplete
Source: onecoreuap\enduser\winstore\licensemanager\lib\managercore.cpp (171)"
Verbose,8/27/2023 4:21:32 AM,Microsoft-Windows-Store,8012,LM State Machine,0x22a5924b450: 6064: Key:NegotiatingUnleased Change: Key:Initial => 2907b935-0ea5-dca1-85a7-75597491a18b
Information,8/27/2023 4:21:32 AM,Microsoft-Windows-Store,8001,LM,"Set results for lease = 0x0, policy = 0, operation = 3, Leasebehavior = 0
Function: KeyMachine::DoSetResult
Source: onecoreuap\enduser\winstore\licensemanager\lib\keymachine.cpp (1460)"
Verbose,8/27/2023 4:21:32 AM,Microsoft-Windows-Store,8011,LM State Machine,0x22a5924b450: 6064: 2907b935-0ea5-dca1-85a7-75597491a18b: Dispatch: Key:@LicenseDone => Key:NegotiatingUnleased
Information,8/27/2023 4:21:32 AM,Microsoft-Windows-Store,8001,LM,"Failure Message: onecoreuap\enduser\winstore\licensemanager\lib\managercore.cpp(1817)\LicenseManager.dll!00007FFE28B91371: Exception(3) tid(17b0) 803F7001     [LicenseManagerCore::RequestLicenseForContentWithId]

Function: KeyMachine::DoLicenseThreadProc
Source: onecoreuap\enduser\winstore\licensemanager\lib\keymachine.cpp (1007)"
Warning,8/27/2023 4:21:32 AM,Microsoft-Windows-Store,8002,LM,"Failure Message: hr: 0x803f7001
Function: LicenseManagerCore::RequestLicenseForContentWithId
Source: onecoreuap\enduser\winstore\licensemanager\lib\managercore.cpp (1817)"
Information,8/27/2023 4:21:32 AM,Microsoft-Windows-Store,8001,LM,"Failure Message: onecoreuap\enduser\winstore\licensemanager\lib\proxy.cpp(339)\LicenseManager.dll!00007FFE28BA59C7: Exception(2) tid(17b0) 803F7001     [LicenseProxyService::RequestLicenseForContentWithId]

Function: LicenseProxyService::RequestLicenseForContentWithId
Source: onecoreuap\enduser\winstore\licensemanager\lib\proxy.cpp (348)"
Warning,8/27/2023 4:21:32 AM,Microsoft-Windows-Store,8002,LM,"Failure Message: hr: 0x803f7001
Function: LicenseProxyService::RequestLicenseForContentWithId
Source: onecoreuap\enduser\winstore\licensemanager\lib\proxy.cpp (339)"
Error,8/27/2023 4:21:32 AM,Microsoft-Windows-Store,8003,LM,"Satisfaction error from service: 4096: Users do not possess any satisfying entitlements for the operating system content id in question. (Corr: no9IXkJrKkWREbi+.1, Svr: ent-bd96d6574-kp9pt), token broker error: 0x80070520, number of MSA tickets: 0, number of AAD tickets: 0
Function: LogSatisfactionError
Source: onecoreuap\enduser\winstore\licensemanager\lib\telemetry.cpp (177)"
Information,8/27/2023 4:21:32 AM,Microsoft-Windows-Store,8001,LM,"License Response: 0 leases, 0 keys for contentId 2907b935-0ea5-dca1-85a7-75597491a18b (Corr: no9IXkJrKkWREbi+.1, Svr: ent-bd96d6574-kp9pt)
Function: LogRequestLicenseSuccess
Source: onecoreuap\enduser\winstore\licensemanager\lib\telemetry.cpp (237)"
Information,8/27/2023 4:21:31 AM,Microsoft-Windows-Store,8001,LM,"Requesting license for 2907b935-0ea5-dca1-85a7-75597491a18b at /v7.0/licenses/content (https://licensing.mp.microsoft.com) (Corr: no9IXkJrKkWREbi+.1)
Function: LicenseProxyService::DoRequestLicense
Source: onecoreuap\enduser\winstore\licensemanager\lib\proxy.cpp (1982)"
Warning,8/27/2023 4:21:31 AM,Microsoft-Windows-Store,8002,LM,"No user tickets captured for S-1-5-20, so this might not end well.
Function: SingleUserStoredIdentitySnapshot::CaptureIdentity
Source: onecoreuap\enduser\winstore\licensemanager\lib\identity.cpp (483)"
Warning,8/27/2023 4:21:31 AM,Microsoft-Windows-Store,8002,LM,"No authenticated user, no ticket. (0x80070525)
Function: CaptureLegacyMSATicket
Source: onecoreuap\enduser\winstore\licensemanager\lib\identity.cpp (131)"
Warning,8/27/2023 4:21:31 AM,Microsoft-Windows-Store,8002,LM,"Failure Message: hr: 0x80070525
Function: WaitForOperation
Source: onecoreuap\enduser\winstore\licensemanager\inc\util.h (294)"
Information,8/27/2023 4:21:31 AM,Microsoft-Windows-Store,8001,LM,"Failure Message: hr: 0x80070520
Function: WinStoreAuth::AuthenticationInternal::GetAllAccountTickets
Source: onecoreuap\enduser\winstore\auth\lib\winstoreauth.cpp (576)"
Information,8/27/2023 4:21:31 AM,Microsoft-Windows-Store,8001,LM,"Failure Message: hr: 0x80070520
Function: WinStoreAuth::AuthenticationInternal::GetAllTokenBrokerAccounts
Source: onecoreuap\enduser\winstore\auth\lib\winstoreauth.cpp (1727)"
Information,8/27/2023 4:21:31 AM,Microsoft-Windows-Store,8001,LM,"Getting user tickets for S-1-5-20
Function: SingleUserStoredIdentitySnapshot::CaptureIdentity
Source: onecoreuap\enduser\winstore\licensemanager\lib\identity.cpp (399)"
Information,8/27/2023 4:21:31 AM,Microsoft-Windows-Store,8001,LM,"No key document found for contentid 2907b935-0ea5-dca1-85a7-75597491a18b
Function: ClipStorage::GetKeyDocumentForContentWithIdAndMinQuality
Source: onecoreuap\enduser\winstore\licensemanager\lib\clipstorage.cpp (269)"
Verbose,8/27/2023 4:21:31 AM,Microsoft-Windows-Store,8012,LM State Machine,0x22a59231158: 6072: Root:Negotiating Change: Root:Valid => RootMachine
Verbose,8/27/2023 4:21:31 AM,Microsoft-Windows-Store,8011,LM State Machine,0x22a59231158: 6072: RootMachine: Dispatch: Root:@LicenseDone => Root:Negotiating
Verbose,8/27/2023 4:21:31 AM,Microsoft-Windows-Store,8012,LM State Machine,0x22a5924b450: 6064: Key:Initial Change: Key:NegotiatingUnleased => 2907b935-0ea5-dca1-85a7-75597491a18b
Information,8/27/2023 4:21:31 AM,Microsoft-Windows-Store,8001,LM,"0000022A5924B430: BeginLicense: Operation 3, CachedLeaseOK true, RequireServiceValidation false
Function: KeyMachine::DoBeginLicense
Source: onecoreuap\enduser\winstore\licensemanager\lib\keymachine.cpp (819)"
Verbose,8/27/2023 4:21:31 AM,Microsoft-Windows-Store,8011,LM State Machine,0x22a5924b450: 6064: 2907b935-0ea5-dca1-85a7-75597491a18b: Dispatch: Key:Activate => Key:Initial
Verbose,8/27/2023 4:21:31 AM,Microsoft-Windows-Store,8012,LM State Machine,0x22a59231158: 6064: Root:Initial Change: Root:Negotiating => RootMachine
Information,8/27/2023 4:21:31 AM,Microsoft-Windows-Store,8001,LM,"0000022A59231140: BeginRootLicense
Function: RootMachine::DoBeginRootLicense
Source: onecoreuap\enduser\winstore\licensemanager\lib\rootmachine.cpp (201)"
Verbose,8/27/2023 4:21:31 AM,Microsoft-Windows-Store,8011,LM State Machine,0x22a59231158: 6064: RootMachine: Dispatch: Root:Connect => Root:Initial
Information,8/27/2023 4:21:31 AM,Microsoft-Windows-Store,8001,LM,"0000022A5924B430: Key Machine for content: 2907b935-0ea5-dca1-85a7-75597491a18b
Function: KeyMachine::KeyMachine
Source: onecoreuap\enduser\winstore\licensemanager\lib\keymachine.cpp (95)"
Information,8/27/2023 4:21:31 AM,Microsoft-Windows-Store,8001,LM,"Network connectivity level initialized to 0x3
Function: NetworkStatusMonitor::Initialize
Source: onecoreuap\enduser\winstore\licensemanager\lib\networkstatusmonitor.cpp (56)"
Information,8/27/2023 4:21:30 AM,Microsoft-Windows-Store,8001,LM,"Licensing 2907b935-0ea5-dca1-85a7-75597491a18b (Active)
Function: LicenseManager::LicenseContentWithId
Source: onecoreuap\enduser\winstore\licensemanager\lib\manager.cpp (88)"
Information,8/27/2023 4:21:30 AM,Microsoft-Windows-Store,8001,LM,"Licensing content 2907b935-0ea5-dca1-85a7-75597491a18b
Function: OneStoreApplicationLicenseManager::ActivateLicenseForContent
Source: onecoreuap\enduser\winstore\licensemanager\lib\onestoreapplicensemanager.cpp (409)"
Information,8/27/2023 4:21:30 AM,Microsoft-Windows-Store,8001,LM,"License Manager started
Function: ServiceInitializeImpl
Source: onecoreuap\enduser\winstore\licensemanager\lib\service.cpp (1927)"
Information,8/27/2023 4:21:30 AM,Microsoft-Windows-Store,8001,LM,"0000022A59231140: Root Machine
Function: RootMachine::RootMachine
Source: onecoreuap\enduser\winstore\licensemanager\lib\rootmachine.cpp (63)"
Information,8/27/2023 4:21:30 AM,Microsoft-Windows-Store,8001,LM,"Creating LM
Function: CreateLicenseManager
Source: onecoreuap\enduser\winstore\licensemanager\lib\manager.cpp (609)"
Information,8/27/2023 4:21:30 AM,Microsoft-Windows-Store,8001,LM,"License Manager starting...
Function: ServiceInitializeImpl
Source: onecoreuap\enduser\winstore\licensemanager\lib\service.cpp (1906)"
Information,8/27/2023 4:21:30 AM,Microsoft-Windows-Store,8000,LM Module Loaded,"Process Name: C:\WINDOWS\System32\svchost.exe
Module Name: c:\windows\system32\LicenseManager.dll
Build: 19041.1.amd64fre.vb_release.191206-1406
"
Information,8/27/2023 4:20:30 AM,Microsoft-Windows-Store,8001,LM,"ServicePackageRundownNotificationImpl PsmKey:Microsoft.YourPhone_1.23042.107.0_x64__8wekyb3d8bbwe+App, sid:S-1-5-21-3089243881-3525850343-252262830-500
Function: ServicePackageRundownNotificationImpl
Source: onecoreuap\enduser\winstore\licensemanager\lib\service.cpp (2366)"
Information,8/27/2023 4:20:30 AM,Microsoft-Windows-Store,8001,LM,"Invoking license manager because license/lease polling time up: PFN Microsoft.YourPhone_1.23042.107.0_x64__8wekyb3d8bbwe
Function: InvokeLicenseManagerRequired
Source: onecoreuap\enduser\winstore\licensemanager\apisethost\activationapis.cpp (361)"
Information,8/27/2023 4:20:06 AM,Microsoft-Windows-Store,8001,LM,"ServicePackageRundownNotificationImpl PsmKey:Microsoft.SkypeApp_15.98.3206.0_x64__kzf8qxf38zg5c+App, sid:S-1-5-21-3089243881-3525850343-252262830-500
Function: ServicePackageRundownNotificationImpl
Source: onecoreuap\enduser\winstore\licensemanager\lib\service.cpp (2366)"
Information,8/27/2023 4:20:06 AM,Microsoft-Windows-Store,8001,LM,"Invoking license manager because license/lease polling time up: PFN Microsoft.SkypeApp_15.98.3206.0_x64__kzf8qxf38zg5c
Function: InvokeLicenseManagerRequired
Source: onecoreuap\enduser\winstore\licensemanager\apisethost\activationapis.cpp (361)"
Information,8/27/2023 4:19:59 AM,Microsoft-Windows-Store,8001,LM,"Skipping license manager: PFN Microsoft.SkypeApp_15.98.3206.0_x64__kzf8qxf38zg5c
Function: InvokeLicenseManagerRequired
Source: onecoreuap\enduser\winstore\licensemanager\apisethost\activationapis.cpp (373)"
Information,8/27/2023 4:07:52 AM,Microsoft-Windows-Install-Agent,2006,Service,"Skipping Search. Duration since last check is too short (5687 < 86400)
Error: Unknown HResult Error code: 0xefffffff
Function: ShouldExecuteSearchForAllUpdates
Source: onecoreuap\enduser\winstore\installservice\lib\scanforupdatesworker.cpp (156)"
Information,8/27/2023 4:07:52 AM,Microsoft-Windows-Install-Agent,2006,Service,"Checking if update scan required for User :S-1-5-21-3089243881-3525850343-252262830-500
Error: Unknown HResult Error code: 0xefffffff
Function: ShouldExecuteSearchForUser
Source: onecoreuap\enduser\winstore\installservice\lib\scanforupdatesworker.cpp (191)"
Information,8/27/2023 4:07:52 AM,Microsoft-Windows-Install-Agent,2006,Service,"Skipping Search. Duration since last check is too short (5687 < 86400)
Error: Unknown HResult Error code: 0xefffffff
Function: ShouldExecuteSearchForAllUpdates
Source: onecoreuap\enduser\winstore\installservice\lib\scanforupdatesworker.cpp (156)"
Information,8/27/2023 4:07:52 AM,Microsoft-Windows-Install-Agent,2006,Service,"Checking if update scan required for Device
Error: Unknown HResult Error code: 0xefffffff
Function: ShouldExecuteSearchForAllUpdatesForDevice
Source: onecoreuap\enduser\winstore\installservice\lib\scanforupdatesworker.cpp (176)"
Information,8/27/2023 4:07:52 AM,Microsoft-Windows-Install-Agent,2000,Install Service Module Loaded,"Process Name: C:\WINDOWS\system32\taskhostw.exe
Module Name: C:\Windows\System32\InstallServiceTasks.dll
Build: 19041.1.amd64fre.vb_release.191206-1406
"
Information,8/27/2023 3:56:25 AM,Microsoft-Windows-Store,8001,LM,"Removed timer for {50AD8A27-AAD2-89EC-DC39-03B152255D26}
Function: MemoryTimerService::CleanupTimer
Source: onecoreuap\enduser\winstore\licensemanager\lib\memorytimer.cpp (19)"
Warning,8/27/2023 3:56:25 AM,Microsoft-Windows-Store,8002,LM,"Trying to remove timer {50AD8A27-AAD2-89EC-DC39-03B152255D26} not in table
Function: MemoryTimerService::CancelTimerWithId
Source: onecoreuap\enduser\winstore\licensemanager\lib\memorytimer.cpp (80)"
Information,8/27/2023 3:56:25 AM,Microsoft-Windows-Store,8001,LM,"Ignoring lease removal with reason 0x00000000 because this is an offline lease

Function: ClipStorage::RemoveLeaseDocumentWithIdAndReason
Source: onecoreuap\enduser\winstore\licensemanager\lib\clipstorage.cpp (514)"
Information,8/27/2023 3:56:25 AM,Microsoft-Windows-Store,8001,LM,"Decoding: {""entitlementSatisfaction"":""Open"",""isOffline"":true,""leaseEnforcement"":""None"",""leaseUri"":""https://licensing.md.mp.microsoft.com/v7.0/licenses/?contentId=9d4ded89-cabc-f4fb-8133-bc5edb1c7eda&market=US&policyType=Open&productId=9WZDNCRFJBMP&skuId=0010"",""keyIds"":[""e64ffef1-e246-b632-595b-56076a3fa776""],""kind"":""Content"",""packages"":[{""packageIdentifier"":""9d4ded89-cabc-f4fb-8133-bc5edb1c7eda"",""packageType"":""msix"",""productAddOns"":[],""productId"":""9WZDNCRFJBMP"",""skuId"":""0010""}],""pollAt"":""2021-11-22T12:14:11.1161227+00:00"",""refreshOnStartup"":false,""version"":7}
Function: DecodeCustomPolicy
Source: onecoreuap\enduser\winstore\licensemanager\lib\clipdocument.cpp (50)"
Information,8/27/2023 3:56:25 AM,Microsoft-Windows-Store,8001,LM,"Requesting lease document removal for reason 0x00000000, {50AD8A27-AAD2-89EC-DC39-03B152255D26}
Function: LicenseManagerCore::DoRemoveLeaseDocumentWithId
Source: onecoreuap\enduser\winstore\licensemanager\lib\managercore.cpp (1460)"
Verbose,8/27/2023 3:56:25 AM,Microsoft-Windows-Store,8012,LM State Machine,0x10b6502c360: 5328: Lease:Valid Change: Lease:Invalid => {50AD8A27-AAD2-89EC-DC39-03B152255D26}
Verbose,8/27/2023 3:56:25 AM,Microsoft-Windows-Store,8011,LM State Machine,0x10b6502c360: 5328: {50AD8A27-AAD2-89EC-DC39-03B152255D26}: Dispatch: Lease:Unregistered => Lease:Valid
Verbose,8/27/2023 3:56:25 AM,Microsoft-Windows-Store,8011,LM State Machine,0x10b6502c360: 5328: {50AD8A27-AAD2-89EC-DC39-03B152255D26}: Dispatch: Lease:RemoveKey => Lease:Valid
Information,8/27/2023 3:56:25 AM,Microsoft-Windows-Store,8001,LM,"Set results for lease = 0x0, policy = 0, operation = 0, Leasebehavior = 0
Function: KeyMachine::DoSetResult
Source: onecoreuap\enduser\winstore\licensemanager\lib\keymachine.cpp (1460)"
Verbose,8/27/2023 3:56:25 AM,Microsoft-Windows-Store,8012,LM State Machine,0x10b660139c0: 5328: Key:Valid Change: Key:Invalid => 9D4DED89-CABC-F4FB-8133-BC5EDB1C7EDA
Information,8/27/2023 3:56:25 AM,Microsoft-Windows-Store,8001,LM,"Lease dropped
Function: KeyMachine::DoDropLease
Source: onecoreuap\enduser\winstore\licensemanager\lib\keymachine.cpp (279)"
Verbose,8/27/2023 3:56:25 AM,Microsoft-Windows-Store,8011,LM State Machine,0x10b660139c0: 5328: 9D4DED89-CABC-F4FB-8133-BC5EDB1C7EDA: Dispatch: Key:Unregistered => Key:Valid
Information,8/27/2023 3:56:25 AM,Microsoft-Windows-Store,8001,LM,"ServicePackageRundownNotificationImpl PsmKey:Microsoft.WindowsStore_22304.1401.3.0_x64__8wekyb3d8bbwe+App, sid:S-1-5-21-3089243881-3525850343-252262830-500
Function: ServicePackageRundownNotificationImpl
Source: onecoreuap\enduser\winstore\licensemanager\lib\service.cpp (2366)"
Information,8/27/2023 3:56:25 AM,Microsoft-Windows-Store,8001,LM,"Invoking license manager because license/lease polling time up: PFN Microsoft.WindowsStore_22304.1401.3.0_x64__8wekyb3d8bbwe
Function: InvokeLicenseManagerRequired
Source: onecoreuap\enduser\winstore\licensemanager\apisethost\activationapis.cpp (361)"
Information,8/27/2023 3:56:25 AM,Microsoft-Windows-Store,8001,LM,"Removed timer for {A85B769D-9FA4-0970-1D82-6504C89DF776}
Function: MemoryTimerService::CleanupTimer
Source: onecoreuap\enduser\winstore\licensemanager\lib\memorytimer.cpp (19)"
Warning,8/27/2023 3:56:25 AM,Microsoft-Windows-Store,8002,LM,"Trying to remove timer {A85B769D-9FA4-0970-1D82-6504C89DF776} not in table
Function: MemoryTimerService::CancelTimerWithId
Source: onecoreuap\enduser\winstore\licensemanager\lib\memorytimer.cpp (80)"
Information,8/27/2023 3:56:25 AM,Microsoft-Windows-Store,8001,LM,"Ignoring lease removal with reason 0x00000000 because this is an offline lease

Function: ClipStorage::RemoveLeaseDocumentWithIdAndReason
Source: onecoreuap\enduser\winstore\licensemanager\lib\clipstorage.cpp (514)"
Information,8/27/2023 3:56:25 AM,Microsoft-Windows-Store,8001,LM,"Decoding: {""entitlementId"":""9be874f8-7167-9701-bc1b-9b161ab5b1c4"",""entitlementSatisfaction"":""Device"",""isOffline"":true,""leaseEnforcement"":""None"",""leaseUri"":""https://licensing.md.mp.microsoft.com/v7.0/licenses/?beneficiaryId=msaonecoreuap\enduser\winstore\licensemanager\lib\clipdocument.cppa844425221464020&contentId=eee53744-2bb9-bca2-a50a-c6a1c5b0a0ed&entitlementId=9be874f8-7167-9701-bc1b-9b161ab5b1c4&market=US&policyType=Device"",""keyIds"":[""0f8e2cd5-b8eb-7a22-b9e9-9b1183fa0a84""],""kind"":""Content"",""packages"":[{""packageIdentifier"":""eee53744-2bb9-bca2-a50a-c6a1c5b0a0ed"",""packageType"":""msix"",""productAddOns"":[],""productId"":""9NMPJ99VJBWV"",""skuId"":""0010""}],""pollAt"":""2023-05-09T17:10:21.4505337+00:00"",""refreshOnStartup"":false,""version"":7}
Function: DecodeCustomPolicy
Source: onecoreuap\enduser\winstore\licensemanager\lib\clipdocument.cpp (50)"
Information,8/27/2023 3:56:25 AM,Microsoft-Windows-Store,8001,LM,"Requesting lease document removal for reason 0x00000000, {A85B769D-9FA4-0970-1D82-6504C89DF776}
Function: LicenseManagerCore::DoRemoveLeaseDocumentWithId
Source: onecoreuap\enduser\winstore\licensemanager\lib\managercore.cpp (1460)"
Verbose,8/27/2023 3:56:25 AM,Microsoft-Windows-Store,8012,LM State Machine,0x10b6502d160: 5328: Lease:Valid Change: Lease:Invalid => {A85B769D-9FA4-0970-1D82-6504C89DF776}
Verbose,8/27/2023 3:56:25 AM,Microsoft-Windows-Store,8011,LM State Machine,0x10b6502d160: 5328: {A85B769D-9FA4-0970-1D82-6504C89DF776}: Dispatch: Lease:Unregistered => Lease:Valid
Verbose,8/27/2023 3:56:25 AM,Microsoft-Windows-Store,8011,LM State Machine,0x10b6502d160: 5328: {A85B769D-9FA4-0970-1D82-6504C89DF776}: Dispatch: Lease:RemoveKey => Lease:Valid
Information,8/27/2023 3:56:25 AM,Microsoft-Windows-Store,8001,LM,"Set results for lease = 0x0, policy = 0, operation = 0, Leasebehavior = 0
Function: KeyMachine::DoSetResult
Source: onecoreuap\enduser\winstore\licensemanager\lib\keymachine.cpp (1460)"
Verbose,8/27/2023 3:56:25 AM,Microsoft-Windows-Store,8012,LM State Machine,0x10b66013510: 5328: Key:Valid Change: Key:Invalid => EEE53744-2BB9-BCA2-A50A-C6A1C5B0A0ED
Information,8/27/2023 3:56:25 AM,Microsoft-Windows-Store,8001,LM,"Lease dropped
Function: KeyMachine::DoDropLease
Source: onecoreuap\enduser\winstore\licensemanager\lib\keymachine.cpp (279)"
Verbose,8/27/2023 3:56:25 AM,Microsoft-Windows-Store,8011,LM State Machine,0x10b66013510: 5328: EEE53744-2BB9-BCA2-A50A-C6A1C5B0A0ED: Dispatch: Key:Unregistered => Key:Valid
Information,8/27/2023 3:56:25 AM,Microsoft-Windows-Store,8001,LM,"ServicePackageRundownNotificationImpl PsmKey:Microsoft.YourPhone_1.23042.107.0_x64__8wekyb3d8bbwe+App, sid:S-1-5-21-3089243881-3525850343-252262830-500
Function: ServicePackageRundownNotificationImpl
Source: onecoreuap\enduser\winstore\licensemanager\lib\service.cpp (2366)"
Information,8/27/2023 3:56:25 AM,Microsoft-Windows-Store,8001,LM,"Invoking license manager because license/lease polling time up: PFN Microsoft.YourPhone_1.23042.107.0_x64__8wekyb3d8bbwe
Function: InvokeLicenseManagerRequired
Source: onecoreuap\enduser\winstore\licensemanager\apisethost\activationapis.cpp (361)"
Information,8/27/2023 3:56:19 AM,Microsoft-Windows-Store,8001,LM,"ServicePackageRundownNotificationImpl PsmKey:Microsoft.SkypeApp_15.98.3206.0_x64__kzf8qxf38zg5c+App, sid:S-1-5-21-3089243881-3525850343-252262830-500
Function: ServicePackageRundownNotificationImpl
Source: onecoreuap\enduser\winstore\licensemanager\lib\service.cpp (2366)"
Information,8/27/2023 3:56:19 AM,Microsoft-Windows-Store,8001,LM,"Invoking license manager because license/lease polling time up: PFN Microsoft.SkypeApp_15.98.3206.0_x64__kzf8qxf38zg5c
Function: InvokeLicenseManagerRequired
Source: onecoreuap\enduser\winstore\licensemanager\apisethost\activationapis.cpp (361)"
Information,8/27/2023 3:56:12 AM,Microsoft-Windows-Store,8001,LM,"Skipping license manager: PFN Microsoft.SkypeApp_15.98.3206.0_x64__kzf8qxf38zg5c
Function: InvokeLicenseManagerRequired
Source: onecoreuap\enduser\winstore\licensemanager\apisethost\activationapis.cpp (373)"
Information,8/27/2023 3:55:45 AM,Microsoft-Windows-Push-To-Install-Service,6004,Push To Install Service,"onecoreuap\enduser\winstore\servicescommon\lib\httpforservices.cpp(586)\pushtoinstall.dll!00007FFF54674986: Exception(1) tid(458) 80072EE7     [HttpRequest::Send]

Error Code: Unknown HResult Error code: 0x80072ee7
Function: 
Source: onecoreuap\enduser\winstore\pushtoinstall\lib\service.cpp (207)"
Warning,8/27/2023 3:55:45 AM,Microsoft-Windows-Push-To-Install-Service,6003,Push To Install Service,"
Error Code: Unknown HResult Error code: 0x80072ee7
Function: HttpRequest::Send
Source: onecoreuap\enduser\winstore\servicescommon\lib\httpforservices.cpp (586)"
Information,8/27/2023 3:55:45 AM,Microsoft-Windows-Push-To-Install-Service,6004,Push To Install Service,"Registration successful. Returning the retrieved URI.
Error Code: Unknown HResult Error code: 0xefffffff
Function: RegisterForWns
Source: onecoreuap\enduser\winstore\pushtoinstall\lib\wnschannel.cpp (68)"
Information,8/27/2023 3:55:45 AM,Microsoft-Windows-Push-To-Install-Service,6004,Push To Install Service,"Attempting to register with the notification service.
Error Code: Unknown HResult Error code: 0xefffffff
Function: RegisterForWns
Source: onecoreuap\enduser\winstore\pushtoinstall\lib\wnschannel.cpp (21)"
Information,8/27/2023 3:55:45 AM,Microsoft-Windows-Push-To-Install-Service,6004,Push To Install Service,"PTI started with registration
Error Code: Unknown HResult Error code: 0xefffffff
Function: ServiceInitialize
Source: onecoreuap\enduser\winstore\pushtoinstall\lib\service.cpp (252)"
Information,8/27/2023 3:55:45 AM,Microsoft-Windows-Push-To-Install-Service,6004,Push To Install Service,"canDisableApps value is 0
Error Code: Unknown HResult Error code: 0xefffffff
Function: InitStoreAppsAreDisabled
Source: onecoreuap\enduser\winstore\pushtoinstall\svc\svcmain.cpp (59)"
Information,8/27/2023 3:55:45 AM,Microsoft-Windows-Push-To-Install-Service,6006,PTI Module Loaded,"Process Name: C:\WINDOWS\System32\svchost.exe
Module Name: c:\windows\system32\pushtoinstall.dll
Build: 19041.1.amd64fre.vb_release.191206-1406
"
Error,8/27/2023 3:55:25 AM,Windows-ApplicationModel-Store-SDK,2,StorefrontClient,"
Exception Details: System.Collections.Generic.KeyNotFoundException
Function: NumberOfOffersToNotifyAsync
Source: .\src\Core\WinStore.Core\OfferNotifications\OfferNotificationsController.cs (78)"
Information,8/27/2023 3:55:25 AM,Windows-ApplicationModel-Store-SDK,4,StorefrontClient,"Hardware capabilities for device are : arm0286Carm640286Cble0286Ccmb0286Ccmf0286Ccmr0286Ccnm0286Cdcb1286Cdcc1286Cdx91286Cdxa1286Cdxb1286Cgyr0286Chce0286Chdc0286Chov0286Chsa0286Chss1286Ckbd1286Cm041286Cm060286Cm080286Cm120286Cm160286Cm200286Cm301286Cm751286CmA01286Cmct0286Cmgn0286Cmic0286Cmrc0286Cmse1286CmT01286Cnfc0286Crs10286Crs20286Crs30286Crs40286Crs50286Crs60286Csdt0286Ctch0286Ctel0286Cv010286Cv020286Cv040286Cx641286Cx860286Cx86a640286Cxbd0286Cxbo0286Cxbs0286Cxbx0286Cxgp0
Function: SetHardware
Source: .\src\Core\WinStore.Core\Network\Nexus.cs (286)"
Information,8/27/2023 3:55:25 AM,Windows-ApplicationModel-Store-SDK,4,StorefrontClient,"Experimentation flags set: 
Function: LoadFlagsToLookup
Source: .\src\Core\WinStore.Core\FeatureFlags\ExperimentationFlags.cs (288)"
Verbose,8/27/2023 3:55:23 AM,Microsoft-Windows-Store,8011,LM State Machine,0x10b660139c0: 5328: 9D4DED89-CABC-F4FB-8133-BC5EDB1C7EDA: Dispatch: Key:RegisterCallback => Key:Valid
Information,8/27/2023 3:55:23 AM,Microsoft-Windows-Store,8001,LM,"ReactiveLicensingResult: 0x00000000 for Microsoft.WindowsStore_22304.1401.3.0_x64__8wekyb3d8bbwe, 16ms
Function: LogReactiveLicensingResult
Source: onecoreuap\enduser\winstore\licensemanager\lib\telemetry.cpp (503)"
Information,8/27/2023 3:55:23 AM,Microsoft-Windows-Store,8001,LM,"Decoding: {""entitlementSatisfaction"":""Open"",""isOffline"":true,""leaseEnforcement"":""None"",""leaseUri"":""https://licensing.md.mp.microsoft.com/v7.0/licenses/?contentId=9d4ded89-cabc-f4fb-8133-bc5edb1c7eda&market=US&policyType=Open&productId=9WZDNCRFJBMP&skuId=0010"",""keyIds"":[""e64ffef1-e246-b632-595b-56076a3fa776""],""kind"":""Content"",""packages"":[{""packageIdentifier"":""9d4ded89-cabc-f4fb-8133-bc5edb1c7eda"",""packageType"":""msix"",""productAddOns"":[],""productId"":""9WZDNCRFJBMP"",""skuId"":""0010""}],""pollAt"":""2021-11-22T12:14:11.1161227+00:00"",""refreshOnStartup"":false,""version"":7}
Function: DecodeCustomPolicy
Source: onecoreuap\enduser\winstore\licensemanager\lib\clipdocument.cpp (50)"
Information,8/27/2023 3:55:23 AM,Microsoft-Windows-Store,8001,LM,"Decoding: {""entitlementSatisfaction"":""Open"",""isOffline"":true,""leaseEnforcement"":""None"",""leaseUri"":""https://licensing.md.mp.microsoft.com/v7.0/licenses/?contentId=9d4ded89-cabc-f4fb-8133-bc5edb1c7eda&market=US&policyType=Open&productId=9WZDNCRFJBMP&skuId=0010"",""keyIds"":[""e64ffef1-e246-b632-595b-56076a3fa776""],""kind"":""Content"",""packages"":[{""packageIdentifier"":""9d4ded89-cabc-f4fb-8133-bc5edb1c7eda"",""packageType"":""msix"",""productAddOns"":[],""productId"":""9WZDNCRFJBMP"",""skuId"":""0010""}],""pollAt"":""2021-11-22T12:14:11.1161227+00:00"",""refreshOnStartup"":false,""version"":7}
Function: DecodeCustomPolicy
Source: onecoreuap\enduser\winstore\licensemanager\lib\clipdocument.cpp (50)"
Information,8/27/2023 3:55:23 AM,Microsoft-Windows-Store,8001,LM,"Decoding: {""legacyProductId"":""64293252-5926-453c-9494-2d4021f1c78d""}
Function: DecodeCustomPolicy
Source: onecoreuap\enduser\winstore\licensemanager\lib\clipdocument.cpp (50)"
Verbose,8/27/2023 3:55:23 AM,Microsoft-Windows-Store,8011,LM State Machine,0x10b6502c360: 3608: {50AD8A27-AAD2-89EC-DC39-03B152255D26}: Dispatch: Lease:AddKey => Lease:Valid
