Information,8/26/2023 7:39:43 AM,Microsoft-Windows-Security-SPP,1003,None,"The Software Protection service has completed licensing status check.
Application Id=55c92734-d682-4d71-983e-d6ec3f16059f
Licensing Status=
1: 040fa323-92b1-4baf-97a2-5b67feaefddb, 1, 0 [(0 [0xC004F014, 0, 0], [(?)(?)(?)(?)(?)(?)(?)(?)])(1 )(2 )(3 )]
2: 0724cb7d-3437-4cb7-93cb-830375d0079d, 1, 0 [(0 [0xC004F014, 0, 0], [(?)(?)(?)(?)(?)(?)(?)(?)])(1 )(2 )(3 )]
3: 0ad2ac98-7bb9-4201-8d92-312299201369, 1, 0 [(0 [0xC004F014, 0, 0], [(?)(?)(?)(?)(?)(?)(?)(?)])(1 )(2 )(3 )]
4: 1a9a717a-cf13-4ba5-83c3-0fe25fa868d5, 1, 0 [(0 [0xC004F014, 0, 0], [(?)(?)(?)(?)(?)(?)(?)(?)])(1 )(2 )(3 )]
5: 221a02da-e2a1-4b75-864c-0a4410a33fdf, 1, 0 [(0 [0xC004F014, 0, 0], [(?)(?)(?)(?)(?)(?)(?)(?)])(1 )(2 )(3 )]
6: 291ece0e-9c38-40ca-a9e1-32cc7ec19507, 1, 0 [(0 [0xC004F014, 0, 0], [(?)(?)(?)(?)(?)(?)(?)(?)])(1 )(2 )(3 )]
7: 2936d1d2-913a-4542-b54e-ce5a602a2a38, 1, 0 [(0 [0xC004F014, 0, 0], [(?)(?)(?)(?)(?)(?)(?)(?)])(1 )(2 )(3 )]
8: 2c293c26-a45a-4a2a-a350-c69a67097529, 1, 0 [(0 [0xC004F014, 0, 0], [(?)(?)(?)(?)(?)(?)(?)(?)])(1 )(2 )(3 )]
9: 2de67392-b7a7-462a-b1ca-108dd189f588, 1, 0 [(0 [0xC004F014, 0, 0], [(?)(?)(?)(?)(?)(?)(?)(?)])(1 )(2 )(3 )]
10: 2ffd8952-423e-4903-b993-72a1aa44cf82, 1, 0 [(0 [0xC004F014, 0, 0], [(?)(?)(?)(?)(?)(?)(?)(?)])(1 )(2 )(3 )]
11: 30a42c86-b7a0-4a34-8c90-ff177cb2acb7, 1, 0 [(0 [0xC004F014, 0, 0], [(?)(?)(?)(?)(?)(?)(?)(?)])(1 )(2 )(3 )]
12: 345a5db0-d94f-4e3b-a0c0-7c42f7bc3ebf, 1, 0 [(0 [0xC004F014, 0, 0], [(?)(?)(?)(?)(?)(?)(?)(?)])(1 )(2 )(3 )]
13: 3502365a-f88a-4ba4-822a-5769d3073b65, 1, 0 [(0 [0xC004F014, 0, 0], [(?)(?)(?)(?)(?)(?)(?)(?)])(1 )(2 )(3 )]
14: 377333b1-8b5d-48d6-9679-1225c872d37c, 1, 0 [(0 [0xC004F014, 0, 0], [(?)(?)(?)(?)(?)(?)(?)(?)])(1 )(2 )(3 )]
15: 3df374ef-d444-4494-a5a1-4b0d9fd0e203, 1, 0 [(0 [0xC004F014, 0, 0], [(?)(?)(?)(?)(?)(?)(?)(?)])(1 )(2 )(3 )]
16: 3f1afc82-f8ac-4f6c-8005-1d233e606eee, 1, 0 [(0 [0xC004F014, 0, 0], [(?)(?)(?)(?)(?)(?)(?)(?)])(1 )(2 )(3 )]
17: 49cd895b-53b2-4dc4-a5f7-b18aa019ad37, 1, 0 [(0 [0xC004F014, 0, 0], [(?)(?)(?)(?)(?)(?)(?)(?)])(1 )(2 )(3 )]
18: 4de7cb65-cdf1-4de9-8ae8-e3cce27b9f2c, 1, 1 [(0 )(1 )(2 [0xC004E003, 0, 0], [( 1 0xC004F034)( 1 0xC004F034)(?)(?)(?)(?)(?)(?)])(3 [0x00000000, 0, 0], [( 6 0xC004F009 0 0)( 1 0x00000000)( 6 0xC004F009 0 0)(?)(?)(?)( 10 0x00000000 msft:rm/algorithm/flags/1.0)( 11 0x00000000 0xC004F034)])]
19: 4f3da0d2-271d-4508-ae81-626b60809a38, 1, 0 [(0 [0xC004F014, 0, 0], [(?)(?)(?)(?)(?)(?)(?)(?)])(1 )(2 )(3 )]
20: 60b3ec1b-9545-4921-821f-311b129dd6f6, 1, 0 [(0 [0xC004F014, 0, 0], [(?)(?)(?)(?)(?)(?)(?)(?)])(1 )(2 )(3 )]
21: 613d217f-7f13-4268-9907-1662339531cd, 1, 0 [(0 [0xC004F014, 0, 0], [(?)(?)(?)(?)(?)(?)(?)(?)])(1 )(2 )(3 )]
22: 62f0c100-9c53-4e02-b886-a3528ddfe7f6, 1, 0 [(0 [0xC004F014, 0, 0], [(?)(?)(?)(?)(?)(?)(?)(?)])(1 )(2 )(3 )]
23: 6365275e-368d-46ca-a0ef-fc0404119333, 1, 0 [(0 [0xC004F014, 0, 0], [(?)(?)(?)(?)(?)(?)(?)(?)])(1 )(2 )(3 )]
24: 721f9237-9341-4453-a661-09e8baa6cca5, 1, 0 [(0 [0xC004F014, 0, 0], [(?)(?)(?)(?)(?)(?)(?)(?)])(1 )(2 )(3 )]
25: 73111121-5638-40f6-bc11-f1d7b0d64300, 1, 0 [(0 [0xC004F014, 0, 0], [(?)(?)(?)(?)(?)(?)(?)(?)])(1 )(2 )(3 )]
26: 7a802526-4c94-4bd1-ba14-835a1aca2120, 1, 0 [(0 [0xC004F014, 0, 0], [(?)(?)(?)(?)(?)(?)(?)(?)])(1 )(2 )(3 )]
27: 7cb546c0-c7d5-44d8-9a5c-69ecdd782b69, 1, 0 [(0 [0xC004F014, 0, 0], [(?)(?)(?)(?)(?)(?)(?)(?)])(1 )(2 )(3 )]
28: 82bbc092-bc50-4e16-8e18-b74fc486aec3, 1, 0 [(0 [0xC004F014, 0, 0], [(?)(?)(?)(?)(?)(?)(?)(?)])(1 )(2 )(3 )]
29: 8ab9bdd1-1f67-4997-82d9-8878520837d9, 1, 0 [(0 [0xC004F014, 0, 0], [(?)(?)(?)(?)(?)(?)(?)(?)])(1 )(2 )(3 )]
30: 8b351c9c-f398-4515-9900-09df49427262, 1, 0 [(0 [0xC004F014, 0, 0], [(?)(?)(?)(?)(?)(?)(?)(?)])(1 )(2 )(3 )]
31: 90da7373-1c51-430b-bf26-c97e9c5cdc31, 1, 0 [(0 [0xC004F014, 0, 0], [(?)(?)(?)(?)(?)(?)(?)(?)])(1 )(2 )(3 )]
32: 95dca82f-385d-4d39-b85b-5c73fa285d6f, 1, 0 [(0 [0xC004F014, 0, 0], [(?)(?)(?)(?)(?)(?)(?)(?)])(1 )(2 )(3 )]
33: a48938aa-62fa-4966-9d44-9f04da3f72f2, 1, 0 [(0 [0xC004F014, 0, 0], [(?)(?)(?)(?)(?)(?)(?)(?)])(1 )(2 )(3 )]
34: b0773a15-df3a-4312-9ad2-83d69648e356, 1, 0 [(0 [0xC004F014, 0, 0], [(?)(?)(?)(?)(?)(?)(?)(?)])(1 )(2 )(3 )]
35: b4bfe195-541e-4e64-ad23-6177f19e395e, 1, 0 [(0 [0xC004F014, 0, 0], [(?)(?)(?)(?)(?)(?)(?)(?)])(1 )(2 )(3 )]
36: b68e61d2-68ca-4757-be45-0cc2f3e68eee, 1, 0 [(0 [0xC004F014, 0, 0], [(?)(?)(?)(?)(?)(?)(?)(?)])(1 )(2 )(3 )]
37: bd3762d7-270d-4760-8fb3-d829ca45278a, 1, 0 [(0 [0xC004F014, 0, 0], [(?)(?)(?)(?)(?)(?)(?)(?)])(1 )(2 )(3 )]
38: c86d5194-4840-4dae-9c1c-0301003a5ab0, 1, 0 [(0 [0xC004F014, 0, 0], [(?)(?)(?)(?)(?)(?)(?)(?)])(1 )(2 )(3 )]
39: d552befb-48cc-4327-8f39-47d2d94f987c, 1, 0 [(0 [0xC004F014, 0, 0], [(?)(?)(?)(?)(?)(?)(?)(?)])(1 )(2 )(3 )]
40: d6eadb3b-5ca8-4a6b-986e-35b550756111, 1, 0 [(0 [0xC004F014, 0, 0], [(?)(?)(?)(?)(?)(?)(?)(?)])(1 )(2 )(3 )]
41: df96023b-dcd9-4be2-afa0-c6c871159ebe, 1, 0 [(0 [0xC004F014, 0, 0], [(?)(?)(?)(?)(?)(?)(?)(?)])(1 )(2 )(3 )]
42: e0c42288-980c-4788-a014-c080d2e1926e, 1, 0 [(0 [0xC004F014, 0, 0], [(?)(?)(?)(?)(?)(?)(?)(?)])(1 )(2 )(3 )]
43: e4db50ea-bda1-4566-b047-0ca50abc6f07, 1, 0 [(0 [0xC004F014, 0, 0], [(?)(?)(?)(?)(?)(?)(?)(?)])(1 )(2 )(3 )]
44: e558417a-5123-4f6f-91e7-385c1c7ca9d4, 1, 0 [(0 [0xC004F014, 0, 0], [(?)(?)(?)(?)(?)(?)(?)(?)])(1 )(2 )(3 )]
45: e7a950a2-e548-4f10-bf16-02ec848e0643, 1, 0 [(0 [0xC004F014, 0, 0], [(?)(?)(?)(?)(?)(?)(?)(?)])(1 )(2 )(3 )]
46: eb6d346f-1c60-4643-b960-40ec31596c45, 1, 0 [(0 [0xC004F014, 0, 0], [(?)(?)(?)(?)(?)(?)(?)(?)])(1 )(2 )(3 )]
47: ec868e65-fadf-4759-b23e-93fe37f2cc29, 1, 0 [(0 [0xC004F014, 0, 0], [(?)(?)(?)(?)(?)(?)(?)(?)])(1 )(2 )(3 )]
48: ef51e000-2659-4f25-8345-3de70a9cf4c4, 1, 0 [(0 [0xC004F014, 0, 0], [(?)(?)(?)(?)(?)(?)(?)(?)])(1 )(2 )(3 )]
49: f7af7d09-40e4-419c-a49b-eae366689ebd, 1, 0 [(0 [0xC004F014, 0, 0], [(?)(?)(?)(?)(?)(?)(?)(?)])(1 )(2 )(3 )]
50: fa755fe6-6739-40b9-8d84-6d0ea3b6d1ab, 1, 0 [(0 [0xC004F014, 0, 0], [(?)(?)(?)(?)(?)(?)(?)(?)])(1 )(2 )(3 )]
51: fe74f55b-0338-41d6-b267-4a201abe7285, 1, 0 [(0 [0xC004F014, 0, 0], [(?)(?)(?)(?)(?)(?)(?)(?)])(1 )(2 )(3 )]

"
Information,8/26/2023 7:27:33 AM,Microsoft-Windows-Security-SPP,16394,None,Offline downlevel migration succeeded.
Information,8/26/2023 7:19:09 AM,Microsoft-Windows-Security-SPP,16384,None,Successfully scheduled Software Protection service for re-start at 2023-08-26T14:39:09Z. Reason: RulesEngine.
Information,8/26/2023 7:18:38 AM,Microsoft-Windows-Security-SPP,16394,None,Offline downlevel migration succeeded.
Information,8/26/2023 7:03:33 AM,Microsoft-Windows-Security-SPP,16384,None,Successfully scheduled Software Protection service for re-start at 2023-08-26T14:39:33Z. Reason: RulesEngine.
Information,8/26/2023 7:03:02 AM,Microsoft-Windows-Security-SPP,16394,None,Offline downlevel migration succeeded.
Information,8/26/2023 6:38:55 AM,gupdate,0,None,The operation completed successfully. 
Information,8/26/2023 6:34:25 AM,Microsoft-Windows-Security-SPP,16384,None,Successfully scheduled Software Protection service for re-start at 2023-08-26T14:39:25Z. Reason: RulesEngine.
Information,8/26/2023 6:33:52 AM,Microsoft-Windows-Security-SPP,16394,None,Offline downlevel migration succeeded.
Information,8/26/2023 6:28:04 AM,Microsoft-Windows-Security-SPP,16384,None,Successfully scheduled Software Protection service for re-start at 2023-08-26T14:39:04Z. Reason: RulesEngine.
Information,8/26/2023 6:27:33 AM,Microsoft-Windows-Security-SPP,16394,None,Offline downlevel migration succeeded.
Information,8/26/2023 6:21:16 AM,Microsoft-Windows-Security-SPP,16384,None,Successfully scheduled Software Protection service for re-start at 2023-08-26T14:39:16Z. Reason: RulesEngine.
Information,8/26/2023 6:20:45 AM,Microsoft-Windows-Security-SPP,16394,None,Offline downlevel migration succeeded.
Information,8/26/2023 5:28:03 AM,Microsoft-Windows-Security-SPP,16384,None,Successfully scheduled Software Protection service for re-start at 2023-08-26T14:39:03Z. Reason: RulesEngine.
Information,8/26/2023 5:27:32 AM,Microsoft-Windows-Security-SPP,16394,None,Offline downlevel migration succeeded.
Information,8/26/2023 5:25:27 AM,edgeupdate,0,None,Service stopped.
Information,8/26/2023 5:23:52 AM,Microsoft-Windows-Security-SPP,16384,None,Successfully scheduled Software Protection service for re-start at 2023-08-26T14:38:52Z. Reason: RulesEngine.
Information,8/26/2023 5:23:21 AM,Microsoft-Windows-Security-SPP,16394,None,Offline downlevel migration succeeded.
Information,8/26/2023 5:20:26 AM,Microsoft-Windows-Security-SPP,16384,None,Successfully scheduled Software Protection service for re-start at 2023-08-26T14:39:26Z. Reason: RulesEngine.
Information,8/26/2023 5:19:55 AM,Microsoft-Windows-Security-SPP,16394,None,Offline downlevel migration succeeded.
Information,8/26/2023 5:16:26 AM,Microsoft-Windows-Security-SPP,16384,None,Successfully scheduled Software Protection service for re-start at 2023-08-26T14:39:26Z. Reason: RulesEngine.
Information,8/26/2023 5:15:55 AM,Microsoft-Windows-Security-SPP,16394,None,Offline downlevel migration succeeded.
Information,8/26/2023 5:15:10 AM,Microsoft-Windows-Security-SPP,16384,None,Successfully scheduled Software Protection service for re-start at 2023-08-26T14:39:10Z. Reason: RulesEngine.
Information,8/26/2023 5:14:39 AM,Microsoft-Windows-Security-SPP,16394,None,Offline downlevel migration succeeded.
Information,8/26/2023 5:10:53 AM,Microsoft-Windows-Security-SPP,16384,None,Successfully scheduled Software Protection service for re-start at 2023-08-26T14:38:53Z. Reason: RulesEngine.
Information,8/26/2023 5:10:22 AM,Microsoft-Windows-Security-SPP,16394,None,Offline downlevel migration succeeded.
Information,8/26/2023 4:24:03 AM,Microsoft-Windows-Security-SPP,16384,None,Successfully scheduled Software Protection service for re-start at 2023-08-26T14:39:03Z. Reason: RulesEngine.
Information,8/26/2023 4:23:32 AM,Microsoft-Windows-Security-SPP,16394,None,Offline downlevel migration succeeded.
Information,8/26/2023 3:48:55 AM,Microsoft-Windows-Security-SPP,16384,None,Successfully scheduled Software Protection service for re-start at 2023-08-26T14:38:55Z. Reason: RulesEngine.
Information,8/26/2023 3:47:55 AM,Microsoft-Windows-Security-SPP,16394,None,Offline downlevel migration succeeded.
Information,8/26/2023 3:24:03 AM,Microsoft-Windows-Security-SPP,16384,None,Successfully scheduled Software Protection service for re-start at 2023-08-26T14:39:03Z. Reason: RulesEngine.
Information,8/26/2023 3:23:32 AM,Microsoft-Windows-Security-SPP,16394,None,Offline downlevel migration succeeded.
Information,8/26/2023 3:04:59 AM,Microsoft-Windows-Security-SPP,16384,None,Successfully scheduled Software Protection service for re-start at 2023-08-26T14:38:59Z. Reason: RulesEngine.
Information,8/26/2023 3:04:29 AM,Microsoft-Windows-Security-SPP,16394,None,Offline downlevel migration succeeded.
Information,8/26/2023 3:00:56 AM,Microsoft-Windows-Security-SPP,16384,None,Successfully scheduled Software Protection service for re-start at 2023-08-26T14:38:56Z. Reason: RulesEngine.
Information,8/26/2023 3:00:23 AM,Microsoft-Windows-Security-SPP,16394,None,Offline downlevel migration succeeded.
Information,8/26/2023 2:24:01 AM,Microsoft-Windows-Security-SPP,16384,None,Successfully scheduled Software Protection service for re-start at 2023-08-26T14:39:01Z. Reason: RulesEngine.
Information,8/26/2023 2:23:31 AM,Microsoft-Windows-Security-SPP,16394,None,Offline downlevel migration succeeded.
Information,8/26/2023 2:18:09 AM,Microsoft-Windows-Security-SPP,16384,None,Successfully scheduled Software Protection service for re-start at 2023-08-26T14:39:08Z. Reason: RulesEngine.
Information,8/26/2023 2:17:38 AM,Microsoft-Windows-Security-SPP,16394,None,Offline downlevel migration succeeded.
Information,8/26/2023 2:01:41 AM,Microsoft-Windows-Security-SPP,16384,None,Successfully scheduled Software Protection service for re-start at 2023-08-26T14:39:41Z. Reason: RulesEngine.
Information,8/26/2023 2:01:10 AM,Microsoft-Windows-Security-SPP,16394,None,Offline downlevel migration succeeded.
Information,8/26/2023 1:59:19 AM,Microsoft-Windows-Security-SPP,16384,None,Successfully scheduled Software Protection service for re-start at 2023-08-26T14:39:19Z. Reason: RulesEngine.
Information,8/26/2023 1:58:49 AM,Microsoft-Windows-Security-SPP,16394,None,Offline downlevel migration succeeded.
Information,8/26/2023 1:57:40 AM,Microsoft-Windows-Security-SPP,16384,None,Successfully scheduled Software Protection service for re-start at 2023-08-26T14:39:40Z. Reason: RulesEngine.
Information,8/26/2023 1:57:09 AM,Microsoft-Windows-Security-SPP,16394,None,Offline downlevel migration succeeded.
Information,8/26/2023 1:46:38 AM,Microsoft-Windows-Security-SPP,16384,None,Successfully scheduled Software Protection service for re-start at 2023-08-26T14:39:38Z. Reason: RulesEngine.
Information,8/26/2023 1:46:08 AM,Microsoft-Windows-Security-SPP,16394,None,Offline downlevel migration succeeded.
Information,8/26/2023 1:38:58 AM,gupdate,0,None,The operation completed successfully. 
Information,8/26/2023 1:38:11 AM,Microsoft-Windows-RestartManager,10001,None,Ending session 1 started ‎2023‎-‎08‎-‎26T08:38:09.730167700Z.
Information,8/26/2023 1:38:11 AM,Microsoft-Windows-RestartManager,10001,None,Ending session 1 started ‎2023‎-‎08‎-‎26T08:38:09.167661600Z.
Information,8/26/2023 1:38:11 AM,Microsoft-Windows-RestartManager,10001,None,Ending session 0 started ‎2023‎-‎08‎-‎26T08:38:09.386430300Z.
Information,8/26/2023 1:38:11 AM,Microsoft-Windows-RestartManager,10001,None,Ending session 0 started ‎2023‎-‎08‎-‎26T08:38:08.777045700Z.
Information,8/26/2023 1:38:11 AM,MsiInstaller,1042,None,Ending a Windows Installer transaction: C:\ProgramData\Package Cache\{0025DD72-A959-45B5-A0A3-7EFEB15A8050}v14.36.32532\packages\vcRuntimeAdditional_amd64\vc_runtimeAdditional_x64.msi. Client Process Id: 9044.
Information,8/26/2023 1:38:11 AM,MsiInstaller,1033,None,Windows Installer installed the product. Product Name: Microsoft Visual C++ 2022 X64 Additional Runtime - 14.36.32532. Product Version: 14.36.32532. Product Language: 1033. Manufacturer: Microsoft Corporation. Installation success or error status: 0.
Information,8/26/2023 1:38:11 AM,MsiInstaller,11707,None,Product: Microsoft Visual C++ 2022 X64 Additional Runtime - 14.36.32532 -- Installation completed successfully.
Information,8/26/2023 1:38:09 AM,Microsoft-Windows-RestartManager,10000,None,Starting session 1 - ‎2023‎-‎08‎-‎26T08:38:09.730167700Z.
Information,8/26/2023 1:38:09 AM,Microsoft-Windows-RestartManager,10005,None,Machine restart is required.
Warning,8/26/2023 1:38:09 AM,Microsoft-Windows-RestartManager,10010,None,Application 'C:\Program Files\VMware\VMware Tools\vmtoolsd.exe' (pid 2076) cannot be restarted - Application SID does not match Conductor SID..
Information,8/26/2023 1:38:09 AM,Microsoft-Windows-RestartManager,10000,None,Starting session 0 - ‎2023‎-‎08‎-‎26T08:38:09.386430300Z.
Information,8/26/2023 1:38:09 AM,Microsoft-Windows-RestartManager,10000,None,Starting session 1 - ‎2023‎-‎08‎-‎26T08:38:09.167661600Z.
Information,8/26/2023 1:38:09 AM,Microsoft-Windows-RestartManager,10005,None,Machine restart is required.
Warning,8/26/2023 1:38:09 AM,Microsoft-Windows-RestartManager,10010,None,Application 'C:\Program Files\VMware\VMware Tools\vmtoolsd.exe' (pid 2076) cannot be restarted - Application SID does not match Conductor SID..
Information,8/26/2023 1:38:08 AM,Microsoft-Windows-RestartManager,10000,None,Starting session 0 - ‎2023‎-‎08‎-‎26T08:38:08.777045700Z.
Information,8/26/2023 1:38:08 AM,Microsoft-Windows-RestartManager,10001,None,Ending session 1 started ‎2023‎-‎08‎-‎26T08:38:07.433287000Z.
Information,8/26/2023 1:38:08 AM,Microsoft-Windows-RestartManager,10001,None,Ending session 1 started ‎2023‎-‎08‎-‎26T08:38:06.761422700Z.
Information,8/26/2023 1:38:08 AM,Microsoft-Windows-RestartManager,10001,None,Ending session 0 started ‎2023‎-‎08‎-‎26T08:38:07.042658700Z.
Information,8/26/2023 1:38:08 AM,Microsoft-Windows-RestartManager,10001,None,Ending session 0 started ‎2023‎-‎08‎-‎26T08:38:06.402048300Z.
Information,8/26/2023 1:38:08 AM,MsiInstaller,1040,None,Beginning a Windows Installer transaction: C:\ProgramData\Package Cache\{0025DD72-A959-45B5-A0A3-7EFEB15A8050}v14.36.32532\packages\vcRuntimeAdditional_amd64\vc_runtimeAdditional_x64.msi. Client Process Id: 9044.
Information,8/26/2023 1:38:08 AM,MsiInstaller,1042,None,Ending a Windows Installer transaction: C:\ProgramData\Package Cache\{D5D19E2F-7189-42FE-8103-92CD1FA457C2}v14.36.32532\packages\vcRuntimeMinimum_amd64\vc_runtimeMinimum_x64.msi. Client Process Id: 9044.
Information,8/26/2023 1:38:08 AM,MsiInstaller,1033,None,Windows Installer installed the product. Product Name: Microsoft Visual C++ 2022 X64 Minimum Runtime - 14.36.32532. Product Version: 14.36.32532. Product Language: 1033. Manufacturer: Microsoft Corporation. Installation success or error status: 0.
Information,8/26/2023 1:38:08 AM,MsiInstaller,11707,None,Product: Microsoft Visual C++ 2022 X64 Minimum Runtime - 14.36.32532 -- Installation completed successfully.
Information,8/26/2023 1:38:07 AM,Microsoft-Windows-RestartManager,10000,None,Starting session 1 - ‎2023‎-‎08‎-‎26T08:38:07.433287000Z.
Information,8/26/2023 1:38:07 AM,Microsoft-Windows-RestartManager,10005,None,Machine restart is required.
Warning,8/26/2023 1:38:07 AM,Microsoft-Windows-RestartManager,10010,None,Application 'C:\Program Files\VMware\VMware Tools\vmtoolsd.exe' (pid 2076) cannot be restarted - Application SID does not match Conductor SID..
Information,8/26/2023 1:38:07 AM,Microsoft-Windows-RestartManager,10000,None,Starting session 0 - ‎2023‎-‎08‎-‎26T08:38:07.042658700Z.
Information,8/26/2023 1:38:06 AM,Microsoft-Windows-RestartManager,10000,None,Starting session 1 - ‎2023‎-‎08‎-‎26T08:38:06.761422700Z.
Information,8/26/2023 1:38:06 AM,Microsoft-Windows-RestartManager,10005,None,Machine restart is required.
Warning,8/26/2023 1:38:06 AM,Microsoft-Windows-RestartManager,10010,None,Application 'C:\Program Files\VMware\VMware Tools\vmtoolsd.exe' (pid 2076) cannot be restarted - Application SID does not match Conductor SID..
Information,8/26/2023 1:38:06 AM,Microsoft-Windows-RestartManager,10000,None,Starting session 0 - ‎2023‎-‎08‎-‎26T08:38:06.402048300Z.
Information,8/26/2023 1:38:05 AM,MsiInstaller,1040,None,Beginning a Windows Installer transaction: C:\ProgramData\Package Cache\{D5D19E2F-7189-42FE-8103-92CD1FA457C2}v14.36.32532\packages\vcRuntimeMinimum_amd64\vc_runtimeMinimum_x64.msi. Client Process Id: 9044.
Information,8/26/2023 1:36:44 AM,Microsoft-Windows-CAPI2,4097,None,"Successful auto update of third-party root certificate:: Subject: <CN=AAA Certificate Services, O=Comodo CA Limited, L=Salford, S=Greater Manchester, C=GB> Sha1 thumbprint: <D1EB23A46D17D68FD92564C2F1F1601764D8E349>."
Information,8/26/2023 1:34:10 AM,gupdate,0,None,The operation completed successfully. 
Information,8/26/2023 1:31:58 AM,Microsoft-Windows-Security-SPP,16384,None,Successfully scheduled Software Protection service for re-start at 2023-08-26T14:38:58Z. Reason: RulesEngine.
Information,8/26/2023 1:31:27 AM,Microsoft-Windows-Security-SPP,16394,None,Offline downlevel migration succeeded.
Information,8/26/2023 1:05:46 AM,Microsoft-Windows-Security-SPP,16384,None,Successfully scheduled Software Protection service for re-start at 2023-08-26T14:38:46Z. Reason: RulesEngine.
Information,8/26/2023 1:05:15 AM,Microsoft-Windows-Security-SPP,16394,None,Offline downlevel migration succeeded.
Information,8/26/2023 12:08:41 AM,Microsoft-Windows-Security-SPP,16384,None,Successfully scheduled Software Protection service for re-start at 2023-08-26T14:38:41Z. Reason: RulesEngine.
Information,8/26/2023 12:08:11 AM,Microsoft-Windows-Security-SPP,16394,None,Offline downlevel migration succeeded.
Information,8/26/2023 12:05:46 AM,Microsoft-Windows-Security-SPP,16384,None,Successfully scheduled Software Protection service for re-start at 2023-08-26T14:38:46Z. Reason: RulesEngine.
Information,8/26/2023 12:05:15 AM,Microsoft-Windows-Security-SPP,16394,None,Offline downlevel migration succeeded.
Information,8/25/2023 11:32:01 PM,Microsoft-Windows-Security-SPP,16384,None,Successfully scheduled Software Protection service for re-start at 2023-08-26T14:39:01Z. Reason: RulesEngine.
Information,8/25/2023 11:31:30 PM,Microsoft-Windows-Security-SPP,16394,None,Offline downlevel migration succeeded.
Information,8/25/2023 11:06:32 PM,Microsoft-Windows-Security-SPP,16384,None,Successfully scheduled Software Protection service for re-start at 2023-08-26T14:39:32Z. Reason: RulesEngine.
Information,8/25/2023 11:06:02 PM,Microsoft-Windows-Security-SPP,16394,None,Offline downlevel migration succeeded.
Information,8/25/2023 11:05:46 PM,Microsoft-Windows-Security-SPP,16384,None,Successfully scheduled Software Protection service for re-start at 2023-08-26T14:38:46Z. Reason: RulesEngine.
Information,8/25/2023 11:05:15 PM,Microsoft-Windows-Security-SPP,16394,None,Offline downlevel migration succeeded.
Information,8/25/2023 10:05:46 PM,Microsoft-Windows-Security-SPP,16384,None,Successfully scheduled Software Protection service for re-start at 2023-08-26T14:38:46Z. Reason: RulesEngine.
Information,8/25/2023 10:05:15 PM,Microsoft-Windows-Security-SPP,16394,None,Offline downlevel migration succeeded.
Information,8/25/2023 9:14:58 PM,Microsoft-Windows-Security-SPP,16384,None,Successfully scheduled Software Protection service for re-start at 2023-08-26T14:38:58Z. Reason: RulesEngine.
Information,8/25/2023 9:14:27 PM,Microsoft-Windows-Security-SPP,16394,None,Offline downlevel migration succeeded.
Information,8/25/2023 9:05:46 PM,Microsoft-Windows-Security-SPP,16384,None,Successfully scheduled Software Protection service for re-start at 2023-08-26T14:38:46Z. Reason: RulesEngine.
Information,8/25/2023 9:05:15 PM,Microsoft-Windows-Security-SPP,16394,None,Offline downlevel migration succeeded.
Information,8/25/2023 8:05:46 PM,Microsoft-Windows-Security-SPP,16384,None,Successfully scheduled Software Protection service for re-start at 2023-08-26T14:38:46Z. Reason: RulesEngine.
Information,8/25/2023 8:05:15 PM,Microsoft-Windows-Security-SPP,16394,None,Offline downlevel migration succeeded.
Information,8/25/2023 7:39:06 PM,Microsoft-Windows-Security-SPP,16384,None,Successfully scheduled Software Protection service for re-start at 2023-08-26T14:39:06Z. Reason: RulesEngine.
Information,8/25/2023 7:38:28 PM,Microsoft-Windows-Security-SPP,16394,None,Offline downlevel migration succeeded.
Information,8/25/2023 7:25:42 PM,edgeupdate,0,None,Service stopped.
Information,8/25/2023 7:07:59 PM,Microsoft-Windows-Security-SPP,16384,None,Successfully scheduled Software Protection service for re-start at 2023-08-26T14:38:59Z. Reason: RulesEngine.
Information,8/25/2023 7:07:29 PM,Microsoft-Windows-Security-SPP,16394,None,Offline downlevel migration succeeded.
Information,8/25/2023 7:05:46 PM,Microsoft-Windows-Security-SPP,16384,None,Successfully scheduled Software Protection service for re-start at 2023-08-26T14:38:46Z. Reason: RulesEngine.
Information,8/25/2023 7:05:15 PM,Microsoft-Windows-Security-SPP,16394,None,Offline downlevel migration succeeded.
Information,8/25/2023 6:22:57 PM,Microsoft-Windows-Security-SPP,16384,None,Successfully scheduled Software Protection service for re-start at 2023-08-26T14:38:57Z. Reason: RulesEngine.
Information,8/25/2023 6:22:25 PM,Microsoft-Windows-Security-SPP,16394,None,Offline downlevel migration succeeded.
Information,8/25/2023 6:05:46 PM,Microsoft-Windows-Security-SPP,16384,None,Successfully scheduled Software Protection service for re-start at 2023-08-26T14:38:46Z. Reason: RulesEngine.
Information,8/25/2023 6:05:15 PM,Microsoft-Windows-Security-SPP,16394,None,Offline downlevel migration succeeded.
Information,8/25/2023 5:20:54 PM,Microsoft-Windows-Security-SPP,16384,None,Successfully scheduled Software Protection service for re-start at 2023-08-26T14:38:54Z. Reason: RulesEngine.
Information,8/25/2023 5:20:23 PM,Microsoft-Windows-Security-SPP,16394,None,Offline downlevel migration succeeded.
Information,8/25/2023 5:05:46 PM,Microsoft-Windows-Security-SPP,16384,None,Successfully scheduled Software Protection service for re-start at 2023-08-26T14:38:46Z. Reason: RulesEngine.
Information,8/25/2023 5:05:15 PM,Microsoft-Windows-Security-SPP,16394,None,Offline downlevel migration succeeded.
Information,8/25/2023 4:05:46 PM,Microsoft-Windows-Security-SPP,16384,None,Successfully scheduled Software Protection service for re-start at 2023-08-26T14:38:46Z. Reason: RulesEngine.
Information,8/25/2023 4:05:15 PM,Microsoft-Windows-Security-SPP,16394,None,Offline downlevel migration succeeded.
Information,8/25/2023 3:09:40 PM,Microsoft-Windows-Security-SPP,16384,None,Successfully scheduled Software Protection service for re-start at 2023-08-26T14:39:40Z. Reason: RulesEngine.
Information,8/25/2023 3:09:10 PM,Microsoft-Windows-Security-SPP,16394,None,Offline downlevel migration succeeded.
Information,8/25/2023 3:05:46 PM,Microsoft-Windows-Security-SPP,16384,None,Successfully scheduled Software Protection service for re-start at 2023-08-26T14:38:46Z. Reason: RulesEngine.
Information,8/25/2023 3:05:15 PM,Microsoft-Windows-Security-SPP,16394,None,Offline downlevel migration succeeded.
Information,8/25/2023 2:57:12 PM,Microsoft-Windows-Security-SPP,16384,None,Successfully scheduled Software Protection service for re-start at 2023-08-26T14:39:12Z. Reason: RulesEngine.
Information,8/25/2023 2:56:42 PM,Microsoft-Windows-Security-SPP,16394,None,Offline downlevel migration succeeded.
Information,8/25/2023 2:05:46 PM,Microsoft-Windows-Security-SPP,16384,None,Successfully scheduled Software Protection service for re-start at 2023-08-26T14:38:46Z. Reason: RulesEngine.
Information,8/25/2023 2:05:15 PM,Microsoft-Windows-Security-SPP,16394,None,Offline downlevel migration succeeded.
Information,8/25/2023 1:05:46 PM,Microsoft-Windows-Security-SPP,16384,None,Successfully scheduled Software Protection service for re-start at 2023-08-26T14:38:46Z. Reason: RulesEngine.
Information,8/25/2023 1:05:15 PM,Microsoft-Windows-Security-SPP,16394,None,Offline downlevel migration succeeded.
Information,8/25/2023 12:05:46 PM,Microsoft-Windows-Security-SPP,16384,None,Successfully scheduled Software Protection service for re-start at 2023-08-26T14:38:46Z. Reason: RulesEngine.
Information,8/25/2023 12:05:15 PM,Microsoft-Windows-Security-SPP,16394,None,Offline downlevel migration succeeded.
Information,8/25/2023 12:01:48 PM,Microsoft-Windows-Security-SPP,16384,None,Successfully scheduled Software Protection service for re-start at 2023-08-26T14:38:48Z. Reason: RulesEngine.
