Information,8/27/2023 3:15:35 AM,Microsoft-Windows-Security-SPP,1003,None,"The Software Protection service has completed licensing status check.
Application Id=55c92734-d682-4d71-983e-d6ec3f16059f
Licensing Status=
1: 040fa323-92b1-4baf-97a2-5b67feaefddb, 1, 0 [(0 [0xC004F014, 0, 0], [(?)(?)(?)(?)(?)(?)(?)(?)])(1 )(2 )(3 )]
2: 0724cb7d-3437-4cb7-93cb-830375d0079d, 1, 0 [(0 [0xC004F014, 0, 0], [(?)(?)(?)(?)(?)(?)(?)(?)])(1 )(2 )(3 )]
3: 0ad2ac98-7bb9-4201-8d92-312299201369, 1, 0 [(0 [0xC004F014, 0, 0], [(?)(?)(?)(?)(?)(?)(?)(?)])(1 )(2 )(3 )]
4: 1a9a717a-cf13-4ba5-83c3-0fe25fa868d5, 1, 0 [(0 [0xC004F014, 0, 0], [(?)(?)(?)(?)(?)(?)(?)(?)])(1 )(2 )(3 )]
5: 221a02da-e2a1-4b75-864c-0a4410a33fdf, 1, 0 [(0 [0xC004F014, 0, 0], [(?)(?)(?)(?)(?)(?)(?)(?)])(1 )(2 )(3 )]
6: 291ece0e-9c38-40ca-a9e1-32cc7ec19507, 1, 0 [(0 [0xC004F014, 0, 0], [(?)(?)(?)(?)(?)(?)(?)(?)])(1 )(2 )(3 )]
7: 2936d1d2-913a-4542-b54e-ce5a602a2a38, 1, 0 [(0 [0xC004F014, 0, 0], [(?)(?)(?)(?)(?)(?)(?)(?)])(1 )(2 )(3 )]
8: 2c293c26-a45a-4a2a-a350-c69a67097529, 1, 0 [(0 [0xC004F014, 0, 0], [(?)(?)(?)(?)(?)(?)(?)(?)])(1 )(2 )(3 )]
9: 2de67392-b7a7-462a-b1ca-108dd189f588, 1, 0 [(0 [0xC004F014, 0, 0], [(?)(?)(?)(?)(?)(?)(?)(?)])(1 )(2 )(3 )]
10: 2ffd8952-423e-4903-b993-72a1aa44cf82, 1, 0 [(0 [0xC004F014, 0, 0], [(?)(?)(?)(?)(?)(?)(?)(?)])(1 )(2 )(3 )]
11: 30a42c86-b7a0-4a34-8c90-ff177cb2acb7, 1, 0 [(0 [0xC004F014, 0, 0], [(?)(?)(?)(?)(?)(?)(?)(?)])(1 )(2 )(3 )]
12: 345a5db0-d94f-4e3b-a0c0-7c42f7bc3ebf, 1, 0 [(0 [0xC004F014, 0, 0], [(?)(?)(?)(?)(?)(?)(?)(?)])(1 )(2 )(3 )]
13: 3502365a-f88a-4ba4-822a-5769d3073b65, 1, 0 [(0 [0xC004F014, 0, 0], [(?)(?)(?)(?)(?)(?)(?)(?)])(1 )(2 )(3 )]
14: 377333b1-8b5d-48d6-9679-1225c872d37c, 1, 0 [(0 [0xC004F014, 0, 0], [(?)(?)(?)(?)(?)(?)(?)(?)])(1 )(2 )(3 )]
15: 3df374ef-d444-4494-a5a1-4b0d9fd0e203, 1, 0 [(0 [0xC004F014, 0, 0], [(?)(?)(?)(?)(?)(?)(?)(?)])(1 )(2 )(3 )]
16: 3f1afc82-f8ac-4f6c-8005-1d233e606eee, 1, 0 [(0 [0xC004F014, 0, 0], [(?)(?)(?)(?)(?)(?)(?)(?)])(1 )(2 )(3 )]
17: 49cd895b-53b2-4dc4-a5f7-b18aa019ad37, 1, 0 [(0 [0xC004F014, 0, 0], [(?)(?)(?)(?)(?)(?)(?)(?)])(1 )(2 )(3 )]
18: 4de7cb65-cdf1-4de9-8ae8-e3cce27b9f2c, 1, 1 [(0 )(1 )(2 [0xC004E003, 0, 0], [( 1 0xC004F034)( 1 0xC004F034)(?)(?)(?)(?)(?)(?)])(3 [0x00000000, 0, 0], [( 6 0xC004F009 0 0)( 1 0x00000000)( 6 0xC004F009 0 0)(?)(?)(?)( 10 0x00000000 msft:rm/algorithm/flags/1.0)( 11 0x00000000 0xC004F034)])]
19: 4f3da0d2-271d-4508-ae81-626b60809a38, 1, 0 [(0 [0xC004F014, 0, 0], [(?)(?)(?)(?)(?)(?)(?)(?)])(1 )(2 )(3 )]
20: 60b3ec1b-9545-4921-821f-311b129dd6f6, 1, 0 [(0 [0xC004F014, 0, 0], [(?)(?)(?)(?)(?)(?)(?)(?)])(1 )(2 )(3 )]
21: 613d217f-7f13-4268-9907-1662339531cd, 1, 0 [(0 [0xC004F014, 0, 0], [(?)(?)(?)(?)(?)(?)(?)(?)])(1 )(2 )(3 )]
22: 62f0c100-9c53-4e02-b886-a3528ddfe7f6, 1, 0 [(0 [0xC004F014, 0, 0], [(?)(?)(?)(?)(?)(?)(?)(?)])(1 )(2 )(3 )]
23: 6365275e-368d-46ca-a0ef-fc0404119333, 1, 0 [(0 [0xC004F014, 0, 0], [(?)(?)(?)(?)(?)(?)(?)(?)])(1 )(2 )(3 )]
24: 721f9237-9341-4453-a661-09e8baa6cca5, 1, 0 [(0 [0xC004F014, 0, 0], [(?)(?)(?)(?)(?)(?)(?)(?)])(1 )(2 )(3 )]
25: 73111121-5638-40f6-bc11-f1d7b0d64300, 1, 0 [(0 [0xC004F014, 0, 0], [(?)(?)(?)(?)(?)(?)(?)(?)])(1 )(2 )(3 )]
26: 7a802526-4c94-4bd1-ba14-835a1aca2120, 1, 0 [(0 [0xC004F014, 0, 0], [(?)(?)(?)(?)(?)(?)(?)(?)])(1 )(2 )(3 )]
27: 7cb546c0-c7d5-44d8-9a5c-69ecdd782b69, 1, 0 [(0 [0xC004F014, 0, 0], [(?)(?)(?)(?)(?)(?)(?)(?)])(1 )(2 )(3 )]
28: 82bbc092-bc50-4e16-8e18-b74fc486aec3, 1, 0 [(0 [0xC004F014, 0, 0], [(?)(?)(?)(?)(?)(?)(?)(?)])(1 )(2 )(3 )]
29: 8ab9bdd1-1f67-4997-82d9-8878520837d9, 1, 0 [(0 [0xC004F014, 0, 0], [(?)(?)(?)(?)(?)(?)(?)(?)])(1 )(2 )(3 )]
30: 8b351c9c-f398-4515-9900-09df49427262, 1, 0 [(0 [0xC004F014, 0, 0], [(?)(?)(?)(?)(?)(?)(?)(?)])(1 )(2 )(3 )]
31: 90da7373-1c51-430b-bf26-c97e9c5cdc31, 1, 0 [(0 [0xC004F014, 0, 0], [(?)(?)(?)(?)(?)(?)(?)(?)])(1 )(2 )(3 )]
32: 95dca82f-385d-4d39-b85b-5c73fa285d6f, 1, 0 [(0 [0xC004F014, 0, 0], [(?)(?)(?)(?)(?)(?)(?)(?)])(1 )(2 )(3 )]
33: a48938aa-62fa-4966-9d44-9f04da3f72f2, 1, 0 [(0 [0xC004F014, 0, 0], [(?)(?)(?)(?)(?)(?)(?)(?)])(1 )(2 )(3 )]
34: b0773a15-df3a-4312-9ad2-83d69648e356, 1, 0 [(0 [0xC004F014, 0, 0], [(?)(?)(?)(?)(?)(?)(?)(?)])(1 )(2 )(3 )]
35: b4bfe195-541e-4e64-ad23-6177f19e395e, 1, 0 [(0 [0xC004F014, 0, 0], [(?)(?)(?)(?)(?)(?)(?)(?)])(1 )(2 )(3 )]
36: b68e61d2-68ca-4757-be45-0cc2f3e68eee, 1, 0 [(0 [0xC004F014, 0, 0], [(?)(?)(?)(?)(?)(?)(?)(?)])(1 )(2 )(3 )]
37: bd3762d7-270d-4760-8fb3-d829ca45278a, 1, 0 [(0 [0xC004F014, 0, 0], [(?)(?)(?)(?)(?)(?)(?)(?)])(1 )(2 )(3 )]
38: c86d5194-4840-4dae-9c1c-0301003a5ab0, 1, 0 [(0 [0xC004F014, 0, 0], [(?)(?)(?)(?)(?)(?)(?)(?)])(1 )(2 )(3 )]
39: d552befb-48cc-4327-8f39-47d2d94f987c, 1, 0 [(0 [0xC004F014, 0, 0], [(?)(?)(?)(?)(?)(?)(?)(?)])(1 )(2 )(3 )]
40: d6eadb3b-5ca8-4a6b-986e-35b550756111, 1, 0 [(0 [0xC004F014, 0, 0], [(?)(?)(?)(?)(?)(?)(?)(?)])(1 )(2 )(3 )]
41: df96023b-dcd9-4be2-afa0-c6c871159ebe, 1, 0 [(0 [0xC004F014, 0, 0], [(?)(?)(?)(?)(?)(?)(?)(?)])(1 )(2 )(3 )]
42: e0c42288-980c-4788-a014-c080d2e1926e, 1, 0 [(0 [0xC004F014, 0, 0], [(?)(?)(?)(?)(?)(?)(?)(?)])(1 )(2 )(3 )]
43: e4db50ea-bda1-4566-b047-0ca50abc6f07, 1, 0 [(0 [0xC004F014, 0, 0], [(?)(?)(?)(?)(?)(?)(?)(?)])(1 )(2 )(3 )]
44: e558417a-5123-4f6f-91e7-385c1c7ca9d4, 1, 0 [(0 [0xC004F014, 0, 0], [(?)(?)(?)(?)(?)(?)(?)(?)])(1 )(2 )(3 )]
45: e7a950a2-e548-4f10-bf16-02ec848e0643, 1, 0 [(0 [0xC004F014, 0, 0], [(?)(?)(?)(?)(?)(?)(?)(?)])(1 )(2 )(3 )]
46: eb6d346f-1c60-4643-b960-40ec31596c45, 1, 0 [(0 [0xC004F014, 0, 0], [(?)(?)(?)(?)(?)(?)(?)(?)])(1 )(2 )(3 )]
47: ec868e65-fadf-4759-b23e-93fe37f2cc29, 1, 0 [(0 [0xC004F014, 0, 0], [(?)(?)(?)(?)(?)(?)(?)(?)])(1 )(2 )(3 )]
48: ef51e000-2659-4f25-8345-3de70a9cf4c4, 1, 0 [(0 [0xC004F014, 0, 0], [(?)(?)(?)(?)(?)(?)(?)(?)])(1 )(2 )(3 )]
49: f7af7d09-40e4-419c-a49b-eae366689ebd, 1, 0 [(0 [0xC004F014, 0, 0], [(?)(?)(?)(?)(?)(?)(?)(?)])(1 )(2 )(3 )]
50: fa755fe6-6739-40b9-8d84-6d0ea3b6d1ab, 1, 0 [(0 [0xC004F014, 0, 0], [(?)(?)(?)(?)(?)(?)(?)(?)])(1 )(2 )(3 )]
51: fe74f55b-0338-41d6-b267-4a201abe7285, 1, 0 [(0 [0xC004F014, 0, 0], [(?)(?)(?)(?)(?)(?)(?)(?)])(1 )(2 )(3 )]

"
Information,8/27/2023 3:15:35 AM,Microsoft-Windows-Security-SPP,1066,None,"Initialization status for service objects.
C:\WINDOWS\system32\sppwinob.dll, msft:spp/windowsfunctionality/agent/7.0, 0x00000000, 0x00000000
C:\WINDOWS\system32\sppobjs.dll, msft:rm/algorithm/inherited/1.0, 0x00000000, 0x00000000
C:\WINDOWS\system32\sppobjs.dll, msft:rm/algorithm/phone/1.0, 0x00000000, 0x00000000
C:\WINDOWS\system32\sppobjs.dll, msft:rm/algorithm/pkey/detect, 0x00000000, 0x00000000
C:\WINDOWS\system32\sppobjs.dll, msft:spp/ActionScheduler/1.0, 0x00000000, 0x00000000
C:\WINDOWS\system32\sppobjs.dll, msft:spp/TaskScheduler/1.0, 0x00000000, 0x00000000
C:\WINDOWS\system32\sppobjs.dll, msft:spp/statecollector/pkey, 0x00000000, 0x00000000
C:\WINDOWS\system32\sppobjs.dll, msft:spp/volume/services/kms/1.0, 0x00000000, 0x00000000
C:\WINDOWS\system32\sppobjs.dll, msft:spp/volume/services/kms/activationinfo/1.0, 0x00000000, 0x00000000
"
Information,8/27/2023 3:15:34 AM,Microsoft-Windows-Security-SPP,16394,None,Offline downlevel migration succeeded.
Information,8/27/2023 3:15:33 AM,Microsoft-Windows-Security-SPP,900,None,"The Software Protection service is starting.
Parameters:TriggerStarted:6"
Information,8/27/2023 3:15:27 AM,VMUpgradeHelper,271,None,"The description for Event ID 271 from source VMUpgradeHelper cannot be found. Either the component that raises this event is not installed on your local computer or the installation is corrupted. You can install or repair the component on the local computer.

If the event originated on another computer, the display information had to be saved with the event.

The following information was included with the event: 


The message resource is present but the message was not found in the message table
"
Information,8/27/2023 3:15:25 AM,Microsoft-Windows-MSDTC 2,4202,TM,"MSDTC started with the following settings: Security Configuration (OFF = 0 and ON = 1): Allow Remote Administrator = 0, Network Clients = 0, Transaction Manager Communication:  Allow Inbound Transactions = 0, Allow Outbound Transactions = 0, Transaction Internet Protocol (TIP) = 0,  Enable XA Transactions = 0,  Enable SNA LU 6.2 Transactions = 1,  MSDTC Communications Security = Mutual Authentication Required, Account = NT AUTHORITY\NetworkService,  Firewall Exclusion Detected = 0 Transaction Bridge Installed = 0 Filtering Duplicate Events = 1"
Information,8/27/2023 3:15:23 AM,VMUpgradeHelper,258,None,The wait operation timed out. 
Information,8/27/2023 3:15:20 AM,Microsoft-Windows-Complus,781,None,The COM+ sub system is suppressing duplicate event log entries for a duration of 86400 seconds.  The suppression timeout can be controlled by a REG_DWORD value named SuppressDuplicateDuration under the following registry key: HKLM\Software\Microsoft\COM3\Eventlog.
Information,8/27/2023 3:15:13 AM,VMTools,105,None,The previous ownership of this semaphore has ended. 
Information,8/27/2023 3:15:11 AM,Microsoft-Windows-WMI,5617,None,Windows Management Instrumentation Service subsystems initialized successfully
Information,8/27/2023 3:15:10 AM,Microsoft-Windows-WMI,5615,None,Windows Management Instrumentation Service started sucessfully
Information,8/27/2023 3:15:05 AM,Microsoft-Windows-EventSystem,4625,None,The EventSystem sub system is suppressing duplicate event log entries for a duration of 86400 seconds.  The suppression timeout can be controlled by a REG_DWORD value named SuppressDuplicateDuration under the following registry key: HKLM\Software\Microsoft\EventSystem\EventLog.
Information,8/27/2023 3:15:04 AM,Microsoft-Windows-User Profiles Service,1531,None,"The User Profile Service has started successfully.  

"
Information,8/27/2023 3:14:41 AM,Microsoft-Windows-User Profiles Service,1532,None,"The User Profile Service has stopped.  

"
Information,8/27/2023 3:14:41 AM,VMTools,108,None,The disk is in use or locked by another process. 
Information,8/27/2023 3:14:41 AM,VMUpgradeHelper,272,None,"The description for Event ID 272 from source VMUpgradeHelper cannot be found. Either the component that raises this event is not installed on your local computer or the installation is corrupted. You can install or repair the component on the local computer.

If the event originated on another computer, the display information had to be saved with the event.

The following information was included with the event: 


The message resource is present but the message was not found in the message table
"
Information,8/27/2023 3:14:41 AM,VMUpgradeHelper,260,None,"The description for Event ID 260 from source VMUpgradeHelper cannot be found. Either the component that raises this event is not installed on your local computer or the installation is corrupted. You can install or repair the component on the local computer.

If the event originated on another computer, the display information had to be saved with the event.

The following information was included with the event: 


The message resource is present but the message was not found in the message table
"
Information,8/27/2023 3:14:41 AM,Microsoft-Windows-Winlogon,6000,None,The winlogon notification subscriber <WSearch> was unavailable to handle a notification event.
Information,8/27/2023 3:04:44 AM,Microsoft-Windows-Security-SPP,16384,None,Successfully scheduled Software Protection service for re-start at 2023-08-28T09:15:44Z. Reason: RulesEngine.
Information,8/27/2023 3:04:13 AM,Microsoft-Windows-Security-SPP,16394,None,Offline downlevel migration succeeded.
Information,8/27/2023 3:00:22 AM,Windows Error Reporting,1001,None,"Fault bucket 2075482446424042675, type 5
Event Name: RADAR_PRE_LEAK_64
Response: Not available
Cab Id: 0

Problem signature:
P1: Wireshark.exe
P2: 4.0.8.0
P3: 10.0.19044.2.0.0
P4: 
P5: 
P6: 
P7: 
P8: 
P9: 
P10: 

Attached files:
\\?\C:\Users\ADMINI~1\AppData\Local\Temp\RDR99F6.tmp\empty.txt
\\?\C:\ProgramData\Microsoft\Windows\WER\Temp\WER9A26.tmp.WERInternalMetadata.xml
\\?\C:\ProgramData\Microsoft\Windows\WER\Temp\WER9A37.tmp.xml
\\?\C:\ProgramData\Microsoft\Windows\WER\Temp\WER9A45.tmp.csv
\\?\C:\ProgramData\Microsoft\Windows\WER\Temp\WER9A75.tmp.txt

These files may be available here:


Analysis symbol: 
Rechecking for solution: 0
Report Id: 5be42cf7-ebb2-43fa-8a22-855877d457b8
Report Status: 268435456
Hashed bucket: 462ed488090d80e41ccd9849e4a9ecb3
Cab Guid: 0"
Information,8/27/2023 2:58:59 AM,Microsoft-Windows-Security-SPP,16384,None,Successfully scheduled Software Protection service for re-start at 2023-08-28T09:15:59Z. Reason: RulesEngine.
Information,8/27/2023 2:58:36 AM,Windows Error Reporting,1001,None,"Fault bucket 1653906514746439089, type 5
Event Name: StoreAgentDownloadFailure1
Response: Not available
Cab Id: 0

Problem signature:
P1: Update;ScanForUpdates
P2: 80073d01
P3: 19044
P4: 2965
P5: Windows.Desktop
P6: 2
P7: 
P8: 
P9: 
P10: 

Attached files:
\\?\C:\ProgramData\Microsoft\Windows\WER\Temp\WERFD1F.tmp.WERInternalMetadata.xml

These files may be available here:
\\?\C:\ProgramData\Microsoft\Windows\WER\ReportArchive\NonCritical_Update;ScanForUp_3745fa4d6f585061d1e1b62cd6bef484bf52e1_00000000_f7cde99c-435a-439f-b7e7-3de1c43a41d2

Analysis symbol: 
Rechecking for solution: 0
Report Id: f7cde99c-435a-439f-b7e7-3de1c43a41d2
Report Status: 268435456
Hashed bucket: be8232cd753438bb86f3db365f2a75b1
Cab Guid: 0"
Information,8/27/2023 2:58:35 AM,Windows Error Reporting,1001,None,"Fault bucket , type 0
Event Name: StoreAgentDownloadFailure1
Response: Not available
Cab Id: 0

Problem signature:
P1: Update;ScanForUpdates
P2: 80073d01
P3: 19044
P4: 2965
P5: Windows.Desktop
P6: 2
P7: 
P8: 
P9: 
P10: 

Attached files:

These files may be available here:
\\?\C:\ProgramData\Microsoft\Windows\WER\ReportQueue\NonCritical_Update;ScanForUp_3745fa4d6f585061d1e1b62cd6bef484bf52e1_00000000_f7cde99c-435a-439f-b7e7-3de1c43a41d2

Analysis symbol: 
Rechecking for solution: 0
Report Id: f7cde99c-435a-439f-b7e7-3de1c43a41d2
Report Status: 4
Hashed bucket: 
Cab Guid: 0"
Information,8/27/2023 2:58:28 AM,Microsoft-Windows-Security-SPP,16394,None,Offline downlevel migration succeeded.
Information,8/27/2023 2:57:25 AM,Windows Error Reporting,1001,None,"Fault bucket 1251263801898091169, type 5
Event Name: StoreAgentDownloadFailure1
Response: Not available
Cab Id: 0

Problem signature:
P1: Update;ScanForUpdates
P2: 80073d01
P3: 19044
P4: 2965
P5: Windows.Desktop
P6: P
P7: 
P8: 
P9: 
P10: 

Attached files:
\\?\C:\ProgramData\Microsoft\Windows\WER\Temp\WERE3DF.tmp.WERInternalMetadata.xml

These files may be available here:
\\?\C:\ProgramData\Microsoft\Windows\WER\ReportArchive\NonCritical_Update;ScanForUp_f9e3aee9c35cb67057aa0cf69582d28cdd09d94_00000000_e337d99f-5649-494b-950b-f17bac19c45d

Analysis symbol: 
Rechecking for solution: 0
Report Id: e337d99f-5649-494b-950b-f17bac19c45d
Report Status: 268435456
Hashed bucket: 8d44102b62e16239015d61cc6070c2a1
Cab Guid: 0"
Information,8/27/2023 2:57:23 AM,Windows Error Reporting,1001,None,"Fault bucket , type 0
Event Name: StoreAgentDownloadFailure1
Response: Not available
Cab Id: 0

Problem signature:
P1: Update;ScanForUpdates
P2: 80073d01
P3: 19044
P4: 2965
P5: Windows.Desktop
P6: P
P7: 
P8: 
P9: 
P10: 

Attached files:

These files may be available here:
\\?\C:\ProgramData\Microsoft\Windows\WER\ReportQueue\NonCritical_Update;ScanForUp_f9e3aee9c35cb67057aa0cf69582d28cdd09d94_00000000_e337d99f-5649-494b-950b-f17bac19c45d

Analysis symbol: 
Rechecking for solution: 0
Report Id: e337d99f-5649-494b-950b-f17bac19c45d
Report Status: 4
Hashed bucket: 
Cab Guid: 0"
Information,8/27/2023 2:57:10 AM,Windows Error Reporting,1001,None,"Fault bucket 1366490662809428568, type 5
Event Name: StoreAgentDownloadFailure1
Response: Not available
Cab Id: 0

Problem signature:
P1: Update;ScanForUpdates
P2: 80073d01
P3: 19044
P4: 2965
P5: Windows.Desktop
P6: F
P7: 
P8: 
P9: 
P10: 

Attached files:
\\?\C:\ProgramData\Microsoft\Windows\WER\Temp\WERA88B.tmp.WERInternalMetadata.xml

These files may be available here:
\\?\C:\ProgramData\Microsoft\Windows\WER\ReportArchive\NonCritical_Update;ScanForUp_db5a7d1fa3aa3a2bcf4c3a87ba34f43b6274fe_00000000_38bcb16c-dbee-4fb6-ac65-9f8538f1db69

Analysis symbol: 
Rechecking for solution: 0
Report Id: 38bcb16c-dbee-4fb6-ac65-9f8538f1db69
Report Status: 268435456
Hashed bucket: 2b6f26208853836b22f6c00491a4e258
Cab Guid: 0"
Information,8/27/2023 2:57:08 AM,Windows Error Reporting,1001,None,"Fault bucket , type 0
Event Name: StoreAgentDownloadFailure1
Response: Not available
Cab Id: 0

Problem signature:
P1: Update;ScanForUpdates
P2: 80073d01
P3: 19044
P4: 2965
P5: Windows.Desktop
P6: F
P7: 
P8: 
P9: 
P10: 

Attached files:

These files may be available here:
\\?\C:\ProgramData\Microsoft\Windows\WER\ReportQueue\NonCritical_Update;ScanForUp_db5a7d1fa3aa3a2bcf4c3a87ba34f43b6274fe_00000000_38bcb16c-dbee-4fb6-ac65-9f8538f1db69

Analysis symbol: 
Rechecking for solution: 0
Report Id: 38bcb16c-dbee-4fb6-ac65-9f8538f1db69
Report Status: 4
Hashed bucket: 
Cab Guid: 0"
Information,8/27/2023 2:57:04 AM,Windows Error Reporting,1001,None,"Fault bucket 1470715756877697332, type 5
Event Name: StoreAgentDownloadFailure1
Response: Not available
Cab Id: 0

Problem signature:
P1: Update;ScanForUpdates
P2: 80073d01
P3: 19044
P4: 2965
P5: Windows.Desktop
P6: 4
P7: 
P8: 
P9: 
P10: 

Attached files:
\\?\C:\ProgramData\Microsoft\Windows\WER\Temp\WER9189.tmp.WERInternalMetadata.xml

These files may be available here:
\\?\C:\ProgramData\Microsoft\Windows\WER\ReportArchive\NonCritical_Update;ScanForUp_b8fbbe52af79e4f6ab776b0bf26851fc8abcbc8_00000000_2545c99a-ec54-49dd-a19f-e95999b027b6

Analysis symbol: 
Rechecking for solution: 0
Report Id: 2545c99a-ec54-49dd-a19f-e95999b027b6
Report Status: 268435456
Hashed bucket: 562ffc157a449610646908304e43d134
Cab Guid: 0"
Information,8/27/2023 2:57:01 AM,Windows Error Reporting,1001,None,"Fault bucket , type 0
Event Name: StoreAgentDownloadFailure1
Response: Not available
Cab Id: 0

Problem signature:
P1: Update;ScanForUpdates
P2: 80073d01
P3: 19044
P4: 2965
P5: Windows.Desktop
P6: 4
P7: 
P8: 
P9: 
P10: 

Attached files:

These files may be available here:
\\?\C:\ProgramData\Microsoft\Windows\WER\ReportQueue\NonCritical_Update;ScanForUp_b8fbbe52af79e4f6ab776b0bf26851fc8abcbc8_00000000_2545c99a-ec54-49dd-a19f-e95999b027b6

Analysis symbol: 
Rechecking for solution: 0
Report Id: 2545c99a-ec54-49dd-a19f-e95999b027b6
Report Status: 4
Hashed bucket: 
Cab Guid: 0"
Information,8/27/2023 2:56:59 AM,Windows Error Reporting,1001,None,"Fault bucket 1611398656441190883, type 5
Event Name: StoreAgentDownloadFailure1
Response: Not available
Cab Id: 0

Problem signature:
P1: Update;ScanForUpdates
P2: 80073d01
P3: 19044
P4: 2965
P5: Windows.Desktop
P6: G
P7: 
P8: 
P9: 
P10: 

Attached files:
\\?\C:\ProgramData\Microsoft\Windows\WER\Temp\WER7B22.tmp.WERInternalMetadata.xml

These files may be available here:
\\?\C:\ProgramData\Microsoft\Windows\WER\ReportArchive\NonCritical_Update;ScanForUp_82d8cbe3af1a8fe7f7dca5eb89c4d65ab8210_00000000_18001710-23e5-4b03-b363-0b0e9ddaef1f

Analysis symbol: 
Rechecking for solution: 0
Report Id: 18001710-23e5-4b03-b363-0b0e9ddaef1f
Report Status: 268435456
Hashed bucket: 38b9d3720af05f31465cd68a5cb809e3
Cab Guid: 0"
Information,8/27/2023 2:56:56 AM,Windows Error Reporting,1001,None,"Fault bucket , type 0
Event Name: StoreAgentDownloadFailure1
Response: Not available
Cab Id: 0

Problem signature:
P1: Update;ScanForUpdates
P2: 80073d01
P3: 19044
P4: 2965
P5: Windows.Desktop
P6: G
P7: 
P8: 
P9: 
P10: 

Attached files:

These files may be available here:
\\?\C:\ProgramData\Microsoft\Windows\WER\ReportQueue\NonCritical_Update;ScanForUp_82d8cbe3af1a8fe7f7dca5eb89c4d65ab8210_00000000_18001710-23e5-4b03-b363-0b0e9ddaef1f

Analysis symbol: 
Rechecking for solution: 0
Report Id: 18001710-23e5-4b03-b363-0b0e9ddaef1f
Report Status: 4
Hashed bucket: 
Cab Guid: 0"
Information,8/27/2023 2:56:46 AM,Windows Error Reporting,1001,None,"Fault bucket 1470715756877697332, type 5
Event Name: StoreAgentDownloadFailure1
Response: Not available
Cab Id: 0

Problem signature:
P1: Update;ScanForUpdates
P2: 80073d01
P3: 19044
P4: 2965
P5: Windows.Desktop
P6: 4
P7: 
P8: 
P9: 
P10: 

Attached files:
\\?\C:\ProgramData\Microsoft\Windows\WER\Temp\WER4964.tmp.WERInternalMetadata.xml

These files may be available here:
\\?\C:\ProgramData\Microsoft\Windows\WER\ReportArchive\NonCritical_Update;ScanForUp_b8fbbe52af79e4f6ab776b0bf26851fc8abcbc8_00000000_3f529838-d485-4560-8f29-fd24636adf97

Analysis symbol: 
Rechecking for solution: 0
Report Id: 3f529838-d485-4560-8f29-fd24636adf97
Report Status: 268435456
Hashed bucket: 562ffc157a449610646908304e43d134
Cab Guid: 0"
Information,8/27/2023 2:56:43 AM,Windows Error Reporting,1001,None,"Fault bucket , type 0
Event Name: StoreAgentDownloadFailure1
Response: Not available
Cab Id: 0

Problem signature:
P1: Update;ScanForUpdates
P2: 80073d01
P3: 19044
P4: 2965
P5: Windows.Desktop
P6: 4
P7: 
P8: 
P9: 
P10: 

Attached files:

These files may be available here:
\\?\C:\ProgramData\Microsoft\Windows\WER\ReportQueue\NonCritical_Update;ScanForUp_b8fbbe52af79e4f6ab776b0bf26851fc8abcbc8_00000000_3f529838-d485-4560-8f29-fd24636adf97

Analysis symbol: 
Rechecking for solution: 0
Report Id: 3f529838-d485-4560-8f29-fd24636adf97
Report Status: 4
Hashed bucket: 
Cab Guid: 0"
Information,8/27/2023 2:56:23 AM,Windows Error Reporting,1001,None,"Fault bucket 1251263801898091169, type 5
Event Name: StoreAgentDownloadFailure1
Response: Not available
Cab Id: 0

Problem signature:
P1: Update;ScanForUpdates
P2: 80073d01
P3: 19044
P4: 2965
P5: Windows.Desktop
P6: P
P7: 
P8: 
P9: 
P10: 

Attached files:
\\?\C:\ProgramData\Microsoft\Windows\WER\Temp\WERF132.tmp.WERInternalMetadata.xml

These files may be available here:
\\?\C:\ProgramData\Microsoft\Windows\WER\ReportArchive\NonCritical_Update;ScanForUp_f9e3aee9c35cb67057aa0cf69582d28cdd09d94_00000000_37b7d30e-3b45-4607-bf5e-e8816831c2fd

Analysis symbol: 
Rechecking for solution: 0
Report Id: 37b7d30e-3b45-4607-bf5e-e8816831c2fd
Report Status: 268435456
Hashed bucket: 8d44102b62e16239015d61cc6070c2a1
Cab Guid: 0"
Information,8/27/2023 2:56:21 AM,Windows Error Reporting,1001,None,"Fault bucket , type 0
Event Name: StoreAgentDownloadFailure1
Response: Not available
Cab Id: 0

Problem signature:
P1: Update;ScanForUpdates
P2: 80073d01
P3: 19044
P4: 2965
P5: Windows.Desktop
P6: P
P7: 
P8: 
P9: 
P10: 

Attached files:

These files may be available here:
\\?\C:\ProgramData\Microsoft\Windows\WER\ReportQueue\NonCritical_Update;ScanForUp_f9e3aee9c35cb67057aa0cf69582d28cdd09d94_00000000_37b7d30e-3b45-4607-bf5e-e8816831c2fd

Analysis symbol: 
Rechecking for solution: 0
Report Id: 37b7d30e-3b45-4607-bf5e-e8816831c2fd
Report Status: 4
Hashed bucket: 
Cab Guid: 0"
Information,8/27/2023 2:56:12 AM,Microsoft-Windows-Security-SPP,16384,None,Successfully scheduled Software Protection service for re-start at 2023-08-28T09:16:12Z. Reason: RulesEngine.
Information,8/27/2023 2:56:01 AM,Windows Error Reporting,1001,None,"Fault bucket 1611398656441190883, type 5
Event Name: StoreAgentDownloadFailure1
Response: Not available
Cab Id: 0

Problem signature:
P1: Update;ScanForUpdates
P2: 80073d01
P3: 19044
P4: 2965
P5: Windows.Desktop
P6: G
P7: 
P8: 
P9: 
P10: 

Attached files:
\\?\C:\ProgramData\Microsoft\Windows\WER\Temp\WER996D.tmp.WERInternalMetadata.xml

These files may be available here:
\\?\C:\ProgramData\Microsoft\Windows\WER\ReportArchive\NonCritical_Update;ScanForUp_82d8cbe3af1a8fe7f7dca5eb89c4d65ab8210_00000000_5fb1a002-d196-4d15-aa6a-1c14370370bb

Analysis symbol: 
Rechecking for solution: 0
Report Id: 5fb1a002-d196-4d15-aa6a-1c14370370bb
Report Status: 268435456
Hashed bucket: 38b9d3720af05f31465cd68a5cb809e3
Cab Guid: 0"
Information,8/27/2023 2:55:57 AM,Windows Error Reporting,1001,None,"Fault bucket , type 0
Event Name: StoreAgentDownloadFailure1
Response: Not available
Cab Id: 0

Problem signature:
P1: Update;ScanForUpdates
P2: 80073d01
P3: 19044
P4: 2965
P5: Windows.Desktop
P6: G
P7: 
P8: 
P9: 
P10: 

Attached files:

These files may be available here:
\\?\C:\ProgramData\Microsoft\Windows\WER\ReportQueue\NonCritical_Update;ScanForUp_82d8cbe3af1a8fe7f7dca5eb89c4d65ab8210_00000000_5fb1a002-d196-4d15-aa6a-1c14370370bb

Analysis symbol: 
Rechecking for solution: 0
Report Id: 5fb1a002-d196-4d15-aa6a-1c14370370bb
Report Status: 4
Hashed bucket: 
Cab Guid: 0"
Information,8/27/2023 2:55:41 AM,Microsoft-Windows-Security-SPP,16394,None,Offline downlevel migration succeeded.
Information,8/27/2023 2:46:29 AM,Microsoft-Windows-Security-SPP,16384,None,Successfully scheduled Software Protection service for re-start at 2023-08-28T09:15:29Z. Reason: RulesEngine.
Information,8/27/2023 2:46:19 AM,SecurityCenter,15,None,Updated Windows Defender status successfully to SECURITY_PRODUCT_STATE_ON.
Information,8/27/2023 2:45:56 AM,Microsoft-Windows-Security-SPP,16394,None,Offline downlevel migration succeeded.
Information,8/27/2023 2:39:45 AM,gupdate,0,None,The operation completed successfully. 
Information,8/27/2023 2:37:30 AM,Microsoft-Windows-Security-SPP,16384,None,Successfully scheduled Software Protection service for re-start at 2023-08-28T09:15:30Z. Reason: RulesEngine.
Information,8/27/2023 2:37:06 AM,Windows Error Reporting,1001,None,"Fault bucket 1653906514746439089, type 5
Event Name: StoreAgentDownloadFailure1
Response: Not available
Cab Id: 0

Problem signature:
P1: Update;ScanForUpdates
P2: 80073d01
P3: 19044
P4: 2965
P5: Windows.Desktop
P6: 2
P7: 
P8: 
P9: 
P10: 

Attached files:
\\?\C:\ProgramData\Microsoft\Windows\WER\Temp\WER47D5.tmp.WERInternalMetadata.xml

These files may be available here:
\\?\C:\ProgramData\Microsoft\Windows\WER\ReportArchive\NonCritical_Update;ScanForUp_3745fa4d6f585061d1e1b62cd6bef484bf52e1_00000000_b384d54e-bb2b-40d0-82af-9b13d7b21ce4

Analysis symbol: 
Rechecking for solution: 0
Report Id: b384d54e-bb2b-40d0-82af-9b13d7b21ce4
Report Status: 268435456
Hashed bucket: be8232cd753438bb86f3db365f2a75b1
Cab Guid: 0"
Information,8/27/2023 2:37:03 AM,Windows Error Reporting,1001,None,"Fault bucket , type 0
Event Name: StoreAgentDownloadFailure1
Response: Not available
Cab Id: 0

Problem signature:
P1: Update;ScanForUpdates
P2: 80073d01
P3: 19044
P4: 2965
P5: Windows.Desktop
P6: 2
P7: 
P8: 
P9: 
P10: 

Attached files:

These files may be available here:
\\?\C:\ProgramData\Microsoft\Windows\WER\ReportQueue\NonCritical_Update;ScanForUp_3745fa4d6f585061d1e1b62cd6bef484bf52e1_00000000_b384d54e-bb2b-40d0-82af-9b13d7b21ce4

Analysis symbol: 
Rechecking for solution: 0
Report Id: b384d54e-bb2b-40d0-82af-9b13d7b21ce4
Report Status: 4
Hashed bucket: 
Cab Guid: 0"
Information,8/27/2023 2:36:58 AM,Microsoft-Windows-Security-SPP,16394,None,Offline downlevel migration succeeded.
Information,8/27/2023 2:36:47 AM,Windows Error Reporting,1001,None,"Fault bucket 2256550354928771760, type 5
Event Name: StoreAgentDownloadFailure1
Response: Not available
Cab Id: 0

Problem signature:
P1: Update;ScanForUpdates
P2: 80073d01
P3: 19044
P4: 2965
P5: Windows.Desktop
P6: T
P7: 
P8: 
P9: 
P10: 

Attached files:
\\?\C:\ProgramData\Microsoft\Windows\WER\Temp\WER1A4.tmp.WERInternalMetadata.xml

These files may be available here:
\\?\C:\ProgramData\Microsoft\Windows\WER\ReportArchive\NonCritical_Update;ScanForUp_4127989dd611af389e20653d77d4d724fb84a41_00000000_df874882-3cf5-4358-9b81-ac9c91e50434

Analysis symbol: 
Rechecking for solution: 0
Report Id: df874882-3cf5-4358-9b81-ac9c91e50434
Report Status: 268435456
Hashed bucket: ace7a90b21adac556f50e097934fa2b0
Cab Guid: 0"
Information,8/27/2023 2:36:45 AM,Windows Error Reporting,1001,None,"Fault bucket , type 0
Event Name: StoreAgentDownloadFailure1
Response: Not available
Cab Id: 0

Problem signature:
P1: Update;ScanForUpdates
P2: 80073d01
P3: 19044
P4: 2965
P5: Windows.Desktop
P6: T
P7: 
P8: 
P9: 
P10: 

Attached files:

These files may be available here:
\\?\C:\ProgramData\Microsoft\Windows\WER\ReportQueue\NonCritical_Update;ScanForUp_4127989dd611af389e20653d77d4d724fb84a41_00000000_df874882-3cf5-4358-9b81-ac9c91e50434

Analysis symbol: 
Rechecking for solution: 0
Report Id: df874882-3cf5-4358-9b81-ac9c91e50434
Report Status: 4
Hashed bucket: 
Cab Guid: 0"
Information,8/27/2023 2:36:21 AM,Windows Error Reporting,1001,None,"Fault bucket 2256550354928771760, type 5
Event Name: StoreAgentDownloadFailure1
Response: Not available
Cab Id: 0

Problem signature:
P1: Update;ScanForUpdates
P2: 80073d01
P3: 19044
P4: 2965
P5: Windows.Desktop
P6: T
P7: 
P8: 
P9: 
P10: 

Attached files:
\\?\C:\ProgramData\Microsoft\Windows\WER\Temp\WER9ABC.tmp.WERInternalMetadata.xml

These files may be available here:
\\?\C:\ProgramData\Microsoft\Windows\WER\ReportArchive\NonCritical_Update;ScanForUp_4127989dd611af389e20653d77d4d724fb84a41_00000000_6e277825-281d-4c04-8962-a22258f79098

Analysis symbol: 
Rechecking for solution: 0
Report Id: 6e277825-281d-4c04-8962-a22258f79098
Report Status: 268435456
Hashed bucket: ace7a90b21adac556f50e097934fa2b0
Cab Guid: 0"
Information,8/27/2023 2:36:19 AM,Windows Error Reporting,1001,None,"Fault bucket , type 0
Event Name: StoreAgentDownloadFailure1
Response: Not available
Cab Id: 0

Problem signature:
P1: Update;ScanForUpdates
P2: 80073d01
P3: 19044
P4: 2965
P5: Windows.Desktop
P6: T
P7: 
P8: 
P9: 
P10: 

Attached files:

These files may be available here:
\\?\C:\ProgramData\Microsoft\Windows\WER\ReportQueue\NonCritical_Update;ScanForUp_4127989dd611af389e20653d77d4d724fb84a41_00000000_6e277825-281d-4c04-8962-a22258f79098

Analysis symbol: 
Rechecking for solution: 0
Report Id: 6e277825-281d-4c04-8962-a22258f79098
Report Status: 4
Hashed bucket: 
Cab Guid: 0"
Information,8/27/2023 2:36:09 AM,Windows Error Reporting,1001,None,"Fault bucket 1355220769291543102, type 5
Event Name: StoreAgentDownloadFailure1
Response: Not available
Cab Id: 0

Problem signature:
P1: Update;ScanForUpdates
P2: 80073d01
P3: 19044
P4: 2965
P5: Windows.Desktop
P6: R
P7: 
P8: 
P9: 
P10: 

Attached files:
\\?\C:\ProgramData\Microsoft\Windows\WER\Temp\WER6E8C.tmp.WERInternalMetadata.xml

These files may be available here:
\\?\C:\ProgramData\Microsoft\Windows\WER\ReportArchive\NonCritical_Update;ScanForUp_344420cf4d2d04bdd9fe33f2eb64ee75cf461dd_00000000_4b633fbb-6110-4ffe-97d7-9f169aa1f46a

Analysis symbol: 
Rechecking for solution: 0
Report Id: 4b633fbb-6110-4ffe-97d7-9f169aa1f46a
Report Status: 268435456
Hashed bucket: e9ed7f58b5f1207692ceb61c01daa23e
Cab Guid: 0"
Information,8/27/2023 2:36:08 AM,Windows Error Reporting,1001,None,"Fault bucket 1307847666386709546, type 5
Event Name: StoreAgentDownloadFailure1
Response: Not available
Cab Id: 0

Problem signature:
P1: Update;ScanForUpdates
P2: 80073d01
P3: 19044
P4: 2965
P5: Windows.Desktop
P6: 9
P7: 
P8: 
P9: 
P10: 

Attached files:
\\?\C:\ProgramData\Microsoft\Windows\WER\Temp\WER66EB.tmp.WERInternalMetadata.xml

These files may be available here:
\\?\C:\ProgramData\Microsoft\Windows\WER\ReportArchive\NonCritical_Update;ScanForUp_1449677fce3450d867c16eecb67426952abfc622_00000000_b71e8287-95da-4581-ac02-aa1d1f8b10f8

Analysis symbol: 
Rechecking for solution: 0
Report Id: b71e8287-95da-4581-ac02-aa1d1f8b10f8
Report Status: 268435456
Hashed bucket: 863492e803c2d5cff2266885f74dac2a
Cab Guid: 0"
Information,8/27/2023 2:36:07 AM,Windows Error Reporting,1001,None,"Fault bucket , type 0
Event Name: StoreAgentDownloadFailure1
Response: Not available
Cab Id: 0

Problem signature:
P1: Update;ScanForUpdates
P2: 80073d01
P3: 19044
P4: 2965
P5: Windows.Desktop
P6: R
P7: 
P8: 
P9: 
P10: 

Attached files:

These files may be available here:
\\?\C:\ProgramData\Microsoft\Windows\WER\ReportQueue\NonCritical_Update;ScanForUp_344420cf4d2d04bdd9fe33f2eb64ee75cf461dd_00000000_4b633fbb-6110-4ffe-97d7-9f169aa1f46a

Analysis symbol: 
Rechecking for solution: 0
Report Id: 4b633fbb-6110-4ffe-97d7-9f169aa1f46a
Report Status: 4
Hashed bucket: 
Cab Guid: 0"
Information,8/27/2023 2:36:06 AM,Windows Error Reporting,1001,None,"Fault bucket 1797305057046071436, type 5
Event Name: StoreAgentDownloadFailure1
Response: Not available
Cab Id: 0

Problem signature:
P1: Update;ScanForUpdates
P2: 80073d01
P3: 19044
P4: 2965
P5: Windows.Desktop
P6: S
P7: 
P8: 
P9: 
P10: 

Attached files:
\\?\C:\ProgramData\Microsoft\Windows\WER\Temp\WER5DD3.tmp.WERInternalMetadata.xml

These files may be available here:
\\?\C:\ProgramData\Microsoft\Windows\WER\ReportArchive\NonCritical_Update;ScanForUp_c9c7b923b0c7291adda7edbabcd7e4365e8a1b1_00000000_4e1983ef-b90b-4c79-84fb-6e711ff641be

Analysis symbol: 
Rechecking for solution: 0
Report Id: 4e1983ef-b90b-4c79-84fb-6e711ff641be
Report Status: 268435456
Hashed bucket: 755e811175749405f8f14f6d463e888c
Cab Guid: 0"
Information,8/27/2023 2:36:05 AM,Windows Error Reporting,1001,None,"Fault bucket , type 0
Event Name: StoreAgentDownloadFailure1
Response: Not available
Cab Id: 0

Problem signature:
P1: Update;ScanForUpdates
P2: 80073d01
P3: 19044
P4: 2965
P5: Windows.Desktop
P6: 9
P7: 
P8: 
P9: 
P10: 

Attached files:

These files may be available here:
\\?\C:\ProgramData\Microsoft\Windows\WER\ReportQueue\NonCritical_Update;ScanForUp_1449677fce3450d867c16eecb67426952abfc622_00000000_b71e8287-95da-4581-ac02-aa1d1f8b10f8

Analysis symbol: 
Rechecking for solution: 0
Report Id: b71e8287-95da-4581-ac02-aa1d1f8b10f8
Report Status: 4
Hashed bucket: 
Cab Guid: 0"
Information,8/27/2023 2:36:03 AM,Windows Error Reporting,1001,None,"Fault bucket , type 0
Event Name: StoreAgentDownloadFailure1
Response: Not available
Cab Id: 0

Problem signature:
P1: Update;ScanForUpdates
P2: 80073d01
P3: 19044
P4: 2965
P5: Windows.Desktop
P6: S
P7: 
P8: 
P9: 
P10: 

Attached files:

These files may be available here:
\\?\C:\ProgramData\Microsoft\Windows\WER\ReportQueue\NonCritical_Update;ScanForUp_c9c7b923b0c7291adda7edbabcd7e4365e8a1b1_00000000_4e1983ef-b90b-4c79-84fb-6e711ff641be

Analysis symbol: 
Rechecking for solution: 0
Report Id: 4e1983ef-b90b-4c79-84fb-6e711ff641be
Report Status: 4
Hashed bucket: 
Cab Guid: 0"
Information,8/27/2023 2:35:53 AM,Microsoft-Windows-Security-SPP,16384,None,Successfully scheduled Software Protection service for re-start at 2023-08-28T09:15:53Z. Reason: RulesEngine.
Information,8/27/2023 2:35:38 AM,Windows Error Reporting,1001,None,"Fault bucket 2167709476193554997, type 5
Event Name: StoreAgentDownloadFailure1
Response: Not available
Cab Id: 0

Problem signature:
P1: Update;ScanForUpdates
P2: 80073d01
P3: 19044
P4: 2965
P5: Windows.Desktop
P6: 8
P7: 
P8: 
P9: 
P10: 

Attached files:
\\?\C:\ProgramData\Microsoft\Windows\WER\Temp\WEREBB0.tmp.WERInternalMetadata.xml

These files may be available here:
\\?\C:\ProgramData\Microsoft\Windows\WER\ReportArchive\NonCritical_Update;ScanForUp_54d2b2e63971136254e15994c83c3d17363ad_00000000_ef2be235-f433-4d75-9b4c-7d5c1597db69

Analysis symbol: 
Rechecking for solution: 0
Report Id: ef2be235-f433-4d75-9b4c-7d5c1597db69
Report Status: 268435456
Hashed bucket: 1264f7c96c7abcbcde15404898c3d235
Cab Guid: 0"
Information,8/27/2023 2:35:34 AM,Windows Error Reporting,1001,None,"Fault bucket , type 0
Event Name: StoreAgentDownloadFailure1
Response: Not available
Cab Id: 0

Problem signature:
P1: Update;ScanForUpdates
P2: 80073d01
P3: 19044
P4: 2965
P5: Windows.Desktop
P6: 8
P7: 
P8: 
P9: 
P10: 

Attached files:

These files may be available here:
\\?\C:\ProgramData\Microsoft\Windows\WER\ReportQueue\NonCritical_Update;ScanForUp_54d2b2e63971136254e15994c83c3d17363ad_00000000_ef2be235-f433-4d75-9b4c-7d5c1597db69

Analysis symbol: 
Rechecking for solution: 0
Report Id: ef2be235-f433-4d75-9b4c-7d5c1597db69
Report Status: 4
Hashed bucket: 
Cab Guid: 0"
Information,8/27/2023 2:35:22 AM,Microsoft-Windows-Security-SPP,16394,None,Offline downlevel migration succeeded.
Information,8/27/2023 2:33:39 AM,Microsoft-Windows-Security-SPP,16384,None,Successfully scheduled Software Protection service for re-start at 2023-08-28T09:15:39Z. Reason: RulesEngine.
Information,8/27/2023 2:30:18 AM,Microsoft-Windows-Security-SPP,16394,None,Offline downlevel migration succeeded.
Information,8/27/2023 2:27:10 AM,SecurityCenter,15,None,Updated Windows Defender status successfully to SECURITY_PRODUCT_STATE_ON.
Information,8/27/2023 2:26:30 AM,Microsoft-Windows-Security-SPP,16384,None,Successfully scheduled Software Protection service for re-start at 2023-08-28T09:15:30Z. Reason: RulesEngine.
Information,8/27/2023 2:25:57 AM,Microsoft-Windows-Security-SPP,16394,None,Offline downlevel migration succeeded.
Information,8/27/2023 2:25:10 AM,Microsoft-Windows-Security-SPP,16384,None,Successfully scheduled Software Protection service for re-start at 2023-08-28T09:16:10Z. Reason: RulesEngine.
Information,8/27/2023 2:20:31 AM,Microsoft-Windows-CAPI2,4097,None,"Successful auto update of third-party root certificate:: Subject: <CN=USERTrust RSA Certification Authority, O=The USERTRUST Network, L=Jersey City, S=New Jersey, C=US> Sha1 thumbprint: <2B8F1B57330DBBA2D07A6C51F70EE90DDAB9AD8E>."
Information,8/27/2023 2:18:41 AM,VSS,8224,None,The VSS service is shutting down due to idle timeout. 
Information,8/27/2023 2:18:13 AM,Microsoft-Windows-Security-SPP,16394,None,Offline downlevel migration succeeded.
Information,8/27/2023 2:18:09 AM,Microsoft-Windows-Security-SPP,16384,None,Successfully scheduled Software Protection service for re-start at 2023-08-28T09:16:09Z. Reason: RulesEngine.
Information,8/27/2023 2:17:56 AM,SecurityCenter,15,None,Updated Windows Defender status successfully to SECURITY_PRODUCT_STATE_ON.
Information,8/27/2023 2:17:38 AM,Microsoft-Windows-Security-SPP,16394,None,Offline downlevel migration succeeded.
Information,8/27/2023 2:17:30 AM,SecurityCenter,15,None,Updated Windows Defender status successfully to SECURITY_PRODUCT_STATE_ON.
Information,8/27/2023 2:17:28 AM,SecurityCenter,1,None,The Windows Security Center Service has started.
Information,8/27/2023 2:17:27 AM,Microsoft-Windows-Security-SPP,900,None,"The Software Protection service is starting.
Parameters:<explicit>"
Information,8/27/2023 2:17:22 AM,gupdate,0,None,The operation completed successfully. 
Information,8/27/2023 2:17:22 AM,edgeupdate,0,None,Service stopped.
Information,8/27/2023 2:17:17 AM,Microsoft-Windows-Security-SPP,903,None,"The Software Protection service has stopped.
"
Information,8/27/2023 2:17:17 AM,Microsoft-Windows-Security-SPP,16384,None,Successfully scheduled Software Protection service for re-start at 2023-08-28T09:16:17Z. Reason: RulesEngine.
Information,8/27/2023 2:16:49 AM,Microsoft-Windows-Search,1003,Search service,The Windows Search Service started.

Information,8/27/2023 2:16:44 AM,ESENT,326,General,"SearchIndexer (7608,D,50) Windows: The database engine attached a database (1, C:\ProgramData\Microsoft\Search\Data\Applications\Windows\Windows.edb). (Time=0 seconds) 
 
Saved Cache: 0 0 
Additional Data: lgposAttach = 0000004E:00FE:0268,
dbv = 1568.110.240 
 
Internal Timing Sequence: 
[1] 0.000005 +J(0) +M(C:0K, Fs:1, WS:4K # 0K, PF:0K # 0K, P:0K)
[2] 0.010042 -0.004028 (1) WT +J(0) +M(C:0K, Fs:24, WS:32K # 0K, PF:32K # 0K, P:32K)
[3] 0.446687 -0.431017 (9) WT +J(CM:0, PgRf:0, Rd:0/0, Dy:0/0, Lg:215/1) +M(C:0K, Fs:304, WS:1172K # 556K, PF:144K # 0K, P:144K)
[4] 0.000143 +J(0)
[5] -
[6] -
[7] -
[8] 0.005308 -0.004824 (2) CM +J(CM:2, PgRf:2, Rd:14/2, Dy:0/0, Lg:54/1) +M(C:0K, Fs:48, WS:188K # 156K, PF:664K # 0K, P:664K)
[9] 0.038628 -0.000518 (5) CM -0.037746 (1) WT +J(CM:5, PgRf:23, Rd:0/5, Dy:0/0, Lg:0/0) +M(C:0K, Fs:68, WS:272K # 272K, PF:256K # 136K, P:256K)
[10] 0.000654 -0.000518 (1) CM +J(CM:1, PgRf:40, Rd:0/1, Dy:0/0, Lg:0/0) +M(C:0K, Fs:10, WS:40K # 40K, PF:96K # 96K, P:96K)
[11] 0.000018 +J(CM:0, PgRf:1, Rd:0/0, Dy:0/0, Lg:0/0) +M(C:0K, Fs:2, WS:8K # 8K, PF:0K # 0K, P:0K)
[12] 0.000055 +J(CM:0, PgRf:42, Rd:0/0, Dy:0/0, Lg:0/0) +M(C:0K, Fs:3, WS:12K # 12K, PF:0K # 0K, P:0K)
[13] 0.000001 +J(0)
[14] 0.0 +J(0)
[15] 0.000006 +J(CM:0, PgRf:1, Rd:0/0, Dy:0/0, Lg:0/0)."
Information,8/27/2023 2:16:44 AM,ESENT,105,General,"SearchIndexer (7608,D,0) Windows: The database engine started a new instance (0). (Time=0 seconds) 
 
Additional Data:
  
 
Internal Timing Sequence: 
[1] 0.006257 +J(0) +M(C:0K, Fs:230, WS:896K # 896K, PF:5024K # 5028K, P:5024K)
[2] 0.000383 +J(0) +M(C:0K, Fs:109, WS:436K # 436K, PF:384K # 380K, P:384K)
[3] 0.002669 +J(0) +M(C:0K, Fs:11, WS:40K # 40K, PF:68K # 68K, P:68K)
[4] 0.000164 +J(0) +M(C:0K, Fs:25, WS:100K # 100K, PF:352K # 352K, P:352K)
[5] 0.001119 +J(0) +M(C:0K, Fs:13, WS:52K # 52K, PF:24K # 32K, P:24K)
[6] 0.027076 +J(0) +M(C:0K, Fs:29, WS:116K # 116K, PF:24K # 16K, P:24K)
[7] 0.014818 -0.011558 (2) WT +J(0) +M(C:0K, Fs:269, WS:1072K # 1072K, PF:1028K # 1028K, P:1028K)
[8] -
[9] -
[10] -
[11] -
[12] -
[13] 0.005589 -0.000673 (1) WT +J(CM:0, PgRf:0, Rd:0/0, Dy:0/0, Lg:616/1) +M(C:0K, Fs:9, WS:-996K # 28K, PF:-1024K # 12K, P:-1024K)
[14] 0.000020 +J(0)
[15] 0.000160 +J(0) +M(C:0K, Fs:66, WS:260K # 0K, PF:68K # 0K, P:68K)
[16] 0.000190 +J(0) +M(C:0K, Fs:2, WS:0K # 0K, PF:0K # 0K, P:0K)."
Information,8/27/2023 2:16:44 AM,ESENT,102,General,"SearchIndexer (7608,P,98) Windows: The database engine (10.00.19044.0000) is starting a new instance (0)."
Error,8/27/2023 2:16:31 AM,Microsoft-Windows-Security-SPP,8198,None,"License Activation (slui.exe) failed with the following error code:
hr=0x803F7001
Command-line arguments:
RuleId=31e71c49-8da7-4a2f-ad92-45d98a1c79ba;Action=AutoActivate;AppId=55c92734-d682-4d71-983e-d6ec3f16059f;SkuId=4de7cb65-cdf1-4de9-8ae8-e3cce27b9f2c;NotificationInterval=1440;Trigger=UserLogon;SessionId=1"
Information,8/27/2023 2:16:31 AM,Microsoft-Windows-Security-SPP,1003,None,"The Software Protection service has completed licensing status check.
Application Id=55c92734-d682-4d71-983e-d6ec3f16059f
Licensing Status=
1: 040fa323-92b1-4baf-97a2-5b67feaefddb, 1, 0 [(0 [0xC004F014, 0, 0], [(?)(?)(?)(?)(?)(?)(?)(?)])(1 )(2 )(3 )]
2: 0724cb7d-3437-4cb7-93cb-830375d0079d, 1, 0 [(0 [0xC004F014, 0, 0], [(?)(?)(?)(?)(?)(?)(?)(?)])(1 )(2 )(3 )]
3: 0ad2ac98-7bb9-4201-8d92-312299201369, 1, 0 [(0 [0xC004F014, 0, 0], [(?)(?)(?)(?)(?)(?)(?)(?)])(1 )(2 )(3 )]
4: 1a9a717a-cf13-4ba5-83c3-0fe25fa868d5, 1, 0 [(0 [0xC004F014, 0, 0], [(?)(?)(?)(?)(?)(?)(?)(?)])(1 )(2 )(3 )]
5: 221a02da-e2a1-4b75-864c-0a4410a33fdf, 1, 0 [(0 [0xC004F014, 0, 0], [(?)(?)(?)(?)(?)(?)(?)(?)])(1 )(2 )(3 )]
6: 291ece0e-9c38-40ca-a9e1-32cc7ec19507, 1, 0 [(0 [0xC004F014, 0, 0], [(?)(?)(?)(?)(?)(?)(?)(?)])(1 )(2 )(3 )]
7: 2936d1d2-913a-4542-b54e-ce5a602a2a38, 1, 0 [(0 [0xC004F014, 0, 0], [(?)(?)(?)(?)(?)(?)(?)(?)])(1 )(2 )(3 )]
8: 2c293c26-a45a-4a2a-a350-c69a67097529, 1, 0 [(0 [0xC004F014, 0, 0], [(?)(?)(?)(?)(?)(?)(?)(?)])(1 )(2 )(3 )]
9: 2de67392-b7a7-462a-b1ca-108dd189f588, 1, 0 [(0 [0xC004F014, 0, 0], [(?)(?)(?)(?)(?)(?)(?)(?)])(1 )(2 )(3 )]
10: 2ffd8952-423e-4903-b993-72a1aa44cf82, 1, 0 [(0 [0xC004F014, 0, 0], [(?)(?)(?)(?)(?)(?)(?)(?)])(1 )(2 )(3 )]
11: 30a42c86-b7a0-4a34-8c90-ff177cb2acb7, 1, 0 [(0 [0xC004F014, 0, 0], [(?)(?)(?)(?)(?)(?)(?)(?)])(1 )(2 )(3 )]
12: 345a5db0-d94f-4e3b-a0c0-7c42f7bc3ebf, 1, 0 [(0 [0xC004F014, 0, 0], [(?)(?)(?)(?)(?)(?)(?)(?)])(1 )(2 )(3 )]
13: 3502365a-f88a-4ba4-822a-5769d3073b65, 1, 0 [(0 [0xC004F014, 0, 0], [(?)(?)(?)(?)(?)(?)(?)(?)])(1 )(2 )(3 )]
14: 377333b1-8b5d-48d6-9679-1225c872d37c, 1, 0 [(0 [0xC004F014, 0, 0], [(?)(?)(?)(?)(?)(?)(?)(?)])(1 )(2 )(3 )]
15: 3df374ef-d444-4494-a5a1-4b0d9fd0e203, 1, 0 [(0 [0xC004F014, 0, 0], [(?)(?)(?)(?)(?)(?)(?)(?)])(1 )(2 )(3 )]
16: 3f1afc82-f8ac-4f6c-8005-1d233e606eee, 1, 0 [(0 [0xC004F014, 0, 0], [(?)(?)(?)(?)(?)(?)(?)(?)])(1 )(2 )(3 )]
17: 49cd895b-53b2-4dc4-a5f7-b18aa019ad37, 1, 0 [(0 [0xC004F014, 0, 0], [(?)(?)(?)(?)(?)(?)(?)(?)])(1 )(2 )(3 )]
18: 4de7cb65-cdf1-4de9-8ae8-e3cce27b9f2c, 1, 1 [(0 )(1 )(2 [0xC004E003, 0, 0], [( 1 0xC004F034)( 1 0xC004F034)(?)(?)(?)(?)(?)(?)])(3 [0x00000000, 0, 0], [( 6 0xC004F009 0 0)( 1 0x00000000)( 6 0xC004F009 0 0)(?)(?)(?)( 10 0x00000000 msft:rm/algorithm/flags/1.0)( 11 0x00000000 0xC004F034)])]
19: 4f3da0d2-271d-4508-ae81-626b60809a38, 1, 0 [(0 [0xC004F014, 0, 0], [(?)(?)(?)(?)(?)(?)(?)(?)])(1 )(2 )(3 )]
20: 60b3ec1b-9545-4921-821f-311b129dd6f6, 1, 0 [(0 [0xC004F014, 0, 0], [(?)(?)(?)(?)(?)(?)(?)(?)])(1 )(2 )(3 )]
21: 613d217f-7f13-4268-9907-1662339531cd, 1, 0 [(0 [0xC004F014, 0, 0], [(?)(?)(?)(?)(?)(?)(?)(?)])(1 )(2 )(3 )]
22: 62f0c100-9c53-4e02-b886-a3528ddfe7f6, 1, 0 [(0 [0xC004F014, 0, 0], [(?)(?)(?)(?)(?)(?)(?)(?)])(1 )(2 )(3 )]
23: 6365275e-368d-46ca-a0ef-fc0404119333, 1, 0 [(0 [0xC004F014, 0, 0], [(?)(?)(?)(?)(?)(?)(?)(?)])(1 )(2 )(3 )]
24: 721f9237-9341-4453-a661-09e8baa6cca5, 1, 0 [(0 [0xC004F014, 0, 0], [(?)(?)(?)(?)(?)(?)(?)(?)])(1 )(2 )(3 )]
25: 73111121-5638-40f6-bc11-f1d7b0d64300, 1, 0 [(0 [0xC004F014, 0, 0], [(?)(?)(?)(?)(?)(?)(?)(?)])(1 )(2 )(3 )]
26: 7a802526-4c94-4bd1-ba14-835a1aca2120, 1, 0 [(0 [0xC004F014, 0, 0], [(?)(?)(?)(?)(?)(?)(?)(?)])(1 )(2 )(3 )]
27: 7cb546c0-c7d5-44d8-9a5c-69ecdd782b69, 1, 0 [(0 [0xC004F014, 0, 0], [(?)(?)(?)(?)(?)(?)(?)(?)])(1 )(2 )(3 )]
28: 82bbc092-bc50-4e16-8e18-b74fc486aec3, 1, 0 [(0 [0xC004F014, 0, 0], [(?)(?)(?)(?)(?)(?)(?)(?)])(1 )(2 )(3 )]
29: 8ab9bdd1-1f67-4997-82d9-8878520837d9, 1, 0 [(0 [0xC004F014, 0, 0], [(?)(?)(?)(?)(?)(?)(?)(?)])(1 )(2 )(3 )]
30: 8b351c9c-f398-4515-9900-09df49427262, 1, 0 [(0 [0xC004F014, 0, 0], [(?)(?)(?)(?)(?)(?)(?)(?)])(1 )(2 )(3 )]
31: 90da7373-1c51-430b-bf26-c97e9c5cdc31, 1, 0 [(0 [0xC004F014, 0, 0], [(?)(?)(?)(?)(?)(?)(?)(?)])(1 )(2 )(3 )]
32: 95dca82f-385d-4d39-b85b-5c73fa285d6f, 1, 0 [(0 [0xC004F014, 0, 0], [(?)(?)(?)(?)(?)(?)(?)(?)])(1 )(2 )(3 )]
33: a48938aa-62fa-4966-9d44-9f04da3f72f2, 1, 0 [(0 [0xC004F014, 0, 0], [(?)(?)(?)(?)(?)(?)(?)(?)])(1 )(2 )(3 )]
34: b0773a15-df3a-4312-9ad2-83d69648e356, 1, 0 [(0 [0xC004F014, 0, 0], [(?)(?)(?)(?)(?)(?)(?)(?)])(1 )(2 )(3 )]
35: b4bfe195-541e-4e64-ad23-6177f19e395e, 1, 0 [(0 [0xC004F014, 0, 0], [(?)(?)(?)(?)(?)(?)(?)(?)])(1 )(2 )(3 )]
36: b68e61d2-68ca-4757-be45-0cc2f3e68eee, 1, 0 [(0 [0xC004F014, 0, 0], [(?)(?)(?)(?)(?)(?)(?)(?)])(1 )(2 )(3 )]
37: bd3762d7-270d-4760-8fb3-d829ca45278a, 1, 0 [(0 [0xC004F014, 0, 0], [(?)(?)(?)(?)(?)(?)(?)(?)])(1 )(2 )(3 )]
38: c86d5194-4840-4dae-9c1c-0301003a5ab0, 1, 0 [(0 [0xC004F014, 0, 0], [(?)(?)(?)(?)(?)(?)(?)(?)])(1 )(2 )(3 )]
39: d552befb-48cc-4327-8f39-47d2d94f987c, 1, 0 [(0 [0xC004F014, 0, 0], [(?)(?)(?)(?)(?)(?)(?)(?)])(1 )(2 )(3 )]
40: d6eadb3b-5ca8-4a6b-986e-35b550756111, 1, 0 [(0 [0xC004F014, 0, 0], [(?)(?)(?)(?)(?)(?)(?)(?)])(1 )(2 )(3 )]
41: df96023b-dcd9-4be2-afa0-c6c871159ebe, 1, 0 [(0 [0xC004F014, 0, 0], [(?)(?)(?)(?)(?)(?)(?)(?)])(1 )(2 )(3 )]
42: e0c42288-980c-4788-a014-c080d2e1926e, 1, 0 [(0 [0xC004F014, 0, 0], [(?)(?)(?)(?)(?)(?)(?)(?)])(1 )(2 )(3 )]
43: e4db50ea-bda1-4566-b047-0ca50abc6f07, 1, 0 [(0 [0xC004F014, 0, 0], [(?)(?)(?)(?)(?)(?)(?)(?)])(1 )(2 )(3 )]
44: e558417a-5123-4f6f-91e7-385c1c7ca9d4, 1, 0 [(0 [0xC004F014, 0, 0], [(?)(?)(?)(?)(?)(?)(?)(?)])(1 )(2 )(3 )]
45: e7a950a2-e548-4f10-bf16-02ec848e0643, 1, 0 [(0 [0xC004F014, 0, 0], [(?)(?)(?)(?)(?)(?)(?)(?)])(1 )(2 )(3 )]
46: eb6d346f-1c60-4643-b960-40ec31596c45, 1, 0 [(0 [0xC004F014, 0, 0], [(?)(?)(?)(?)(?)(?)(?)(?)])(1 )(2 )(3 )]
47: ec868e65-fadf-4759-b23e-93fe37f2cc29, 1, 0 [(0 [0xC004F014, 0, 0], [(?)(?)(?)(?)(?)(?)(?)(?)])(1 )(2 )(3 )]
48: ef51e000-2659-4f25-8345-3de70a9cf4c4, 1, 0 [(0 [0xC004F014, 0, 0], [(?)(?)(?)(?)(?)(?)(?)(?)])(1 )(2 )(3 )]
49: f7af7d09-40e4-419c-a49b-eae366689ebd, 1, 0 [(0 [0xC004F014, 0, 0], [(?)(?)(?)(?)(?)(?)(?)(?)])(1 )(2 )(3 )]
50: fa755fe6-6739-40b9-8d84-6d0ea3b6d1ab, 1, 0 [(0 [0xC004F014, 0, 0], [(?)(?)(?)(?)(?)(?)(?)(?)])(1 )(2 )(3 )]
51: fe74f55b-0338-41d6-b267-4a201abe7285, 1, 0 [(0 [0xC004F014, 0, 0], [(?)(?)(?)(?)(?)(?)(?)(?)])(1 )(2 )(3 )]

"
