Information,8/27/2023 3:55:23 AM,Microsoft-Windows-Store,8001,LM,"Added timer for {50AD8A27-AAD2-89EC-DC39-03B152255D26}
Function: MemoryTimerService::CreateTimerWithId
Source: onecoreuap\enduser\winstore\licensemanager\lib\memorytimer.cpp (57)"
Information,8/27/2023 3:55:23 AM,Microsoft-Windows-Store,8001,LM,"Updating lease timer for {50AD8A27-AAD2-89EC-DC39-03B152255D26} to expire @ 2023-08-27T11:24:54Z (jitter was 29.516182 minutes)
Function: LeaseMachine::DoUpdateLeaseTimer
Source: onecoreuap\enduser\winstore\licensemanager\lib\leasemachine.cpp (276)"
Verbose,8/27/2023 3:55:23 AM,Microsoft-Windows-Store,8012,LM State Machine,0x10b6502c360: 3608: Lease:Initial Change: Lease:Valid => {50AD8A27-AAD2-89EC-DC39-03B152255D26}
Verbose,8/27/2023 3:55:23 AM,Microsoft-Windows-Store,8011,LM State Machine,0x10b6502c360: 3608: {50AD8A27-AAD2-89EC-DC39-03B152255D26}: Dispatch: Lease:UpdateLeaseDocument => Lease:Initial
Verbose,8/27/2023 3:55:23 AM,Microsoft-Windows-Store,8012,LM State Machine,0x10b660139c0: 3608: Key:NegotiatingUnleased Change: Key:Valid => 9D4DED89-CABC-F4FB-8133-BC5EDB1C7EDA
Information,8/27/2023 3:55:23 AM,Microsoft-Windows-Store,8001,LM,"No cached lease or key found, not renewing with service and treating this as a valid license with lease = 0x65066048
Function: KeyMachine::NegotiatingUnleased::LicenseDone
Source: onecoreuap\enduser\winstore\licensemanager\lib\keymachine.cpp (1956)"
Information,8/27/2023 3:55:23 AM,Microsoft-Windows-Store,8001,LM,"Set results for lease = 0x65066048, policy = 1, operation = 3, Leasebehavior = 0
Function: KeyMachine::DoSetResult
Source: onecoreuap\enduser\winstore\licensemanager\lib\keymachine.cpp (1460)"
Information,8/27/2023 3:55:23 AM,Microsoft-Windows-Store,8001,LM,"Lease Machine: 0000010B6502C340: {50AD8A27-AAD2-89EC-DC39-03B152255D26}
Function: LeaseMachine::LeaseMachine
Source: onecoreuap\enduser\winstore\licensemanager\lib\leasemachine.cpp (40)"
Information,8/27/2023 3:55:23 AM,Microsoft-Windows-Store,8001,LM,"lease = 0x65066048, leaseActive = 1, leaseBehavior = 0
Function: KeyMachine::NegotiatingUnleased::LicenseDone
Source: onecoreuap\enduser\winstore\licensemanager\lib\keymachine.cpp (1926)"
Verbose,8/27/2023 3:55:23 AM,Microsoft-Windows-Store,8011,LM State Machine,0x10b660139c0: 3608: 9D4DED89-CABC-F4FB-8133-BC5EDB1C7EDA: Dispatch: Key:@LicenseDone => Key:NegotiatingUnleased
Information,8/27/2023 3:55:23 AM,Microsoft-Windows-Store,8001,LM,"lease = 0x65066048, usage = 268435456, policy = 1, operation = 3, leaseBehavior = 0, shouldContentBeDeactivated = 0
Function: KeyMachine::DoLicenseThreadProc
Source: onecoreuap\enduser\winstore\licensemanager\lib\keymachine.cpp (900)"
Information,8/27/2023 3:55:23 AM,Microsoft-Windows-Store,8001,LM,"Returning 1 lease documents for contentid 9D4DED89-CABC-F4FB-8133-BC5EDB1C7EDA
Function: ClipStorage::GetLeaseDocumentsForKeyDocument
Source: onecoreuap\enduser\winstore\licensemanager\lib\clipstorage.cpp (473)"
Information,8/27/2023 3:55:23 AM,Microsoft-Windows-Store,8001,LM,"Adding lease {4C4ECBC0-0EC0-3929-AEBB-A931A339FB23} to results
Function: ClipStorage::GetLeaseDocumentsForKeyDocument
Source: onecoreuap\enduser\winstore\licensemanager\lib\clipstorage.cpp (400)"
Information,8/27/2023 3:55:23 AM,Microsoft-Windows-Store,8001,LM,"Decoding: {""entitlementSatisfaction"":""Open"",""isOffline"":true,""leaseEnforcement"":""None"",""leaseUri"":""https://licensing.md.mp.microsoft.com/v7.0/licenses/?contentId=9d4ded89-cabc-f4fb-8133-bc5edb1c7eda&market=US&policyType=Open&productId=9WZDNCRFJBMP&skuId=0010"",""keyIds"":[""e64ffef1-e246-b632-595b-56076a3fa776""],""kind"":""Content"",""packages"":[{""packageIdentifier"":""9d4ded89-cabc-f4fb-8133-bc5edb1c7eda"",""packageType"":""msix"",""productAddOns"":[],""productId"":""9WZDNCRFJBMP"",""skuId"":""0010""}],""pollAt"":""2021-11-22T12:14:11.1161227+00:00"",""refreshOnStartup"":false,""version"":7}
Function: DecodeCustomPolicy
Source: onecoreuap\enduser\winstore\licensemanager\lib\clipdocument.cpp (50)"
Information,8/27/2023 3:55:23 AM,Microsoft-Windows-Store,8001,LM,"Getting lease for 9D4DED89-CABC-F4FB-8133-BC5EDB1C7EDA
Function: LicenseManagerCore::GetExistingLeaseAndLicense
Source: onecoreuap\enduser\winstore\licensemanager\lib\managercore.cpp (415)"
Information,8/27/2023 3:55:23 AM,Microsoft-Windows-Store,8001,LM,"Returning key document for contentid 9D4DED89-CABC-F4FB-8133-BC5EDB1C7EDA
Function: ClipStorage::GetKeyDocumentForContentWithIdAndMinQuality
Source: onecoreuap\enduser\winstore\licensemanager\lib\clipstorage.cpp (262)"
Information,8/27/2023 3:55:23 AM,Microsoft-Windows-Store,8001,LM,"Accepting key with License ID {E64FFEF1-E246-B632-595B-56076A3FA776} for Content ID 9D4DED89-CABC-F4FB-8133-BC5EDB1C7EDA (first match)
Function: ClipStorage::GetKeyDocumentForContentWithIdAndMinQuality
Source: onecoreuap\enduser\winstore\licensemanager\lib\clipstorage.cpp (223)"
Information,8/27/2023 3:55:23 AM,Microsoft-Windows-Store,8001,LM,"Decoding: {""legacyProductId"":""64293252-5926-453c-9494-2d4021f1c78d""}
Function: DecodeCustomPolicy
Source: onecoreuap\enduser\winstore\licensemanager\lib\clipdocument.cpp (50)"
Information,8/27/2023 3:55:23 AM,Microsoft-Windows-Store,8001,LM,"Considering License ID {E64FFEF1-E246-B632-595B-56076A3FA776} for content ID 9D4DED89-CABC-F4FB-8133-BC5EDB1C7EDA...
Function: ClipStorage::GetKeyDocumentForContentWithIdAndMinQuality
Source: onecoreuap\enduser\winstore\licensemanager\lib\clipstorage.cpp (192)"
Verbose,8/27/2023 3:55:23 AM,Microsoft-Windows-Store,8012,LM State Machine,0x10b660139c0: 5280: Key:Initial Change: Key:NegotiatingUnleased => 9D4DED89-CABC-F4FB-8133-BC5EDB1C7EDA
Information,8/27/2023 3:55:23 AM,Microsoft-Windows-Store,8001,LM,"0000010B660139A0: BeginLicense: Operation 3, CachedLeaseOK true, RequireServiceValidation false
Function: KeyMachine::DoBeginLicense
Source: onecoreuap\enduser\winstore\licensemanager\lib\keymachine.cpp (819)"
Verbose,8/27/2023 3:55:23 AM,Microsoft-Windows-Store,8011,LM State Machine,0x10b660139c0: 5280: 9D4DED89-CABC-F4FB-8133-BC5EDB1C7EDA: Dispatch: Key:Activate => Key:Initial
Verbose,8/27/2023 3:55:23 AM,Microsoft-Windows-Store,8011,LM State Machine,0x10b650307d8: 3608: RootMachine: Dispatch: Root:Connect => Root:Valid
Information,8/27/2023 3:55:23 AM,Microsoft-Windows-Store,8001,LM,"0000010B660139A0: Key Machine for content: 9D4DED89-CABC-F4FB-8133-BC5EDB1C7EDA
Function: KeyMachine::KeyMachine
Source: onecoreuap\enduser\winstore\licensemanager\lib\keymachine.cpp (95)"
Information,8/27/2023 3:55:23 AM,Microsoft-Windows-Store,8001,LM,"Licensing 9D4DED89-CABC-F4FB-8133-BC5EDB1C7EDA (Active)
Function: LicenseManager::LicenseContentWithId
Source: onecoreuap\enduser\winstore\licensemanager\lib\manager.cpp (88)"
Information,8/27/2023 3:55:23 AM,Microsoft-Windows-Store,8001,LM,"Licensing package Microsoft.WindowsStore_22304.1401.3.0_x64__8wekyb3d8bbwe (3)
Function: OneStoreApplicationLicenseManager::GetLicenseForInstalledPackage
Source: onecoreuap\enduser\winstore\licensemanager\lib\onestoreapplicensemanager.cpp (119)"
Information,8/27/2023 3:55:23 AM,Microsoft-Windows-Store,8001,LM,"Skipping license manager: PFN Microsoft.WindowsStore_22304.1401.3.0_x64__8wekyb3d8bbwe
Function: InvokeLicenseManagerRequired
Source: onecoreuap\enduser\winstore\licensemanager\apisethost\activationapis.cpp (373)"
Information,8/27/2023 3:55:23 AM,Microsoft-Windows-Store,8001,LM,"ServiceBeginAcquireLicenseImpl PsmKey:Microsoft.WindowsStore_22304.1401.3.0_x64__8wekyb3d8bbwe+App, IsSystemUsage:1
Function: ServiceBeginAcquireLicenseImpl
Source: onecoreuap\enduser\winstore\licensemanager\lib\service.cpp (2083)"
Information,8/27/2023 3:55:23 AM,Microsoft-Windows-Store,8001,LM,"Failure Message: onecoreuap\enduser\winstore\licensemanager\lib\service.cpp(2103)\LicenseManager.dll!00007FFF853D96AC: Exception(16) tid(14a0) 800703F0 An attempt was made to reference a token that does not exist.
    [ServiceBeginAcquireLicenseImpl]

Function: ServiceBeginAcquireLicenseImpl
Source: onecoreuap\enduser\winstore\licensemanager\lib\service.cpp (2127)"
Warning,8/27/2023 3:55:23 AM,Microsoft-Windows-Store,8002,LM,"Failure Message: hr: 0x800703f0
Function: ServiceBeginAcquireLicenseImpl
Source: onecoreuap\enduser\winstore\licensemanager\lib\service.cpp (2103)"
Information,8/27/2023 3:55:23 AM,Microsoft-Windows-Store,8001,LM,"ServiceBeginAcquireLicenseImpl PsmKey:Microsoft.WindowsStore_22304.1401.3.0_x64__8wekyb3d8bbwe+App, IsSystemUsage:1
Function: ServiceBeginAcquireLicenseImpl
Source: onecoreuap\enduser\winstore\licensemanager\lib\service.cpp (2083)"
Information,8/27/2023 3:55:23 AM,Microsoft-Windows-Store,8001,LM,"Failure Message: onecoreuap\enduser\winstore\licensemanager\lib\service.cpp(2103)\LicenseManager.dll!00007FFF853D96AC: Exception(15) tid(14d0) 800703F0 An attempt was made to reference a token that does not exist.
    [ServiceBeginAcquireLicenseImpl]

Function: ServiceBeginAcquireLicenseImpl
Source: onecoreuap\enduser\winstore\licensemanager\lib\service.cpp (2127)"
Warning,8/27/2023 3:55:23 AM,Microsoft-Windows-Store,8002,LM,"Failure Message: hr: 0x800703f0
Function: ServiceBeginAcquireLicenseImpl
Source: onecoreuap\enduser\winstore\licensemanager\lib\service.cpp (2103)"
Information,8/27/2023 3:55:23 AM,Microsoft-Windows-Store,8001,LM,"ServiceBeginAcquireLicenseImpl PsmKey:Microsoft.WindowsStore_22304.1401.3.0_x64__8wekyb3d8bbwe+App, IsSystemUsage:1
Function: ServiceBeginAcquireLicenseImpl
Source: onecoreuap\enduser\winstore\licensemanager\lib\service.cpp (2083)"
Information,8/27/2023 3:55:23 AM,Microsoft-Windows-Store,8001,LM,"Invoking license manager because license/lease polling time up: PFN Microsoft.WindowsStore_22304.1401.3.0_x64__8wekyb3d8bbwe
Function: InvokeLicenseManagerRequired
Source: onecoreuap\enduser\winstore\licensemanager\apisethost\activationapis.cpp (361)"
Verbose,8/27/2023 3:55:23 AM,Microsoft-Windows-Store,8011,LM State Machine,0x10b6502d160: 5280: {A85B769D-9FA4-0970-1D82-6504C89DF776}: Dispatch: Lease:AddKey => Lease:Valid
Information,8/27/2023 3:55:23 AM,Microsoft-Windows-Store,8001,LM,"Added timer for {A85B769D-9FA4-0970-1D82-6504C89DF776}
Function: MemoryTimerService::CreateTimerWithId
Source: onecoreuap\enduser\winstore\licensemanager\lib\memorytimer.cpp (57)"
Verbose,8/27/2023 3:55:23 AM,Microsoft-Windows-Store,8011,LM State Machine,0x10b66013510: 3608: EEE53744-2BB9-BCA2-A50A-C6A1C5B0A0ED: Dispatch: Key:RegisterCallback => Key:Valid
Information,8/27/2023 3:55:23 AM,Microsoft-Windows-Store,8001,LM,"Updating lease timer for {A85B769D-9FA4-0970-1D82-6504C89DF776} to expire @ 2023-08-27T11:29:21Z (jitter was 33.967083 minutes)
Function: LeaseMachine::DoUpdateLeaseTimer
Source: onecoreuap\enduser\winstore\licensemanager\lib\leasemachine.cpp (276)"
Information,8/27/2023 3:55:23 AM,Microsoft-Windows-Store,8001,LM,"ReactiveLicensingResult: 0x00000000 for Microsoft.YourPhone_1.23042.107.0_x64__8wekyb3d8bbwe, 15ms
Function: LogReactiveLicensingResult
Source: onecoreuap\enduser\winstore\licensemanager\lib\telemetry.cpp (503)"
Information,8/27/2023 3:55:23 AM,Microsoft-Windows-Store,8001,LM,"Decoding: {""entitlementId"":""9be874f8-7167-9701-bc1b-9b161ab5b1c4"",""entitlementSatisfaction"":""Device"",""isOffline"":true,""leaseEnforcement"":""None"",""leaseUri"":""https://licensing.md.mp.microsoft.com/v7.0/licenses/?beneficiaryId=msaonecoreuap\enduser\winstore\licensemanager\lib\clipdocument.cppa844425221464020&contentId=eee53744-2bb9-bca2-a50a-c6a1c5b0a0ed&entitlementId=9be874f8-7167-9701-bc1b-9b161ab5b1c4&market=US&policyType=Device"",""keyIds"":[""0f8e2cd5-b8eb-7a22-b9e9-9b1183fa0a84""],""kind"":""Content"",""packages"":[{""packageIdentifier"":""eee53744-2bb9-bca2-a50a-c6a1c5b0a0ed"",""packageType"":""msix"",""productAddOns"":[],""productId"":""9NMPJ99VJBWV"",""skuId"":""0010""}],""pollAt"":""2023-05-09T17:10:21.4505337+00:00"",""refreshOnStartup"":false,""version"":7}
Function: DecodeCustomPolicy
Source: onecoreuap\enduser\winstore\licensemanager\lib\clipdocument.cpp (50)"
Information,8/27/2023 3:55:23 AM,Microsoft-Windows-Store,8001,LM,"Decoding: {""entitlementId"":""9be874f8-7167-9701-bc1b-9b161ab5b1c4"",""entitlementSatisfaction"":""Device"",""isOffline"":true,""leaseEnforcement"":""None"",""leaseUri"":""https://licensing.md.mp.microsoft.com/v7.0/licenses/?beneficiaryId=msaonecoreuap\enduser\winstore\licensemanager\lib\clipdocument.cppa844425221464020&contentId=eee53744-2bb9-bca2-a50a-c6a1c5b0a0ed&entitlementId=9be874f8-7167-9701-bc1b-9b161ab5b1c4&market=US&policyType=Device"",""keyIds"":[""0f8e2cd5-b8eb-7a22-b9e9-9b1183fa0a84""],""kind"":""Content"",""packages"":[{""packageIdentifier"":""eee53744-2bb9-bca2-a50a-c6a1c5b0a0ed"",""packageType"":""msix"",""productAddOns"":[],""productId"":""9NMPJ99VJBWV"",""skuId"":""0010""}],""pollAt"":""2023-05-09T17:10:21.4505337+00:00"",""refreshOnStartup"":false,""version"":7}
Function: DecodeCustomPolicy
Source: onecoreuap\enduser\winstore\licensemanager\lib\clipdocument.cpp (50)"
Information,8/27/2023 3:55:23 AM,Microsoft-Windows-Store,8001,LM,"Decoding: {""legacyProductId"":""6ead4a77-d076-4866-9188-621a5b1f414f""}
Function: DecodeCustomPolicy
Source: onecoreuap\enduser\winstore\licensemanager\lib\clipdocument.cpp (50)"
Verbose,8/27/2023 3:55:23 AM,Microsoft-Windows-Store,8012,LM State Machine,0x10b6502d160: 5280: Lease:Initial Change: Lease:Valid => {A85B769D-9FA4-0970-1D82-6504C89DF776}
Verbose,8/27/2023 3:55:23 AM,Microsoft-Windows-Store,8011,LM State Machine,0x10b6502d160: 5280: {A85B769D-9FA4-0970-1D82-6504C89DF776}: Dispatch: Lease:UpdateLeaseDocument => Lease:Initial
Verbose,8/27/2023 3:55:23 AM,Microsoft-Windows-Store,8012,LM State Machine,0x10b66013510: 5280: Key:NegotiatingUnleased Change: Key:Valid => EEE53744-2BB9-BCA2-A50A-C6A1C5B0A0ED
Information,8/27/2023 3:55:23 AM,Microsoft-Windows-Store,8001,LM,"No cached lease or key found, not renewing with service and treating this as a valid license with lease = 0x650f37e8
Function: KeyMachine::NegotiatingUnleased::LicenseDone
Source: onecoreuap\enduser\winstore\licensemanager\lib\keymachine.cpp (1956)"
Information,8/27/2023 3:55:23 AM,Microsoft-Windows-Store,8001,LM,"Set results for lease = 0x650f37e8, policy = 1, operation = 3, Leasebehavior = 0
Function: KeyMachine::DoSetResult
Source: onecoreuap\enduser\winstore\licensemanager\lib\keymachine.cpp (1460)"
Information,8/27/2023 3:55:23 AM,Microsoft-Windows-Store,8001,LM,"Lease Machine: 0000010B6502D140: {A85B769D-9FA4-0970-1D82-6504C89DF776}
Function: LeaseMachine::LeaseMachine
Source: onecoreuap\enduser\winstore\licensemanager\lib\leasemachine.cpp (40)"
Information,8/27/2023 3:55:23 AM,Microsoft-Windows-Store,8001,LM,"lease = 0x650f37e8, leaseActive = 1, leaseBehavior = 0
Function: KeyMachine::NegotiatingUnleased::LicenseDone
Source: onecoreuap\enduser\winstore\licensemanager\lib\keymachine.cpp (1926)"
Verbose,8/27/2023 3:55:23 AM,Microsoft-Windows-Store,8011,LM State Machine,0x10b66013510: 5280: EEE53744-2BB9-BCA2-A50A-C6A1C5B0A0ED: Dispatch: Key:@LicenseDone => Key:NegotiatingUnleased
Information,8/27/2023 3:55:23 AM,Microsoft-Windows-Store,8001,LM,"lease = 0x650f37e8, usage = 268435456, policy = 1, operation = 3, leaseBehavior = 0, shouldContentBeDeactivated = 0
Function: KeyMachine::DoLicenseThreadProc
Source: onecoreuap\enduser\winstore\licensemanager\lib\keymachine.cpp (900)"
Information,8/27/2023 3:55:23 AM,Microsoft-Windows-Store,8001,LM,"Returning 1 lease documents for contentid EEE53744-2BB9-BCA2-A50A-C6A1C5B0A0ED
Function: ClipStorage::GetLeaseDocumentsForKeyDocument
Source: onecoreuap\enduser\winstore\licensemanager\lib\clipstorage.cpp (473)"
Information,8/27/2023 3:55:23 AM,Microsoft-Windows-Store,8001,LM,"Adding lease {A900C622-99E6-0D09-3F2B-FC30E2F4563B} to results
Function: ClipStorage::GetLeaseDocumentsForKeyDocument
Source: onecoreuap\enduser\winstore\licensemanager\lib\clipstorage.cpp (400)"
Information,8/27/2023 3:55:23 AM,Microsoft-Windows-Store,8001,LM,"Decoding: {""entitlementId"":""9be874f8-7167-9701-bc1b-9b161ab5b1c4"",""entitlementSatisfaction"":""Device"",""isOffline"":true,""leaseEnforcement"":""None"",""leaseUri"":""https://licensing.md.mp.microsoft.com/v7.0/licenses/?beneficiaryId=msaonecoreuap\enduser\winstore\licensemanager\lib\clipdocument.cppa844425221464020&contentId=eee53744-2bb9-bca2-a50a-c6a1c5b0a0ed&entitlementId=9be874f8-7167-9701-bc1b-9b161ab5b1c4&market=US&policyType=Device"",""keyIds"":[""0f8e2cd5-b8eb-7a22-b9e9-9b1183fa0a84""],""kind"":""Content"",""packages"":[{""packageIdentifier"":""eee53744-2bb9-bca2-a50a-c6a1c5b0a0ed"",""packageType"":""msix"",""productAddOns"":[],""productId"":""9NMPJ99VJBWV"",""skuId"":""0010""}],""pollAt"":""2023-05-09T17:10:21.4505337+00:00"",""refreshOnStartup"":false,""version"":7}
Function: DecodeCustomPolicy
Source: onecoreuap\enduser\winstore\licensemanager\lib\clipdocument.cpp (50)"
Information,8/27/2023 3:55:23 AM,Microsoft-Windows-Store,8001,LM,"Getting lease for EEE53744-2BB9-BCA2-A50A-C6A1C5B0A0ED
Function: LicenseManagerCore::GetExistingLeaseAndLicense
Source: onecoreuap\enduser\winstore\licensemanager\lib\managercore.cpp (415)"
Information,8/27/2023 3:55:23 AM,Microsoft-Windows-Store,8001,LM,"Returning key document for contentid EEE53744-2BB9-BCA2-A50A-C6A1C5B0A0ED
Function: ClipStorage::GetKeyDocumentForContentWithIdAndMinQuality
Source: onecoreuap\enduser\winstore\licensemanager\lib\clipstorage.cpp (262)"
Information,8/27/2023 3:55:23 AM,Microsoft-Windows-Store,8001,LM,"Accepting key with License ID {0F8E2CD5-B8EB-7A22-B9E9-9B1183FA0A84} for Content ID EEE53744-2BB9-BCA2-A50A-C6A1C5B0A0ED (first match)
Function: ClipStorage::GetKeyDocumentForContentWithIdAndMinQuality
Source: onecoreuap\enduser\winstore\licensemanager\lib\clipstorage.cpp (223)"
Information,8/27/2023 3:55:23 AM,Microsoft-Windows-Store,8001,LM,"Decoding: {""legacyProductId"":""6ead4a77-d076-4866-9188-621a5b1f414f""}
Function: DecodeCustomPolicy
Source: onecoreuap\enduser\winstore\licensemanager\lib\clipdocument.cpp (50)"
Information,8/27/2023 3:55:23 AM,Microsoft-Windows-Store,8001,LM,"Considering License ID {0F8E2CD5-B8EB-7A22-B9E9-9B1183FA0A84} for content ID EEE53744-2BB9-BCA2-A50A-C6A1C5B0A0ED...
Function: ClipStorage::GetKeyDocumentForContentWithIdAndMinQuality
Source: onecoreuap\enduser\winstore\licensemanager\lib\clipstorage.cpp (192)"
Verbose,8/27/2023 3:55:23 AM,Microsoft-Windows-Store,8012,LM State Machine,0x10b66013510: 5280: Key:Initial Change: Key:NegotiatingUnleased => EEE53744-2BB9-BCA2-A50A-C6A1C5B0A0ED
Information,8/27/2023 3:55:23 AM,Microsoft-Windows-Store,8001,LM,"0000010B660134F0: BeginLicense: Operation 3, CachedLeaseOK true, RequireServiceValidation false
Function: KeyMachine::DoBeginLicense
Source: onecoreuap\enduser\winstore\licensemanager\lib\keymachine.cpp (819)"
Verbose,8/27/2023 3:55:23 AM,Microsoft-Windows-Store,8011,LM State Machine,0x10b66013510: 5280: EEE53744-2BB9-BCA2-A50A-C6A1C5B0A0ED: Dispatch: Key:Activate => Key:Initial
Verbose,8/27/2023 3:55:23 AM,Microsoft-Windows-Store,8011,LM State Machine,0x10b650307d8: 5280: RootMachine: Dispatch: Root:Connect => Root:Valid
Information,8/27/2023 3:55:23 AM,Microsoft-Windows-Store,8001,LM,"0000010B660134F0: Key Machine for content: EEE53744-2BB9-BCA2-A50A-C6A1C5B0A0ED
Function: KeyMachine::KeyMachine
Source: onecoreuap\enduser\winstore\licensemanager\lib\keymachine.cpp (95)"
Information,8/27/2023 3:55:23 AM,Microsoft-Windows-Store,8001,LM,"Licensing EEE53744-2BB9-BCA2-A50A-C6A1C5B0A0ED (Active)
Function: LicenseManager::LicenseContentWithId
Source: onecoreuap\enduser\winstore\licensemanager\lib\manager.cpp (88)"
Information,8/27/2023 3:55:23 AM,Microsoft-Windows-Store,8001,LM,"Licensing package Microsoft.YourPhone_1.23042.107.0_x64__8wekyb3d8bbwe (3)
Function: OneStoreApplicationLicenseManager::GetLicenseForInstalledPackage
Source: onecoreuap\enduser\winstore\licensemanager\lib\onestoreapplicensemanager.cpp (119)"
Information,8/27/2023 3:55:23 AM,Microsoft-Windows-Store,8001,LM,"Skipping license manager: PFN Microsoft.YourPhone_1.23042.107.0_x64__8wekyb3d8bbwe
Function: InvokeLicenseManagerRequired
Source: onecoreuap\enduser\winstore\licensemanager\apisethost\activationapis.cpp (373)"
Information,8/27/2023 3:55:23 AM,Microsoft-Windows-Store,8001,LM,"ServiceBeginAcquireLicenseImpl PsmKey:Microsoft.YourPhone_1.23042.107.0_x64__8wekyb3d8bbwe+App, IsSystemUsage:1
Function: ServiceBeginAcquireLicenseImpl
Source: onecoreuap\enduser\winstore\licensemanager\lib\service.cpp (2083)"
Information,8/27/2023 3:55:23 AM,Microsoft-Windows-Store,8001,LM,"Failure Message: onecoreuap\enduser\winstore\licensemanager\lib\service.cpp(2103)\LicenseManager.dll!00007FFF853D96AC: Exception(14) tid(14a0) 800703F0 An attempt was made to reference a token that does not exist.
    [ServiceBeginAcquireLicenseImpl]

Function: ServiceBeginAcquireLicenseImpl
Source: onecoreuap\enduser\winstore\licensemanager\lib\service.cpp (2127)"
Warning,8/27/2023 3:55:23 AM,Microsoft-Windows-Store,8002,LM,"Failure Message: hr: 0x800703f0
Function: ServiceBeginAcquireLicenseImpl
Source: onecoreuap\enduser\winstore\licensemanager\lib\service.cpp (2103)"
Information,8/27/2023 3:55:23 AM,Microsoft-Windows-Store,8001,LM,"ServiceBeginAcquireLicenseImpl PsmKey:Microsoft.YourPhone_1.23042.107.0_x64__8wekyb3d8bbwe+App, IsSystemUsage:1
Function: ServiceBeginAcquireLicenseImpl
Source: onecoreuap\enduser\winstore\licensemanager\lib\service.cpp (2083)"
Information,8/27/2023 3:55:23 AM,Microsoft-Windows-Store,8001,LM,"Failure Message: onecoreuap\enduser\winstore\licensemanager\lib\service.cpp(2103)\LicenseManager.dll!00007FFF853D96AC: Exception(13) tid(e18) 800703F0 An attempt was made to reference a token that does not exist.
    [ServiceBeginAcquireLicenseImpl]

Function: ServiceBeginAcquireLicenseImpl
Source: onecoreuap\enduser\winstore\licensemanager\lib\service.cpp (2127)"
Warning,8/27/2023 3:55:23 AM,Microsoft-Windows-Store,8002,LM,"Failure Message: hr: 0x800703f0
Function: ServiceBeginAcquireLicenseImpl
Source: onecoreuap\enduser\winstore\licensemanager\lib\service.cpp (2103)"
Information,8/27/2023 3:55:23 AM,Microsoft-Windows-Store,8001,LM,"ServiceBeginAcquireLicenseImpl PsmKey:Microsoft.YourPhone_1.23042.107.0_x64__8wekyb3d8bbwe+App, IsSystemUsage:1
Function: ServiceBeginAcquireLicenseImpl
Source: onecoreuap\enduser\winstore\licensemanager\lib\service.cpp (2083)"
Information,8/27/2023 3:55:23 AM,Microsoft-Windows-Store,8001,LM,"Invoking license manager because license/lease polling time up: PFN Microsoft.YourPhone_1.23042.107.0_x64__8wekyb3d8bbwe
Function: InvokeLicenseManagerRequired
Source: onecoreuap\enduser\winstore\licensemanager\apisethost\activationapis.cpp (361)"
Information,8/27/2023 3:54:56 AM,Microsoft-Windows-Store,8001,LM,"Removed timer for {A85B769D-9FA4-0970-1D82-6504C89DF776}
Function: MemoryTimerService::CleanupTimer
Source: onecoreuap\enduser\winstore\licensemanager\lib\memorytimer.cpp (19)"
Warning,8/27/2023 3:54:56 AM,Microsoft-Windows-Store,8002,LM,"Trying to remove timer {A85B769D-9FA4-0970-1D82-6504C89DF776} not in table
Function: MemoryTimerService::CancelTimerWithId
Source: onecoreuap\enduser\winstore\licensemanager\lib\memorytimer.cpp (80)"
Information,8/27/2023 3:54:56 AM,Microsoft-Windows-Store,8001,LM,"Ignoring lease removal with reason 0x00000000 because this is an offline lease

Function: ClipStorage::RemoveLeaseDocumentWithIdAndReason
Source: onecoreuap\enduser\winstore\licensemanager\lib\clipstorage.cpp (514)"
Information,8/27/2023 3:54:56 AM,Microsoft-Windows-Store,8001,LM,"Decoding: {""entitlementId"":""9be874f8-7167-9701-bc1b-9b161ab5b1c4"",""entitlementSatisfaction"":""Device"",""isOffline"":true,""leaseEnforcement"":""None"",""leaseUri"":""https://licensing.md.mp.microsoft.com/v7.0/licenses/?beneficiaryId=msaonecoreuap\enduser\winstore\licensemanager\lib\clipdocument.cppa844425221464020&contentId=eee53744-2bb9-bca2-a50a-c6a1c5b0a0ed&entitlementId=9be874f8-7167-9701-bc1b-9b161ab5b1c4&market=US&policyType=Device"",""keyIds"":[""0f8e2cd5-b8eb-7a22-b9e9-9b1183fa0a84""],""kind"":""Content"",""packages"":[{""packageIdentifier"":""eee53744-2bb9-bca2-a50a-c6a1c5b0a0ed"",""packageType"":""msix"",""productAddOns"":[],""productId"":""9NMPJ99VJBWV"",""skuId"":""0010""}],""pollAt"":""2023-05-09T17:10:21.4505337+00:00"",""refreshOnStartup"":false,""version"":7}
Function: DecodeCustomPolicy
Source: onecoreuap\enduser\winstore\licensemanager\lib\clipdocument.cpp (50)"
Information,8/27/2023 3:54:56 AM,Microsoft-Windows-Store,8001,LM,"Requesting lease document removal for reason 0x00000000, {A85B769D-9FA4-0970-1D82-6504C89DF776}
Function: LicenseManagerCore::DoRemoveLeaseDocumentWithId
Source: onecoreuap\enduser\winstore\licensemanager\lib\managercore.cpp (1460)"
Verbose,8/27/2023 3:54:56 AM,Microsoft-Windows-Store,8012,LM State Machine,0x10b6502c660: 3608: Lease:Valid Change: Lease:Invalid => {A85B769D-9FA4-0970-1D82-6504C89DF776}
Verbose,8/27/2023 3:54:56 AM,Microsoft-Windows-Store,8011,LM State Machine,0x10b6502c660: 3608: {A85B769D-9FA4-0970-1D82-6504C89DF776}: Dispatch: Lease:Unregistered => Lease:Valid
Verbose,8/27/2023 3:54:56 AM,Microsoft-Windows-Store,8011,LM State Machine,0x10b6502c660: 3608: {A85B769D-9FA4-0970-1D82-6504C89DF776}: Dispatch: Lease:RemoveKey => Lease:Valid
Information,8/27/2023 3:54:56 AM,Microsoft-Windows-Store,8001,LM,"Set results for lease = 0x0, policy = 0, operation = 0, Leasebehavior = 0
Function: KeyMachine::DoSetResult
Source: onecoreuap\enduser\winstore\licensemanager\lib\keymachine.cpp (1460)"
Verbose,8/27/2023 3:54:56 AM,Microsoft-Windows-Store,8012,LM State Machine,0x10b66013b50: 3608: Key:Valid Change: Key:Invalid => EEE53744-2BB9-BCA2-A50A-C6A1C5B0A0ED
Information,8/27/2023 3:54:56 AM,Microsoft-Windows-Store,8001,LM,"Lease dropped
Function: KeyMachine::DoDropLease
Source: onecoreuap\enduser\winstore\licensemanager\lib\keymachine.cpp (279)"
Verbose,8/27/2023 3:54:56 AM,Microsoft-Windows-Store,8011,LM State Machine,0x10b66013b50: 3608: EEE53744-2BB9-BCA2-A50A-C6A1C5B0A0ED: Dispatch: Key:Unregistered => Key:Valid
Information,8/27/2023 3:54:56 AM,Microsoft-Windows-Store,8001,LM,"ServicePackageRundownNotificationImpl PsmKey:Microsoft.YourPhone_1.23042.107.0_x64__8wekyb3d8bbwe+App, sid:S-1-5-21-3089243881-3525850343-252262830-500
Function: ServicePackageRundownNotificationImpl
Source: onecoreuap\enduser\winstore\licensemanager\lib\service.cpp (2366)"
Information,8/27/2023 3:54:56 AM,Microsoft-Windows-Store,8001,LM,"Invoking license manager because license/lease polling time up: PFN Microsoft.YourPhone_1.23042.107.0_x64__8wekyb3d8bbwe
Function: InvokeLicenseManagerRequired
Source: onecoreuap\enduser\winstore\licensemanager\apisethost\activationapis.cpp (361)"
Information,8/27/2023 3:54:34 AM,Microsoft-Windows-Store,8000,LM Module Loaded,"Process Name: C:\WINDOWS\system32\svchost.exe
Module Name: C:\WINDOWS\SYSTEM32\licensemanagerapi.dll
Build: 19041.1.amd64fre.vb_release.191206-1406
"
Information,8/27/2023 3:54:19 AM,Microsoft-Windows-Store,8001,LM,"Skipping license manager: PFN Microsoft.YourPhone_1.23042.107.0_x64__8wekyb3d8bbwe
Function: InvokeLicenseManagerRequired
Source: onecoreuap\enduser\winstore\licensemanager\apisethost\activationapis.cpp (373)"
Verbose,8/27/2023 3:54:10 AM,Microsoft-Windows-Store,8011,LM State Machine,0x10b66013b50: 3608: EEE53744-2BB9-BCA2-A50A-C6A1C5B0A0ED: Dispatch: Key:RegisterCallback => Key:Valid
Information,8/27/2023 3:54:10 AM,Microsoft-Windows-Store,8001,LM,"ReactiveLicensingResult: 0x00000000 for Microsoft.YourPhone_1.23042.107.0_x64__8wekyb3d8bbwe, 156ms
Function: LogReactiveLicensingResult
Source: onecoreuap\enduser\winstore\licensemanager\lib\telemetry.cpp (503)"
Information,8/27/2023 3:54:10 AM,Microsoft-Windows-Store,8001,LM,"Decoding: {""entitlementId"":""9be874f8-7167-9701-bc1b-9b161ab5b1c4"",""entitlementSatisfaction"":""Device"",""isOffline"":true,""leaseEnforcement"":""None"",""leaseUri"":""https://licensing.md.mp.microsoft.com/v7.0/licenses/?beneficiaryId=msaonecoreuap\enduser\winstore\licensemanager\lib\clipdocument.cppa844425221464020&contentId=eee53744-2bb9-bca2-a50a-c6a1c5b0a0ed&entitlementId=9be874f8-7167-9701-bc1b-9b161ab5b1c4&market=US&policyType=Device"",""keyIds"":[""0f8e2cd5-b8eb-7a22-b9e9-9b1183fa0a84""],""kind"":""Content"",""packages"":[{""packageIdentifier"":""eee53744-2bb9-bca2-a50a-c6a1c5b0a0ed"",""packageType"":""msix"",""productAddOns"":[],""productId"":""9NMPJ99VJBWV"",""skuId"":""0010""}],""pollAt"":""2023-05-09T17:10:21.4505337+00:00"",""refreshOnStartup"":false,""version"":7}
Function: DecodeCustomPolicy
Source: onecoreuap\enduser\winstore\licensemanager\lib\clipdocument.cpp (50)"
Information,8/27/2023 3:54:10 AM,Microsoft-Windows-Store,8001,LM,"Decoding: {""entitlementId"":""9be874f8-7167-9701-bc1b-9b161ab5b1c4"",""entitlementSatisfaction"":""Device"",""isOffline"":true,""leaseEnforcement"":""None"",""leaseUri"":""https://licensing.md.mp.microsoft.com/v7.0/licenses/?beneficiaryId=msaonecoreuap\enduser\winstore\licensemanager\lib\clipdocument.cppa844425221464020&contentId=eee53744-2bb9-bca2-a50a-c6a1c5b0a0ed&entitlementId=9be874f8-7167-9701-bc1b-9b161ab5b1c4&market=US&policyType=Device"",""keyIds"":[""0f8e2cd5-b8eb-7a22-b9e9-9b1183fa0a84""],""kind"":""Content"",""packages"":[{""packageIdentifier"":""eee53744-2bb9-bca2-a50a-c6a1c5b0a0ed"",""packageType"":""msix"",""productAddOns"":[],""productId"":""9NMPJ99VJBWV"",""skuId"":""0010""}],""pollAt"":""2023-05-09T17:10:21.4505337+00:00"",""refreshOnStartup"":false,""version"":7}
Function: DecodeCustomPolicy
Source: onecoreuap\enduser\winstore\licensemanager\lib\clipdocument.cpp (50)"
Information,8/27/2023 3:54:10 AM,Microsoft-Windows-Store,8001,LM,"Decoding: {""legacyProductId"":""6ead4a77-d076-4866-9188-621a5b1f414f""}
Function: DecodeCustomPolicy
Source: onecoreuap\enduser\winstore\licensemanager\lib\clipdocument.cpp (50)"
Verbose,8/27/2023 3:54:10 AM,Microsoft-Windows-Store,8011,LM State Machine,0x10b6502c660: 5328: {A85B769D-9FA4-0970-1D82-6504C89DF776}: Dispatch: Lease:AddKey => Lease:Valid
Information,8/27/2023 3:54:10 AM,Microsoft-Windows-Store,8001,LM,"Added timer for {A85B769D-9FA4-0970-1D82-6504C89DF776}
Function: MemoryTimerService::CreateTimerWithId
Source: onecoreuap\enduser\winstore\licensemanager\lib\memorytimer.cpp (57)"
Information,8/27/2023 3:54:10 AM,Microsoft-Windows-Store,8001,LM,"Updating lease timer for {A85B769D-9FA4-0970-1D82-6504C89DF776} to expire @ 2023-08-27T11:09:59Z (jitter was 15.817723 minutes)
Function: LeaseMachine::DoUpdateLeaseTimer
Source: onecoreuap\enduser\winstore\licensemanager\lib\leasemachine.cpp (276)"
Verbose,8/27/2023 3:54:10 AM,Microsoft-Windows-Store,8012,LM State Machine,0x10b6502c660: 5328: Lease:Initial Change: Lease:Valid => {A85B769D-9FA4-0970-1D82-6504C89DF776}
Verbose,8/27/2023 3:54:10 AM,Microsoft-Windows-Store,8011,LM State Machine,0x10b6502c660: 5328: {A85B769D-9FA4-0970-1D82-6504C89DF776}: Dispatch: Lease:UpdateLeaseDocument => Lease:Initial
Verbose,8/27/2023 3:54:10 AM,Microsoft-Windows-Store,8012,LM State Machine,0x10b66013b50: 5328: Key:NegotiatingUnleased Change: Key:Valid => EEE53744-2BB9-BCA2-A50A-C6A1C5B0A0ED
Information,8/27/2023 3:54:10 AM,Microsoft-Windows-Store,8001,LM,"No cached lease or key found, not renewing with service and treating this as a valid license with lease = 0x650f28b8
Function: KeyMachine::NegotiatingUnleased::LicenseDone
Source: onecoreuap\enduser\winstore\licensemanager\lib\keymachine.cpp (1956)"
Information,8/27/2023 3:54:10 AM,Microsoft-Windows-Store,8001,LM,"Set results for lease = 0x650f28b8, policy = 1, operation = 3, Leasebehavior = 0
Function: KeyMachine::DoSetResult
Source: onecoreuap\enduser\winstore\licensemanager\lib\keymachine.cpp (1460)"
Information,8/27/2023 3:54:10 AM,Microsoft-Windows-Store,8001,LM,"Lease Machine: 0000010B6502C640: {A85B769D-9FA4-0970-1D82-6504C89DF776}
Function: LeaseMachine::LeaseMachine
Source: onecoreuap\enduser\winstore\licensemanager\lib\leasemachine.cpp (40)"
Information,8/27/2023 3:54:10 AM,Microsoft-Windows-Store,8001,LM,"lease = 0x650f28b8, leaseActive = 1, leaseBehavior = 0
Function: KeyMachine::NegotiatingUnleased::LicenseDone
Source: onecoreuap\enduser\winstore\licensemanager\lib\keymachine.cpp (1926)"
Verbose,8/27/2023 3:54:09 AM,Microsoft-Windows-Store,8011,LM State Machine,0x10b66013b50: 5328: EEE53744-2BB9-BCA2-A50A-C6A1C5B0A0ED: Dispatch: Key:@LicenseDone => Key:NegotiatingUnleased
Information,8/27/2023 3:54:09 AM,Microsoft-Windows-Store,8001,LM,"lease = 0x650f28b8, usage = 268435456, policy = 1, operation = 3, leaseBehavior = 0, shouldContentBeDeactivated = 0
Function: KeyMachine::DoLicenseThreadProc
Source: onecoreuap\enduser\winstore\licensemanager\lib\keymachine.cpp (900)"
Information,8/27/2023 3:54:09 AM,Microsoft-Windows-Store,8001,LM,"Returning 1 lease documents for contentid EEE53744-2BB9-BCA2-A50A-C6A1C5B0A0ED
Function: ClipStorage::GetLeaseDocumentsForKeyDocument
Source: onecoreuap\enduser\winstore\licensemanager\lib\clipstorage.cpp (473)"
Information,8/27/2023 3:54:09 AM,Microsoft-Windows-Store,8001,LM,"Adding lease {A900C622-99E6-0D09-3F2B-FC30E2F4563B} to results
Function: ClipStorage::GetLeaseDocumentsForKeyDocument
Source: onecoreuap\enduser\winstore\licensemanager\lib\clipstorage.cpp (400)"
Information,8/27/2023 3:54:09 AM,Microsoft-Windows-Store,8001,LM,"Decoding: {""entitlementId"":""9be874f8-7167-9701-bc1b-9b161ab5b1c4"",""entitlementSatisfaction"":""Device"",""isOffline"":true,""leaseEnforcement"":""None"",""leaseUri"":""https://licensing.md.mp.microsoft.com/v7.0/licenses/?beneficiaryId=msaonecoreuap\enduser\winstore\licensemanager\lib\clipdocument.cppa844425221464020&contentId=eee53744-2bb9-bca2-a50a-c6a1c5b0a0ed&entitlementId=9be874f8-7167-9701-bc1b-9b161ab5b1c4&market=US&policyType=Device"",""keyIds"":[""0f8e2cd5-b8eb-7a22-b9e9-9b1183fa0a84""],""kind"":""Content"",""packages"":[{""packageIdentifier"":""eee53744-2bb9-bca2-a50a-c6a1c5b0a0ed"",""packageType"":""msix"",""productAddOns"":[],""productId"":""9NMPJ99VJBWV"",""skuId"":""0010""}],""pollAt"":""2023-05-09T17:10:21.4505337+00:00"",""refreshOnStartup"":false,""version"":7}
Function: DecodeCustomPolicy
Source: onecoreuap\enduser\winstore\licensemanager\lib\clipdocument.cpp (50)"
Information,8/27/2023 3:54:09 AM,Microsoft-Windows-Store,8001,LM,"Getting lease for EEE53744-2BB9-BCA2-A50A-C6A1C5B0A0ED
Function: LicenseManagerCore::GetExistingLeaseAndLicense
Source: onecoreuap\enduser\winstore\licensemanager\lib\managercore.cpp (415)"
Information,8/27/2023 3:54:09 AM,Microsoft-Windows-Store,8001,LM,"Returning key document for contentid EEE53744-2BB9-BCA2-A50A-C6A1C5B0A0ED
Function: ClipStorage::GetKeyDocumentForContentWithIdAndMinQuality
Source: onecoreuap\enduser\winstore\licensemanager\lib\clipstorage.cpp (262)"
Information,8/27/2023 3:54:09 AM,Microsoft-Windows-Store,8001,LM,"Accepting key with License ID {0F8E2CD5-B8EB-7A22-B9E9-9B1183FA0A84} for Content ID EEE53744-2BB9-BCA2-A50A-C6A1C5B0A0ED (first match)
Function: ClipStorage::GetKeyDocumentForContentWithIdAndMinQuality
Source: onecoreuap\enduser\winstore\licensemanager\lib\clipstorage.cpp (223)"
Information,8/27/2023 3:54:09 AM,Microsoft-Windows-Store,8001,LM,"Decoding: {""legacyProductId"":""6ead4a77-d076-4866-9188-621a5b1f414f""}
Function: DecodeCustomPolicy
Source: onecoreuap\enduser\winstore\licensemanager\lib\clipdocument.cpp (50)"
Information,8/27/2023 3:54:09 AM,Microsoft-Windows-Store,8001,LM,"Considering License ID {0F8E2CD5-B8EB-7A22-B9E9-9B1183FA0A84} for content ID EEE53744-2BB9-BCA2-A50A-C6A1C5B0A0ED...
Function: ClipStorage::GetKeyDocumentForContentWithIdAndMinQuality
Source: onecoreuap\enduser\winstore\licensemanager\lib\clipstorage.cpp (192)"
Verbose,8/27/2023 3:54:09 AM,Microsoft-Windows-Store,8012,LM State Machine,0x10b66013b50: 5328: Key:Initial Change: Key:NegotiatingUnleased => EEE53744-2BB9-BCA2-A50A-C6A1C5B0A0ED
Information,8/27/2023 3:54:09 AM,Microsoft-Windows-Store,8001,LM,"0000010B66013B30: BeginLicense: Operation 3, CachedLeaseOK true, RequireServiceValidation false
Function: KeyMachine::DoBeginLicense
Source: onecoreuap\enduser\winstore\licensemanager\lib\keymachine.cpp (819)"
Verbose,8/27/2023 3:54:09 AM,Microsoft-Windows-Store,8011,LM State Machine,0x10b66013b50: 5328: EEE53744-2BB9-BCA2-A50A-C6A1C5B0A0ED: Dispatch: Key:Activate => Key:Initial
Verbose,8/27/2023 3:54:09 AM,Microsoft-Windows-Store,8011,LM State Machine,0x10b650307d8: 5328: RootMachine: Dispatch: Root:Connect => Root:Valid
Information,8/27/2023 3:54:09 AM,Microsoft-Windows-Store,8001,LM,"0000010B66013B30: Key Machine for content: EEE53744-2BB9-BCA2-A50A-C6A1C5B0A0ED
Function: KeyMachine::KeyMachine
Source: onecoreuap\enduser\winstore\licensemanager\lib\keymachine.cpp (95)"
Information,8/27/2023 3:54:09 AM,Microsoft-Windows-Store,8001,LM,"Licensing EEE53744-2BB9-BCA2-A50A-C6A1C5B0A0ED (Active)
Function: LicenseManager::LicenseContentWithId
Source: onecoreuap\enduser\winstore\licensemanager\lib\manager.cpp (88)"
Information,8/27/2023 3:54:09 AM,Microsoft-Windows-Store,8001,LM,"Licensing package Microsoft.YourPhone_1.23042.107.0_x64__8wekyb3d8bbwe (3)
Function: OneStoreApplicationLicenseManager::GetLicenseForInstalledPackage
Source: onecoreuap\enduser\winstore\licensemanager\lib\onestoreapplicensemanager.cpp (119)"
Information,8/27/2023 3:54:09 AM,Microsoft-Windows-Store,8001,LM,"Skipping license manager: PFN Microsoft.YourPhone_1.23042.107.0_x64__8wekyb3d8bbwe
Function: InvokeLicenseManagerRequired
Source: onecoreuap\enduser\winstore\licensemanager\apisethost\activationapis.cpp (373)"
Information,8/27/2023 3:54:09 AM,Microsoft-Windows-Store,8001,LM,"ServiceBeginAcquireLicenseImpl PsmKey:Microsoft.YourPhone_1.23042.107.0_x64__8wekyb3d8bbwe+App, IsSystemUsage:1
Function: ServiceBeginAcquireLicenseImpl
Source: onecoreuap\enduser\winstore\licensemanager\lib\service.cpp (2083)"
Information,8/27/2023 3:54:09 AM,Microsoft-Windows-Store,8001,LM,"Failure Message: onecoreuap\enduser\winstore\licensemanager\lib\service.cpp(2103)\LicenseManager.dll!00007FFF853D96AC: Exception(12) tid(14d0) 800703F0 An attempt was made to reference a token that does not exist.
    [ServiceBeginAcquireLicenseImpl]

Function: ServiceBeginAcquireLicenseImpl
Source: onecoreuap\enduser\winstore\licensemanager\lib\service.cpp (2127)"
Warning,8/27/2023 3:54:09 AM,Microsoft-Windows-Store,8002,LM,"Failure Message: hr: 0x800703f0
Function: ServiceBeginAcquireLicenseImpl
Source: onecoreuap\enduser\winstore\licensemanager\lib\service.cpp (2103)"
Information,8/27/2023 3:54:09 AM,Microsoft-Windows-Store,8001,LM,"ServiceBeginAcquireLicenseImpl PsmKey:Microsoft.YourPhone_1.23042.107.0_x64__8wekyb3d8bbwe+App, IsSystemUsage:1
Function: ServiceBeginAcquireLicenseImpl
Source: onecoreuap\enduser\winstore\licensemanager\lib\service.cpp (2083)"
Information,8/27/2023 3:54:09 AM,Microsoft-Windows-Store,8001,LM,"Failure Message: onecoreuap\enduser\winstore\licensemanager\lib\service.cpp(2103)\LicenseManager.dll!00007FFF853D96AC: Exception(11) tid(e18) 800703F0 An attempt was made to reference a token that does not exist.
    [ServiceBeginAcquireLicenseImpl]

Function: ServiceBeginAcquireLicenseImpl
Source: onecoreuap\enduser\winstore\licensemanager\lib\service.cpp (2127)"
Warning,8/27/2023 3:54:09 AM,Microsoft-Windows-Store,8002,LM,"Failure Message: hr: 0x800703f0
Function: ServiceBeginAcquireLicenseImpl
Source: onecoreuap\enduser\winstore\licensemanager\lib\service.cpp (2103)"
Information,8/27/2023 3:54:09 AM,Microsoft-Windows-Store,8001,LM,"ServiceBeginAcquireLicenseImpl PsmKey:Microsoft.YourPhone_1.23042.107.0_x64__8wekyb3d8bbwe+App, IsSystemUsage:1
Function: ServiceBeginAcquireLicenseImpl
Source: onecoreuap\enduser\winstore\licensemanager\lib\service.cpp (2083)"
Information,8/27/2023 3:54:09 AM,Microsoft-Windows-Store,8001,LM,"Invoking license manager because license/lease polling time up: PFN Microsoft.YourPhone_1.23042.107.0_x64__8wekyb3d8bbwe
Function: InvokeLicenseManagerRequired
Source: onecoreuap\enduser\winstore\licensemanager\apisethost\activationapis.cpp (361)"
Information,8/27/2023 3:54:09 AM,Microsoft-Windows-Store,8001,LM,"canDisableApps value is 0
Function: InitStoreAppsAreDisabled
Source: onecoreuap\enduser\winstore\licensemanager\apisethost\activationapis.cpp (195)"
Information,8/27/2023 3:53:58 AM,Microsoft-Windows-Store,8000,LM Module Loaded,"Process Name: C:\WINDOWS\system32\svchost.exe
Module Name: C:\WINDOWS\SYSTEM32\licensemanagerapi.dll
Build: 19041.1.amd64fre.vb_release.191206-1406
"
Information,8/27/2023 3:53:56 AM,Microsoft-Windows-Store,8001,LM,"Set results for lease = 0x0, policy = 0, operation = 0, Leasebehavior = 0
Function: KeyMachine::DoSetResult
Source: onecoreuap\enduser\winstore\licensemanager\lib\keymachine.cpp (1460)"
Verbose,8/27/2023 3:53:56 AM,Microsoft-Windows-Store,8012,LM State Machine,0x10b650d89c0: 5364: Key:Initial Change: Key:Invalid => 2907b935-0ea5-dca1-85a7-75597491a18b
Verbose,8/27/2023 3:53:56 AM,Microsoft-Windows-Store,8011,LM State Machine,0x10b650d89c0: 5364: 2907b935-0ea5-dca1-85a7-75597491a18b: Dispatch: Key:Unregistered => Key:Initial
Information,8/27/2023 3:53:56 AM,Microsoft-Windows-Store,8001,LM,"Failure Message: onecoreuap\enduser\winstore\licensemanager\lib\applicensemanager.cpp(447)\LicenseManager.dll!00007FFF85426AAF: Exception(10) tid(14f4) 803F7001     [ApplicationLicenseManager::ActivateLicenseForContent]

Function: ApplicationLicenseManager::ActivateLicenseForContent
Source: onecoreuap\enduser\winstore\licensemanager\lib\applicensemanager.cpp (450)"
Warning,8/27/2023 3:53:56 AM,Microsoft-Windows-Store,8002,LM,"Failure Message: hr: 0x803f7001
Function: ApplicationLicenseManager::ActivateLicenseForContent
Source: onecoreuap\enduser\winstore\licensemanager\lib\applicensemanager.cpp (447)"
Warning,8/27/2023 3:53:56 AM,Microsoft-Windows-Store,8002,LM,"Failure Message: hr: 0x803f7001
Function: LicenseCallback::WaitForComplete
Source: onecoreuap\enduser\winstore\licensemanager\lib\managercore.cpp (171)"
Verbose,8/27/2023 3:53:56 AM,Microsoft-Windows-Store,8012,LM State Machine,0x10b650d89c0: 5260: Key:NegotiatingUnleased Change: Key:Initial => 2907b935-0ea5-dca1-85a7-75597491a18b
Information,8/27/2023 3:53:56 AM,Microsoft-Windows-Store,8001,LM,"Set results for lease = 0x0, policy = 0, operation = 3, Leasebehavior = 0
Function: KeyMachine::DoSetResult
Source: onecoreuap\enduser\winstore\licensemanager\lib\keymachine.cpp (1460)"
Verbose,8/27/2023 3:53:56 AM,Microsoft-Windows-Store,8011,LM State Machine,0x10b650d89c0: 5260: 2907b935-0ea5-dca1-85a7-75597491a18b: Dispatch: Key:@LicenseDone => Key:NegotiatingUnleased
Information,8/27/2023 3:53:56 AM,Microsoft-Windows-Store,8001,LM,"Failure Message: onecoreuap\enduser\winstore\licensemanager\lib\managercore.cpp(1817)\LicenseManager.dll!00007FFF85431371: Exception(8) tid(148c) 803F7001     [LicenseManagerCore::RequestLicenseForContentWithId]

Function: KeyMachine::DoLicenseThreadProc
Source: onecoreuap\enduser\winstore\licensemanager\lib\keymachine.cpp (1007)"
Warning,8/27/2023 3:53:56 AM,Microsoft-Windows-Store,8002,LM,"Failure Message: hr: 0x803f7001
Function: LicenseManagerCore::RequestLicenseForContentWithId
Source: onecoreuap\enduser\winstore\licensemanager\lib\managercore.cpp (1817)"
Information,8/27/2023 3:53:56 AM,Microsoft-Windows-Store,8001,LM,"Failure Message: onecoreuap\enduser\winstore\licensemanager\lib\proxy.cpp(339)\LicenseManager.dll!00007FFF854459C7: Exception(7) tid(148c) 803F7001     [LicenseProxyService::RequestLicenseForContentWithId]

Function: LicenseProxyService::RequestLicenseForContentWithId
Source: onecoreuap\enduser\winstore\licensemanager\lib\proxy.cpp (348)"
Warning,8/27/2023 3:53:56 AM,Microsoft-Windows-Store,8002,LM,"Failure Message: hr: 0x803f7001
Function: LicenseProxyService::RequestLicenseForContentWithId
Source: onecoreuap\enduser\winstore\licensemanager\lib\proxy.cpp (339)"
Error,8/27/2023 3:53:56 AM,Microsoft-Windows-Store,8003,LM,"Satisfaction error from service: 4096: Users do not possess any satisfying entitlements for the operating system content id in question. (Corr: P1daFyuhGkSzL6Xn.2, Svr: ent-bd96d6574-wjnrp), token broker error: 0x00000000, number of MSA tickets: 0, number of AAD tickets: 0
Function: LogSatisfactionError
Source: onecoreuap\enduser\winstore\licensemanager\lib\telemetry.cpp (177)"
Information,8/27/2023 3:53:56 AM,Microsoft-Windows-Store,8001,LM,"License Response: 0 leases, 0 keys for contentId 2907b935-0ea5-dca1-85a7-75597491a18b (Corr: P1daFyuhGkSzL6Xn.2, Svr: ent-bd96d6574-wjnrp)
Function: LogRequestLicenseSuccess
Source: onecoreuap\enduser\winstore\licensemanager\lib\telemetry.cpp (237)"
Information,8/27/2023 3:53:55 AM,Microsoft-Windows-Store,8001,LM,"Requesting license for 2907b935-0ea5-dca1-85a7-75597491a18b at /v7.0/licenses/content (https://licensing.mp.microsoft.com) (Corr: P1daFyuhGkSzL6Xn.2)
Function: LicenseProxyService::DoRequestLicense
Source: onecoreuap\enduser\winstore\licensemanager\lib\proxy.cpp (1982)"
Warning,8/27/2023 3:53:55 AM,Microsoft-Windows-Store,8002,LM,"No user tickets captured for S-1-5-21-3089243881-3525850343-252262830-500, so this might not end well.
Function: SingleUserStoredIdentitySnapshot::CaptureIdentity
Source: onecoreuap\enduser\winstore\licensemanager\lib\identity.cpp (483)"
Warning,8/27/2023 3:53:55 AM,Microsoft-Windows-Store,8002,LM,"No authenticated user, no ticket. (0x80070525)
Function: CaptureLegacyMSATicket
Source: onecoreuap\enduser\winstore\licensemanager\lib\identity.cpp (131)"
Warning,8/27/2023 3:53:55 AM,Microsoft-Windows-Store,8002,LM,"Failure Message: hr: 0x80070525
Function: WaitForOperation
Source: onecoreuap\enduser\winstore\licensemanager\inc\util.h (294)"
Information,8/27/2023 3:53:55 AM,Microsoft-Windows-Store,8001,LM,"Failure Message: hr: 0x80070002
Function: WinStoreAuth::AuthenticationInternal::FetchStoreAccountIdFromRegistry
Source: onecoreuap\enduser\winstore\auth\lib\winstoreauth.cpp (1291)"
Information,8/27/2023 3:53:55 AM,Microsoft-Windows-Store,8001,LM,"Getting user tickets for S-1-5-21-3089243881-3525850343-252262830-500
Function: SingleUserStoredIdentitySnapshot::CaptureIdentity
Source: onecoreuap\enduser\winstore\licensemanager\lib\identity.cpp (399)"
Information,8/27/2023 3:53:55 AM,Microsoft-Windows-Store,8001,LM,"No key document found for contentid 2907b935-0ea5-dca1-85a7-75597491a18b
Function: ClipStorage::GetKeyDocumentForContentWithIdAndMinQuality
Source: onecoreuap\enduser\winstore\licensemanager\lib\clipstorage.cpp (269)"
Verbose,8/27/2023 3:53:55 AM,Microsoft-Windows-Store,8012,LM State Machine,0x10b650d89c0: 5260: Key:Initial Change: Key:NegotiatingUnleased => 2907b935-0ea5-dca1-85a7-75597491a18b
Information,8/27/2023 3:53:55 AM,Microsoft-Windows-Store,8001,LM,"0000010B650D89A0: BeginLicense: Operation 3, CachedLeaseOK true, RequireServiceValidation false
Function: KeyMachine::DoBeginLicense
Source: onecoreuap\enduser\winstore\licensemanager\lib\keymachine.cpp (819)"
Verbose,8/27/2023 3:53:55 AM,Microsoft-Windows-Store,8011,LM State Machine,0x10b650d89c0: 5260: 2907b935-0ea5-dca1-85a7-75597491a18b: Dispatch: Key:Activate => Key:Initial
Verbose,8/27/2023 3:53:55 AM,Microsoft-Windows-Store,8011,LM State Machine,0x10b650307d8: 5260: RootMachine: Dispatch: Root:Connect => Root:Valid
Information,8/27/2023 3:53:55 AM,Microsoft-Windows-Store,8001,LM,"0000010B650D89A0: Key Machine for content: 2907b935-0ea5-dca1-85a7-75597491a18b
Function: KeyMachine::KeyMachine
Source: onecoreuap\enduser\winstore\licensemanager\lib\keymachine.cpp (95)"
Information,8/27/2023 3:53:55 AM,Microsoft-Windows-Store,8001,LM,"Licensing 2907b935-0ea5-dca1-85a7-75597491a18b (Active)
Function: LicenseManager::LicenseContentWithId
Source: onecoreuap\enduser\winstore\licensemanager\lib\manager.cpp (88)"
Information,8/27/2023 3:53:55 AM,Microsoft-Windows-Store,8001,LM,"Licensing content 2907b935-0ea5-dca1-85a7-75597491a18b
Function: OneStoreApplicationLicenseManager::ActivateLicenseForContent
Source: onecoreuap\enduser\winstore\licensemanager\lib\onestoreapplicensemanager.cpp (409)"
Information,8/27/2023 3:53:20 AM,Microsoft-Windows-Store,8001,LM,"Set results for lease = 0x0, policy = 0, operation = 0, Leasebehavior = 0
Function: KeyMachine::DoSetResult
Source: onecoreuap\enduser\winstore\licensemanager\lib\keymachine.cpp (1460)"
Verbose,8/27/2023 3:53:20 AM,Microsoft-Windows-Store,8012,LM State Machine,0x10b6504d6c0: 3608: Key:Initial Change: Key:Invalid => 2907b935-0ea5-dca1-85a7-75597491a18b
Verbose,8/27/2023 3:53:20 AM,Microsoft-Windows-Store,8011,LM State Machine,0x10b6504d6c0: 3608: 2907b935-0ea5-dca1-85a7-75597491a18b: Dispatch: Key:Unregistered => Key:Initial
Information,8/27/2023 3:53:20 AM,Microsoft-Windows-Store,8001,LM,"Failure Message: onecoreuap\enduser\winstore\licensemanager\lib\applicensemanager.cpp(447)\LicenseManager.dll!00007FFF85426AAF: Exception(5) tid(e18) 803F7001     [ApplicationLicenseManager::ActivateLicenseForContent]

Function: ApplicationLicenseManager::ActivateLicenseForContent
Source: onecoreuap\enduser\winstore\licensemanager\lib\applicensemanager.cpp (450)"
Warning,8/27/2023 3:53:20 AM,Microsoft-Windows-Store,8002,LM,"Failure Message: hr: 0x803f7001
Function: ApplicationLicenseManager::ActivateLicenseForContent
Source: onecoreuap\enduser\winstore\licensemanager\lib\applicensemanager.cpp (447)"
Warning,8/27/2023 3:53:20 AM,Microsoft-Windows-Store,8002,LM,"Failure Message: hr: 0x803f7001
Function: LicenseCallback::WaitForComplete
Source: onecoreuap\enduser\winstore\licensemanager\lib\managercore.cpp (171)"
