Information,8/27/2023 4:51:59 AM,Microsoft-Windows-Store,8001,LM,"Decoding: {""entitlementSatisfaction"":""Open"",""isOffline"":true,""leaseEnforcement"":""None"",""leaseUri"":""https://licensing.md.mp.microsoft.com/v7.0/licenses/?contentId=6ea6fc2e-9305-586b-3411-02826d151533&market=US&policyType=Open&productId=9WZDNCRFHVQM&skuId=0010"",""keyIds"":[""71c8f37a-a7b9-aff0-6de0-9b276c089ad6""],""kind"":""Content"",""packages"":[{""packageIdentifier"":""6ea6fc2e-9305-586b-3411-02826d151533"",""packageType"":""msix"",""productAddOns"":[],""productId"":""9WZDNCRFHVQM"",""skuId"":""0010""}],""pollAt"":""2022-12-06T07:49:54.7646872+00:00"",""refreshOnStartup"":false,""version"":7}
Function: DecodeCustomPolicy
Source: onecoreuap\enduser\winstore\licensemanager\lib\clipdocument.cpp (50)"
Information,8/27/2023 4:51:59 AM,Microsoft-Windows-Store,8001,LM,"Decoding: {""entitlementSatisfaction"":""Open"",""isOffline"":true,""leaseEnforcement"":""None"",""leaseUri"":""https://licensing.md.mp.microsoft.com/v7.0/licenses/?contentId=6ea6fc2e-9305-586b-3411-02826d151533&market=US&policyType=Open&productId=9WZDNCRFHVQM&skuId=0010"",""keyIds"":[""71c8f37a-a7b9-aff0-6de0-9b276c089ad6""],""kind"":""Content"",""packages"":[{""packageIdentifier"":""6ea6fc2e-9305-586b-3411-02826d151533"",""packageType"":""msix"",""productAddOns"":[],""productId"":""9WZDNCRFHVQM"",""skuId"":""0010""}],""pollAt"":""2022-12-06T07:49:54.7646872+00:00"",""refreshOnStartup"":false,""version"":7}
Function: DecodeCustomPolicy
Source: onecoreuap\enduser\winstore\licensemanager\lib\clipdocument.cpp (50)"
Information,8/27/2023 4:51:59 AM,Microsoft-Windows-Store,8001,LM,"Decoding: {""legacyProductId"":""64a79953-cf0b-44f9-b5c4-ee5df3a15c63""}
Function: DecodeCustomPolicy
Source: onecoreuap\enduser\winstore\licensemanager\lib\clipdocument.cpp (50)"
Verbose,8/27/2023 4:51:59 AM,Microsoft-Windows-Store,8011,LM State Machine,0x22a5922c360: 2724: {2E7BE475-76A1-5EDF-B5AE-5ABC96A84598}: Dispatch: Lease:AddKey => Lease:Valid
Information,8/27/2023 4:51:59 AM,Microsoft-Windows-Store,8001,LM,"Added timer for {2E7BE475-76A1-5EDF-B5AE-5ABC96A84598}
Function: MemoryTimerService::CreateTimerWithId
Source: onecoreuap\enduser\winstore\licensemanager\lib\memorytimer.cpp (57)"
Information,8/27/2023 4:51:59 AM,Microsoft-Windows-Store,8001,LM,"Updating lease timer for {2E7BE475-76A1-5EDF-B5AE-5ABC96A84598} to expire @ 2023-08-27T12:13:29Z (jitter was 21.513817 minutes)
Function: LeaseMachine::DoUpdateLeaseTimer
Source: onecoreuap\enduser\winstore\licensemanager\lib\leasemachine.cpp (276)"
Verbose,8/27/2023 4:51:59 AM,Microsoft-Windows-Store,8012,LM State Machine,0x22a5922c360: 2724: Lease:Initial Change: Lease:Valid => {2E7BE475-76A1-5EDF-B5AE-5ABC96A84598}
Verbose,8/27/2023 4:51:59 AM,Microsoft-Windows-Store,8011,LM State Machine,0x22a5922c360: 2724: {2E7BE475-76A1-5EDF-B5AE-5ABC96A84598}: Dispatch: Lease:UpdateLeaseDocument => Lease:Initial
Verbose,8/27/2023 4:51:59 AM,Microsoft-Windows-Store,8012,LM State Machine,0x22a592d9b50: 2724: Key:NegotiatingUnleased Change: Key:Valid => 6EA6FC2E-9305-586B-3411-02826D151533
Information,8/27/2023 4:51:59 AM,Microsoft-Windows-Store,8001,LM,"No cached lease or key found, not renewing with service and treating this as a valid license with lease = 0x592e0638
Function: KeyMachine::NegotiatingUnleased::LicenseDone
Source: onecoreuap\enduser\winstore\licensemanager\lib\keymachine.cpp (1956)"
Information,8/27/2023 4:51:59 AM,Microsoft-Windows-Store,8001,LM,"Set results for lease = 0x592e0638, policy = 1, operation = 3, Leasebehavior = 0
Function: KeyMachine::DoSetResult
Source: onecoreuap\enduser\winstore\licensemanager\lib\keymachine.cpp (1460)"
Information,8/27/2023 4:51:59 AM,Microsoft-Windows-Store,8001,LM,"Lease Machine: 0000022A5922C340: {2E7BE475-76A1-5EDF-B5AE-5ABC96A84598}
Function: LeaseMachine::LeaseMachine
Source: onecoreuap\enduser\winstore\licensemanager\lib\leasemachine.cpp (40)"
Information,8/27/2023 4:51:59 AM,Microsoft-Windows-Store,8001,LM,"lease = 0x592e0638, leaseActive = 1, leaseBehavior = 0
Function: KeyMachine::NegotiatingUnleased::LicenseDone
Source: onecoreuap\enduser\winstore\licensemanager\lib\keymachine.cpp (1926)"
Verbose,8/27/2023 4:51:59 AM,Microsoft-Windows-Store,8011,LM State Machine,0x22a592d99c0: 6632: 53466E60-4DA9-D32B-D0C1-E0686457D28F: Dispatch: Key:@LicenseDone => Key:NegotiatingUnleased
Information,8/27/2023 4:51:59 AM,Microsoft-Windows-Store,8001,LM,"lease = 0x592dfdc8, usage = 268435456, policy = 1, operation = 3, leaseBehavior = 0, shouldContentBeDeactivated = 0
Function: KeyMachine::DoLicenseThreadProc
Source: onecoreuap\enduser\winstore\licensemanager\lib\keymachine.cpp (900)"
Information,8/27/2023 4:51:59 AM,Microsoft-Windows-Store,8001,LM,"Returning 1 lease documents for contentid 53466E60-4DA9-D32B-D0C1-E0686457D28F
Function: ClipStorage::GetLeaseDocumentsForKeyDocument
Source: onecoreuap\enduser\winstore\licensemanager\lib\clipstorage.cpp (473)"
Information,8/27/2023 4:51:59 AM,Microsoft-Windows-Store,8001,LM,"Adding lease {6E90ED81-9187-FA62-CE90-F18D7BED6B12} to results
Function: ClipStorage::GetLeaseDocumentsForKeyDocument
Source: onecoreuap\enduser\winstore\licensemanager\lib\clipstorage.cpp (400)"
Information,8/27/2023 4:51:59 AM,Microsoft-Windows-Store,8001,LM,"Decoding: {""entitlementId"":""00de91bb-a7f9-0bd6-a5f1-f56c981fbe0b"",""entitlementSatisfaction"":""Device"",""isOffline"":true,""leaseEnforcement"":""None"",""leaseUri"":""https://licensing.md.mp.microsoft.com/v7.0/licenses/?beneficiaryId=msahwonecoreuap\enduser\winstore\licensemanager\lib\clipdocument.cppa6825769495073050&contentId=53466e60-4da9-d32b-d0c1-e0686457d28f&entitlementId=00de91bb-a7f9-0bd6-a5f1-f56c981fbe0b&market=US&policyType=Device"",""keyIds"":[""b81d7e70-84e7-b16a-e3d0-1e7aa2f1232d""],""kind"":""Content"",""packages"":[{""packageIdentifier"":""53466e60-4da9-d32b-d0c1-e0686457d28f"",""packageType"":""msix"",""productAddOns"":[],""productId"":""9NBLGGH52CKV"",""skuId"":""0010""}],""pollAt"":""2022-09-21T07:32:37.2389905+00:00"",""refreshOnStartup"":false,""version"":7}
Function: DecodeCustomPolicy
Source: onecoreuap\enduser\winstore\licensemanager\lib\clipdocument.cpp (50)"
Information,8/27/2023 4:51:59 AM,Microsoft-Windows-Store,8001,LM,"Getting lease for 53466E60-4DA9-D32B-D0C1-E0686457D28F
Function: LicenseManagerCore::GetExistingLeaseAndLicense
Source: onecoreuap\enduser\winstore\licensemanager\lib\managercore.cpp (415)"
Information,8/27/2023 4:51:59 AM,Microsoft-Windows-Store,8001,LM,"Returning key document for contentid 53466E60-4DA9-D32B-D0C1-E0686457D28F
Function: ClipStorage::GetKeyDocumentForContentWithIdAndMinQuality
Source: onecoreuap\enduser\winstore\licensemanager\lib\clipstorage.cpp (262)"
Information,8/27/2023 4:51:59 AM,Microsoft-Windows-Store,8001,LM,"Accepting key with License ID {B81D7E70-84E7-B16A-E3D0-1E7AA2F1232D} for Content ID 53466E60-4DA9-D32B-D0C1-E0686457D28F (first match)
Function: ClipStorage::GetKeyDocumentForContentWithIdAndMinQuality
Source: onecoreuap\enduser\winstore\licensemanager\lib\clipstorage.cpp (223)"
Information,8/27/2023 4:51:59 AM,Microsoft-Windows-Store,8001,LM,"Decoding: {""legacyProductId"":""2f9fba37-ba56-4587-a2a8-17468c0275c1""}
Function: DecodeCustomPolicy
Source: onecoreuap\enduser\winstore\licensemanager\lib\clipdocument.cpp (50)"
Information,8/27/2023 4:51:59 AM,Microsoft-Windows-Store,8001,LM,"Considering License ID {B81D7E70-84E7-B16A-E3D0-1E7AA2F1232D} for content ID 53466E60-4DA9-D32B-D0C1-E0686457D28F...
Function: ClipStorage::GetKeyDocumentForContentWithIdAndMinQuality
Source: onecoreuap\enduser\winstore\licensemanager\lib\clipstorage.cpp (192)"
Verbose,8/27/2023 4:51:59 AM,Microsoft-Windows-Store,8011,LM State Machine,0x22a592d9b50: 2724: 6EA6FC2E-9305-586B-3411-02826D151533: Dispatch: Key:@LicenseDone => Key:NegotiatingUnleased
Information,8/27/2023 4:51:59 AM,Microsoft-Windows-Store,8001,LM,"lease = 0x592e0638, usage = 268435456, policy = 1, operation = 3, leaseBehavior = 0, shouldContentBeDeactivated = 0
Function: KeyMachine::DoLicenseThreadProc
Source: onecoreuap\enduser\winstore\licensemanager\lib\keymachine.cpp (900)"
Information,8/27/2023 4:51:59 AM,Microsoft-Windows-Store,8001,LM,"Returning 1 lease documents for contentid 6EA6FC2E-9305-586B-3411-02826D151533
Function: ClipStorage::GetLeaseDocumentsForKeyDocument
Source: onecoreuap\enduser\winstore\licensemanager\lib\clipstorage.cpp (473)"
Information,8/27/2023 4:51:59 AM,Microsoft-Windows-Store,8001,LM,"Adding lease {A7E08B8B-AD4B-AF00-EBCC-1AA29A833CE9} to results
Function: ClipStorage::GetLeaseDocumentsForKeyDocument
Source: onecoreuap\enduser\winstore\licensemanager\lib\clipstorage.cpp (400)"
Information,8/27/2023 4:51:59 AM,Microsoft-Windows-Store,8001,LM,"Decoding: {""entitlementSatisfaction"":""Open"",""isOffline"":true,""leaseEnforcement"":""None"",""leaseUri"":""https://licensing.md.mp.microsoft.com/v7.0/licenses/?contentId=6ea6fc2e-9305-586b-3411-02826d151533&market=US&policyType=Open&productId=9WZDNCRFHVQM&skuId=0010"",""keyIds"":[""71c8f37a-a7b9-aff0-6de0-9b276c089ad6""],""kind"":""Content"",""packages"":[{""packageIdentifier"":""6ea6fc2e-9305-586b-3411-02826d151533"",""packageType"":""msix"",""productAddOns"":[],""productId"":""9WZDNCRFHVQM"",""skuId"":""0010""}],""pollAt"":""2022-12-06T07:49:54.7646872+00:00"",""refreshOnStartup"":false,""version"":7}
Function: DecodeCustomPolicy
Source: onecoreuap\enduser\winstore\licensemanager\lib\clipdocument.cpp (50)"
Information,8/27/2023 4:51:59 AM,Microsoft-Windows-Store,8001,LM,"Getting lease for 6EA6FC2E-9305-586B-3411-02826D151533
Function: LicenseManagerCore::GetExistingLeaseAndLicense
Source: onecoreuap\enduser\winstore\licensemanager\lib\managercore.cpp (415)"
Information,8/27/2023 4:51:59 AM,Microsoft-Windows-Store,8001,LM,"Returning key document for contentid 6EA6FC2E-9305-586B-3411-02826D151533
Function: ClipStorage::GetKeyDocumentForContentWithIdAndMinQuality
Source: onecoreuap\enduser\winstore\licensemanager\lib\clipstorage.cpp (262)"
Information,8/27/2023 4:51:59 AM,Microsoft-Windows-Store,8001,LM,"Accepting key with License ID {71C8F37A-A7B9-AFF0-6DE0-9B276C089AD6} for Content ID 6EA6FC2E-9305-586B-3411-02826D151533 (first match)
Function: ClipStorage::GetKeyDocumentForContentWithIdAndMinQuality
Source: onecoreuap\enduser\winstore\licensemanager\lib\clipstorage.cpp (223)"
Information,8/27/2023 4:51:59 AM,Microsoft-Windows-Store,8001,LM,"Decoding: {""legacyProductId"":""64a79953-cf0b-44f9-b5c4-ee5df3a15c63""}
Function: DecodeCustomPolicy
Source: onecoreuap\enduser\winstore\licensemanager\lib\clipdocument.cpp (50)"
Information,8/27/2023 4:51:59 AM,Microsoft-Windows-Store,8001,LM,"Considering License ID {71C8F37A-A7B9-AFF0-6DE0-9B276C089AD6} for content ID 6EA6FC2E-9305-586B-3411-02826D151533...
Function: ClipStorage::GetKeyDocumentForContentWithIdAndMinQuality
Source: onecoreuap\enduser\winstore\licensemanager\lib\clipstorage.cpp (192)"
Verbose,8/27/2023 4:51:58 AM,Microsoft-Windows-Store,8012,LM State Machine,0x22a592d9b50: 2724: Key:Initial Change: Key:NegotiatingUnleased => 6EA6FC2E-9305-586B-3411-02826D151533
Information,8/27/2023 4:51:58 AM,Microsoft-Windows-Store,8001,LM,"0000022A592D9B30: BeginLicense: Operation 3, CachedLeaseOK true, RequireServiceValidation false
Function: KeyMachine::DoBeginLicense
Source: onecoreuap\enduser\winstore\licensemanager\lib\keymachine.cpp (819)"
Verbose,8/27/2023 4:51:58 AM,Microsoft-Windows-Store,8011,LM State Machine,0x22a592d9b50: 2724: 6EA6FC2E-9305-586B-3411-02826D151533: Dispatch: Key:Activate => Key:Initial
Verbose,8/27/2023 4:51:58 AM,Microsoft-Windows-Store,8011,LM State Machine,0x22a59231158: 2724: RootMachine: Dispatch: Root:Connect => Root:Valid
Information,8/27/2023 4:51:58 AM,Microsoft-Windows-Store,8001,LM,"0000022A592D9B30: Key Machine for content: 6EA6FC2E-9305-586B-3411-02826D151533
Function: KeyMachine::KeyMachine
Source: onecoreuap\enduser\winstore\licensemanager\lib\keymachine.cpp (95)"
Information,8/27/2023 4:51:58 AM,Microsoft-Windows-Store,8001,LM,"Licensing 6EA6FC2E-9305-586B-3411-02826D151533 (Active)
Function: LicenseManager::LicenseContentWithId
Source: onecoreuap\enduser\winstore\licensemanager\lib\manager.cpp (88)"
Information,8/27/2023 4:51:58 AM,Microsoft-Windows-Store,8001,LM,"Licensing package microsoft.windowscommunicationsapps_16005.14326.21446.0_x64__8wekyb3d8bbwe (3)
Function: OneStoreApplicationLicenseManager::GetLicenseForInstalledPackage
Source: onecoreuap\enduser\winstore\licensemanager\lib\onestoreapplicensemanager.cpp (119)"
Information,8/27/2023 4:51:58 AM,Microsoft-Windows-Store,8001,LM,"Skipping license manager: PFN microsoft.windowscommunicationsapps_16005.14326.21446.0_x64__8wekyb3d8bbwe
Function: InvokeLicenseManagerRequired
Source: onecoreuap\enduser\winstore\licensemanager\apisethost\activationapis.cpp (373)"
Information,8/27/2023 4:51:58 AM,Microsoft-Windows-Store,8001,LM,"ServiceBeginAcquireLicenseImpl PsmKey:microsoft.windowscommunicationsapps_16005.14326.21446.0_x64__8wekyb3d8bbwe+ppleae38af2e007f4358a809ac99a64a67c1, IsSystemUsage:1
Function: ServiceBeginAcquireLicenseImpl
Source: onecoreuap\enduser\winstore\licensemanager\lib\service.cpp (2083)"
Information,8/27/2023 4:51:58 AM,Microsoft-Windows-Store,8001,LM,"Failure Message: onecoreuap\enduser\winstore\licensemanager\lib\service.cpp(2103)\LicenseManager.dll!00007FFE28B396AC: Exception(20) tid(aa4) 800703F0 An attempt was made to reference a token that does not exist.
    [ServiceBeginAcquireLicenseImpl]

Function: ServiceBeginAcquireLicenseImpl
Source: onecoreuap\enduser\winstore\licensemanager\lib\service.cpp (2127)"
Warning,8/27/2023 4:51:58 AM,Microsoft-Windows-Store,8002,LM,"Failure Message: hr: 0x800703f0
Function: ServiceBeginAcquireLicenseImpl
Source: onecoreuap\enduser\winstore\licensemanager\lib\service.cpp (2103)"
Information,8/27/2023 4:51:58 AM,Microsoft-Windows-Store,8001,LM,"ServiceBeginAcquireLicenseImpl PsmKey:microsoft.windowscommunicationsapps_16005.14326.21446.0_x64__8wekyb3d8bbwe+ppleae38af2e007f4358a809ac99a64a67c1, IsSystemUsage:1
Function: ServiceBeginAcquireLicenseImpl
Source: onecoreuap\enduser\winstore\licensemanager\lib\service.cpp (2083)"
Information,8/27/2023 4:51:58 AM,Microsoft-Windows-Store,8001,LM,"Failure Message: onecoreuap\enduser\winstore\licensemanager\lib\service.cpp(2103)\LicenseManager.dll!00007FFE28B396AC: Exception(19) tid(aa4) 800703F0 An attempt was made to reference a token that does not exist.
    [ServiceBeginAcquireLicenseImpl]

Function: ServiceBeginAcquireLicenseImpl
Source: onecoreuap\enduser\winstore\licensemanager\lib\service.cpp (2127)"
Warning,8/27/2023 4:51:58 AM,Microsoft-Windows-Store,8002,LM,"Failure Message: hr: 0x800703f0
Function: ServiceBeginAcquireLicenseImpl
Source: onecoreuap\enduser\winstore\licensemanager\lib\service.cpp (2103)"
Information,8/27/2023 4:51:58 AM,Microsoft-Windows-Store,8001,LM,"ServiceBeginAcquireLicenseImpl PsmKey:microsoft.windowscommunicationsapps_16005.14326.21446.0_x64__8wekyb3d8bbwe+ppleae38af2e007f4358a809ac99a64a67c1, IsSystemUsage:1
Function: ServiceBeginAcquireLicenseImpl
Source: onecoreuap\enduser\winstore\licensemanager\lib\service.cpp (2083)"
Information,8/27/2023 4:51:58 AM,Microsoft-Windows-Store,8001,LM,"Invoking license manager because license/lease polling time up: PFN microsoft.windowscommunicationsapps_16005.14326.21446.0_x64__8wekyb3d8bbwe
Function: InvokeLicenseManagerRequired
Source: onecoreuap\enduser\winstore\licensemanager\apisethost\activationapis.cpp (361)"
Verbose,8/27/2023 4:51:58 AM,Microsoft-Windows-Store,8012,LM State Machine,0x22a592d99c0: 6632: Key:Initial Change: Key:NegotiatingUnleased => 53466E60-4DA9-D32B-D0C1-E0686457D28F
Information,8/27/2023 4:51:58 AM,Microsoft-Windows-Store,8001,LM,"0000022A592D99A0: BeginLicense: Operation 3, CachedLeaseOK true, RequireServiceValidation false
Function: KeyMachine::DoBeginLicense
Source: onecoreuap\enduser\winstore\licensemanager\lib\keymachine.cpp (819)"
Verbose,8/27/2023 4:51:58 AM,Microsoft-Windows-Store,8011,LM State Machine,0x22a592d99c0: 6632: 53466E60-4DA9-D32B-D0C1-E0686457D28F: Dispatch: Key:Activate => Key:Initial
Verbose,8/27/2023 4:51:58 AM,Microsoft-Windows-Store,8011,LM State Machine,0x22a59231158: 6632: RootMachine: Dispatch: Root:Connect => Root:Valid
Information,8/27/2023 4:51:58 AM,Microsoft-Windows-Store,8001,LM,"0000022A592D99A0: Key Machine for content: 53466E60-4DA9-D32B-D0C1-E0686457D28F
Function: KeyMachine::KeyMachine
Source: onecoreuap\enduser\winstore\licensemanager\lib\keymachine.cpp (95)"
Information,8/27/2023 4:51:58 AM,Microsoft-Windows-Store,8001,LM,"Licensing 53466E60-4DA9-D32B-D0C1-E0686457D28F (Active)
Function: LicenseManager::LicenseContentWithId
Source: onecoreuap\enduser\winstore\licensemanager\lib\manager.cpp (88)"
Information,8/27/2023 4:51:58 AM,Microsoft-Windows-Store,8001,LM,"Licensing package Microsoft.Wallet_2.4.18324.0_x64__8wekyb3d8bbwe (3)
Function: OneStoreApplicationLicenseManager::GetLicenseForInstalledPackage
Source: onecoreuap\enduser\winstore\licensemanager\lib\onestoreapplicensemanager.cpp (119)"
Information,8/27/2023 4:51:58 AM,Microsoft-Windows-Store,8001,LM,"Skipping license manager: PFN Microsoft.Wallet_2.4.18324.0_x64__8wekyb3d8bbwe
Function: InvokeLicenseManagerRequired
Source: onecoreuap\enduser\winstore\licensemanager\apisethost\activationapis.cpp (373)"
Information,8/27/2023 4:51:58 AM,Microsoft-Windows-Store,8001,LM,"ServiceBeginAcquireLicenseImpl PsmKey:Microsoft.Wallet_2.4.18324.0_x64__8wekyb3d8bbwe+App, IsSystemUsage:1
Function: ServiceBeginAcquireLicenseImpl
Source: onecoreuap\enduser\winstore\licensemanager\lib\service.cpp (2083)"
Information,8/27/2023 4:51:58 AM,Microsoft-Windows-Store,8001,LM,"Failure Message: onecoreuap\enduser\winstore\licensemanager\lib\service.cpp(2103)\LicenseManager.dll!00007FFE28B396AC: Exception(18) tid(19e8) 800703F0 An attempt was made to reference a token that does not exist.
    [ServiceBeginAcquireLicenseImpl]

Function: ServiceBeginAcquireLicenseImpl
Source: onecoreuap\enduser\winstore\licensemanager\lib\service.cpp (2127)"
Warning,8/27/2023 4:51:58 AM,Microsoft-Windows-Store,8002,LM,"Failure Message: hr: 0x800703f0
Function: ServiceBeginAcquireLicenseImpl
Source: onecoreuap\enduser\winstore\licensemanager\lib\service.cpp (2103)"
Information,8/27/2023 4:51:58 AM,Microsoft-Windows-Store,8001,LM,"ServiceBeginAcquireLicenseImpl PsmKey:Microsoft.Wallet_2.4.18324.0_x64__8wekyb3d8bbwe+App, IsSystemUsage:1
Function: ServiceBeginAcquireLicenseImpl
Source: onecoreuap\enduser\winstore\licensemanager\lib\service.cpp (2083)"
Information,8/27/2023 4:51:58 AM,Microsoft-Windows-Store,8001,LM,"Failure Message: onecoreuap\enduser\winstore\licensemanager\lib\service.cpp(2103)\LicenseManager.dll!00007FFE28B396AC: Exception(17) tid(21bc) 800703F0 An attempt was made to reference a token that does not exist.
    [ServiceBeginAcquireLicenseImpl]

Function: ServiceBeginAcquireLicenseImpl
Source: onecoreuap\enduser\winstore\licensemanager\lib\service.cpp (2127)"
Warning,8/27/2023 4:51:58 AM,Microsoft-Windows-Store,8002,LM,"Failure Message: hr: 0x800703f0
Function: ServiceBeginAcquireLicenseImpl
Source: onecoreuap\enduser\winstore\licensemanager\lib\service.cpp (2103)"
Information,8/27/2023 4:51:58 AM,Microsoft-Windows-Store,8001,LM,"ServiceBeginAcquireLicenseImpl PsmKey:Microsoft.Wallet_2.4.18324.0_x64__8wekyb3d8bbwe+App, IsSystemUsage:1
Function: ServiceBeginAcquireLicenseImpl
Source: onecoreuap\enduser\winstore\licensemanager\lib\service.cpp (2083)"
Information,8/27/2023 4:51:58 AM,Microsoft-Windows-Store,8001,LM,"Invoking license manager because license/lease polling time up: PFN Microsoft.Wallet_2.4.18324.0_x64__8wekyb3d8bbwe
Function: InvokeLicenseManagerRequired
Source: onecoreuap\enduser\winstore\licensemanager\apisethost\activationapis.cpp (361)"
Information,8/27/2023 4:39:34 AM,Microsoft-Windows-Store,8001,LM,"ServicePackageRundownNotificationImpl PsmKey:Microsoft.SkypeApp_15.98.3206.0_x64__kzf8qxf38zg5c+App, sid:S-1-5-21-3089243881-3525850343-252262830-500
Function: ServicePackageRundownNotificationImpl
Source: onecoreuap\enduser\winstore\licensemanager\lib\service.cpp (2366)"
Information,8/27/2023 4:39:34 AM,Microsoft-Windows-Store,8001,LM,"Invoking license manager because license/lease polling time up: PFN Microsoft.SkypeApp_15.98.3206.0_x64__kzf8qxf38zg5c
Function: InvokeLicenseManagerRequired
Source: onecoreuap\enduser\winstore\licensemanager\apisethost\activationapis.cpp (361)"
Information,8/27/2023 4:39:27 AM,Microsoft-Windows-Store,8001,LM,"Skipping license manager: PFN Microsoft.SkypeApp_15.98.3206.0_x64__kzf8qxf38zg5c
Function: InvokeLicenseManagerRequired
Source: onecoreuap\enduser\winstore\licensemanager\apisethost\activationapis.cpp (373)"
Information,8/27/2023 4:36:03 AM,Microsoft-Windows-Install-Agent,2006,Service,"Skipping Search. Duration since last check is too short (7378 < 86400)
Error: Unknown HResult Error code: 0xefffffff
Function: ShouldExecuteSearchForAllUpdates
Source: onecoreuap\enduser\winstore\installservice\lib\scanforupdatesworker.cpp (156)"
Information,8/27/2023 4:36:03 AM,Microsoft-Windows-Install-Agent,2006,Service,"Checking if update scan required for User :S-1-5-21-3089243881-3525850343-252262830-500
Error: Unknown HResult Error code: 0xefffffff
Function: ShouldExecuteSearchForUser
Source: onecoreuap\enduser\winstore\installservice\lib\scanforupdatesworker.cpp (191)"
Information,8/27/2023 4:36:03 AM,Microsoft-Windows-Install-Agent,2006,Service,"Skipping Search. Duration since last check is too short (7378 < 86400)
Error: Unknown HResult Error code: 0xefffffff
Function: ShouldExecuteSearchForAllUpdates
Source: onecoreuap\enduser\winstore\installservice\lib\scanforupdatesworker.cpp (156)"
Information,8/27/2023 4:36:03 AM,Microsoft-Windows-Install-Agent,2006,Service,"Checking if update scan required for Device
Error: Unknown HResult Error code: 0xefffffff
Function: ShouldExecuteSearchForAllUpdatesForDevice
Source: onecoreuap\enduser\winstore\installservice\lib\scanforupdatesworker.cpp (176)"
Information,8/27/2023 4:36:03 AM,Microsoft-Windows-Install-Agent,2000,Install Service Module Loaded,"Process Name: C:\WINDOWS\system32\taskhostw.exe
Module Name: C:\Windows\System32\InstallServiceTasks.dll
Build: 19041.1.amd64fre.vb_release.191206-1406
"
Information,8/27/2023 4:31:35 AM,Microsoft-Windows-Store,8001,LM,"ServicePackageRundownNotificationImpl PsmKey:Microsoft.SkypeApp_15.98.3206.0_x64__kzf8qxf38zg5c+App, sid:S-1-5-21-3089243881-3525850343-252262830-500
Function: ServicePackageRundownNotificationImpl
Source: onecoreuap\enduser\winstore\licensemanager\lib\service.cpp (2366)"
Information,8/27/2023 4:31:35 AM,Microsoft-Windows-Store,8001,LM,"Invoking license manager because license/lease polling time up: PFN Microsoft.SkypeApp_15.98.3206.0_x64__kzf8qxf38zg5c
Function: InvokeLicenseManagerRequired
Source: onecoreuap\enduser\winstore\licensemanager\apisethost\activationapis.cpp (361)"
Information,8/27/2023 4:31:28 AM,Microsoft-Windows-Store,8001,LM,"Skipping license manager: PFN Microsoft.SkypeApp_15.98.3206.0_x64__kzf8qxf38zg5c
Function: InvokeLicenseManagerRequired
Source: onecoreuap\enduser\winstore\licensemanager\apisethost\activationapis.cpp (373)"
Information,8/27/2023 4:24:56 AM,Microsoft-Windows-Push-To-Install-Service,6004,Push To Install Service,"onecoreuap\enduser\winstore\servicescommon\lib\httpforservices.cpp(586)\pushtoinstall.dll!00007FFE384C4986: Exception(1) tid(1e4c) 80072EE7     [HttpRequest::Send]

Error Code: Unknown HResult Error code: 0x80072ee7
Function: 
Source: onecoreuap\enduser\winstore\pushtoinstall\lib\service.cpp (207)"
Warning,8/27/2023 4:24:56 AM,Microsoft-Windows-Push-To-Install-Service,6003,Push To Install Service,"
Error Code: Unknown HResult Error code: 0x80072ee7
Function: HttpRequest::Send
Source: onecoreuap\enduser\winstore\servicescommon\lib\httpforservices.cpp (586)"
Information,8/27/2023 4:24:55 AM,Microsoft-Windows-Push-To-Install-Service,6004,Push To Install Service,"Registration successful. Returning the retrieved URI.
Error Code: Unknown HResult Error code: 0xefffffff
Function: RegisterForWns
Source: onecoreuap\enduser\winstore\pushtoinstall\lib\wnschannel.cpp (68)"
Information,8/27/2023 4:24:55 AM,Microsoft-Windows-Push-To-Install-Service,6004,Push To Install Service,"Attempting to register with the notification service.
Error Code: Unknown HResult Error code: 0xefffffff
Function: RegisterForWns
Source: onecoreuap\enduser\winstore\pushtoinstall\lib\wnschannel.cpp (21)"
Information,8/27/2023 4:24:55 AM,Microsoft-Windows-Push-To-Install-Service,6004,Push To Install Service,"PTI started with registration
Error Code: Unknown HResult Error code: 0xefffffff
Function: ServiceInitialize
Source: onecoreuap\enduser\winstore\pushtoinstall\lib\service.cpp (252)"
Information,8/27/2023 4:24:55 AM,Microsoft-Windows-Push-To-Install-Service,6004,Push To Install Service,"canDisableApps value is 0
Error Code: Unknown HResult Error code: 0xefffffff
Function: InitStoreAppsAreDisabled
Source: onecoreuap\enduser\winstore\pushtoinstall\svc\svcmain.cpp (59)"
Information,8/27/2023 4:24:55 AM,Microsoft-Windows-Push-To-Install-Service,6006,PTI Module Loaded,"Process Name: C:\WINDOWS\System32\svchost.exe
Module Name: c:\windows\system32\pushtoinstall.dll
Build: 19041.1.amd64fre.vb_release.191206-1406
"
Information,8/27/2023 4:24:25 AM,Microsoft-Windows-Store,8001,LM,"Removed timer for {50AD8A27-AAD2-89EC-DC39-03B152255D26}
Function: MemoryTimerService::CleanupTimer
Source: onecoreuap\enduser\winstore\licensemanager\lib\memorytimer.cpp (19)"
Warning,8/27/2023 4:24:25 AM,Microsoft-Windows-Store,8002,LM,"Trying to remove timer {50AD8A27-AAD2-89EC-DC39-03B152255D26} not in table
Function: MemoryTimerService::CancelTimerWithId
Source: onecoreuap\enduser\winstore\licensemanager\lib\memorytimer.cpp (80)"
Information,8/27/2023 4:24:25 AM,Microsoft-Windows-Store,8001,LM,"Ignoring lease removal with reason 0x00000000 because this is an offline lease

Function: ClipStorage::RemoveLeaseDocumentWithIdAndReason
Source: onecoreuap\enduser\winstore\licensemanager\lib\clipstorage.cpp (514)"
Information,8/27/2023 4:24:25 AM,Microsoft-Windows-Store,8001,LM,"Decoding: {""entitlementSatisfaction"":""Open"",""isOffline"":true,""leaseEnforcement"":""None"",""leaseUri"":""https://licensing.md.mp.microsoft.com/v7.0/licenses/?contentId=9d4ded89-cabc-f4fb-8133-bc5edb1c7eda&market=US&policyType=Open&productId=9WZDNCRFJBMP&skuId=0010"",""keyIds"":[""e64ffef1-e246-b632-595b-56076a3fa776""],""kind"":""Content"",""packages"":[{""packageIdentifier"":""9d4ded89-cabc-f4fb-8133-bc5edb1c7eda"",""packageType"":""msix"",""productAddOns"":[],""productId"":""9WZDNCRFJBMP"",""skuId"":""0010""}],""pollAt"":""2021-11-22T12:14:11.1161227+00:00"",""refreshOnStartup"":false,""version"":7}
Function: DecodeCustomPolicy
Source: onecoreuap\enduser\winstore\licensemanager\lib\clipdocument.cpp (50)"
Information,8/27/2023 4:24:25 AM,Microsoft-Windows-Store,8001,LM,"Requesting lease document removal for reason 0x00000000, {50AD8A27-AAD2-89EC-DC39-03B152255D26}
Function: LicenseManagerCore::DoRemoveLeaseDocumentWithId
Source: onecoreuap\enduser\winstore\licensemanager\lib\managercore.cpp (1460)"
Verbose,8/27/2023 4:24:25 AM,Microsoft-Windows-Store,8012,LM State Machine,0x22a5922d160: 6080: Lease:Valid Change: Lease:Invalid => {50AD8A27-AAD2-89EC-DC39-03B152255D26}
Verbose,8/27/2023 4:24:25 AM,Microsoft-Windows-Store,8011,LM State Machine,0x22a5922d160: 6080: {50AD8A27-AAD2-89EC-DC39-03B152255D26}: Dispatch: Lease:Unregistered => Lease:Valid
Verbose,8/27/2023 4:24:25 AM,Microsoft-Windows-Store,8011,LM State Machine,0x22a5922d160: 6080: {50AD8A27-AAD2-89EC-DC39-03B152255D26}: Dispatch: Lease:RemoveKey => Lease:Valid
Information,8/27/2023 4:24:25 AM,Microsoft-Windows-Store,8001,LM,"Set results for lease = 0x0, policy = 0, operation = 0, Leasebehavior = 0
Function: KeyMachine::DoSetResult
Source: onecoreuap\enduser\winstore\licensemanager\lib\keymachine.cpp (1460)"
Verbose,8/27/2023 4:24:25 AM,Microsoft-Windows-Store,8012,LM State Machine,0x22a5a219ce0: 6080: Key:Valid Change: Key:Invalid => 9D4DED89-CABC-F4FB-8133-BC5EDB1C7EDA
Information,8/27/2023 4:24:25 AM,Microsoft-Windows-Store,8001,LM,"Lease dropped
Function: KeyMachine::DoDropLease
Source: onecoreuap\enduser\winstore\licensemanager\lib\keymachine.cpp (279)"
Verbose,8/27/2023 4:24:25 AM,Microsoft-Windows-Store,8011,LM State Machine,0x22a5a219ce0: 6080: 9D4DED89-CABC-F4FB-8133-BC5EDB1C7EDA: Dispatch: Key:Unregistered => Key:Valid
Information,8/27/2023 4:24:25 AM,Microsoft-Windows-Store,8001,LM,"ServicePackageRundownNotificationImpl PsmKey:Microsoft.WindowsStore_22304.1401.3.0_x64__8wekyb3d8bbwe+App, sid:S-1-5-21-3089243881-3525850343-252262830-500
Function: ServicePackageRundownNotificationImpl
Source: onecoreuap\enduser\winstore\licensemanager\lib\service.cpp (2366)"
Information,8/27/2023 4:24:25 AM,Microsoft-Windows-Store,8001,LM,"Invoking license manager because license/lease polling time up: PFN Microsoft.WindowsStore_22304.1401.3.0_x64__8wekyb3d8bbwe
Function: InvokeLicenseManagerRequired
Source: onecoreuap\enduser\winstore\licensemanager\apisethost\activationapis.cpp (361)"
Information,8/27/2023 4:24:25 AM,Microsoft-Windows-Store,8001,LM,"Removed timer for {A85B769D-9FA4-0970-1D82-6504C89DF776}
Function: MemoryTimerService::CleanupTimer
Source: onecoreuap\enduser\winstore\licensemanager\lib\memorytimer.cpp (19)"
Warning,8/27/2023 4:24:25 AM,Microsoft-Windows-Store,8002,LM,"Trying to remove timer {A85B769D-9FA4-0970-1D82-6504C89DF776} not in table
Function: MemoryTimerService::CancelTimerWithId
Source: onecoreuap\enduser\winstore\licensemanager\lib\memorytimer.cpp (80)"
Information,8/27/2023 4:24:25 AM,Microsoft-Windows-Store,8001,LM,"Ignoring lease removal with reason 0x00000000 because this is an offline lease

Function: ClipStorage::RemoveLeaseDocumentWithIdAndReason
Source: onecoreuap\enduser\winstore\licensemanager\lib\clipstorage.cpp (514)"
Information,8/27/2023 4:24:25 AM,Microsoft-Windows-Store,8001,LM,"Decoding: {""entitlementId"":""9be874f8-7167-9701-bc1b-9b161ab5b1c4"",""entitlementSatisfaction"":""Device"",""isOffline"":true,""leaseEnforcement"":""None"",""leaseUri"":""https://licensing.md.mp.microsoft.com/v7.0/licenses/?beneficiaryId=msaonecoreuap\enduser\winstore\licensemanager\lib\clipdocument.cppa844425221464020&contentId=eee53744-2bb9-bca2-a50a-c6a1c5b0a0ed&entitlementId=9be874f8-7167-9701-bc1b-9b161ab5b1c4&market=US&policyType=Device"",""keyIds"":[""0f8e2cd5-b8eb-7a22-b9e9-9b1183fa0a84""],""kind"":""Content"",""packages"":[{""packageIdentifier"":""eee53744-2bb9-bca2-a50a-c6a1c5b0a0ed"",""packageType"":""msix"",""productAddOns"":[],""productId"":""9NMPJ99VJBWV"",""skuId"":""0010""}],""pollAt"":""2023-05-09T17:10:21.4505337+00:00"",""refreshOnStartup"":false,""version"":7}
Function: DecodeCustomPolicy
Source: onecoreuap\enduser\winstore\licensemanager\lib\clipdocument.cpp (50)"
Information,8/27/2023 4:24:25 AM,Microsoft-Windows-Store,8001,LM,"Requesting lease document removal for reason 0x00000000, {A85B769D-9FA4-0970-1D82-6504C89DF776}
Function: LicenseManagerCore::DoRemoveLeaseDocumentWithId
Source: onecoreuap\enduser\winstore\licensemanager\lib\managercore.cpp (1460)"
Verbose,8/27/2023 4:24:25 AM,Microsoft-Windows-Store,8012,LM State Machine,0x22a5922dd60: 6080: Lease:Valid Change: Lease:Invalid => {A85B769D-9FA4-0970-1D82-6504C89DF776}
Verbose,8/27/2023 4:24:25 AM,Microsoft-Windows-Store,8011,LM State Machine,0x22a5922dd60: 6080: {A85B769D-9FA4-0970-1D82-6504C89DF776}: Dispatch: Lease:Unregistered => Lease:Valid
Verbose,8/27/2023 4:24:25 AM,Microsoft-Windows-Store,8011,LM State Machine,0x22a5922dd60: 6080: {A85B769D-9FA4-0970-1D82-6504C89DF776}: Dispatch: Lease:RemoveKey => Lease:Valid
Information,8/27/2023 4:24:25 AM,Microsoft-Windows-Store,8001,LM,"Set results for lease = 0x0, policy = 0, operation = 0, Leasebehavior = 0
Function: KeyMachine::DoSetResult
Source: onecoreuap\enduser\winstore\licensemanager\lib\keymachine.cpp (1460)"
Verbose,8/27/2023 4:24:25 AM,Microsoft-Windows-Store,8012,LM State Machine,0x22a5a2191f0: 6064: Key:Valid Change: Key:Invalid => EEE53744-2BB9-BCA2-A50A-C6A1C5B0A0ED
Information,8/27/2023 4:24:25 AM,Microsoft-Windows-Store,8001,LM,"Lease dropped
Function: KeyMachine::DoDropLease
Source: onecoreuap\enduser\winstore\licensemanager\lib\keymachine.cpp (279)"
Verbose,8/27/2023 4:24:25 AM,Microsoft-Windows-Store,8011,LM State Machine,0x22a5a2191f0: 6064: EEE53744-2BB9-BCA2-A50A-C6A1C5B0A0ED: Dispatch: Key:Unregistered => Key:Valid
Information,8/27/2023 4:24:25 AM,Microsoft-Windows-Store,8001,LM,"ServicePackageRundownNotificationImpl PsmKey:Microsoft.YourPhone_1.23042.107.0_x64__8wekyb3d8bbwe+App, sid:S-1-5-21-3089243881-3525850343-252262830-500
Function: ServicePackageRundownNotificationImpl
Source: onecoreuap\enduser\winstore\licensemanager\lib\service.cpp (2366)"
Information,8/27/2023 4:24:25 AM,Microsoft-Windows-Store,8001,LM,"Invoking license manager because license/lease polling time up: PFN Microsoft.YourPhone_1.23042.107.0_x64__8wekyb3d8bbwe
Function: InvokeLicenseManagerRequired
Source: onecoreuap\enduser\winstore\licensemanager\apisethost\activationapis.cpp (361)"
Information,8/27/2023 4:24:04 AM,Microsoft-Windows-Store,8001,LM,"ServicePackageRundownNotificationImpl PsmKey:Microsoft.SkypeApp_15.98.3206.0_x64__kzf8qxf38zg5c+App, sid:S-1-5-21-3089243881-3525850343-252262830-500
Function: ServicePackageRundownNotificationImpl
Source: onecoreuap\enduser\winstore\licensemanager\lib\service.cpp (2366)"
Information,8/27/2023 4:24:04 AM,Microsoft-Windows-Store,8001,LM,"Invoking license manager because license/lease polling time up: PFN Microsoft.SkypeApp_15.98.3206.0_x64__kzf8qxf38zg5c
Function: InvokeLicenseManagerRequired
Source: onecoreuap\enduser\winstore\licensemanager\apisethost\activationapis.cpp (361)"
Information,8/27/2023 4:23:44 AM,Microsoft-Windows-Store,8001,LM,"Skipping license manager: PFN Microsoft.SkypeApp_15.98.3206.0_x64__kzf8qxf38zg5c
Function: InvokeLicenseManagerRequired
Source: onecoreuap\enduser\winstore\licensemanager\apisethost\activationapis.cpp (373)"
Error,8/27/2023 4:23:25 AM,Windows-ApplicationModel-Store-SDK,2,StorefrontClient,"
Exception Details: System.Collections.Generic.KeyNotFoundException
Function: NumberOfOffersToNotifyAsync
Source: .\src\Core\WinStore.Core\OfferNotifications\OfferNotificationsController.cs (78)"
Information,8/27/2023 4:23:25 AM,Windows-ApplicationModel-Store-SDK,4,StorefrontClient,"Hardware capabilities for device are : arm0286Carm640286Cble0286Ccmb0286Ccmf0286Ccmr0286Ccnm0286Cdcb1286Cdcc1286Cdx91286Cdxa1286Cdxb1286Cgyr0286Chce0286Chdc0286Chov0286Chsa0286Chss1286Ckbd1286Cm041286Cm060286Cm080286Cm120286Cm160286Cm200286Cm301286Cm751286CmA01286Cmct0286Cmgn0286Cmic0286Cmrc0286Cmse1286CmT01286Cnfc0286Crs10286Crs20286Crs30286Crs40286Crs50286Crs60286Csdt0286Ctch0286Ctel0286Cv010286Cv020286Cv040286Cx641286Cx860286Cx86a640286Cxbd0286Cxbo0286Cxbs0286Cxbx0286Cxgp0
Function: SetHardware
Source: .\src\Core\WinStore.Core\Network\Nexus.cs (286)"
Information,8/27/2023 4:23:25 AM,Windows-ApplicationModel-Store-SDK,4,StorefrontClient,"Experimentation flags set: 
Function: LoadFlagsToLookup
Source: .\src\Core\WinStore.Core\FeatureFlags\ExperimentationFlags.cs (288)"
Information,8/27/2023 4:23:24 AM,Microsoft-Windows-Store,8001,LM,"ReactiveLicensingResult: 0x00000000 for Microsoft.WindowsStore_22304.1401.3.0_x64__8wekyb3d8bbwe, 63ms
Function: LogReactiveLicensingResult
Source: onecoreuap\enduser\winstore\licensemanager\lib\telemetry.cpp (503)"
Information,8/27/2023 4:23:24 AM,Microsoft-Windows-Store,8001,LM,"Decoding: {""entitlementSatisfaction"":""Open"",""isOffline"":true,""leaseEnforcement"":""None"",""leaseUri"":""https://licensing.md.mp.microsoft.com/v7.0/licenses/?contentId=9d4ded89-cabc-f4fb-8133-bc5edb1c7eda&market=US&policyType=Open&productId=9WZDNCRFJBMP&skuId=0010"",""keyIds"":[""e64ffef1-e246-b632-595b-56076a3fa776""],""kind"":""Content"",""packages"":[{""packageIdentifier"":""9d4ded89-cabc-f4fb-8133-bc5edb1c7eda"",""packageType"":""msix"",""productAddOns"":[],""productId"":""9WZDNCRFJBMP"",""skuId"":""0010""}],""pollAt"":""2021-11-22T12:14:11.1161227+00:00"",""refreshOnStartup"":false,""version"":7}
Function: DecodeCustomPolicy
Source: onecoreuap\enduser\winstore\licensemanager\lib\clipdocument.cpp (50)"
Verbose,8/27/2023 4:23:24 AM,Microsoft-Windows-Store,8011,LM State Machine,0x22a5a219ce0: 5152: 9D4DED89-CABC-F4FB-8133-BC5EDB1C7EDA: Dispatch: Key:RegisterCallback => Key:Valid
Verbose,8/27/2023 4:23:24 AM,Microsoft-Windows-Store,8011,LM State Machine,0x22a5922d160: 5152: {50AD8A27-AAD2-89EC-DC39-03B152255D26}: Dispatch: Lease:AddKey => Lease:Valid
Information,8/27/2023 4:23:24 AM,Microsoft-Windows-Store,8001,LM,"Added timer for {50AD8A27-AAD2-89EC-DC39-03B152255D26}
Function: MemoryTimerService::CreateTimerWithId
Source: onecoreuap\enduser\winstore\licensemanager\lib\memorytimer.cpp (57)"
Information,8/27/2023 4:23:24 AM,Microsoft-Windows-Store,8001,LM,"Updating lease timer for {50AD8A27-AAD2-89EC-DC39-03B152255D26} to expire @ 2023-08-27T11:48:38Z (jitter was 25.246048 minutes)
Function: LeaseMachine::DoUpdateLeaseTimer
Source: onecoreuap\enduser\winstore\licensemanager\lib\leasemachine.cpp (276)"
Information,8/27/2023 4:23:24 AM,Microsoft-Windows-Store,8001,LM,"Decoding: {""entitlementSatisfaction"":""Open"",""isOffline"":true,""leaseEnforcement"":""None"",""leaseUri"":""https://licensing.md.mp.microsoft.com/v7.0/licenses/?contentId=9d4ded89-cabc-f4fb-8133-bc5edb1c7eda&market=US&policyType=Open&productId=9WZDNCRFJBMP&skuId=0010"",""keyIds"":[""e64ffef1-e246-b632-595b-56076a3fa776""],""kind"":""Content"",""packages"":[{""packageIdentifier"":""9d4ded89-cabc-f4fb-8133-bc5edb1c7eda"",""packageType"":""msix"",""productAddOns"":[],""productId"":""9WZDNCRFJBMP"",""skuId"":""0010""}],""pollAt"":""2021-11-22T12:14:11.1161227+00:00"",""refreshOnStartup"":false,""version"":7}
Function: DecodeCustomPolicy
Source: onecoreuap\enduser\winstore\licensemanager\lib\clipdocument.cpp (50)"
Information,8/27/2023 4:23:24 AM,Microsoft-Windows-Store,8001,LM,"Decoding: {""legacyProductId"":""64293252-5926-453c-9494-2d4021f1c78d""}
Function: DecodeCustomPolicy
Source: onecoreuap\enduser\winstore\licensemanager\lib\clipdocument.cpp (50)"
Verbose,8/27/2023 4:23:24 AM,Microsoft-Windows-Store,8012,LM State Machine,0x22a5922d160: 5152: Lease:Initial Change: Lease:Valid => {50AD8A27-AAD2-89EC-DC39-03B152255D26}
Verbose,8/27/2023 4:23:24 AM,Microsoft-Windows-Store,8011,LM State Machine,0x22a5922d160: 5152: {50AD8A27-AAD2-89EC-DC39-03B152255D26}: Dispatch: Lease:UpdateLeaseDocument => Lease:Initial
Verbose,8/27/2023 4:23:24 AM,Microsoft-Windows-Store,8012,LM State Machine,0x22a5a219ce0: 5152: Key:NegotiatingUnleased Change: Key:Valid => 9D4DED89-CABC-F4FB-8133-BC5EDB1C7EDA
Information,8/27/2023 4:23:24 AM,Microsoft-Windows-Store,8001,LM,"No cached lease or key found, not renewing with service and treating this as a valid license with lease = 0x592dfa68
Function: KeyMachine::NegotiatingUnleased::LicenseDone
Source: onecoreuap\enduser\winstore\licensemanager\lib\keymachine.cpp (1956)"
Information,8/27/2023 4:23:24 AM,Microsoft-Windows-Store,8001,LM,"Set results for lease = 0x592dfa68, policy = 1, operation = 3, Leasebehavior = 0
Function: KeyMachine::DoSetResult
Source: onecoreuap\enduser\winstore\licensemanager\lib\keymachine.cpp (1460)"
Information,8/27/2023 4:23:24 AM,Microsoft-Windows-Store,8001,LM,"Lease Machine: 0000022A5922D140: {50AD8A27-AAD2-89EC-DC39-03B152255D26}
Function: LeaseMachine::LeaseMachine
Source: onecoreuap\enduser\winstore\licensemanager\lib\leasemachine.cpp (40)"
Information,8/27/2023 4:23:24 AM,Microsoft-Windows-Store,8001,LM,"lease = 0x592dfa68, leaseActive = 1, leaseBehavior = 0
Function: KeyMachine::NegotiatingUnleased::LicenseDone
Source: onecoreuap\enduser\winstore\licensemanager\lib\keymachine.cpp (1926)"
Verbose,8/27/2023 4:23:24 AM,Microsoft-Windows-Store,8011,LM State Machine,0x22a5a219ce0: 5152: 9D4DED89-CABC-F4FB-8133-BC5EDB1C7EDA: Dispatch: Key:@LicenseDone => Key:NegotiatingUnleased
Information,8/27/2023 4:23:24 AM,Microsoft-Windows-Store,8001,LM,"lease = 0x592dfa68, usage = 268435456, policy = 1, operation = 3, leaseBehavior = 0, shouldContentBeDeactivated = 0
Function: KeyMachine::DoLicenseThreadProc
Source: onecoreuap\enduser\winstore\licensemanager\lib\keymachine.cpp (900)"
Information,8/27/2023 4:23:24 AM,Microsoft-Windows-Store,8001,LM,"Returning 1 lease documents for contentid 9D4DED89-CABC-F4FB-8133-BC5EDB1C7EDA
Function: ClipStorage::GetLeaseDocumentsForKeyDocument
Source: onecoreuap\enduser\winstore\licensemanager\lib\clipstorage.cpp (473)"
Information,8/27/2023 4:23:24 AM,Microsoft-Windows-Store,8001,LM,"Adding lease {4C4ECBC0-0EC0-3929-AEBB-A931A339FB23} to results
Function: ClipStorage::GetLeaseDocumentsForKeyDocument
Source: onecoreuap\enduser\winstore\licensemanager\lib\clipstorage.cpp (400)"
Information,8/27/2023 4:23:24 AM,Microsoft-Windows-Store,8001,LM,"Decoding: {""entitlementSatisfaction"":""Open"",""isOffline"":true,""leaseEnforcement"":""None"",""leaseUri"":""https://licensing.md.mp.microsoft.com/v7.0/licenses/?contentId=9d4ded89-cabc-f4fb-8133-bc5edb1c7eda&market=US&policyType=Open&productId=9WZDNCRFJBMP&skuId=0010"",""keyIds"":[""e64ffef1-e246-b632-595b-56076a3fa776""],""kind"":""Content"",""packages"":[{""packageIdentifier"":""9d4ded89-cabc-f4fb-8133-bc5edb1c7eda"",""packageType"":""msix"",""productAddOns"":[],""productId"":""9WZDNCRFJBMP"",""skuId"":""0010""}],""pollAt"":""2021-11-22T12:14:11.1161227+00:00"",""refreshOnStartup"":false,""version"":7}
Function: DecodeCustomPolicy
Source: onecoreuap\enduser\winstore\licensemanager\lib\clipdocument.cpp (50)"
Information,8/27/2023 4:23:24 AM,Microsoft-Windows-Store,8001,LM,"Getting lease for 9D4DED89-CABC-F4FB-8133-BC5EDB1C7EDA
Function: LicenseManagerCore::GetExistingLeaseAndLicense
Source: onecoreuap\enduser\winstore\licensemanager\lib\managercore.cpp (415)"
Information,8/27/2023 4:23:24 AM,Microsoft-Windows-Store,8001,LM,"Returning key document for contentid 9D4DED89-CABC-F4FB-8133-BC5EDB1C7EDA
Function: ClipStorage::GetKeyDocumentForContentWithIdAndMinQuality
Source: onecoreuap\enduser\winstore\licensemanager\lib\clipstorage.cpp (262)"
Information,8/27/2023 4:23:24 AM,Microsoft-Windows-Store,8001,LM,"Accepting key with License ID {E64FFEF1-E246-B632-595B-56076A3FA776} for Content ID 9D4DED89-CABC-F4FB-8133-BC5EDB1C7EDA (first match)
Function: ClipStorage::GetKeyDocumentForContentWithIdAndMinQuality
Source: onecoreuap\enduser\winstore\licensemanager\lib\clipstorage.cpp (223)"
Information,8/27/2023 4:23:24 AM,Microsoft-Windows-Store,8001,LM,"Decoding: {""legacyProductId"":""64293252-5926-453c-9494-2d4021f1c78d""}
Function: DecodeCustomPolicy
Source: onecoreuap\enduser\winstore\licensemanager\lib\clipdocument.cpp (50)"
Information,8/27/2023 4:23:24 AM,Microsoft-Windows-Store,8001,LM,"Considering License ID {E64FFEF1-E246-B632-595B-56076A3FA776} for content ID 9D4DED89-CABC-F4FB-8133-BC5EDB1C7EDA...
Function: ClipStorage::GetKeyDocumentForContentWithIdAndMinQuality
Source: onecoreuap\enduser\winstore\licensemanager\lib\clipstorage.cpp (192)"
Verbose,8/27/2023 4:23:24 AM,Microsoft-Windows-Store,8012,LM State Machine,0x22a5a219ce0: 5152: Key:Initial Change: Key:NegotiatingUnleased => 9D4DED89-CABC-F4FB-8133-BC5EDB1C7EDA
Information,8/27/2023 4:23:24 AM,Microsoft-Windows-Store,8001,LM,"0000022A5A219CC0: BeginLicense: Operation 3, CachedLeaseOK true, RequireServiceValidation false
Function: KeyMachine::DoBeginLicense
Source: onecoreuap\enduser\winstore\licensemanager\lib\keymachine.cpp (819)"
Verbose,8/27/2023 4:23:24 AM,Microsoft-Windows-Store,8011,LM State Machine,0x22a5a219ce0: 5152: 9D4DED89-CABC-F4FB-8133-BC5EDB1C7EDA: Dispatch: Key:Activate => Key:Initial
Verbose,8/27/2023 4:23:24 AM,Microsoft-Windows-Store,8011,LM State Machine,0x22a59231158: 5152: RootMachine: Dispatch: Root:Connect => Root:Valid
Information,8/27/2023 4:23:24 AM,Microsoft-Windows-Store,8001,LM,"0000022A5A219CC0: Key Machine for content: 9D4DED89-CABC-F4FB-8133-BC5EDB1C7EDA
Function: KeyMachine::KeyMachine
Source: onecoreuap\enduser\winstore\licensemanager\lib\keymachine.cpp (95)"
Information,8/27/2023 4:23:24 AM,Microsoft-Windows-Store,8001,LM,"Licensing 9D4DED89-CABC-F4FB-8133-BC5EDB1C7EDA (Active)
Function: LicenseManager::LicenseContentWithId
Source: onecoreuap\enduser\winstore\licensemanager\lib\manager.cpp (88)"
Information,8/27/2023 4:23:24 AM,Microsoft-Windows-Store,8001,LM,"Licensing package Microsoft.WindowsStore_22304.1401.3.0_x64__8wekyb3d8bbwe (3)
Function: OneStoreApplicationLicenseManager::GetLicenseForInstalledPackage
Source: onecoreuap\enduser\winstore\licensemanager\lib\onestoreapplicensemanager.cpp (119)"
Information,8/27/2023 4:23:24 AM,Microsoft-Windows-Store,8001,LM,"Skipping license manager: PFN Microsoft.WindowsStore_22304.1401.3.0_x64__8wekyb3d8bbwe
Function: InvokeLicenseManagerRequired
Source: onecoreuap\enduser\winstore\licensemanager\apisethost\activationapis.cpp (373)"
Information,8/27/2023 4:23:24 AM,Microsoft-Windows-Store,8001,LM,"ServiceBeginAcquireLicenseImpl PsmKey:Microsoft.WindowsStore_22304.1401.3.0_x64__8wekyb3d8bbwe+App, IsSystemUsage:1
Function: ServiceBeginAcquireLicenseImpl
Source: onecoreuap\enduser\winstore\licensemanager\lib\service.cpp (2083)"
Information,8/27/2023 4:23:24 AM,Microsoft-Windows-Store,8001,LM,"Failure Message: onecoreuap\enduser\winstore\licensemanager\lib\service.cpp(2103)\LicenseManager.dll!00007FFE28B396AC: Exception(16) tid(1420) 800703F0 An attempt was made to reference a token that does not exist.
    [ServiceBeginAcquireLicenseImpl]

Function: ServiceBeginAcquireLicenseImpl
Source: onecoreuap\enduser\winstore\licensemanager\lib\service.cpp (2127)"
Warning,8/27/2023 4:23:24 AM,Microsoft-Windows-Store,8002,LM,"Failure Message: hr: 0x800703f0
Function: ServiceBeginAcquireLicenseImpl
Source: onecoreuap\enduser\winstore\licensemanager\lib\service.cpp (2103)"
Information,8/27/2023 4:23:24 AM,Microsoft-Windows-Store,8001,LM,"ServiceBeginAcquireLicenseImpl PsmKey:Microsoft.WindowsStore_22304.1401.3.0_x64__8wekyb3d8bbwe+App, IsSystemUsage:1
Function: ServiceBeginAcquireLicenseImpl
Source: onecoreuap\enduser\winstore\licensemanager\lib\service.cpp (2083)"
Information,8/27/2023 4:23:24 AM,Microsoft-Windows-Store,8001,LM,"Failure Message: onecoreuap\enduser\winstore\licensemanager\lib\service.cpp(2103)\LicenseManager.dll!00007FFE28B396AC: Exception(15) tid(17c0) 800703F0 An attempt was made to reference a token that does not exist.
    [ServiceBeginAcquireLicenseImpl]

Function: ServiceBeginAcquireLicenseImpl
Source: onecoreuap\enduser\winstore\licensemanager\lib\service.cpp (2127)"
Warning,8/27/2023 4:23:24 AM,Microsoft-Windows-Store,8002,LM,"Failure Message: hr: 0x800703f0
Function: ServiceBeginAcquireLicenseImpl
Source: onecoreuap\enduser\winstore\licensemanager\lib\service.cpp (2103)"
Information,8/27/2023 4:23:24 AM,Microsoft-Windows-Store,8001,LM,"ServiceBeginAcquireLicenseImpl PsmKey:Microsoft.WindowsStore_22304.1401.3.0_x64__8wekyb3d8bbwe+App, IsSystemUsage:1
Function: ServiceBeginAcquireLicenseImpl
Source: onecoreuap\enduser\winstore\licensemanager\lib\service.cpp (2083)"
Information,8/27/2023 4:23:24 AM,Microsoft-Windows-Store,8001,LM,"Invoking license manager because license/lease polling time up: PFN Microsoft.WindowsStore_22304.1401.3.0_x64__8wekyb3d8bbwe
Function: InvokeLicenseManagerRequired
Source: onecoreuap\enduser\winstore\licensemanager\apisethost\activationapis.cpp (361)"
Information,8/27/2023 4:23:24 AM,Microsoft-Windows-Store,8001,LM,"Skipping license manager: PFN Microsoft.YourPhone_1.23042.107.0_x64__8wekyb3d8bbwe
Function: InvokeLicenseManagerRequired
Source: onecoreuap\enduser\winstore\licensemanager\apisethost\activationapis.cpp (373)"
Information,8/27/2023 4:23:24 AM,Microsoft-Windows-Store,8001,LM,"ServiceBeginAcquireLicenseImpl PsmKey:Microsoft.YourPhone_1.23042.107.0_x64__8wekyb3d8bbwe+App, IsSystemUsage:1
Function: ServiceBeginAcquireLicenseImpl
Source: onecoreuap\enduser\winstore\licensemanager\lib\service.cpp (2083)"
Information,8/27/2023 4:23:24 AM,Microsoft-Windows-Store,8001,LM,"Failure Message: onecoreuap\enduser\winstore\licensemanager\lib\service.cpp(2103)\LicenseManager.dll!00007FFE28B396AC: Exception(14) tid(1420) 800703F0 An attempt was made to reference a token that does not exist.
    [ServiceBeginAcquireLicenseImpl]

Function: ServiceBeginAcquireLicenseImpl
Source: onecoreuap\enduser\winstore\licensemanager\lib\service.cpp (2127)"
Warning,8/27/2023 4:23:24 AM,Microsoft-Windows-Store,8002,LM,"Failure Message: hr: 0x800703f0
Function: ServiceBeginAcquireLicenseImpl
Source: onecoreuap\enduser\winstore\licensemanager\lib\service.cpp (2103)"
Information,8/27/2023 4:23:24 AM,Microsoft-Windows-Store,8001,LM,"ServiceBeginAcquireLicenseImpl PsmKey:Microsoft.YourPhone_1.23042.107.0_x64__8wekyb3d8bbwe+App, IsSystemUsage:1
Function: ServiceBeginAcquireLicenseImpl
Source: onecoreuap\enduser\winstore\licensemanager\lib\service.cpp (2083)"
Information,8/27/2023 4:23:24 AM,Microsoft-Windows-Store,8001,LM,"Failure Message: onecoreuap\enduser\winstore\licensemanager\lib\service.cpp(2103)\LicenseManager.dll!00007FFE28B396AC: Exception(13) tid(17c0) 800703F0 An attempt was made to reference a token that does not exist.
    [ServiceBeginAcquireLicenseImpl]

Function: ServiceBeginAcquireLicenseImpl
Source: onecoreuap\enduser\winstore\licensemanager\lib\service.cpp (2127)"
