Information,8/27/2023 4:56:27 AM,Microsoft-Windows-Install-Agent,2006,Service,"[End] Creating UWA Work FulfillmentData = {""ProductId"":""9WZDNCRFJ364"",""WuBundleId"":""7350106d-0d38-4215-b81f-8c7cf3e11b64"",""WuCategoryId"":""5e19cc61-8994-4797-bdc7-c21263f6282b"",""PackageFamilyName"":""Microsoft.SkypeApp_kzf8qxf38zg5c"",""SkuId"":""0010"",""Content"":null,""PackageFeatures"":null}  
Error: The operation completed successfully.
Function: 
Source:  (387)"
Information,8/27/2023 4:56:27 AM,Microsoft-Windows-Install-Agent,2006,Service,"WU scan found 1 packages
Error: Unknown HResult Error code: 0xefffffff
Function: _PackagesFromSearchResult
Source: onecoreuap\enduser\winstore\installservice\lib\wuhelpers.cpp (151)"
Information,8/27/2023 4:56:23 AM,Microsoft-Windows-Install-Agent,2006,Service,"WU query: ""IsInstalled=0 AND AppCategoryIDs contains '5e19cc61-8994-4797-bdc7-c21263f6282b'""
Error: Unknown HResult Error code: 0xefffffff
Function: SearchUpdatePackages
Source: onecoreuap\enduser\winstore\installservice\lib\wuhelpers.cpp (308)"
Information,8/27/2023 4:56:23 AM,Microsoft-Windows-Install-Agent,2006,Service,"AppId = 5e19cc61-8994-4797-bdc7-c21263f6282b, WU Installed Flag = 0, OnlineSearch = 0, Interactive = 0, Scope = 4, Client ID = Update;ScanForUpdates
Error: Unknown HResult Error code: 0xefffffff
Function: SearchUpdatePackages
Source: onecoreuap\enduser\winstore\installservice\lib\wuhelpers.cpp (243)"
Warning,8/27/2023 4:56:23 AM,Microsoft-Windows-Install-Agent,2007,Service,"InstallService InProc Caller. Current Thread not impersonating. Using current process (LocalSystem)
Error: Unknown HResult Error code: 0xefffffff
Function: CallerContext::_getCallerToken
Source: onecoreuap\enduser\winstore\installservice\lib\callercontext.cpp (85)"
Information,8/27/2023 4:56:23 AM,Microsoft-Windows-Install-Agent,2006,Service,"[Start] Creating UWA Work FulfillmentData = {""ProductId"":""9WZDNCRFJ364"",""WuBundleId"":""7350106d-0d38-4215-b81f-8c7cf3e11b64"",""WuCategoryId"":""5e19cc61-8994-4797-bdc7-c21263f6282b"",""PackageFamilyName"":""Microsoft.SkypeApp_kzf8qxf38zg5c"",""SkuId"":""0010"",""Content"":null,""PackageFeatures"":null}  
Error: The operation completed successfully.
Function: UWAInstallServiceWorkItem::UWAInstallServiceWorkItem
Source: onecoreuap\enduser\winstore\installservice\libqueue2\uwainstallworkbridge.cpp (387)"
Information,8/27/2023 4:56:23 AM,Microsoft-Windows-Install-Agent,2006,Service,"Received checkpoint data updateItem = 9NMPJ99VJBWV   
Error: The operation completed successfully.
Function: InstallQueue2::NotifyCheckpointChanged
Source: onecoreuap\enduser\winstore\installservice\libqueue2\installqueue2.cpp (1922)"
Information,8/27/2023 4:56:23 AM,Microsoft-Windows-Install-Agent,2006,Service,"[End] Item inserted into the queue. Attempting to create progresstrackersItem = 9NMPJ99VJBWV  
Error: The operation completed successfully.
Function: 
Source:  (1143)"
Information,8/27/2023 4:56:23 AM,Microsoft-Windows-Install-Agent,2006,Service,"[Start] Item inserted into the queue. Attempting to create progresstrackersItem = 9NMPJ99VJBWV  
Error: The operation completed successfully.
Function: InstallQueue2::_EnqueueWork
Source: onecoreuap\enduser\winstore\installservice\libqueue2\installqueue2.cpp (1143)"
Information,8/27/2023 4:56:23 AM,Microsoft-Windows-Install-Agent,2006,Service,"Work already enqueued. Refusing to queue duplicate workCatalogId = PackageFamilyName:Microsoft.YourPhone_8wekyb3d8bbwe  
Error: The operation completed successfully.
Function: InstallQueue2::_EnqueueWork
Source: onecoreuap\enduser\winstore\installservice\libqueue2\installqueue2.cpp (1069)"
Information,8/27/2023 4:56:23 AM,Microsoft-Windows-Install-Agent,2006,Service,"[End] Creating UWA Work FulfillmentData = {""ProductId"":""9NMPJ99VJBWV"",""WuBundleId"":""9b82dabb-c24d-40dc-b616-783b95dbf21a"",""WuCategoryId"":""b99aef9a-1685-4798-b4b1-3d94ee6d7184"",""PackageFamilyName"":""Microsoft.YourPhone_8wekyb3d8bbwe"",""SkuId"":""0010"",""Content"":null,""PackageFeatures"":null}  
Error: The operation completed successfully.
Function: 
Source:  (387)"
Information,8/27/2023 4:56:23 AM,Microsoft-Windows-Install-Agent,2006,Service,"WU scan found 4 packages
Error: Unknown HResult Error code: 0xefffffff
Function: _PackagesFromSearchResult
Source: onecoreuap\enduser\winstore\installservice\lib\wuhelpers.cpp (151)"
Information,8/27/2023 4:56:13 AM,Microsoft-Windows-Install-Agent,2006,Service,"WU query: ""IsInstalled=0 AND AppCategoryIDs contains 'b99aef9a-1685-4798-b4b1-3d94ee6d7184'""
Error: Unknown HResult Error code: 0xefffffff
Function: SearchUpdatePackages
Source: onecoreuap\enduser\winstore\installservice\lib\wuhelpers.cpp (308)"
Information,8/27/2023 4:56:13 AM,Microsoft-Windows-Install-Agent,2006,Service,"AppId = b99aef9a-1685-4798-b4b1-3d94ee6d7184, WU Installed Flag = 0, OnlineSearch = 0, Interactive = 0, Scope = 4, Client ID = Update;ScanForUpdates
Error: Unknown HResult Error code: 0xefffffff
Function: SearchUpdatePackages
Source: onecoreuap\enduser\winstore\installservice\lib\wuhelpers.cpp (243)"
Warning,8/27/2023 4:56:13 AM,Microsoft-Windows-Install-Agent,2007,Service,"InstallService InProc Caller. Current Thread not impersonating. Using current process (LocalSystem)
Error: Unknown HResult Error code: 0xefffffff
Function: CallerContext::_getCallerToken
Source: onecoreuap\enduser\winstore\installservice\lib\callercontext.cpp (85)"
Information,8/27/2023 4:56:13 AM,Microsoft-Windows-Install-Agent,2006,Service,"[Start] Creating UWA Work FulfillmentData = {""ProductId"":""9NMPJ99VJBWV"",""WuBundleId"":""9b82dabb-c24d-40dc-b616-783b95dbf21a"",""WuCategoryId"":""b99aef9a-1685-4798-b4b1-3d94ee6d7184"",""PackageFamilyName"":""Microsoft.YourPhone_8wekyb3d8bbwe"",""SkuId"":""0010"",""Content"":null,""PackageFeatures"":null}  
Error: The operation completed successfully.
Function: UWAInstallServiceWorkItem::UWAInstallServiceWorkItem
Source: onecoreuap\enduser\winstore\installservice\libqueue2\uwainstallworkbridge.cpp (387)"
Information,8/27/2023 4:56:13 AM,Microsoft-Windows-Install-Agent,2006,Service,"Received checkpoint data updateItem = 9WZDNCRFJ3Q2   
Error: The operation completed successfully.
Function: InstallQueue2::NotifyCheckpointChanged
Source: onecoreuap\enduser\winstore\installservice\libqueue2\installqueue2.cpp (1922)"
Information,8/27/2023 4:56:13 AM,Microsoft-Windows-Install-Agent,2006,Service,"[End] Item inserted into the queue. Attempting to create progresstrackersItem = 9WZDNCRFJ3Q2  
Error: The operation completed successfully.
Function: 
Source:  (1143)"
Information,8/27/2023 4:56:13 AM,Microsoft-Windows-Install-Agent,2006,Service,"[Start] Item inserted into the queue. Attempting to create progresstrackersItem = 9WZDNCRFJ3Q2  
Error: The operation completed successfully.
Function: InstallQueue2::_EnqueueWork
Source: onecoreuap\enduser\winstore\installservice\libqueue2\installqueue2.cpp (1143)"
Information,8/27/2023 4:56:13 AM,Microsoft-Windows-Install-Agent,2006,Service,"Work already enqueued. Refusing to queue duplicate workCatalogId = PackageFamilyName:Microsoft.BingWeather_8wekyb3d8bbwe  
Error: The operation completed successfully.
Function: InstallQueue2::_EnqueueWork
Source: onecoreuap\enduser\winstore\installservice\libqueue2\installqueue2.cpp (1069)"
Information,8/27/2023 4:56:13 AM,Microsoft-Windows-Install-Agent,2006,Service,"[End] Creating UWA Work FulfillmentData = {""ProductId"":""9WZDNCRFJ3Q2"",""WuBundleId"":""86337522-24aa-43b6-86c4-152f61c87589"",""WuCategoryId"":""421ba874-f903-4965-9b82-d60f3ba3cae0"",""PackageFamilyName"":""Microsoft.BingWeather_8wekyb3d8bbwe"",""SkuId"":""0010"",""Content"":null,""PackageFeatures"":null}  
Error: The operation completed successfully.
Function: 
Source:  (387)"
Information,8/27/2023 4:56:13 AM,Microsoft-Windows-Install-Agent,2006,Service,"WU scan found 4 packages
Error: Unknown HResult Error code: 0xefffffff
Function: _PackagesFromSearchResult
Source: onecoreuap\enduser\winstore\installservice\lib\wuhelpers.cpp (151)"
Information,8/27/2023 4:56:01 AM,Microsoft-Windows-Install-Agent,2006,Service,"WU query: ""IsInstalled=0 AND AppCategoryIDs contains '421ba874-f903-4965-9b82-d60f3ba3cae0'""
Error: Unknown HResult Error code: 0xefffffff
Function: SearchUpdatePackages
Source: onecoreuap\enduser\winstore\installservice\lib\wuhelpers.cpp (308)"
Information,8/27/2023 4:56:01 AM,Microsoft-Windows-Install-Agent,2006,Service,"AppId = 421ba874-f903-4965-9b82-d60f3ba3cae0, WU Installed Flag = 0, OnlineSearch = 0, Interactive = 0, Scope = 4, Client ID = Update;ScanForUpdates
Error: Unknown HResult Error code: 0xefffffff
Function: SearchUpdatePackages
Source: onecoreuap\enduser\winstore\installservice\lib\wuhelpers.cpp (243)"
Warning,8/27/2023 4:56:01 AM,Microsoft-Windows-Install-Agent,2007,Service,"InstallService InProc Caller. Current Thread not impersonating. Using current process (LocalSystem)
Error: Unknown HResult Error code: 0xefffffff
Function: CallerContext::_getCallerToken
Source: onecoreuap\enduser\winstore\installservice\lib\callercontext.cpp (85)"
Information,8/27/2023 4:56:01 AM,Microsoft-Windows-Install-Agent,2006,Service,"[Start] Creating UWA Work FulfillmentData = {""ProductId"":""9WZDNCRFJ3Q2"",""WuBundleId"":""86337522-24aa-43b6-86c4-152f61c87589"",""WuCategoryId"":""421ba874-f903-4965-9b82-d60f3ba3cae0"",""PackageFamilyName"":""Microsoft.BingWeather_8wekyb3d8bbwe"",""SkuId"":""0010"",""Content"":null,""PackageFeatures"":null}  
Error: The operation completed successfully.
Function: UWAInstallServiceWorkItem::UWAInstallServiceWorkItem
Source: onecoreuap\enduser\winstore\installservice\libqueue2\uwainstallworkbridge.cpp (387)"
Information,8/27/2023 4:56:01 AM,Microsoft-Windows-Install-Agent,2006,Service,"Received checkpoint data updateItem = 9WZDNCRD29V9   
Error: The operation completed successfully.
Function: InstallQueue2::NotifyCheckpointChanged
Source: onecoreuap\enduser\winstore\installservice\libqueue2\installqueue2.cpp (1922)"
Information,8/27/2023 4:56:01 AM,Microsoft-Windows-Install-Agent,2006,Service,"[End] Item inserted into the queue. Attempting to create progresstrackersItem = 9WZDNCRD29V9  
Error: The operation completed successfully.
Function: 
Source:  (1143)"
Information,8/27/2023 4:56:01 AM,Microsoft-Windows-Install-Agent,2006,Service,"[Start] Item inserted into the queue. Attempting to create progresstrackersItem = 9WZDNCRD29V9  
Error: The operation completed successfully.
Function: InstallQueue2::_EnqueueWork
Source: onecoreuap\enduser\winstore\installservice\libqueue2\installqueue2.cpp (1143)"
Information,8/27/2023 4:56:01 AM,Microsoft-Windows-Install-Agent,2006,Service,"Work already enqueued. Refusing to queue duplicate workCatalogId = PackageFamilyName:Microsoft.MicrosoftOfficeHub_8wekyb3d8bbwe  
Error: The operation completed successfully.
Function: InstallQueue2::_EnqueueWork
Source: onecoreuap\enduser\winstore\installservice\libqueue2\installqueue2.cpp (1069)"
Information,8/27/2023 4:56:01 AM,Microsoft-Windows-Install-Agent,2006,Service,"[End] Creating UWA Work FulfillmentData = {""ProductId"":""9WZDNCRD29V9"",""WuBundleId"":""1ac615d7-926b-4c36-ab32-e141624e2780"",""WuCategoryId"":""eaac6c6b-10a4-4659-815b-44f151eca61a"",""PackageFamilyName"":""Microsoft.MicrosoftOfficeHub_8wekyb3d8bbwe"",""SkuId"":""0010"",""Content"":null,""PackageFeatures"":null}  
Error: The operation completed successfully.
Function: 
Source:  (387)"
Information,8/27/2023 4:56:01 AM,Microsoft-Windows-Install-Agent,2006,Service,"WU scan found 3 packages
Error: Unknown HResult Error code: 0xefffffff
Function: _PackagesFromSearchResult
Source: onecoreuap\enduser\winstore\installservice\lib\wuhelpers.cpp (151)"
Information,8/27/2023 4:55:55 AM,Microsoft-Windows-Install-Agent,2006,Service,"WU query: ""IsInstalled=0 AND AppCategoryIDs contains 'eaac6c6b-10a4-4659-815b-44f151eca61a'""
Error: Unknown HResult Error code: 0xefffffff
Function: SearchUpdatePackages
Source: onecoreuap\enduser\winstore\installservice\lib\wuhelpers.cpp (308)"
Information,8/27/2023 4:55:55 AM,Microsoft-Windows-Install-Agent,2006,Service,"AppId = eaac6c6b-10a4-4659-815b-44f151eca61a, WU Installed Flag = 0, OnlineSearch = 0, Interactive = 0, Scope = 4, Client ID = Update;ScanForUpdates
Error: Unknown HResult Error code: 0xefffffff
Function: SearchUpdatePackages
Source: onecoreuap\enduser\winstore\installservice\lib\wuhelpers.cpp (243)"
Warning,8/27/2023 4:55:55 AM,Microsoft-Windows-Install-Agent,2007,Service,"InstallService InProc Caller. Current Thread not impersonating. Using current process (LocalSystem)
Error: Unknown HResult Error code: 0xefffffff
Function: CallerContext::_getCallerToken
Source: onecoreuap\enduser\winstore\installservice\lib\callercontext.cpp (85)"
Information,8/27/2023 4:55:55 AM,Microsoft-Windows-Install-Agent,2006,Service,"[Start] Creating UWA Work FulfillmentData = {""ProductId"":""9WZDNCRD29V9"",""WuBundleId"":""1ac615d7-926b-4c36-ab32-e141624e2780"",""WuCategoryId"":""eaac6c6b-10a4-4659-815b-44f151eca61a"",""PackageFamilyName"":""Microsoft.MicrosoftOfficeHub_8wekyb3d8bbwe"",""SkuId"":""0010"",""Content"":null,""PackageFeatures"":null}  
Error: The operation completed successfully.
Function: UWAInstallServiceWorkItem::UWAInstallServiceWorkItem
Source: onecoreuap\enduser\winstore\installservice\libqueue2\uwainstallworkbridge.cpp (387)"
Information,8/27/2023 4:55:55 AM,Microsoft-Windows-Install-Agent,2006,Service,"Received checkpoint data updateItem = 9WZDNCRDTBJJ   
Error: The operation completed successfully.
Function: InstallQueue2::NotifyCheckpointChanged
Source: onecoreuap\enduser\winstore\installservice\libqueue2\installqueue2.cpp (1922)"
Information,8/27/2023 4:55:55 AM,Microsoft-Windows-Install-Agent,2006,Service,"[End] Item inserted into the queue. Attempting to create progresstrackersItem = 9WZDNCRDTBJJ  
Error: The operation completed successfully.
Function: 
Source:  (1143)"
Information,8/27/2023 4:55:55 AM,Microsoft-Windows-Install-Agent,2006,Service,"[Start] Item inserted into the queue. Attempting to create progresstrackersItem = 9WZDNCRDTBJJ  
Error: The operation completed successfully.
Function: InstallQueue2::_EnqueueWork
Source: onecoreuap\enduser\winstore\installservice\libqueue2\installqueue2.cpp (1143)"
Information,8/27/2023 4:55:55 AM,Microsoft-Windows-Install-Agent,2006,Service,"[End] Creating Queue Item for the workCatalogId = PackageFamilyName:Microsoft.Getstarted_8wekyb3d8bbwe  
Error: The operation completed successfully.
Function: 
Source:  (1078)"
Information,8/27/2023 4:55:55 AM,Microsoft-Windows-Install-Agent,2006,Service,"[Telemetry]: StateTransition :: ProductId = 9WZDNCRDTBJJ  PFN = Microsoft.Getstarted_8wekyb3d8bbwe  CatalogId =   FulfillmentPluginId = WU  PluginTelemetryData = {""WorkProperties"":{""IsInteractive"":0,""CallerApplicationId"":""ScanForUpdates"",""InstallForAllUsers"":0,""AllowDownloadOnAnyNetwork"":0,""ForceUseOfNonRemovableStorage"":0,""AllowForcedAppRestart"":0,""IsDiscInstall"":0,""IsRestore"":0,""Repair"":0,""StageButDoNotInstall"":0,""RequiresElevation"":0,""AutomaticallyDownloadAndInstallUpdateIfFound"":0,""AllowCachedResult"":0,""UserIdentityInfo"":"""",""VolumePath"":""""},""extendedErrorCode"":0}  PrevState = BlockedOnUser  NewState = LowPriority  PluginLastStage = 4  HResult = 0  __TlgCV__ = djk7teN0u0OSQnoQ.1.0  
Error: Unknown HResult Error code: 0xefffffff
Function: LogTelemetryEvent
Source: onecoreuap\enduser\winstore\installservice\svc\logging.cpp (10)"
Information,8/27/2023 4:55:55 AM,Microsoft-Windows-Install-Agent,2006,Service,"[Start] Creating Queue Item for the workCatalogId = PackageFamilyName:Microsoft.Getstarted_8wekyb3d8bbwe  
Error: The operation completed successfully.
Function: InstallQueue2::_EnqueueWork
Source: onecoreuap\enduser\winstore\installservice\libqueue2\installqueue2.cpp (1078)"
Information,8/27/2023 4:55:55 AM,Microsoft-Windows-Install-Agent,2006,Service,"[End] Creating UWA Work FulfillmentData = {""ProductId"":""9WZDNCRDTBJJ"",""WuBundleId"":""e70f94da-7a66-4183-92c3-913affb4be81"",""WuCategoryId"":""7f354d0e-a913-4aa0-815d-3fa9fbff2bd8"",""PackageFamilyName"":""Microsoft.Getstarted_8wekyb3d8bbwe"",""SkuId"":""0010"",""Content"":null,""PackageFeatures"":null}  
Error: The operation completed successfully.
Function: 
Source:  (387)"
Information,8/27/2023 4:55:55 AM,Microsoft-Windows-Install-Agent,2006,Service,"WU scan found 4 packages
Error: Unknown HResult Error code: 0xefffffff
Function: _PackagesFromSearchResult
Source: onecoreuap\enduser\winstore\installservice\lib\wuhelpers.cpp (151)"
Information,8/27/2023 4:55:44 AM,Microsoft-Windows-Install-Agent,2006,Service,"WU query: ""IsInstalled=0 AND AppCategoryIDs contains '7f354d0e-a913-4aa0-815d-3fa9fbff2bd8'""
Error: Unknown HResult Error code: 0xefffffff
Function: SearchUpdatePackages
Source: onecoreuap\enduser\winstore\installservice\lib\wuhelpers.cpp (308)"
Information,8/27/2023 4:55:44 AM,Microsoft-Windows-Install-Agent,2006,Service,"AppId = 7f354d0e-a913-4aa0-815d-3fa9fbff2bd8, WU Installed Flag = 0, OnlineSearch = 0, Interactive = 0, Scope = 4, Client ID = Update;ScanForUpdates
Error: Unknown HResult Error code: 0xefffffff
Function: SearchUpdatePackages
Source: onecoreuap\enduser\winstore\installservice\lib\wuhelpers.cpp (243)"
Warning,8/27/2023 4:55:44 AM,Microsoft-Windows-Install-Agent,2007,Service,"InstallService InProc Caller. Current Thread not impersonating. Using current process (LocalSystem)
Error: Unknown HResult Error code: 0xefffffff
Function: CallerContext::_getCallerToken
Source: onecoreuap\enduser\winstore\installservice\lib\callercontext.cpp (85)"
Information,8/27/2023 4:55:44 AM,Microsoft-Windows-Install-Agent,2006,Service,"[Start] Creating UWA Work FulfillmentData = {""ProductId"":""9WZDNCRDTBJJ"",""WuBundleId"":""e70f94da-7a66-4183-92c3-913affb4be81"",""WuCategoryId"":""7f354d0e-a913-4aa0-815d-3fa9fbff2bd8"",""PackageFamilyName"":""Microsoft.Getstarted_8wekyb3d8bbwe"",""SkuId"":""0010"",""Content"":null,""PackageFeatures"":null}  
Error: The operation completed successfully.
Function: UWAInstallServiceWorkItem::UWAInstallServiceWorkItem
Source: onecoreuap\enduser\winstore\installservice\libqueue2\uwainstallworkbridge.cpp (387)"
Information,8/27/2023 4:55:44 AM,Microsoft-Windows-Install-Agent,2006,Service,"Received checkpoint data updateItem = 9NZKPSTSNW4P   
Error: The operation completed successfully.
Function: InstallQueue2::NotifyCheckpointChanged
Source: onecoreuap\enduser\winstore\installservice\libqueue2\installqueue2.cpp (1922)"
Information,8/27/2023 4:55:44 AM,Microsoft-Windows-Install-Agent,2006,Service,"[End] Item inserted into the queue. Attempting to create progresstrackersItem = 9NZKPSTSNW4P  
Error: The operation completed successfully.
Function: 
Source:  (1143)"
Information,8/27/2023 4:55:44 AM,Microsoft-Windows-Install-Agent,2006,Service,"[Start] Item inserted into the queue. Attempting to create progresstrackersItem = 9NZKPSTSNW4P  
Error: The operation completed successfully.
Function: InstallQueue2::_EnqueueWork
Source: onecoreuap\enduser\winstore\installservice\libqueue2\installqueue2.cpp (1143)"
Information,8/27/2023 4:55:44 AM,Microsoft-Windows-Install-Agent,2006,Service,"[End] Creating Queue Item for the workCatalogId = PackageFamilyName:Microsoft.XboxGamingOverlay_8wekyb3d8bbwe  
Error: The operation completed successfully.
Function: 
Source:  (1078)"
Information,8/27/2023 4:55:44 AM,Microsoft-Windows-Install-Agent,2006,Service,"[Telemetry]: StateTransition :: ProductId = 9NZKPSTSNW4P  PFN = Microsoft.XboxGamingOverlay_8wekyb3d8bbwe  CatalogId =   FulfillmentPluginId = WU  PluginTelemetryData = {""WorkProperties"":{""IsInteractive"":0,""CallerApplicationId"":""ScanForUpdates"",""InstallForAllUsers"":0,""AllowDownloadOnAnyNetwork"":0,""ForceUseOfNonRemovableStorage"":0,""AllowForcedAppRestart"":0,""IsDiscInstall"":0,""IsRestore"":0,""Repair"":0,""StageButDoNotInstall"":0,""RequiresElevation"":0,""AutomaticallyDownloadAndInstallUpdateIfFound"":0,""AllowCachedResult"":0,""UserIdentityInfo"":"""",""VolumePath"":""""},""extendedErrorCode"":0}  PrevState = Error  NewState = LowPriority  PluginLastStage = 4  HResult = -2147009279  __TlgCV__ = djk7teN0u0OSQnoQ.1.0  
Error: Unknown HResult Error code: 0xefffffff
Function: LogTelemetryEvent
Source: onecoreuap\enduser\winstore\installservice\svc\logging.cpp (10)"
Information,8/27/2023 4:55:44 AM,Microsoft-Windows-Install-Agent,2006,Service,"[Start] Creating Queue Item for the workCatalogId = PackageFamilyName:Microsoft.XboxGamingOverlay_8wekyb3d8bbwe  
Error: The operation completed successfully.
Function: InstallQueue2::_EnqueueWork
Source: onecoreuap\enduser\winstore\installservice\libqueue2\installqueue2.cpp (1078)"
Information,8/27/2023 4:55:44 AM,Microsoft-Windows-Install-Agent,2006,Service,"[End] Creating UWA Work FulfillmentData = {""ProductId"":""9NZKPSTSNW4P"",""WuBundleId"":""f7c06cb9-cd68-4876-a951-1e2d1943b1a3"",""WuCategoryId"":""9607e6e2-46a5-4a17-afca-908ffc36d70b"",""PackageFamilyName"":""Microsoft.XboxGamingOverlay_8wekyb3d8bbwe"",""SkuId"":""0010"",""Content"":null,""PackageFeatures"":null}  
Error: The operation completed successfully.
Function: 
Source:  (387)"
Information,8/27/2023 4:55:44 AM,Microsoft-Windows-Install-Agent,2006,Service,"WU scan found 3 packages
Error: Unknown HResult Error code: 0xefffffff
Function: _PackagesFromSearchResult
Source: onecoreuap\enduser\winstore\installservice\lib\wuhelpers.cpp (151)"
Information,8/27/2023 4:55:38 AM,Microsoft-Windows-Install-Agent,2006,Service,"WU query: ""IsInstalled=0 AND AppCategoryIDs contains '9607e6e2-46a5-4a17-afca-908ffc36d70b'""
Error: Unknown HResult Error code: 0xefffffff
Function: SearchUpdatePackages
Source: onecoreuap\enduser\winstore\installservice\lib\wuhelpers.cpp (308)"
Information,8/27/2023 4:55:38 AM,Microsoft-Windows-Install-Agent,2006,Service,"AppId = 9607e6e2-46a5-4a17-afca-908ffc36d70b, WU Installed Flag = 0, OnlineSearch = 0, Interactive = 0, Scope = 4, Client ID = Update;ScanForUpdates
Error: Unknown HResult Error code: 0xefffffff
Function: SearchUpdatePackages
Source: onecoreuap\enduser\winstore\installservice\lib\wuhelpers.cpp (243)"
Warning,8/27/2023 4:55:38 AM,Microsoft-Windows-Install-Agent,2007,Service,"InstallService InProc Caller. Current Thread not impersonating. Using current process (LocalSystem)
Error: Unknown HResult Error code: 0xefffffff
Function: CallerContext::_getCallerToken
Source: onecoreuap\enduser\winstore\installservice\lib\callercontext.cpp (85)"
Information,8/27/2023 4:55:38 AM,Microsoft-Windows-Install-Agent,2006,Service,"[Start] Creating UWA Work FulfillmentData = {""ProductId"":""9NZKPSTSNW4P"",""WuBundleId"":""f7c06cb9-cd68-4876-a951-1e2d1943b1a3"",""WuCategoryId"":""9607e6e2-46a5-4a17-afca-908ffc36d70b"",""PackageFamilyName"":""Microsoft.XboxGamingOverlay_8wekyb3d8bbwe"",""SkuId"":""0010"",""Content"":null,""PackageFeatures"":null}  
Error: The operation completed successfully.
Function: UWAInstallServiceWorkItem::UWAInstallServiceWorkItem
Source: onecoreuap\enduser\winstore\installservice\libqueue2\uwainstallworkbridge.cpp (387)"
Information,8/27/2023 4:55:38 AM,Microsoft-Windows-Install-Agent,2006,Service,"Received checkpoint data updateItem = 9WZDNCRFHWD2   
Error: The operation completed successfully.
Function: InstallQueue2::NotifyCheckpointChanged
Source: onecoreuap\enduser\winstore\installservice\libqueue2\installqueue2.cpp (1922)"
Information,8/27/2023 4:55:38 AM,Microsoft-Windows-Install-Agent,2006,Service,"[End] Item inserted into the queue. Attempting to create progresstrackersItem = 9WZDNCRFHWD2  
Error: The operation completed successfully.
Function: 
Source:  (1143)"
Information,8/27/2023 4:55:38 AM,Microsoft-Windows-Install-Agent,2006,Service,"[Start] Item inserted into the queue. Attempting to create progresstrackersItem = 9WZDNCRFHWD2  
Error: The operation completed successfully.
Function: InstallQueue2::_EnqueueWork
Source: onecoreuap\enduser\winstore\installservice\libqueue2\installqueue2.cpp (1143)"
Information,8/27/2023 4:55:38 AM,Microsoft-Windows-Install-Agent,2006,Service,"Work already enqueued. Refusing to queue duplicate workCatalogId = PackageFamilyName:Microsoft.MicrosoftSolitaireCollection_8wekyb3d8bbwe  
Error: The operation completed successfully.
Function: InstallQueue2::_EnqueueWork
Source: onecoreuap\enduser\winstore\installservice\libqueue2\installqueue2.cpp (1069)"
Information,8/27/2023 4:55:38 AM,Microsoft-Windows-Install-Agent,2006,Service,"[End] Creating UWA Work FulfillmentData = {""ProductId"":""9WZDNCRFHWD2"",""WuBundleId"":""4e26b016-5c59-4915-9704-27e65b4ed4df"",""WuCategoryId"":""1a36fd17-5161-4651-ae2d-13384e427ea8"",""PackageFamilyName"":""Microsoft.MicrosoftSolitaireCollection_8wekyb3d8bbwe"",""SkuId"":""0010"",""Content"":null,""PackageFeatures"":null}  
Error: The operation completed successfully.
Function: 
Source:  (387)"
Information,8/27/2023 4:55:38 AM,Microsoft-Windows-Install-Agent,2006,Service,"WU scan found 4 packages
Error: Unknown HResult Error code: 0xefffffff
Function: _PackagesFromSearchResult
Source: onecoreuap\enduser\winstore\installservice\lib\wuhelpers.cpp (151)"
Information,8/27/2023 4:55:32 AM,Microsoft-Windows-Install-Agent,2006,Service,"WU query: ""IsInstalled=0 AND AppCategoryIDs contains '1a36fd17-5161-4651-ae2d-13384e427ea8'""
Error: Unknown HResult Error code: 0xefffffff
Function: SearchUpdatePackages
Source: onecoreuap\enduser\winstore\installservice\lib\wuhelpers.cpp (308)"
Information,8/27/2023 4:55:32 AM,Microsoft-Windows-Install-Agent,2006,Service,"AppId = 1a36fd17-5161-4651-ae2d-13384e427ea8, WU Installed Flag = 0, OnlineSearch = 0, Interactive = 0, Scope = 4, Client ID = Update;ScanForUpdates
Error: Unknown HResult Error code: 0xefffffff
Function: SearchUpdatePackages
Source: onecoreuap\enduser\winstore\installservice\lib\wuhelpers.cpp (243)"
Warning,8/27/2023 4:55:32 AM,Microsoft-Windows-Install-Agent,2007,Service,"InstallService InProc Caller. Current Thread not impersonating. Using current process (LocalSystem)
Error: Unknown HResult Error code: 0xefffffff
Function: CallerContext::_getCallerToken
Source: onecoreuap\enduser\winstore\installservice\lib\callercontext.cpp (85)"
Information,8/27/2023 4:55:32 AM,Microsoft-Windows-Install-Agent,2006,Service,"[Start] Creating UWA Work FulfillmentData = {""ProductId"":""9WZDNCRFHWD2"",""WuBundleId"":""4e26b016-5c59-4915-9704-27e65b4ed4df"",""WuCategoryId"":""1a36fd17-5161-4651-ae2d-13384e427ea8"",""PackageFamilyName"":""Microsoft.MicrosoftSolitaireCollection_8wekyb3d8bbwe"",""SkuId"":""0010"",""Content"":null,""PackageFeatures"":null}  
Error: The operation completed successfully.
Function: UWAInstallServiceWorkItem::UWAInstallServiceWorkItem
Source: onecoreuap\enduser\winstore\installservice\libqueue2\uwainstallworkbridge.cpp (387)"
Error,8/27/2023 4:55:32 AM,Microsoft-Windows-Install-Agent,2008,Service,"Failed to recover work from checkpoint. PackageFamilyName = Microsoft.XboxGameOverlay_8wekyb3d8bbwe, cv = C5qWURb6x0OL4DuF.1.0, HRESULT = 0x80240024 
Error: The operation completed successfully.
Function: InstallQueue2::_LoadCheckpointsWorker
Source: onecoreuap\enduser\winstore\installservice\libqueue2\installqueue2.cpp (3077)"
Information,8/27/2023 4:55:32 AM,Microsoft-Windows-Install-Agent,2006,Service,"winrt::hresult_error: onecoreuap\enduser\winstore\installservice\libqueue2\uwainstallworkbridge.cpp(441)\installservice.dll!00007FFDF3A886D9: (caller: 00007FFDF3A8FA36) Exception(3) tid(12f8) 80240024
Error: Unknown HResult Error code: 0x80240024
Function: 
Source: NULL (0)"
Error,8/27/2023 4:55:32 AM,Microsoft-Windows-Install-Agent,2008,Service,"Error creating work item 
Error: Unknown HResult Error code: 0x80240024
Function: UWAInstallServiceWorkItem::UWAInstallServiceWorkItem
Source: onecoreuap\enduser\winstore\installservice\libqueue2\uwainstallworkbridge.cpp (475)"
Error,8/27/2023 4:55:32 AM,Microsoft-Windows-Install-Agent,2008,Service,"[Error] Creating UWA Work FulfillmentData = {""ProductId"":""9NBLGGH537C2"",""WuBundleId"":""075a4121-db52-4709-91f0-1a3dbd9beb30"",""WuCategoryId"":""be437d05-6d78-42b6-9bc1-d38c6de4a43d"",""PackageFamilyName"":""Microsoft.XboxGameOverlay_8wekyb3d8bbwe"",""SkuId"":""0010"",""Content"":null,""PackageFeatures"":null}  
Error: The operation completed successfully.
Function: 
Source:  (387)"
Warning,8/27/2023 4:55:32 AM,Microsoft-Windows-Install-Agent,2007,Service,"Failure detected
Error: Unknown HResult Error code: 0x80240024
Function: 
Source: onecoreuap\enduser\winstore\installservice\libqueue2\uwainstallworkbridge.cpp (441)"
Information,8/27/2023 4:55:32 AM,Microsoft-Windows-Install-Agent,2006,Service,"WU scan found 0 packages
Error: Unknown HResult Error code: 0xefffffff
Function: _PackagesFromSearchResult
Source: onecoreuap\enduser\winstore\installservice\lib\wuhelpers.cpp (151)"
Information,8/27/2023 4:55:30 AM,Microsoft-Windows-Install-Agent,2006,Service,"WU query: ""IsInstalled=0 AND AppCategoryIDs contains 'be437d05-6d78-42b6-9bc1-d38c6de4a43d'""
Error: Unknown HResult Error code: 0xefffffff
Function: SearchUpdatePackages
Source: onecoreuap\enduser\winstore\installservice\lib\wuhelpers.cpp (308)"
Information,8/27/2023 4:55:30 AM,Microsoft-Windows-Install-Agent,2006,Service,"AppId = be437d05-6d78-42b6-9bc1-d38c6de4a43d, WU Installed Flag = 0, OnlineSearch = 0, Interactive = 0, Scope = 4, Client ID = Update;ScanForUpdates
Error: Unknown HResult Error code: 0xefffffff
Function: SearchUpdatePackages
Source: onecoreuap\enduser\winstore\installservice\lib\wuhelpers.cpp (243)"
Warning,8/27/2023 4:55:30 AM,Microsoft-Windows-Install-Agent,2007,Service,"InstallService InProc Caller. Current Thread not impersonating. Using current process (LocalSystem)
Error: Unknown HResult Error code: 0xefffffff
Function: CallerContext::_getCallerToken
Source: onecoreuap\enduser\winstore\installservice\lib\callercontext.cpp (85)"
Information,8/27/2023 4:55:30 AM,Microsoft-Windows-Install-Agent,2006,Service,"[Start] Creating UWA Work FulfillmentData = {""ProductId"":""9NBLGGH537C2"",""WuBundleId"":""075a4121-db52-4709-91f0-1a3dbd9beb30"",""WuCategoryId"":""be437d05-6d78-42b6-9bc1-d38c6de4a43d"",""PackageFamilyName"":""Microsoft.XboxGameOverlay_8wekyb3d8bbwe"",""SkuId"":""0010"",""Content"":null,""PackageFeatures"":null}  
Error: The operation completed successfully.
Function: UWAInstallServiceWorkItem::UWAInstallServiceWorkItem
Source: onecoreuap\enduser\winstore\installservice\libqueue2\uwainstallworkbridge.cpp (387)"
Information,8/27/2023 4:55:30 AM,Microsoft-Windows-Install-Agent,2006,Service,"Received checkpoint data updateItem = 9NBLGGH4QGHW   
Error: The operation completed successfully.
Function: InstallQueue2::NotifyCheckpointChanged
Source: onecoreuap\enduser\winstore\installservice\libqueue2\installqueue2.cpp (1922)"
Information,8/27/2023 4:55:30 AM,Microsoft-Windows-Install-Agent,2006,Service,"[End] Item inserted into the queue. Attempting to create progresstrackersItem = 9NBLGGH4QGHW  
Error: The operation completed successfully.
Function: 
Source:  (1143)"
Information,8/27/2023 4:55:30 AM,Microsoft-Windows-Install-Agent,2006,Service,"[Start] Item inserted into the queue. Attempting to create progresstrackersItem = 9NBLGGH4QGHW  
Error: The operation completed successfully.
Function: InstallQueue2::_EnqueueWork
Source: onecoreuap\enduser\winstore\installservice\libqueue2\installqueue2.cpp (1143)"
Information,8/27/2023 4:55:30 AM,Microsoft-Windows-Install-Agent,2006,Service,"[End] Creating Queue Item for the workCatalogId = PackageFamilyName:Microsoft.MicrosoftStickyNotes_8wekyb3d8bbwe  
Error: The operation completed successfully.
Function: 
Source:  (1078)"
Information,8/27/2023 4:55:30 AM,Microsoft-Windows-Install-Agent,2006,Service,"[Telemetry]: StateTransition :: ProductId = 9NBLGGH4QGHW  PFN = Microsoft.MicrosoftStickyNotes_8wekyb3d8bbwe  CatalogId =   FulfillmentPluginId = WU  PluginTelemetryData = {""WorkProperties"":{""IsInteractive"":0,""CallerApplicationId"":""ScanForUpdates"",""InstallForAllUsers"":0,""AllowDownloadOnAnyNetwork"":0,""ForceUseOfNonRemovableStorage"":0,""AllowForcedAppRestart"":0,""IsDiscInstall"":0,""IsRestore"":0,""Repair"":0,""StageButDoNotInstall"":0,""RequiresElevation"":0,""AutomaticallyDownloadAndInstallUpdateIfFound"":0,""AllowCachedResult"":0,""UserIdentityInfo"":"""",""VolumePath"":""""},""extendedErrorCode"":0}  PrevState = BlockedOnUser  NewState = LowPriority  PluginLastStage = 4  HResult = 0  __TlgCV__ = djk7teN0u0OSQnoQ.1.0  
Error: Unknown HResult Error code: 0xefffffff
Function: LogTelemetryEvent
Source: onecoreuap\enduser\winstore\installservice\svc\logging.cpp (10)"
Information,8/27/2023 4:55:30 AM,Microsoft-Windows-Install-Agent,2006,Service,"[Start] Creating Queue Item for the workCatalogId = PackageFamilyName:Microsoft.MicrosoftStickyNotes_8wekyb3d8bbwe  
Error: The operation completed successfully.
Function: InstallQueue2::_EnqueueWork
Source: onecoreuap\enduser\winstore\installservice\libqueue2\installqueue2.cpp (1078)"
Information,8/27/2023 4:55:30 AM,Microsoft-Windows-Install-Agent,2006,Service,"[End] Creating UWA Work FulfillmentData = {""ProductId"":""9NBLGGH4QGHW"",""WuBundleId"":""bf1615c9-943f-4041-99a3-7febfc1b4ab9"",""WuCategoryId"":""b90f3a9a-c043-41a7-a774-e51f6069283b"",""PackageFamilyName"":""Microsoft.MicrosoftStickyNotes_8wekyb3d8bbwe"",""SkuId"":""0010"",""Content"":null,""PackageFeatures"":null}  
Error: The operation completed successfully.
Function: 
Source:  (387)"
Information,8/27/2023 4:55:30 AM,Microsoft-Windows-Install-Agent,2006,Service,"WU scan found 2 packages
Error: Unknown HResult Error code: 0xefffffff
Function: _PackagesFromSearchResult
Source: onecoreuap\enduser\winstore\installservice\lib\wuhelpers.cpp (151)"
Information,8/27/2023 4:55:16 AM,Microsoft-Windows-Install-Agent,2006,Service,"WU query: ""IsInstalled=0 AND AppCategoryIDs contains 'b90f3a9a-c043-41a7-a774-e51f6069283b'""
Error: Unknown HResult Error code: 0xefffffff
Function: SearchUpdatePackages
Source: onecoreuap\enduser\winstore\installservice\lib\wuhelpers.cpp (308)"
Information,8/27/2023 4:55:16 AM,Microsoft-Windows-Install-Agent,2006,Service,"AppId = b90f3a9a-c043-41a7-a774-e51f6069283b, WU Installed Flag = 0, OnlineSearch = 0, Interactive = 0, Scope = 4, Client ID = Update;ScanForUpdates
Error: Unknown HResult Error code: 0xefffffff
Function: SearchUpdatePackages
Source: onecoreuap\enduser\winstore\installservice\lib\wuhelpers.cpp (243)"
Warning,8/27/2023 4:55:16 AM,Microsoft-Windows-Install-Agent,2007,Service,"InstallService InProc Caller. Current Thread not impersonating. Using current process (LocalSystem)
Error: Unknown HResult Error code: 0xefffffff
Function: CallerContext::_getCallerToken
Source: onecoreuap\enduser\winstore\installservice\lib\callercontext.cpp (85)"
Information,8/27/2023 4:55:16 AM,Microsoft-Windows-Install-Agent,2006,Service,"[Start] Creating UWA Work FulfillmentData = {""ProductId"":""9NBLGGH4QGHW"",""WuBundleId"":""bf1615c9-943f-4041-99a3-7febfc1b4ab9"",""WuCategoryId"":""b90f3a9a-c043-41a7-a774-e51f6069283b"",""PackageFamilyName"":""Microsoft.MicrosoftStickyNotes_8wekyb3d8bbwe"",""SkuId"":""0010"",""Content"":null,""PackageFeatures"":null}  
Error: The operation completed successfully.
Function: UWAInstallServiceWorkItem::UWAInstallServiceWorkItem
Source: onecoreuap\enduser\winstore\installservice\libqueue2\uwainstallworkbridge.cpp (387)"
Information,8/27/2023 4:55:16 AM,Microsoft-Windows-Install-Agent,2006,Service,"Received checkpoint data updateItem = 9WZDNCRD29V9   
Error: The operation completed successfully.
Function: InstallQueue2::NotifyCheckpointChanged
Source: onecoreuap\enduser\winstore\installservice\libqueue2\installqueue2.cpp (1922)"
Information,8/27/2023 4:55:16 AM,Microsoft-Windows-Install-Agent,2006,Service,"[End] Item inserted into the queue. Attempting to create progresstrackersItem = 9WZDNCRD29V9  
Error: The operation completed successfully.
Function: 
Source:  (1143)"
Information,8/27/2023 4:55:16 AM,Microsoft-Windows-Install-Agent,2006,Service,"[Start] Item inserted into the queue. Attempting to create progresstrackersItem = 9WZDNCRD29V9  
Error: The operation completed successfully.
Function: InstallQueue2::_EnqueueWork
Source: onecoreuap\enduser\winstore\installservice\libqueue2\installqueue2.cpp (1143)"
Information,8/27/2023 4:55:16 AM,Microsoft-Windows-Install-Agent,2006,Service,"[End] Creating Queue Item for the workCatalogId = PackageFamilyName:Microsoft.MicrosoftOfficeHub_8wekyb3d8bbwe  
Error: The operation completed successfully.
Function: 
Source:  (1078)"
Information,8/27/2023 4:55:16 AM,Microsoft-Windows-Install-Agent,2006,Service,"[Telemetry]: StateTransition :: ProductId = 9WZDNCRD29V9  PFN = Microsoft.MicrosoftOfficeHub_8wekyb3d8bbwe  CatalogId =   FulfillmentPluginId = WU  PluginTelemetryData = {""WorkProperties"":{""IsInteractive"":0,""CallerApplicationId"":""ScanForUpdates"",""InstallForAllUsers"":0,""AllowDownloadOnAnyNetwork"":0,""ForceUseOfNonRemovableStorage"":0,""AllowForcedAppRestart"":0,""IsDiscInstall"":0,""IsRestore"":0,""Repair"":0,""StageButDoNotInstall"":0,""RequiresElevation"":0,""AutomaticallyDownloadAndInstallUpdateIfFound"":0,""AllowCachedResult"":0,""UserIdentityInfo"":"""",""VolumePath"":""""},""extendedErrorCode"":0}  PrevState = BlockedOnUser  NewState = LowPriority  PluginLastStage = 4  HResult = 0  __TlgCV__ = djk7teN0u0OSQnoQ.1.0  
Error: Unknown HResult Error code: 0xefffffff
Function: LogTelemetryEvent
Source: onecoreuap\enduser\winstore\installservice\svc\logging.cpp (10)"
Information,8/27/2023 4:55:16 AM,Microsoft-Windows-Install-Agent,2006,Service,"[Start] Creating Queue Item for the workCatalogId = PackageFamilyName:Microsoft.MicrosoftOfficeHub_8wekyb3d8bbwe  
Error: The operation completed successfully.
Function: InstallQueue2::_EnqueueWork
Source: onecoreuap\enduser\winstore\installservice\libqueue2\installqueue2.cpp (1078)"
Information,8/27/2023 4:55:16 AM,Microsoft-Windows-Install-Agent,2006,Service,"[End] Creating UWA Work FulfillmentData = {""ProductId"":""9WZDNCRD29V9"",""WuBundleId"":""1ac615d7-926b-4c36-ab32-e141624e2780"",""WuCategoryId"":""eaac6c6b-10a4-4659-815b-44f151eca61a"",""PackageFamilyName"":""Microsoft.MicrosoftOfficeHub_8wekyb3d8bbwe"",""SkuId"":""0010"",""Content"":null,""PackageFeatures"":null}  
Error: The operation completed successfully.
Function: 
Source:  (387)"
Information,8/27/2023 4:55:16 AM,Microsoft-Windows-Install-Agent,2006,Service,"WU scan found 3 packages
Error: Unknown HResult Error code: 0xefffffff
Function: _PackagesFromSearchResult
Source: onecoreuap\enduser\winstore\installservice\lib\wuhelpers.cpp (151)"
Information,8/27/2023 4:55:11 AM,Microsoft-Windows-Install-Agent,2006,Service,"WU query: ""IsInstalled=0 AND AppCategoryIDs contains 'eaac6c6b-10a4-4659-815b-44f151eca61a'""
Error: Unknown HResult Error code: 0xefffffff
Function: SearchUpdatePackages
Source: onecoreuap\enduser\winstore\installservice\lib\wuhelpers.cpp (308)"
Information,8/27/2023 4:55:11 AM,Microsoft-Windows-Install-Agent,2006,Service,"AppId = eaac6c6b-10a4-4659-815b-44f151eca61a, WU Installed Flag = 0, OnlineSearch = 0, Interactive = 0, Scope = 4, Client ID = Update;ScanForUpdates
Error: Unknown HResult Error code: 0xefffffff
Function: SearchUpdatePackages
Source: onecoreuap\enduser\winstore\installservice\lib\wuhelpers.cpp (243)"
Warning,8/27/2023 4:55:11 AM,Microsoft-Windows-Install-Agent,2007,Service,"InstallService InProc Caller. Current Thread not impersonating. Using current process (LocalSystem)
Error: Unknown HResult Error code: 0xefffffff
Function: CallerContext::_getCallerToken
Source: onecoreuap\enduser\winstore\installservice\lib\callercontext.cpp (85)"
Information,8/27/2023 4:55:11 AM,Microsoft-Windows-Install-Agent,2006,Service,"[Start] Creating UWA Work FulfillmentData = {""ProductId"":""9WZDNCRD29V9"",""WuBundleId"":""1ac615d7-926b-4c36-ab32-e141624e2780"",""WuCategoryId"":""eaac6c6b-10a4-4659-815b-44f151eca61a"",""PackageFamilyName"":""Microsoft.MicrosoftOfficeHub_8wekyb3d8bbwe"",""SkuId"":""0010"",""Content"":null,""PackageFeatures"":null}  
Error: The operation completed successfully.
Function: UWAInstallServiceWorkItem::UWAInstallServiceWorkItem
Source: onecoreuap\enduser\winstore\installservice\libqueue2\uwainstallworkbridge.cpp (387)"
Information,8/27/2023 4:55:11 AM,Microsoft-Windows-Install-Agent,2006,Service,"Received checkpoint data updateItem = 9PG2DK419DRG   
Error: The operation completed successfully.
Function: InstallQueue2::NotifyCheckpointChanged
Source: onecoreuap\enduser\winstore\installservice\libqueue2\installqueue2.cpp (1922)"
Information,8/27/2023 4:55:11 AM,Microsoft-Windows-Install-Agent,2006,Service,"[End] Item inserted into the queue. Attempting to create progresstrackersItem = 9PG2DK419DRG  
Error: The operation completed successfully.
Function: 
Source:  (1143)"
Information,8/27/2023 4:55:11 AM,Microsoft-Windows-Install-Agent,2006,Service,"[Start] Item inserted into the queue. Attempting to create progresstrackersItem = 9PG2DK419DRG  
Error: The operation completed successfully.
Function: InstallQueue2::_EnqueueWork
Source: onecoreuap\enduser\winstore\installservice\libqueue2\installqueue2.cpp (1143)"
Information,8/27/2023 4:55:11 AM,Microsoft-Windows-Install-Agent,2006,Service,"[End] Creating Queue Item for the workCatalogId = PackageFamilyName:Microsoft.WebpImageExtension_8wekyb3d8bbwe  
Error: The operation completed successfully.
Function: 
Source:  (1078)"
Information,8/27/2023 4:55:11 AM,Microsoft-Windows-Install-Agent,2006,Service,"[Telemetry]: StateTransition :: ProductId = 9PG2DK419DRG  PFN = Microsoft.WebpImageExtension_8wekyb3d8bbwe  CatalogId =   FulfillmentPluginId = WU  PluginTelemetryData = {""WorkProperties"":{""IsInteractive"":0,""CallerApplicationId"":""ScanForUpdates"",""InstallForAllUsers"":0,""AllowDownloadOnAnyNetwork"":0,""ForceUseOfNonRemovableStorage"":0,""AllowForcedAppRestart"":0,""IsDiscInstall"":0,""IsRestore"":0,""Repair"":0,""StageButDoNotInstall"":0,""RequiresElevation"":0,""AutomaticallyDownloadAndInstallUpdateIfFound"":0,""AllowCachedResult"":0,""UserIdentityInfo"":"""",""VolumePath"":""""},""extendedErrorCode"":0}  PrevState = Error  NewState = LowPriority  PluginLastStage = 4  HResult = -2147009279  __TlgCV__ = djk7teN0u0OSQnoQ.1.0  
Error: Unknown HResult Error code: 0xefffffff
Function: LogTelemetryEvent
Source: onecoreuap\enduser\winstore\installservice\svc\logging.cpp (10)"
Information,8/27/2023 4:55:11 AM,Microsoft-Windows-Install-Agent,2006,Service,"[Start] Creating Queue Item for the workCatalogId = PackageFamilyName:Microsoft.WebpImageExtension_8wekyb3d8bbwe  
Error: The operation completed successfully.
Function: InstallQueue2::_EnqueueWork
Source: onecoreuap\enduser\winstore\installservice\libqueue2\installqueue2.cpp (1078)"
Information,8/27/2023 4:55:11 AM,Microsoft-Windows-Install-Agent,2006,Service,"[End] Creating UWA Work FulfillmentData = {""ProductId"":""9PG2DK419DRG"",""WuBundleId"":""e1f049c8-c46b-4beb-90a5-59c1148593e4"",""WuCategoryId"":""00c2490a-ef1d-43c9-bdba-b84ecc77d2ea"",""PackageFamilyName"":""Microsoft.WebpImageExtension_8wekyb3d8bbwe"",""SkuId"":""0010"",""Content"":null,""PackageFeatures"":null}  
Error: The operation completed successfully.
Function: 
Source:  (387)"
Information,8/27/2023 4:55:11 AM,Microsoft-Windows-Install-Agent,2006,Service,"WU scan found 1 packages
Error: Unknown HResult Error code: 0xefffffff
Function: _PackagesFromSearchResult
Source: onecoreuap\enduser\winstore\installservice\lib\wuhelpers.cpp (151)"
Information,8/27/2023 4:55:07 AM,Microsoft-Windows-Install-Agent,2006,Service,"WU query: ""IsInstalled=0 AND AppCategoryIDs contains '00c2490a-ef1d-43c9-bdba-b84ecc77d2ea'""
Error: Unknown HResult Error code: 0xefffffff
Function: SearchUpdatePackages
Source: onecoreuap\enduser\winstore\installservice\lib\wuhelpers.cpp (308)"
Information,8/27/2023 4:55:07 AM,Microsoft-Windows-Install-Agent,2006,Service,"AppId = 00c2490a-ef1d-43c9-bdba-b84ecc77d2ea, WU Installed Flag = 0, OnlineSearch = 0, Interactive = 0, Scope = 4, Client ID = Update;ScanForUpdates
Error: Unknown HResult Error code: 0xefffffff
Function: SearchUpdatePackages
Source: onecoreuap\enduser\winstore\installservice\lib\wuhelpers.cpp (243)"
Warning,8/27/2023 4:55:07 AM,Microsoft-Windows-Install-Agent,2007,Service,"InstallService InProc Caller. Current Thread not impersonating. Using current process (LocalSystem)
Error: Unknown HResult Error code: 0xefffffff
Function: CallerContext::_getCallerToken
Source: onecoreuap\enduser\winstore\installservice\lib\callercontext.cpp (85)"
Information,8/27/2023 4:55:07 AM,Microsoft-Windows-Install-Agent,2006,Service,"[Start] Creating UWA Work FulfillmentData = {""ProductId"":""9PG2DK419DRG"",""WuBundleId"":""e1f049c8-c46b-4beb-90a5-59c1148593e4"",""WuCategoryId"":""00c2490a-ef1d-43c9-bdba-b84ecc77d2ea"",""PackageFamilyName"":""Microsoft.WebpImageExtension_8wekyb3d8bbwe"",""SkuId"":""0010"",""Content"":null,""PackageFeatures"":null}  
Error: The operation completed successfully.
Function: UWAInstallServiceWorkItem::UWAInstallServiceWorkItem
Source: onecoreuap\enduser\winstore\installservice\libqueue2\uwainstallworkbridge.cpp (387)"
Error,8/27/2023 4:55:07 AM,Microsoft-Windows-Install-Agent,2008,Service,"Failed to recover work from checkpoint. PackageFamilyName = Microsoft.WindowsCalculator_8wekyb3d8bbwe, cv = VhnNUzljZUmlK1xN.1.0, HRESULT = 0x80240024 
Error: The operation completed successfully.
Function: InstallQueue2::_LoadCheckpointsWorker
Source: onecoreuap\enduser\winstore\installservice\libqueue2\installqueue2.cpp (3077)"
Information,8/27/2023 4:55:07 AM,Microsoft-Windows-Install-Agent,2006,Service,"winrt::hresult_error: onecoreuap\enduser\winstore\installservice\libqueue2\uwainstallworkbridge.cpp(441)\installservice.dll!00007FFDF3A886D9: (caller: 00007FFDF3A8FA36) Exception(2) tid(12f8) 80240024
Error: Unknown HResult Error code: 0x80240024
Function: 
Source: NULL (0)"
Error,8/27/2023 4:55:07 AM,Microsoft-Windows-Install-Agent,2008,Service,"Error creating work item 
Error: Unknown HResult Error code: 0x80240024
Function: UWAInstallServiceWorkItem::UWAInstallServiceWorkItem
Source: onecoreuap\enduser\winstore\installservice\libqueue2\uwainstallworkbridge.cpp (475)"
Error,8/27/2023 4:55:07 AM,Microsoft-Windows-Install-Agent,2008,Service,"[Error] Creating UWA Work FulfillmentData = {""ProductId"":""9WZDNCRFHVN5"",""WuBundleId"":""96238ec2-9660-4fe2-9418-9791eb6ad40b"",""WuCategoryId"":""e632fe90-a5ba-43aa-bf81-9de8413e83d8"",""PackageFamilyName"":""Microsoft.WindowsCalculator_8wekyb3d8bbwe"",""SkuId"":""0010"",""Content"":null,""PackageFeatures"":null}  
Error: The operation completed successfully.
Function: 
Source:  (387)"
Warning,8/27/2023 4:55:07 AM,Microsoft-Windows-Install-Agent,2007,Service,"Failure detected
Error: Unknown HResult Error code: 0x80240024
Function: 
Source: onecoreuap\enduser\winstore\installservice\libqueue2\uwainstallworkbridge.cpp (441)"
Information,8/27/2023 4:55:07 AM,Microsoft-Windows-Install-Agent,2006,Service,"WU scan found 0 packages
Error: Unknown HResult Error code: 0xefffffff
Function: _PackagesFromSearchResult
Source: onecoreuap\enduser\winstore\installservice\lib\wuhelpers.cpp (151)"
Information,8/27/2023 4:55:04 AM,Microsoft-Windows-Install-Agent,2006,Service,"WU query: ""IsInstalled=0 AND AppCategoryIDs contains 'e632fe90-a5ba-43aa-bf81-9de8413e83d8'""
Error: Unknown HResult Error code: 0xefffffff
Function: SearchUpdatePackages
Source: onecoreuap\enduser\winstore\installservice\lib\wuhelpers.cpp (308)"
Information,8/27/2023 4:55:04 AM,Microsoft-Windows-Install-Agent,2006,Service,"AppId = e632fe90-a5ba-43aa-bf81-9de8413e83d8, WU Installed Flag = 0, OnlineSearch = 0, Interactive = 0, Scope = 4, Client ID = Update;ScanForUpdates
Error: Unknown HResult Error code: 0xefffffff
Function: SearchUpdatePackages
Source: onecoreuap\enduser\winstore\installservice\lib\wuhelpers.cpp (243)"
Warning,8/27/2023 4:55:04 AM,Microsoft-Windows-Install-Agent,2007,Service,"InstallService InProc Caller. Current Thread not impersonating. Using current process (LocalSystem)
Error: Unknown HResult Error code: 0xefffffff
Function: CallerContext::_getCallerToken
Source: onecoreuap\enduser\winstore\installservice\lib\callercontext.cpp (85)"
Information,8/27/2023 4:55:04 AM,Microsoft-Windows-Install-Agent,2006,Service,"[Start] Creating UWA Work FulfillmentData = {""ProductId"":""9WZDNCRFHVN5"",""WuBundleId"":""96238ec2-9660-4fe2-9418-9791eb6ad40b"",""WuCategoryId"":""e632fe90-a5ba-43aa-bf81-9de8413e83d8"",""PackageFamilyName"":""Microsoft.WindowsCalculator_8wekyb3d8bbwe"",""SkuId"":""0010"",""Content"":null,""PackageFeatures"":null}  
Error: The operation completed successfully.
Function: UWAInstallServiceWorkItem::UWAInstallServiceWorkItem
Source: onecoreuap\enduser\winstore\installservice\libqueue2\uwainstallworkbridge.cpp (387)"
Information,8/27/2023 4:55:04 AM,Microsoft-Windows-Install-Agent,2006,Service,"Received checkpoint data updateItem = 9WZDNCRFJ3PT   
Error: The operation completed successfully.
Function: InstallQueue2::NotifyCheckpointChanged
Source: onecoreuap\enduser\winstore\installservice\libqueue2\installqueue2.cpp (1922)"
Information,8/27/2023 4:55:04 AM,Microsoft-Windows-Install-Agent,2006,Service,"[End] Item inserted into the queue. Attempting to create progresstrackersItem = 9WZDNCRFJ3PT  
Error: The operation completed successfully.
Function: 
Source:  (1143)"
