Information,3/9/2023 6:32:45 PM,Microsoft-Windows-Windows Defender,1117,None,"Microsoft Defender Antivirus has taken action to protect this machine from malware or other potentially unwanted software.
 For more information please see the following:
https://go.microsoft.com/fwlink/?linkid=37020&name=Trojan:Win64/Meterpreter.B&threatid=2147721790&enterprise=0
 	Name: Trojan:Win64/Meterpreter.B
 	ID: 2147721790
 	Severity: Severe
 	Category: Trojan
 	Path: file:_C:\Users\CyberJunkie\AppData\Local\Temp\msf.dll
 	Detection Origin: Local machine
 	Detection Type: Concrete
 	Detection Source: Real-Time Protection
 	User: NT AUTHORITY\SYSTEM
 	Process Name: C:\Windows\System32\svchost.exe
 	Action: Quarantine
 	Action Status:  To finish removing malware and other potentially unwanted software, restart the device. 
 	Error Code: 0x00000000
 	Error description: The operation completed successfully. 
 	Security intelligence Version: AV: 1.383.1419.0, AS: 1.383.1419.0, NIS: 1.383.1419.0
 	Engine Version: AM: 1.1.20000.2, NIS: 1.1.20000.2"
Warning,3/9/2023 6:32:45 PM,Microsoft-Windows-Windows Defender,1116,None,"Microsoft Defender Antivirus has detected malware or other potentially unwanted software.
 For more information please see the following:
https://go.microsoft.com/fwlink/?linkid=37020&name=Trojan:Win64/Meterpreter.B&threatid=2147721790&enterprise=0
 	Name: Trojan:Win64/Meterpreter.B
 	ID: 2147721790
 	Severity: Severe
 	Category: Trojan
 	Path: file:_C:\Users\CyberJunkie\AppData\Local\Temp\msf.dll
 	Detection Origin: Local machine
 	Detection Type: Concrete
 	Detection Source: Real-Time Protection
 	User: NT AUTHORITY\SYSTEM
 	Process Name: C:\Windows\System32\svchost.exe
 	Security intelligence Version: AV: 1.383.1419.0, AS: 1.383.1419.0, NIS: 1.383.1419.0
 	Engine Version: AM: 1.1.20000.2, NIS: 1.1.20000.2"
Warning,3/9/2023 6:32:33 PM,Microsoft-Windows-Windows Defender,1116,None,"Microsoft Defender Antivirus has detected malware or other potentially unwanted software.
 For more information please see the following:
https://go.microsoft.com/fwlink/?linkid=37020&name=Trojan:Win64/Meterpreter.B&threatid=2147721790&enterprise=0
 	Name: Trojan:Win64/Meterpreter.B
 	ID: 2147721790
 	Severity: Severe
 	Category: Trojan
 	Path: file:_C:\Users\CyberJunkie\AppData\Local\Temp\msf.dll
 	Detection Origin: Local machine
 	Detection Type: Concrete
 	Detection Source: Real-Time Protection
 	User: NT AUTHORITY\SYSTEM
 	Process Name: C:\Windows\System32\svchost.exe
 	Security intelligence Version: AV: 1.383.1419.0, AS: 1.383.1419.0, NIS: 1.383.1419.0
 	Engine Version: AM: 1.1.20000.2, NIS: 1.1.20000.2"
Information,3/9/2023 6:32:33 PM,Microsoft-Windows-Windows Defender,1117,None,"Microsoft Defender Antivirus has taken action to protect this machine from malware or other potentially unwanted software.
 For more information please see the following:
https://go.microsoft.com/fwlink/?linkid=37020&name=Trojan:Win64/Meterpreter.B&threatid=2147721790&enterprise=0
 	Name: Trojan:Win64/Meterpreter.B
 	ID: 2147721790
 	Severity: Severe
 	Category: Trojan
 	Path: file:_C:\Users\CyberJunkie\AppData\Local\Temp\msf.dll
 	Detection Origin: Local machine
 	Detection Type: Concrete
 	Detection Source: Real-Time Protection
 	User: NT AUTHORITY\SYSTEM
 	Process Name: C:\Windows\System32\svchost.exe
 	Action: Quarantine
 	Action Status:  To finish removing malware and other potentially unwanted software, restart the device. 
 	Error Code: 0x00000000
 	Error description: The operation completed successfully. 
 	Security intelligence Version: AV: 1.383.1419.0, AS: 1.383.1419.0, NIS: 1.383.1419.0
 	Engine Version: AM: 1.1.20000.2, NIS: 1.1.20000.2"
Warning,3/9/2023 6:32:33 PM,Microsoft-Windows-Windows Defender,1116,None,"Microsoft Defender Antivirus has detected malware or other potentially unwanted software.
 For more information please see the following:
https://go.microsoft.com/fwlink/?linkid=37020&name=Trojan:Win64/Meterpreter.B&threatid=2147721790&enterprise=0
 	Name: Trojan:Win64/Meterpreter.B
 	ID: 2147721790
 	Severity: Severe
 	Category: Trojan
 	Path: file:_C:\Users\CyberJunkie\AppData\Local\Temp\msf.dll
 	Detection Origin: Local machine
 	Detection Type: Concrete
 	Detection Source: Real-Time Protection
 	User: NT AUTHORITY\SYSTEM
 	Process Name: C:\Windows\System32\svchost.exe
 	Security intelligence Version: AV: 1.383.1419.0, AS: 1.383.1419.0, NIS: 1.383.1419.0
 	Engine Version: AM: 1.1.20000.2, NIS: 1.1.20000.2"
Warning,3/9/2023 6:32:20 PM,Microsoft-Windows-Windows Defender,1116,None,"Microsoft Defender Antivirus has detected malware or other potentially unwanted software.
 For more information please see the following:
https://go.microsoft.com/fwlink/?linkid=37020&name=Trojan:Win64/Meterpreter.B&threatid=2147721790&enterprise=0
 	Name: Trojan:Win64/Meterpreter.B
 	ID: 2147721790
 	Severity: Severe
 	Category: Trojan
 	Path: file:_C:\Users\CyberJunkie\AppData\Local\Temp\msf.dll
 	Detection Origin: Local machine
 	Detection Type: Concrete
 	Detection Source: Real-Time Protection
 	User: NT AUTHORITY\SYSTEM
 	Process Name: C:\Windows\System32\svchost.exe
 	Security intelligence Version: AV: 1.383.1419.0, AS: 1.383.1419.0, NIS: 1.383.1419.0
 	Engine Version: AM: 1.1.20000.2, NIS: 1.1.20000.2"
Information,3/9/2023 6:32:20 PM,Microsoft-Windows-Windows Defender,1117,None,"Microsoft Defender Antivirus has taken action to protect this machine from malware or other potentially unwanted software.
 For more information please see the following:
https://go.microsoft.com/fwlink/?linkid=37020&name=Trojan:Win64/Meterpreter.B&threatid=2147721790&enterprise=0
 	Name: Trojan:Win64/Meterpreter.B
 	ID: 2147721790
 	Severity: Severe
 	Category: Trojan
 	Path: file:_C:\Users\CyberJunkie\AppData\Local\Temp\msf.dll
 	Detection Origin: Local machine
 	Detection Type: Concrete
 	Detection Source: System
 	User: NT AUTHORITY\SYSTEM
 	Process Name: Unknown
 	Action: Quarantine
 	Action Status:  To finish removing malware and other potentially unwanted software, restart the device. 
 	Error Code: 0x00000000
 	Error description: The operation completed successfully. 
 	Security intelligence Version: AV: 1.383.1419.0, AS: 1.383.1419.0, NIS: 1.383.1419.0
 	Engine Version: AM: 1.1.20000.2, NIS: 1.1.20000.2"
Warning,3/9/2023 6:32:20 PM,Microsoft-Windows-Windows Defender,1116,None,"Microsoft Defender Antivirus has detected malware or other potentially unwanted software.
 For more information please see the following:
https://go.microsoft.com/fwlink/?linkid=37020&name=Trojan:Win64/Meterpreter.B&threatid=2147721790&enterprise=0
 	Name: Trojan:Win64/Meterpreter.B
 	ID: 2147721790
 	Severity: Severe
 	Category: Trojan
 	Path: file:_C:\Users\CyberJunkie\AppData\Local\Temp\msf.dll
 	Detection Origin: Local machine
 	Detection Type: Concrete
 	Detection Source: Real-Time Protection
 	User: NT AUTHORITY\SYSTEM
 	Process Name: C:\Windows\System32\svchost.exe
 	Security intelligence Version: AV: 1.383.1419.0, AS: 1.383.1419.0, NIS: 1.383.1419.0
 	Engine Version: AM: 1.1.20000.2, NIS: 1.1.20000.2"
Information,3/9/2023 6:32:20 PM,Microsoft-Windows-Windows Defender,2010,None,"Microsoft Defender Antivirus used cloud protection to get additional security intelligence.
 	Current security intelligence Version: 1.383.1419.0
 	Security intelligence Type: 
 	User: \
 	Current Engine Version: 1.1.20000.2
 	Cloud protection intelligence Type: Security intelligence update
 	Persistence Path: C:\ProgramData\Microsoft\Windows Defender\Scans\RtSigs\data\80209d40ba3d4e739dd4b38dff7231e554df1b9d
 	Cloud protection intelligence Version: 0.0.0.0
 	Cloud protection intelligence Compilation Timestamp: 3/10/2023 2:32:20 AM
 	Persistence Limit Type: Duration
 	Persistence Limit: 2592000000"
Warning,3/9/2023 6:32:04 PM,Microsoft-Windows-Windows Defender,1116,None,"Microsoft Defender Antivirus has detected malware or other potentially unwanted software.
 For more information please see the following:
https://go.microsoft.com/fwlink/?linkid=37020&name=Trojan:Win64/Meterpreter.B&threatid=2147721790&enterprise=0
 	Name: Trojan:Win64/Meterpreter.B
 	ID: 2147721790
 	Severity: Severe
 	Category: Trojan
 	Path: file:_C:\Users\CyberJunkie\AppData\Local\Temp\msf.dll
 	Detection Origin: Local machine
 	Detection Type: Concrete
 	Detection Source: System
 	User: NT AUTHORITY\SYSTEM
 	Process Name: Unknown
 	Security intelligence Version: AV: 1.383.1419.0, AS: 1.383.1419.0, NIS: 1.383.1419.0
 	Engine Version: AM: 1.1.20000.2, NIS: 1.1.20000.2"
Information,3/9/2023 6:31:58 PM,Microsoft-Windows-Windows Defender,5000,None,Microsoft Defender Antivirus Real-time Protection scanning for malware and other potentially unwanted software was enabled.
Information,3/9/2023 6:31:56 PM,Microsoft-Windows-Windows Defender,5007,None,"Microsoft Defender Antivirus Configuration has changed. If this is an unexpected event you should review the settings as this may be the result of malware.
 	Old value: 
 	New value: HKLM\SOFTWARE\Microsoft\Windows Defender\Features\Controls\10 = 0x1"
Information,3/9/2023 6:31:55 PM,Microsoft-Windows-Windows Defender,2000,None,"Microsoft Defender Antivirus security intelligence version updated.
 	Current security intelligence Version: 1.383.1419.0
 	Previous security intelligence Version: 1.383.823.0
 	Security intelligence Type: AntiSpyware
 	Update Type: Delta
 	User: NT AUTHORITY\SYSTEM
 	Current Engine Version: 1.1.20000.2
 	Previous Engine Version: 1.1.20000.2"
Information,3/9/2023 6:31:55 PM,Microsoft-Windows-Windows Defender,2000,None,"Microsoft Defender Antivirus security intelligence version updated.
 	Current security intelligence Version: 1.383.1419.0
 	Previous security intelligence Version: 1.383.823.0
 	Security intelligence Type: AntiVirus
 	Update Type: Delta
 	User: NT AUTHORITY\SYSTEM
 	Current Engine Version: 1.1.20000.2
 	Previous Engine Version: 1.1.20000.2"
Information,3/9/2023 6:11:48 PM,Microsoft-Windows-Windows Defender,5001,None,Microsoft Defender Antivirus Real-time Protection scanning for malware and other potentially unwanted software was disabled.
Information,3/9/2023 6:11:33 PM,Microsoft-Windows-Windows Defender,1117,None,"Microsoft Defender Antivirus has taken action to protect this machine from malware or other potentially unwanted software.
 For more information please see the following:
https://go.microsoft.com/fwlink/?linkid=37020&name=Trojan:Win64/Meterpreter.B&threatid=2147721790&enterprise=0
 	Name: Trojan:Win64/Meterpreter.B
 	ID: 2147721790
 	Severity: Severe
 	Category: Trojan
 	Path: file:_C:\Users\CyberJunkie\AppData\Local\Temp\vmware-CyberJunkie\VMwareDnD\6d76ac6c\msf.dll
 	Detection Origin: Local machine
 	Detection Type: Concrete
 	Detection Source: Real-Time Protection
 	User: NT AUTHORITY\SYSTEM
 	Process Name: C:\Program Files\VMware\VMware Tools\vmtoolsd.exe
 	Action: Quarantine
 	Action Status:  No additional actions required
 	Error Code: 0x00000000
 	Error description: The operation completed successfully. 
 	Security intelligence Version: AV: 1.383.823.0, AS: 1.383.823.0, NIS: 1.383.823.0
 	Engine Version: AM: 1.1.20000.2, NIS: 1.1.20000.2"
Warning,3/9/2023 6:11:27 PM,Microsoft-Windows-Windows Defender,1116,None,"Microsoft Defender Antivirus has detected malware or other potentially unwanted software.
 For more information please see the following:
https://go.microsoft.com/fwlink/?linkid=37020&name=Trojan:Win64/Meterpreter.B&threatid=2147721790&enterprise=0
 	Name: Trojan:Win64/Meterpreter.B
 	ID: 2147721790
 	Severity: Severe
 	Category: Trojan
 	Path: file:_C:\Users\CyberJunkie\AppData\Local\Temp\vmware-CyberJunkie\VMwareDnD\6d76ac6c\msf.dll
 	Detection Origin: Local machine
 	Detection Type: Concrete
 	Detection Source: Real-Time Protection
 	User: DESKTOP-887GK2L\CyberJunkie
 	Process Name: C:\Program Files\VMware\VMware Tools\vmtoolsd.exe
 	Security intelligence Version: AV: 1.383.823.0, AS: 1.383.823.0, NIS: 1.383.823.0
 	Engine Version: AM: 1.1.20000.2, NIS: 1.1.20000.2"
Information,3/9/2023 6:00:36 PM,Microsoft-Windows-Windows Defender,5007,None,"Microsoft Defender Antivirus Configuration has changed. If this is an unexpected event you should review the settings as this may be the result of malware.
 	Old value: HKLM\SOFTWARE\Microsoft\Windows Defender\ServiceStartStates = 0x1
 	New value: Default\ServiceStartStates = 0x0"
Information,3/9/2023 6:00:36 PM,Microsoft-Windows-Windows Defender,5007,None,"Microsoft Defender Antivirus Configuration has changed. If this is an unexpected event you should review the settings as this may be the result of malware.
 	Old value: Default\ProductAppDataPath = C:\ProgramData\Microsoft\Windows Defender
 	New value: HKLM\SOFTWARE\Microsoft\Windows Defender\ProductAppDataPath = C:\ProgramData\Microsoft\Windows Defender"
Information,3/9/2023 6:00:33 PM,Microsoft-Windows-Windows Defender,5007,None,"Microsoft Defender Antivirus Configuration has changed. If this is an unexpected event you should review the settings as this may be the result of malware.
 	Old value: Default\ServiceStartStates = 0x0
 	New value: HKLM\SOFTWARE\Microsoft\Windows Defender\ServiceStartStates = 0x1"
Information,3/1/2023 3:28:48 AM,Microsoft-Windows-Windows Defender,1151,None,"Endpoint Protection client health report (time in UTC):
 	Platform version: 4.18.2301.6
 	Engine version: 1.1.20000.2
 	Network Realtime Inspection engine version: 1.1.20000.2
 	Antivirus security intelligence version: 1.383.823.0
 	Antispyware security intelligence version: 1.383.823.0
 	Network Realtime Inspection security intelligence version: 1.383.823.0
 	RTP state: Enabled
 	OA state: Enabled
 	IOAV state: Enabled
 	BM state: Enabled
 	Antivirus security intelligence age: 0
 	Antispyware security intelligence age: 0
 	Last quick scan age: 0
 	Last full scan age: 4294967295
 	Antivirus security intelligence creation time: 2023-02-28T21:27:02Z
 	Antispyware security intelligence creation time: 2023-02-28T21:27:02Z
 	Last quick scan start time: 2023-03-01T08:23:41Z
 	Last quick scan end time: 2023-03-01T08:24:00Z
 	Last quick scan source: 2
 	Last full scan start time: 1601-01-01T00:00:00Z
 	Last full scan end time: 1601-01-01T00:00:00Z
 	Last full scan source: 0
 	Product status: 0x00080000
"
Information,3/1/2023 3:28:48 AM,Microsoft-Windows-Windows Defender,1150,None,"Endpoint Protection client is up and running in a healthy state.
 	Platform version: 4.18.2301.6
 	Engine version: 1.1.20000.2
 	Security intelligence version: 1.383.823.0
"
Information,3/1/2023 2:28:48 AM,Microsoft-Windows-Windows Defender,1151,None,"Endpoint Protection client health report (time in UTC):
 	Platform version: 4.18.2301.6
 	Engine version: 1.1.20000.2
 	Network Realtime Inspection engine version: 1.1.20000.2
 	Antivirus security intelligence version: 1.383.823.0
 	Antispyware security intelligence version: 1.383.823.0
 	Network Realtime Inspection security intelligence version: 1.383.823.0
 	RTP state: Enabled
 	OA state: Enabled
 	IOAV state: Enabled
 	BM state: Enabled
 	Antivirus security intelligence age: 0
 	Antispyware security intelligence age: 0
 	Last quick scan age: 0
 	Last full scan age: 4294967295
 	Antivirus security intelligence creation time: 2023-02-28T21:27:02Z
 	Antispyware security intelligence creation time: 2023-02-28T21:27:02Z
 	Last quick scan start time: 2023-03-01T08:23:41Z
 	Last quick scan end time: 2023-03-01T08:24:00Z
 	Last quick scan source: 2
 	Last full scan start time: 1601-01-01T00:00:00Z
 	Last full scan end time: 1601-01-01T00:00:00Z
 	Last full scan source: 0
 	Product status: 0x00080000
"
Information,3/1/2023 2:28:48 AM,Microsoft-Windows-Windows Defender,1150,None,"Endpoint Protection client is up and running in a healthy state.
 	Platform version: 4.18.2301.6
 	Engine version: 1.1.20000.2
 	Security intelligence version: 1.383.823.0
"
Information,3/1/2023 1:28:48 AM,Microsoft-Windows-Windows Defender,1151,None,"Endpoint Protection client health report (time in UTC):
 	Platform version: 4.18.2301.6
 	Engine version: 1.1.20000.2
 	Network Realtime Inspection engine version: 1.1.20000.2
 	Antivirus security intelligence version: 1.383.823.0
 	Antispyware security intelligence version: 1.383.823.0
 	Network Realtime Inspection security intelligence version: 1.383.823.0
 	RTP state: Enabled
 	OA state: Enabled
 	IOAV state: Enabled
 	BM state: Enabled
 	Antivirus security intelligence age: 0
 	Antispyware security intelligence age: 0
 	Last quick scan age: 0
 	Last full scan age: 4294967295
 	Antivirus security intelligence creation time: 2023-02-28T21:27:02Z
 	Antispyware security intelligence creation time: 2023-02-28T21:27:02Z
 	Last quick scan start time: 2023-03-01T08:23:41Z
 	Last quick scan end time: 2023-03-01T08:24:00Z
 	Last quick scan source: 2
 	Last full scan start time: 1601-01-01T00:00:00Z
 	Last full scan end time: 1601-01-01T00:00:00Z
 	Last full scan source: 0
 	Product status: 0x00080000
"
Information,3/1/2023 1:28:48 AM,Microsoft-Windows-Windows Defender,1150,None,"Endpoint Protection client is up and running in a healthy state.
 	Platform version: 4.18.2301.6
 	Engine version: 1.1.20000.2
 	Security intelligence version: 1.383.823.0
"
Information,3/1/2023 12:28:48 AM,Microsoft-Windows-Windows Defender,1151,None,"Endpoint Protection client health report (time in UTC):
 	Platform version: 4.18.2301.6
 	Engine version: 1.1.20000.2
 	Network Realtime Inspection engine version: 1.1.20000.2
 	Antivirus security intelligence version: 1.383.823.0
 	Antispyware security intelligence version: 1.383.823.0
 	Network Realtime Inspection security intelligence version: 1.383.823.0
 	RTP state: Enabled
 	OA state: Enabled
 	IOAV state: Enabled
 	BM state: Enabled
 	Antivirus security intelligence age: 0
 	Antispyware security intelligence age: 0
 	Last quick scan age: 0
 	Last full scan age: 4294967295
 	Antivirus security intelligence creation time: 2023-02-28T21:27:02Z
 	Antispyware security intelligence creation time: 2023-02-28T21:27:02Z
 	Last quick scan start time: 2023-03-01T08:23:41Z
 	Last quick scan end time: 2023-03-01T08:24:00Z
 	Last quick scan source: 2
 	Last full scan start time: 1601-01-01T00:00:00Z
 	Last full scan end time: 1601-01-01T00:00:00Z
 	Last full scan source: 0
 	Product status: 0x00080000
"
Information,3/1/2023 12:28:48 AM,Microsoft-Windows-Windows Defender,1150,None,"Endpoint Protection client is up and running in a healthy state.
 	Platform version: 4.18.2301.6
 	Engine version: 1.1.20000.2
 	Security intelligence version: 1.383.823.0
"
Information,3/1/2023 12:24:00 AM,Microsoft-Windows-Windows Defender,1001,None,"Microsoft Defender Antivirus scan has finished.
 	Scan ID: {11641B42-7408-4EFC-BA59-88CA0EAFACBE}
 	Scan Type: Antimalware
 	Scan Parameters: Quick Scan
 	User: NT AUTHORITY\SYSTEM
 	Scan Time: 0:00:56"
Information,3/1/2023 12:23:03 AM,Microsoft-Windows-Windows Defender,1000,None,"Microsoft Defender Antivirus scan has started.
 	Scan ID: {11641B42-7408-4EFC-BA59-88CA0EAFACBE}
 	Scan Type: Antimalware
 	Scan Parameters: Quick Scan
 	Scan Resources: 
 	User: NT AUTHORITY\SYSTEM"
Information,2/28/2023 11:29:10 PM,Microsoft-Windows-Windows Defender,2010,None,"Microsoft Defender Antivirus used cloud protection to get additional security intelligence.
 	Current security intelligence Version: 1.383.823.0
 	Security intelligence Type: 
 	User: \
 	Current Engine Version: 1.1.20000.2
 	Cloud protection intelligence Type: Security intelligence update
 	Persistence Path: C:\ProgramData\Microsoft\Windows Defender\Scans\RtSigs\data\fad513e5ad89149c1301109e407629c62376da09
 	Cloud protection intelligence Version: 0.0.0.0
 	Cloud protection intelligence Compilation Timestamp: 3/1/2023 7:29:09 AM
 	Persistence Limit Type: Duration
 	Persistence Limit: 288000000"
Information,2/28/2023 11:29:09 PM,Microsoft-Windows-Windows Defender,2010,None,"Microsoft Defender Antivirus used cloud protection to get additional security intelligence.
 	Current security intelligence Version: 1.383.823.0
 	Security intelligence Type: 
 	User: \
 	Current Engine Version: 1.1.20000.2
 	Cloud protection intelligence Type: Security intelligence update
 	Persistence Path: C:\ProgramData\Microsoft\Windows Defender\Scans\RtSigs\data\2ef56bf91cb16c2d00f817ec7656def3cbb27629
 	Cloud protection intelligence Version: 0.0.0.0
 	Cloud protection intelligence Compilation Timestamp: 3/1/2023 7:29:09 AM
 	Persistence Limit Type: Duration
 	Persistence Limit: 288000000"
Information,2/28/2023 11:29:08 PM,Microsoft-Windows-Windows Defender,5007,None,"Microsoft Defender Antivirus Configuration has changed. If this is an unexpected event you should review the settings as this may be the result of malware.
 	Old value: HKLM\SOFTWARE\Microsoft\Windows Defender\ServiceStartStates = 0x1
 	New value: Default\ServiceStartStates = 0x0"
Information,2/28/2023 11:28:48 PM,Microsoft-Windows-Windows Defender,5007,None,"Microsoft Defender Antivirus Configuration has changed. If this is an unexpected event you should review the settings as this may be the result of malware.
 	Old value: 
 	New value: HKLM\SOFTWARE\Microsoft\Windows Defender\Features\Controls\15 = 0x1"
Information,2/28/2023 11:28:48 PM,Microsoft-Windows-Windows Defender,5007,None,"Microsoft Defender Antivirus Configuration has changed. If this is an unexpected event you should review the settings as this may be the result of malware.
 	Old value: 
 	New value: HKLM\SOFTWARE\Microsoft\Windows Defender\Features\Controls\13 = 0x1"
Information,2/28/2023 11:28:48 PM,Microsoft-Windows-Windows Defender,5007,None,"Microsoft Defender Antivirus Configuration has changed. If this is an unexpected event you should review the settings as this may be the result of malware.
 	Old value: 
 	New value: HKLM\SOFTWARE\Microsoft\Windows Defender\Features\Controls\9 = 0x1"
Information,2/28/2023 11:28:48 PM,Microsoft-Windows-Windows Defender,5007,None,"Microsoft Defender Antivirus Configuration has changed. If this is an unexpected event you should review the settings as this may be the result of malware.
 	Old value: 
 	New value: HKLM\SOFTWARE\Microsoft\Windows Defender\Features\Controls\7 = 0x1"
Information,2/28/2023 11:28:48 PM,Microsoft-Windows-Windows Defender,5007,None,"Microsoft Defender Antivirus Configuration has changed. If this is an unexpected event you should review the settings as this may be the result of malware.
 	Old value: N/A\Features\DlpAppEnlightenmentSettings = 
 	New value: HKLM\SOFTWARE\Microsoft\Windows Defender\Features\DlpAppEnlightenmentSettings = 0x0"
Information,2/28/2023 11:28:48 PM,Microsoft-Windows-Windows Defender,5007,None,"Microsoft Defender Antivirus Configuration has changed. If this is an unexpected event you should review the settings as this may be the result of malware.
 	Old value: Default\Features\TamperProtectionSource = 0x0
 	New value: HKLM\SOFTWARE\Microsoft\Windows Defender\Features\TamperProtectionSource = 0x5"
Information,2/28/2023 11:28:48 PM,Microsoft-Windows-Windows Defender,5007,None,"Microsoft Defender Antivirus Configuration has changed. If this is an unexpected event you should review the settings as this may be the result of malware.
 	Old value: Default\Features\DlpDisablePrintDetours = 0x0
 	New value: HKLM\SOFTWARE\Microsoft\Windows Defender\Features\DlpDisablePrintDetours = 0x0"
Information,2/28/2023 11:28:48 PM,Microsoft-Windows-Windows Defender,5007,None,"Microsoft Defender Antivirus Configuration has changed. If this is an unexpected event you should review the settings as this may be the result of malware.
 	Old value: Default\ProductAppDataPath = C:\ProgramData\Microsoft\Windows Defender
 	New value: HKLM\SOFTWARE\Microsoft\Windows Defender\ProductAppDataPath = C:\ProgramData\Microsoft\Windows Defender"
Information,2/28/2023 11:28:48 PM,Microsoft-Windows-Windows Defender,5007,None,"Microsoft Defender Antivirus Configuration has changed. If this is an unexpected event you should review the settings as this may be the result of malware.
 	Old value: HKLM\SOFTWARE\Microsoft\Windows Defender\InstallLocation = C:\Program Files\Windows Defender\
 	New value: HKLM\SOFTWARE\Microsoft\Windows Defender\InstallLocation = C:\ProgramData\Microsoft\Windows Defender\platform\4.18.2301.6-0\"
Information,2/28/2023 11:28:46 PM,Microsoft-Windows-Windows Defender,5007,None,"Microsoft Defender Antivirus Configuration has changed. If this is an unexpected event you should review the settings as this may be the result of malware.
 	Old value: Default\Features\TPExclusions = 0x0
 	New value: HKLM\SOFTWARE\Microsoft\Windows Defender\Features\TPExclusions = 0x0"
Information,2/28/2023 11:28:46 PM,Microsoft-Windows-Windows Defender,5007,None,"Microsoft Defender Antivirus Configuration has changed. If this is an unexpected event you should review the settings as this may be the result of malware.
 	Old value: Default\ServiceStartStates = 0x0
 	New value: HKLM\SOFTWARE\Microsoft\Windows Defender\ServiceStartStates = 0x1"
Information,2/28/2023 11:28:45 PM,Microsoft-Windows-Windows Defender,5007,None,"Microsoft Defender Antivirus Configuration has changed. If this is an unexpected event you should review the settings as this may be the result of malware.
 	Old value: Default\IsServiceRunning = 0x0
 	New value: HKLM\SOFTWARE\Microsoft\Windows Defender\IsServiceRunning = 0x1"
Information,2/28/2023 11:28:45 PM,Microsoft-Windows-Windows Defender,2014,None,"Microsoft Defender Antivirus platform update to 4.18.2301.6 has succeeded.
"
Information,2/28/2023 11:23:26 PM,Microsoft-Windows-Windows Defender,2010,None,"Microsoft Defender Antivirus used cloud protection to get additional security intelligence.
 	Current security intelligence Version: 1.383.823.0
 	Security intelligence Type: AntiSpyware
 	User: \
 	Current Engine Version: 1.1.20000.2
 	Cloud protection intelligence Type: Security intelligence update
 	Persistence Path: C:\ProgramData\Microsoft\Windows Defender\Scans\RtSigs\data\74663eb2608fc05181710ffa242f9f95f1e0f553
 	Cloud protection intelligence Version: 0.0.0.0
 	Cloud protection intelligence Compilation Timestamp: 3/1/2023 7:23:25 AM
 	Persistence Limit Type: Duration
 	Persistence Limit: 864000000"
Information,2/28/2023 11:23:26 PM,Microsoft-Windows-Windows Defender,2010,None,"Microsoft Defender Antivirus used cloud protection to get additional security intelligence.
 	Current security intelligence Version: 1.383.823.0
 	Security intelligence Type: AntiVirus
 	User: \
 	Current Engine Version: 1.1.20000.2
 	Cloud protection intelligence Type: Security intelligence update
 	Persistence Path: C:\ProgramData\Microsoft\Windows Defender\Scans\RtSigs\data\74663eb2608fc05181710ffa242f9f95f1e0f553
 	Cloud protection intelligence Version: 0.0.0.0
 	Cloud protection intelligence Compilation Timestamp: 3/1/2023 7:23:25 AM
 	Persistence Limit Type: Duration
 	Persistence Limit: 864000000"
Information,2/28/2023 11:21:04 PM,Microsoft-Windows-Windows Defender,2010,None,"Microsoft Defender Antivirus used cloud protection to get additional security intelligence.
 	Current security intelligence Version: 1.383.823.0
 	Security intelligence Type: AntiSpyware
 	User: \
 	Current Engine Version: 1.1.20000.2
 	Cloud protection intelligence Type: Security intelligence update
 	Persistence Path: C:\ProgramData\Microsoft\Windows Defender\Scans\RtSigs\data\694e23e6bf6cdb483b6c7ae8daf707a3406c3ec8
 	Cloud protection intelligence Version: 0.0.0.0
 	Cloud protection intelligence Compilation Timestamp: 3/1/2023 7:21:04 AM
 	Persistence Limit Type: Duration
 	Persistence Limit: 288000000"
Information,2/28/2023 11:21:04 PM,Microsoft-Windows-Windows Defender,2010,None,"Microsoft Defender Antivirus used cloud protection to get additional security intelligence.
 	Current security intelligence Version: 1.383.823.0
 	Security intelligence Type: AntiVirus
 	User: \
 	Current Engine Version: 1.1.20000.2
 	Cloud protection intelligence Type: Security intelligence update
 	Persistence Path: C:\ProgramData\Microsoft\Windows Defender\Scans\RtSigs\data\694e23e6bf6cdb483b6c7ae8daf707a3406c3ec8
 	Cloud protection intelligence Version: 0.0.0.0
 	Cloud protection intelligence Compilation Timestamp: 3/1/2023 7:21:04 AM
 	Persistence Limit Type: Duration
 	Persistence Limit: 288000000"
Information,2/28/2023 11:20:56 PM,Microsoft-Windows-Windows Defender,2010,None,"Microsoft Defender Antivirus used cloud protection to get additional security intelligence.
 	Current security intelligence Version: 1.383.823.0
 	Security intelligence Type: AntiSpyware
 	User: \
 	Current Engine Version: 1.1.20000.2
 	Cloud protection intelligence Type: Security intelligence update
 	Persistence Path: C:\ProgramData\Microsoft\Windows Defender\Scans\RtSigs\data\055ed66cdb663b4375430b41741444fc42d7a51a
 	Cloud protection intelligence Version: 0.0.0.0
 	Cloud protection intelligence Compilation Timestamp: 3/1/2023 7:20:55 AM
 	Persistence Limit Type: Duration
 	Persistence Limit: 1728000000"
Information,2/28/2023 11:20:56 PM,Microsoft-Windows-Windows Defender,2010,None,"Microsoft Defender Antivirus used cloud protection to get additional security intelligence.
 	Current security intelligence Version: 1.383.823.0
 	Security intelligence Type: AntiVirus
 	User: \
 	Current Engine Version: 1.1.20000.2
 	Cloud protection intelligence Type: Security intelligence update
 	Persistence Path: C:\ProgramData\Microsoft\Windows Defender\Scans\RtSigs\data\055ed66cdb663b4375430b41741444fc42d7a51a
 	Cloud protection intelligence Version: 0.0.0.0
 	Cloud protection intelligence Compilation Timestamp: 3/1/2023 7:20:55 AM
 	Persistence Limit Type: Duration
 	Persistence Limit: 1728000000"
Information,2/28/2023 11:20:54 PM,Microsoft-Windows-Windows Defender,2010,None,"Microsoft Defender Antivirus used cloud protection to get additional security intelligence.
 	Current security intelligence Version: 1.383.823.0
 	Security intelligence Type: AntiSpyware
 	User: \
 	Current Engine Version: 1.1.20000.2
 	Cloud protection intelligence Type: Security intelligence update
 	Persistence Path: C:\ProgramData\Microsoft\Windows Defender\Scans\RtSigs\data\bb7eaec72b1afd22496548a5af5f3dcd11e4906e
 	Cloud protection intelligence Version: 0.0.0.0
 	Cloud protection intelligence Compilation Timestamp: 3/1/2023 7:20:54 AM
 	Persistence Limit Type: Duration
 	Persistence Limit: 1728000000"
Information,2/28/2023 11:20:54 PM,Microsoft-Windows-Windows Defender,2010,None,"Microsoft Defender Antivirus used cloud protection to get additional security intelligence.
 	Current security intelligence Version: 1.383.823.0
 	Security intelligence Type: AntiVirus
 	User: \
 	Current Engine Version: 1.1.20000.2
 	Cloud protection intelligence Type: Security intelligence update
 	Persistence Path: C:\ProgramData\Microsoft\Windows Defender\Scans\RtSigs\data\bb7eaec72b1afd22496548a5af5f3dcd11e4906e
 	Cloud protection intelligence Version: 0.0.0.0
 	Cloud protection intelligence Compilation Timestamp: 3/1/2023 7:20:54 AM
 	Persistence Limit Type: Duration
 	Persistence Limit: 1728000000"
Information,2/28/2023 11:15:51 PM,Microsoft-Windows-Windows Defender,2000,None,"Microsoft Defender Antivirus security intelligence version updated.
 	Current security intelligence Version: 1.383.823.0
 	Previous security intelligence Version: 1.303.25.0
 	Security intelligence Type: AntiSpyware
 	Update Type: Full
 	User: NT AUTHORITY\SYSTEM
 	Current Engine Version: 1.1.20000.2
 	Previous Engine Version: 1.1.16400.2"
Information,2/28/2023 11:15:51 PM,Microsoft-Windows-Windows Defender,2000,None,"Microsoft Defender Antivirus security intelligence version updated.
 	Current security intelligence Version: 1.383.823.0
 	Previous security intelligence Version: 1.303.25.0
 	Security intelligence Type: AntiVirus
 	Update Type: Full
 	User: NT AUTHORITY\SYSTEM
 	Current Engine Version: 1.1.20000.2
 	Previous Engine Version: 1.1.16400.2"
Information,2/28/2023 11:15:51 PM,Microsoft-Windows-Windows Defender,2002,None,"Microsoft Defender Antivirus engine version has been updated.
 	Current Engine Version: 1.1.20000.2
 	Previous Engine Version: 1.1.16400.2
 	User: NT AUTHORITY\SYSTEM"
Information,2/28/2023 11:15:50 PM,Microsoft-Windows-Windows Defender,5007,None,"Microsoft Defender Antivirus Configuration has changed. If this is an unexpected event you should review the settings as this may be the result of malware.
 	Old value: HKLM\SOFTWARE\Microsoft\Windows Defender\MpEngine\MpCampGradualRelease = 0x1
 	New value: "
Information,2/28/2023 11:15:50 PM,Microsoft-Windows-Windows Defender,5007,None,"Microsoft Defender Antivirus Configuration has changed. If this is an unexpected event you should review the settings as this may be the result of malware.
 	Old value: HKLM\SOFTWARE\Microsoft\Windows Defender\MpEngine\MpGradualEngineRelease = 0x1
 	New value: "
Information,2/28/2023 11:15:48 PM,Microsoft-Windows-Windows Defender,5007,None,"Microsoft Defender Antivirus Configuration has changed. If this is an unexpected event you should review the settings as this may be the result of malware.
 	Old value: HKLM\SOFTWARE\Microsoft\Windows Defender\MpEngine\MpEngineRing = 0x1
 	New value: "
Information,2/28/2023 11:15:48 PM,Microsoft-Windows-Windows Defender,5007,None,"Microsoft Defender Antivirus Configuration has changed. If this is an unexpected event you should review the settings as this may be the result of malware.
 	Old value: HKLM\SOFTWARE\Microsoft\Windows Defender\MpEngine\MpCampRing = 0x1
 	New value: "
Information,1/31/2023 5:41:15 PM,Microsoft-Windows-Windows Defender,1151,None,"Endpoint Protection client health report (time in UTC):
 	Platform version: 4.18.1909.6
 	Engine version: 1.1.16400.2
 	Network Realtime Inspection engine version: 1.1.16400.2
 	Antivirus security intelligence version: 1.303.25.0
 	Antispyware security intelligence version: 1.303.25.0
 	Network Realtime Inspection security intelligence version: 1.303.25.0
 	RTP state: Enabled
 	OA state: Enabled
 	IOAV state: Enabled
 	BM state: Enabled
 	Antivirus security intelligence age: 1225
 	Antispyware security intelligence age: 1225
 	Last quick scan age: 4294967295
 	Last full scan age: 4294967295
 	Antivirus security intelligence creation time: 9/24/2019 5:12:58 AM
 	Antispyware security intelligence creation time: 9/24/2019 5:12:58 AM
 	Last quick scan start time: 1/1/1601 12:00:00 AM
 	Last quick scan end time: 1/1/1601 12:00:00 AM
 	Last quick scan source: 0
 	Last full scan start time: 1/1/1601 12:00:00 AM
 	Last full scan end time: 1/1/1601 12:00:00 AM
 	Last full scan source: 0
 	Product status: 0x00080000
"
Information,1/31/2023 5:41:15 PM,Microsoft-Windows-Windows Defender,1150,None,"Endpoint Protection client is up and running in a healthy state.
 	Platform version: 4.18.1909.6
 	Engine version: 1.1.16400.2
 	Security intelligence version: 1.303.25.0
"
Information,1/31/2023 4:40:22 PM,Microsoft-Windows-Windows Defender,5007,None,"Microsoft Defender Antivirus Configuration has changed. If this is an unexpected event you should review the settings as this may be the result of malware.
 	Old value: Default\SpyNet\MAPSconcurrencyDss = 0xA
 	New value: HKLM\SOFTWARE\Microsoft\Windows Defender\SpyNet\MAPSconcurrencyDss = 0xA"
Information,1/31/2023 4:40:22 PM,Microsoft-Windows-Windows Defender,5007,None,"Microsoft Defender Antivirus Configuration has changed. If this is an unexpected event you should review the settings as this may be the result of malware.
 	Old value: Default\SpyNet\SSLOptions = 0x0
 	New value: HKLM\SOFTWARE\Microsoft\Windows Defender\SpyNet\SSLOptions = 0x3"
Information,1/31/2023 4:40:22 PM,Microsoft-Windows-Windows Defender,5007,None,"Microsoft Defender Antivirus Configuration has changed. If this is an unexpected event you should review the settings as this may be the result of malware.
 	Old value: Default\SpyNet\SpyNetReportingLocation = 
REST:https://wdcp.microsoft.com/wdcp.svc/submitReport

 	New value: HKLM\SOFTWARE\Microsoft\Windows Defender\SpyNet\SpyNetReportingLocation = 
SOAP:https://wdcp.microsoft.com/WdCpSrvc.asmx
SOAP:https://wdcpalt.microsoft.com/WdCpSrvc.asmx
REST:https://wdcp.microsoft.com/wdcp.svc/submitReport
REST:https://wdcpalt.microsoft.com/wdcp.svc/submitReport
BOND:https://wdcp.microsoft.com/wdcp.svc/bond/submitreport
BOND:https://wdcpalt.microsoft.com/wdcp.svc/bond/submitreport
"
Information,1/31/2023 4:40:22 PM,Microsoft-Windows-Windows Defender,5007,None,"Microsoft Defender Antivirus Configuration has changed. If this is an unexpected event you should review the settings as this may be the result of malware.
 	Old value: Default\SpyNet\MAPSconcurrency = 0x1
 	New value: HKLM\SOFTWARE\Microsoft\Windows Defender\SpyNet\MAPSconcurrency = 0x1"
Information,1/31/2023 4:40:22 PM,Microsoft-Windows-Windows Defender,5007,None,"Microsoft Defender Antivirus Configuration has changed. If this is an unexpected event you should review the settings as this may be the result of malware.
 	Old value: Default\Signature Updates\SignatureType = 0x0
 	New value: HKLM\SOFTWARE\Microsoft\Windows Defender\Signature Updates\SignatureType = 0x0"
Information,1/31/2023 4:40:22 PM,Microsoft-Windows-Windows Defender,5007,None,"Microsoft Defender Antivirus Configuration has changed. If this is an unexpected event you should review the settings as this may be the result of malware.
 	Old value: Default\Scan\DaysUntilAggressiveCatchupQuickScan = 0x19
 	New value: HKLM\SOFTWARE\Microsoft\Windows Defender\Scan\DaysUntilAggressiveCatchupQuickScan = 0x1E"
Information,1/31/2023 4:40:22 PM,Microsoft-Windows-Windows Defender,5007,None,"Microsoft Defender Antivirus Configuration has changed. If this is an unexpected event you should review the settings as this may be the result of malware.
 	Old value: Default\Scan\AggressiveCatchupQuickScanReattemptElapsed = 0x17
 	New value: HKLM\SOFTWARE\Microsoft\Windows Defender\Scan\AggressiveCatchupQuickScanReattemptElapsed = 0x17"
Information,1/31/2023 4:40:22 PM,Microsoft-Windows-Windows Defender,5007,None,"Microsoft Defender Antivirus Configuration has changed. If this is an unexpected event you should review the settings as this may be the result of malware.
 	Old value: Default\Real-Time Protection\DpaDisabled = 0x0
 	New value: HKLM\SOFTWARE\Microsoft\Windows Defender\Real-Time Protection\DpaDisabled = 0x0"
Information,1/31/2023 4:40:22 PM,Microsoft-Windows-Windows Defender,5007,None,"Microsoft Defender Antivirus Configuration has changed. If this is an unexpected event you should review the settings as this may be the result of malware.
 	Old value: 
 	New value: HKLM\SOFTWARE\Microsoft\Windows Defender\MpEngine\MpEngineRing = 0x1"
Information,1/31/2023 4:40:22 PM,Microsoft-Windows-Windows Defender,5007,None,"Microsoft Defender Antivirus Configuration has changed. If this is an unexpected event you should review the settings as this may be the result of malware.
 	Old value: 
 	New value: HKLM\SOFTWARE\Microsoft\Windows Defender\MpEngine\MpCampGradualRelease = 0x1"
Information,1/31/2023 4:40:22 PM,Microsoft-Windows-Windows Defender,5007,None,"Microsoft Defender Antivirus Configuration has changed. If this is an unexpected event you should review the settings as this may be the result of malware.
 	Old value: 
 	New value: HKLM\SOFTWARE\Microsoft\Windows Defender\MpEngine\MpCampRing = 0x1"
Information,1/31/2023 4:40:22 PM,Microsoft-Windows-Windows Defender,5007,None,"Microsoft Defender Antivirus Configuration has changed. If this is an unexpected event you should review the settings as this may be the result of malware.
 	Old value: 
 	New value: HKLM\SOFTWARE\Microsoft\Windows Defender\MpEngine\MpGradualEngineRelease = 0x1"
Information,1/31/2023 4:40:20 PM,Microsoft-Windows-Windows Defender,5007,None,"Microsoft Defender Antivirus Configuration has changed. If this is an unexpected event you should review the settings as this may be the result of malware.
 	Old value: Default\Features\TamperProtection = 0x0
 	New value: HKLM\SOFTWARE\Microsoft\Windows Defender\Features\TamperProtection = 0x1"
Information,1/31/2023 4:40:20 PM,Microsoft-Windows-Windows Defender,5007,None,"Microsoft Defender Antivirus Configuration has changed. If this is an unexpected event you should review the settings as this may be the result of malware.
 	Old value: Default\ManagedDefenderProductType = 0x0
 	New value: HKLM\SOFTWARE\Microsoft\Windows Defender\ManagedDefenderProductType = 0x0"
Information,1/31/2023 4:40:19 PM,Microsoft-Windows-Windows Defender,5007,None,"Microsoft Defender Antivirus Configuration has changed. If this is an unexpected event you should review the settings as this may be the result of malware.
 	Old value: N/A\ProductType = 
 	New value: HKLM\SOFTWARE\Microsoft\Windows Defender\ProductType = 0x2"
Information,1/31/2023 4:40:19 PM,Microsoft-Windows-Windows Defender,5007,None,"Microsoft Defender Antivirus Configuration has changed. If this is an unexpected event you should review the settings as this may be the result of malware.
 	Old value: Default\InstallLocation = C:\Program Files\Windows Defender
 	New value: HKLM\SOFTWARE\Microsoft\Windows Defender\InstallLocation = C:\Program Files\Windows Defender\"
