Warning,3/24/2023 2:24:15 PM,Microsoft-Windows-PowerShell,4104,Execute a Remote Command,"Creating Scriptblock text (1 of 8):

#requires -version 3.0

try { Microsoft.PowerShell.Core\Set-StrictMode -Off } catch { }

$script:MyModule = $MyInvocation.MyCommand.ScriptBlock.Module

$script:ClassName = 'root\Microsoft\Windows\Defender\MSFT_MpPreference'
$script:ClassVersion = '1.0'
$script:ModuleVersion = '1.0'
$script:ObjectModelWrapper = [Microsoft.PowerShell.Cmdletization.Cim.CimCmdletAdapter]

$script:PrivateData = [System.Collections.Generic.Dictionary[string,string]]::new()

Microsoft.PowerShell.Core\Export-ModuleMember -Function @()
        

function __cmdletization_BindCommonParameters
{
    param(
        $__cmdletization_objectModelWrapper,
        $myPSBoundParameters
    )       
                

        if ($myPSBoundParameters.ContainsKey('CimSession')) { 
            $__cmdletization_objectModelWrapper.PSObject.Properties['CimSession'].Value = $myPSBoundParameters['CimSession'] 
        }
                    

        if ($myPSBoundParameters.ContainsKey('ThrottleLimit')) { 
            $__cmdletization_objectModelWrapper.PSObject.Properties['ThrottleLimit'].Value = $myPSBoundParameters['ThrottleLimit'] 
        }
                    

        if ($myPSBoundParameters.ContainsKey('AsJob')) { 
            $__cmdletization_objectModelWrapper.PSObject.Properties['AsJob'].Value = $myPSBoundParameters['AsJob'] 
        }
                    

}
                

function Set-MpPreference
{
    [CmdletBinding(PositionalBinding=$false)]
    
    
    param(
    
    [Parameter(ParameterSetName='Set0')]
    [ValidateNotNull()]
    [ValidateNotNullOrEmpty()]
    [string[]]
    ${ExclusionPath},

    [Parameter(ParameterSetName='Set0')]
    [ValidateNotNull()]
    [ValidateNotNullOrEmpty()]
    [string[]]
    ${ExclusionExtension},

    [Parameter(ParameterSetName='Set0')]
    [ValidateNotNull()]
    [ValidateNotNullOrEmpty()]
    [string[]]
    ${ExclusionProcess},

    [Parameter(ParameterSetName='Set0')]
    [Alias('rtsd')]
    [ValidateNotNull()]
    [ValidateNotNullOrEmpty()]
    [ValidateSet('Both','Incoming','Outcoming')]
    [Microsoft.PowerShell.Cmdletization.GeneratedTypes.MpPreference.ScanDirection]
    ${RealTimeScanDirection},

    [Parameter(ParameterSetName='Set0')]
    [Alias('qpiad')]
    [ValidateNotNull()]
    [ValidateNotNullOrEmpty()]
    [uint32]
    ${QuarantinePurgeItemsAfterDelay},

    [Parameter(ParameterSetName='Set0')]
    [Alias('rsd')]
    [ValidateNotNull()]
    [ValidateNotNullOrEmpty()]
    [ValidateSet('Everyday','Sunday','Monday','Tuesday','Wednesday','Thursday','Friday','Saturday','Never')]
    [Microsoft.PowerShell.Cmdletization.GeneratedTypes.MpPreference.Day]
    ${RemediationScheduleDay},

    [Parameter(ParameterSetName='Set0')]
    [Alias('rst')]
    [ValidateNotNull()]
    [ValidateNotNullOrEmpty()]
    [datetime]
    ${RemediationScheduleTime},

    [Parameter(ParameterSetName='Set0')]
    [Alias('raat')]
    [ValidateNotNull()]
    [ValidateNotNullOrEmpty()]
    [uint32]
    ${ReportingAdditionalActionTimeOut},

    [Parameter(ParameterSetName='Set0')]
    [Alias('rcto')]
    [ValidateNotNull()]
    [ValidateNotNullOrEmpty()]
    [uint32]
    ${ReportingCriticalFailureTimeOut},

    [Parameter(ParameterSetName='Set0')]
    [Alias('rncto')]
    [ValidateNotNull()]
    [ValidateNotNullOrEmpty()]
    [uint32]
    ${ReportingNonCriticalTimeOut},

    [Parameter(ParameterSetName='Set0')]
    [Alias('saclf')]
    [ValidateNotNull()]
    [ValidateNotNullOrEmpty()]
    [byte]
    ${ScanAvgCPULoadFactor},

    [Parameter(ParameterSetName='Set0')]
    [Alias('csbr')]
    [ValidateNotNull()]
    [ValidateNotNullOrEmpty()]
    [bool]
    ${CheckForSignaturesBeforeRunningScan},

    [Parameter(ParameterSetName='Set0')]
    [Alias('spiad')]
    [ValidateNotNull()]
    [ValidateNotNullOrEmpty()]
    [uint32]
    ${ScanPurgeItemsAfterDelay},

    [Parameter(ParameterSetName='Set0')]
    [Alias('soiie')]
    [ValidateNotNull()]
    [ValidateNotNullOrEmpty()]
    [bool]
    ${ScanOnlyIfIdleEnabled},

    [Parameter(ParameterSetName='Set0')]
    [ValidateNotNull()]
    [ValidateNotNullOrEmpty()]
    [ValidateSet('QuickScan','FullScan')]
    [Microsoft.PowerShell.Cmdletization.GeneratedTypes.MpPreference.ScanType]
    ${ScanParameters},

    [Parameter(ParameterSetName='Set0')]
    [Alias('scsd')]
    [ValidateNotNull()]
    [ValidateNotNullOrEmpty()]
    [ValidateSet('Everyday','Sunday','Monday','Tuesday','Wednesday','Thursday','Friday','Saturday','Never')]
    [Microsoft.PowerShell.Cmdletization.GeneratedTypes.MpPreference.Day]
    ${ScanScheduleDay},

    [Parameter(ParameterSetName='Set0')]
    [Alias('scsqst')]
    [ValidateNotNull()]
    [ValidateNotNullOrEmpty()]
    [datetime]
    ${ScanScheduleQuickScanTime},

    [Parameter(ParameterSetName='Set0')]
    [Alias('scst')]
    [ValidateNotNull()]
    [ValidateNotNullOrEmpty()]
    [datetime]
    ${ScanScheduleTime},

    [Parameter(ParameterSetName='Set0')]
    [Alias('sigfagp')]
    [ValidateNotNull()]
    [ValidateNotNullOrEmpty()]
    [uint32]
    ${SignatureFirstAuGracePeriod},

    [Parameter(ParameterSetName='Set0')]
    [Alias('sigagp')]
    [ValidateNotNull()]
    [ValidateNotNullOrEmpty()]
    [uint32]
    ${SignatureAuGracePeriod},

    [Parameter(ParameterSetName='Set0')]
    [Alias('sigdufss')]
    [ValidateNotNull()]
    [ValidateNotNullOrEmpty()]
    [string]
    ${SignatureDefinitionUpdateFileSharesSources},

    [Parameter(ParameterSetName='Set0')]
    [Alias('sigduoswo')]
    [ValidateNotNull()]
    [ValidateNotNullOrEmpty()]
    [bool]
    ${SignatureDisableUpdateOnStartupWithoutEngine},

    [Parameter(ParameterSetName='Set0')]
    [Alias('sfo')]
    [ValidateNotNull()]
    [ValidateNotNullOrEmpty()]
    [string]
    ${SignatureFallbackOrder},

    [Parameter(ParameterSetName='Set0')]
    [Alias('ssp','SecurityIntelligenceLocation','ssl')]
    [ValidateNotNull()]
    [ValidateNotNullOrEmpty()]
    [string]
    ${SharedSignaturesPath},

    [Parameter(ParameterSetName='Set0')]
    [Alias('sigsd')]
    [ValidateNotNull()]
    [ValidateNotNullOrEmpty()]
    [ValidateSet('Everyday','Sunday','Monday','Tuesday','Wednesday','Thursday','Friday','Saturday','Never')]
    [Microsoft.PowerShell.Cmdletization.GeneratedTypes.MpPreference.Day]
    ${SignatureScheduleDay},

    [Parameter(ParameterSetName='Set0')]
    [Alias('sigst')]
    [ValidateNotNull()]
    [ValidateNotNullOrEmpty()]
    [datetime]
    ${SignatureScheduleTime},

    [Parameter(ParameterSetName='Set0')]
    [Alias('siguci')]
    [ValidateNotNull()]
    [ValidateNotNullOrEmpty()]
    [uint32]
    ${SignatureUpdateCatchupInterval},

    [Parameter(ParameterSetName='Set0')]
    [Alias('sigui')]
    [ValidateNotNull()]
    [ValidateNotNullOrEmpty()]
    [uint32]
    ${SignatureUpdateInterval},

    [Parameter(ParameterSetName='Set0')]
    [ValidateNotNull()]
    [ValidateNotNullOrEmpty()]
    [ValidateSet('Disabled','Basic','Advanced')]
    [Microsoft.PowerShell.Cmdletization.GeneratedTypes.MpPreference.MAPSReportingType]
    ${MAPSReporting},

    [Parameter(ParameterSetName='Set0')]
    [ValidateNotNull()]
    [ValidateNotNullOrEmpty()]
    [ValidateSet('AlwaysPrompt','SendSafeSamples','NeverSend','SendAllSamples')]
    [Microsoft.PowerShell.Cmdletization.GeneratedTypes.MpPreference.SubmitSamplesConsentType]
    ${SubmitSamplesConsent},

    [Parameter(ParameterSetName='Set0')]
    [Alias('dae')]
    [ValidateNotNull()]
    [ValidateNotNullOrEmpty()]
    [bool]
    ${DisableAutoExclusions},

    [Parameter(ParameterSetName='Set0')]
    [Alias('dpm')]
    [ValidateNotNull()]
    [ValidateNotNullOrEmpty()]
    [bool]
    ${DisablePrivacyMode},

    [Parameter(ParameterSetName='Set0')]
    [Alias('rstt')]
    [ValidateNotNull()]
    [ValidateNotNullOrEmpty()]
    [bool]
    ${RandomizeScheduleTaskTimes},

    [Parameter(ParameterSetName='Set0')]
    [Alias('dbm')]
    [ValidateNotNull()]
    [ValidateNotNullOrEmpty()]
    [bool]
    ${DisableBehaviorMonitoring},

    [Parameter(ParameterSetName='Set0')]
    [Alias('dips')]
    [ValidateNotNull()]
    [ValidateNotNullOrEmpty()]
    [bool]
    ${DisableIntrusionPreventionSystem},

    [Parameter(ParameterSetName='Set0')]
    [Alias('dioavp')]
    [ValidateNotNull()]
    [ValidateNotNullOrEmpty()]
    [bool]
    ${DisableIOAVProtection},

    [Parameter(ParameterSetName='Set0')]
    [Alias('drtm')]
    [ValidateNotNull()]
    [ValidateNotNullOrEmpty()]
    [bool]
    ${DisableRealtimeMonitoring},

    [Parameter(ParameterSetName='Set0')]
    [Alias('dscrptsc')]
    [ValidateNotNull()]
    [ValidateNotNullOrEmpty()]
    [bool]
    ${DisableScriptScanning},

    [Parameter(ParameterSetName='Set0')]
    [Alias('darchsc')]
    [ValidateNotNull()]
    [ValidateNotNullOrEmpty()]
    [bool]
    ${DisableArchiveScanning},

    [Parameter(ParameterSetName='Set0')]
    [Alias('dcfsc')]
    [ValidateNotNull()]
    [ValidateNotNullOrEmpty()]
    [bool]
    ${DisableCatchupFullScan},

    [Parameter(ParameterSetName='Set0')]
    [Alias('dcqsc')]
    [ValidateNotNull()]
    [ValidateNotNullOrEmpty()]
    [bool]
    ${DisableCatchupQuickScan},

    [Parameter(ParameterSetName='Set0')]
    [Alias('demsc')]
    [ValidateNotNull()]
    [ValidateNotNullOrEmpty()]
    [bool]
    ${DisableEmailScanning},

    [Parameter(ParameterSetName='Set0')]
    [Alias('drdsc')]
    [ValidateNotNull()]
    [ValidateNotNullOrEmpty()]
    [bool]
    ${DisableRemovableDriveScanning},

    [Parameter(ParameterSetName='Set0')]
    [Alias('drp')]
    [ValidateNotNull()]
    [ValidateNotNullOrEmpty()]
    [bool]
    ${DisableRestorePoint},

    [Parameter(ParameterSetName='Set0')]
    [Alias('dsmndfsc')]
    [ValidateNotNull()]
    [ValidateNotNullOrEmpty()]
    [bool]
    ${DisableScanningMappedNetworkDrivesForFullScan},

    [Parameter(ParameterSetName='Set0')]
    [Alias('dsnf')]
    [ValidateNotNull()]
    [ValidateNotNullOrEmpty()]
    [bool]
    ${DisableScanningNetworkFiles},

    [Parameter(ParameterSetName='Set0')]
    [ValidateNotNull()]
    [ValidateNotNullOrEmpty()]
    [bool]
    ${UILockdown},

    [Parameter(ParameterSetName='Set0')]
    [Alias('tiddefaci')]
    [ValidateNotNull()]
    [ValidateNotNullOrEmpty()]
    [long[]]
    ${ThreatIDDefaultAction_Ids},

    [Parameter(ParameterSetName='Set0')]
    [Alias('tiddefaca')]
    [ValidateNotNull()]
    [ValidateNotNullOrEmpty()]
    [Microsoft.PowerShell.Cmdletization.GeneratedTypes.MpPreference.ThreatAction[]]
    ${ThreatIDDefaultAction_Actions},

    [Parameter(ParameterSetName='Set0')]
    [Alias('unktdefac')]
    [ValidateNotNull()]
    [ValidateNotNullOrEmpty()]
    [Microsoft.PowerShell.Cmdletization.GeneratedTypes.MpPreference.ThreatAction]
    ${UnknownThreatDefaultAction},

    [Parameter(ParameterSetName='Set0')]
    [Alias('ltdefac')]
    [ValidateNotNull()]
    [ValidateNotNullOrEmpty()]
    [Microsoft.PowerShell.Cmdletization.GeneratedTypes.MpPreference.ThreatAction]
    ${LowThreatDefaultAction},

    [Parameter(ParameterSetName='Set0')]
    [Alias('mtdefac')]
    [ValidateNotNull()]
    [ValidateNotNullOrEmpty()]
    [Microsoft.PowerShell.Cmdletization.GeneratedTypes.MpPreference.ThreatAction]
    ${ModerateThreatDefaultAction},

    [Parameter(ParameterSetName='Set0')]
    [Alias('htdefac')]
    [ValidateNotNull()]
    [ValidateNotNullOrEmpty()]
    [Microsoft.PowerShell.Cmdletization.GeneratedTypes.MpPreference.ThreatAction]
    ${HighThreatDefaultAction},

    [Parameter(ParameterSetName='Set0')]
    [Alias('stdefac')]
    [ValidateNotNull()]
    [ValidateNotNullOrEmpty()]
    [Microsoft.PowerShell.Cmdletization.GeneratedTypes.MpPreference.ThreatAction]
    ${SevereThreatDefaultAction},

    [Parameter(ParameterSetName='Set0')]
    [switch]
    ${Force},

    [Parameter(ParameterSetName='Set0')]
    [Alias('dbaf')]
    [ValidateNotNull()]
    [ValidateNotNullOrEmpty()]
    [bool]
    ${DisableBlockAtFirstSeen},

    [Parameter(ParameterSetName='Set0')]
    [ValidateNotNull()]
    [ValidateNotNullOrEmpty()]
    [ValidateSet('Disabled','Enabled','AuditMode')]
    [Microsoft.PowerShell.Cmdletization.GeneratedTypes.MpPreference.PUAProtectionType]
    ${PUAProtection},

    [Parameter(ParameterSetName='Set0')]
    [ValidateNotNull()]
    [ValidateNotNullOrEmpty()]
    [ValidateSet('Default','Moderate','High','HighPlus','ZeroTolerance')]
    [Microsoft.PowerShell.Cmdletization.GeneratedTypes.MpPreference.CloudBlockLevelType]
    ${CloudBlockLevel},

    [Parameter(ParameterSetName='Set0')]
    [Alias('cloudextimeout')]
    [ValidateNotNull()]
    [ValidateNotNullOrEmpty()]
    [uint32]
    ${CloudExtendedTimeout},

    [Parameter(ParameterSetName='Set0')]
    [ValidateNotNull()]
    [ValidateNotNullOrEmpty()]
    [ValidateSet('Disabled','Enabled','AuditMode')]
    [Microsoft.PowerShell.Cmdletization.GeneratedTypes.MpPreference.ASRRuleActionType]
    ${EnableNetworkProtection},

    [Parameter(ParameterSetName='Set0')]
    [ValidateNotNull()]
    [ValidateNotNullOrEmpty()]
    [ValidateSet('Disabled','Enabled','AuditMode','BlockDiskModificationOnly','AuditDiskModificationOnly')]
    [Microsoft.PowerShell.Cmdletization.GeneratedTypes.MpPreference.ControlledFolderAccessType]
    ${EnableControlledFolderAccess},

    [Parameter(ParameterSetName='Set0')]
    [ValidateNotNull()]
    [ValidateNotNullOrEmpty()]
    [string[]]
    ${AttackSurfaceReductionOnlyExclusions},

    [Parameter(ParameterSetName='Set0')]
    [ValidateNotNull()]
    [ValidateNotNullOrEmpty()]
    [string[]]
    ${ControlledFolderAccessAllowedApplications},

    [Parameter(ParameterSetName='Set0')]
    [ValidateNotNull()]
    [ValidateNotNullOrEmpty()]
    [string[]]
    ${ControlledFolderAccessProtectedFolders},

    [Parameter(ParameterSetName='Set0')]
    [ValidateNotNull()]
    [ValidateNotNullOrEmpty()]
    [string[]]
    ${AttackSurfaceReductionRules_Ids},

    [Parameter(ParameterSetName='Set0')]
    [ValidateNotNull()]
    [ValidateNotNullOrEmpty()]
    [Microsoft.PowerShell.Cmdletization.GeneratedTypes.MpPreference.ASRRuleActionType[]]
    ${AttackSurfaceReductionRules_Actions},

    [Parameter(ParameterSetName='Set0')]
    [Alias('elcp')]
    [ValidateNotNull()]
    [ValidateNotNullOrEmpty()]
    [bool]
    ${EnableLowCpuPriority},

    [Parameter(ParameterSetName='Set0')]
    [Alias('efhc')]
    [ValidateNotNull()]
    [ValidateNotNullOrEmpty()]
    [bool]
    ${EnableFileHashComputation},

    [Parameter(ParameterSetName='Set0')]
    [Alias('Session')]
    [ValidateNotNullOrEmpty()]
    [CimSession[]]
    ${CimSession},

    [Parameter(ParameterSetName='Set0')]
    [int]
    ${ThrottleLimit},

    [Parameter(ParameterSetName='Set0')]
    [switch]
    ${AsJob})

    DynamicParam {
        try 
        {
            if (-not $__cmdletization_exceptionHasBeenThrown)
            {
                $__cmdletization_objectModelWrapper = $script:ObjectModelWrapper::new()
                $__cmdletization_objectModelWrapper.Initialize($PSCmdlet, $script:ClassName, $script:ClassVersion, $script:ModuleVersion, $script:PrivateData)

                if ($__cmdletization_objectModelWrapper -is [System.Management.Automation.IDynamicParameters])
                {
                    ([System.Management.Automation.IDynamicParameters]$__cmdletization_objectModelWrapper).GetDynamicParameters()
                }
            }
        }
        catch
        {
            $__cmdletization_exceptionHasBeenThrown = $true
            throw
        }
    }

    Begin {
        $__cmdletization_exceptionHasBeenThrown = $false
        try 
        {
            __cmdletization_BindCommonParameters $__cmdletization_objectModelWrapper $PSBoundParameters
            $__cmdletization_objectModelWrapper.BeginProcessing()
        }
        catch
        {
            $__cmdletization_exceptionHasBeenThrown = $true
            throw
        }
    }
        

    Process {
        try 
        {
            if (-not $__cmdletization_exceptionHasBeenThrown)
            {
      $__cmdletization_methodParameters = [System.Collections.Generic.List[Microsoft.PowerShell.Cmdletization.MethodParameter]]::new()

        [object]$__cmdletization_defaultValue = $null
        [object]$__cmdletization_defaultValueIsPresent = $false
        if ($PSBoundParameters.ContainsKey('ExclusionPath')) {
          [object]$__cmdletization_value = ${ExclusionPath}
          $__cmdletization_methodParameter = [Microsoft.PowerShell.Cmdletization.MethodParameter]@{Name = 'ExclusionPath

ScriptBlock ID: 0ba6e70d-c0b0-46cc-ab79-6e8f33753f4c
Path: "
Warning,3/24/2023 2:24:15 PM,Microsoft-Windows-PowerShell,4104,Execute a Remote Command,"Creating Scriptblock text (1 of 1):

#requires -version 3.0

try { Microsoft.PowerShell.Core\Set-StrictMode -Off } catch { }

$script:MyModule = $MyInvocation.MyCommand.ScriptBlock.Module

$script:ClassName = 'ROOT\Microsoft\Windows\Defender\MSFT_MpComputerStatus'
$script:ClassVersion = ''
$script:ModuleVersion = '1.0'
$script:ObjectModelWrapper = [Microsoft.PowerShell.Cmdletization.Cim.CimCmdletAdapter]

$script:PrivateData = [System.Collections.Generic.Dictionary[string,string]]::new()

Microsoft.PowerShell.Core\Export-ModuleMember -Function @()
        

function __cmdletization_BindCommonParameters
{
    param(
        $__cmdletization_objectModelWrapper,
        $myPSBoundParameters
    )       
                

        if ($myPSBoundParameters.ContainsKey('CimSession')) { 
            $__cmdletization_objectModelWrapper.PSObject.Properties['CimSession'].Value = $myPSBoundParameters['CimSession'] 
        }
                    

        if ($myPSBoundParameters.ContainsKey('ThrottleLimit')) { 
            $__cmdletization_objectModelWrapper.PSObject.Properties['ThrottleLimit'].Value = $myPSBoundParameters['ThrottleLimit'] 
        }
                    

        if ($myPSBoundParameters.ContainsKey('AsJob')) { 
            $__cmdletization_objectModelWrapper.PSObject.Properties['AsJob'].Value = $myPSBoundParameters['AsJob'] 
        }
                    

}
                

function Get-MpComputerStatus
{
    [CmdletBinding(DefaultParameterSetName='DefaultSet', PositionalBinding=$false)]
    
    [OutputType([Microsoft.Management.Infrastructure.CimInstance])]
[OutputType('Microsoft.Management.Infrastructure.CimInstance#ROOT\Microsoft\Windows\Defender\MSFT_MpComputerStatus')]

    param(
    
    [Alias('Session')]
    [ValidateNotNullOrEmpty()]
    [CimSession[]]
    ${CimSession},

    [int]
    ${ThrottleLimit},

    [switch]
    ${AsJob})

    DynamicParam {
        try 
        {
            if (-not $__cmdletization_exceptionHasBeenThrown)
            {
                $__cmdletization_objectModelWrapper = $script:ObjectModelWrapper::new()
                $__cmdletization_objectModelWrapper.Initialize($PSCmdlet, $script:ClassName, $script:ClassVersion, $script:ModuleVersion, $script:PrivateData)

                if ($__cmdletization_objectModelWrapper -is [System.Management.Automation.IDynamicParameters])
                {
                    ([System.Management.Automation.IDynamicParameters]$__cmdletization_objectModelWrapper).GetDynamicParameters()
                }
            }
        }
        catch
        {
            $__cmdletization_exceptionHasBeenThrown = $true
            throw
        }
    }

    Begin {
        $__cmdletization_exceptionHasBeenThrown = $false
        try 
        {
            __cmdletization_BindCommonParameters $__cmdletization_objectModelWrapper $PSBoundParameters
            $__cmdletization_objectModelWrapper.BeginProcessing()
        }
        catch
        {
            $__cmdletization_exceptionHasBeenThrown = $true
            throw
        }
    }
        

    Process {
        try 
        {
            if (-not $__cmdletization_exceptionHasBeenThrown)
            {
    $__cmdletization_queryBuilder = $__cmdletization_objectModelWrapper.GetQueryBuilder()


    $__cmdletization_objectModelWrapper.ProcessRecord($__cmdletization_queryBuilder)
            }
        }
        catch
        {
            $__cmdletization_exceptionHasBeenThrown = $true
            throw
        }
    }
        

    End {
        try
        {
            if (-not $__cmdletization_exceptionHasBeenThrown)
            {
                $__cmdletization_objectModelWrapper.EndProcessing()
            }
        }
        catch
        {
            throw
        }
    }

    # .EXTERNALHELP MSFT_MpComputerStatus.cdxml-Help.xml
}
Microsoft.PowerShell.Core\Export-ModuleMember -Function 'Get-MpComputerStatus' -Alias '*'
        


ScriptBlock ID: c22d554f-de6d-4abb-9f14-0a521b625f19
Path: "
Information,3/24/2023 2:24:15 PM,Microsoft-Windows-PowerShell,40962,PowerShell Console Startup,PowerShell console is ready for user input
Information,3/24/2023 2:24:15 PM,Microsoft-Windows-PowerShell,53504,PowerShell Named Pipe IPC,Windows PowerShell has started an IPC listening thread on process: 2424 in AppDomain: DefaultAppDomain.
Information,3/24/2023 2:24:15 PM,Microsoft-Windows-PowerShell,40961,PowerShell Console Startup,PowerShell console is starting up
Information,3/24/2023 2:23:55 PM,Microsoft-Windows-PowerShell,40962,PowerShell Console Startup,PowerShell console is ready for user input
Information,3/24/2023 2:23:55 PM,Microsoft-Windows-PowerShell,53504,PowerShell Named Pipe IPC,Windows PowerShell has started an IPC listening thread on process: 7752 in AppDomain: DefaultAppDomain.
Information,3/24/2023 2:23:55 PM,Microsoft-Windows-PowerShell,40961,PowerShell Console Startup,PowerShell console is starting up
Warning,3/24/2023 2:23:47 PM,Microsoft-Windows-PowerShell,4104,Execute a Remote Command,"Creating Scriptblock text (1 of 1):

#requires -version 3.0

try { Microsoft.PowerShell.Core\Set-StrictMode -Off } catch { }

$script:MyModule = $MyInvocation.MyCommand.ScriptBlock.Module

$script:ClassName = 'ROOT\Microsoft\Windows\Defender\MSFT_MpRollback'
$script:ClassVersion = '1.0'
$script:ModuleVersion = '1.0'
$script:ObjectModelWrapper = [Microsoft.PowerShell.Cmdletization.Cim.CimCmdletAdapter]

$script:PrivateData = [System.Collections.Generic.Dictionary[string,string]]::new()

Microsoft.PowerShell.Core\Export-ModuleMember -Function @()
        

function __cmdletization_BindCommonParameters
{
    param(
        $__cmdletization_objectModelWrapper,
        $myPSBoundParameters
    )       
                

        if ($myPSBoundParameters.ContainsKey('CimSession')) { 
            $__cmdletization_objectModelWrapper.PSObject.Properties['CimSession'].Value = $myPSBoundParameters['CimSession'] 
        }
                    

        if ($myPSBoundParameters.ContainsKey('ThrottleLimit')) { 
            $__cmdletization_objectModelWrapper.PSObject.Properties['ThrottleLimit'].Value = $myPSBoundParameters['ThrottleLimit'] 
        }
                    

        if ($myPSBoundParameters.ContainsKey('AsJob')) { 
            $__cmdletization_objectModelWrapper.PSObject.Properties['AsJob'].Value = $myPSBoundParameters['AsJob'] 
        }
                    

}
                

function Start-MpRollback
{
    [CmdletBinding(PositionalBinding=$false)]
    
    
    param(
    
    [Parameter(ParameterSetName='Start0')]
    [ValidateNotNull()]
    [ValidateNotNullOrEmpty()]
    [switch]
    ${Engine},

    [Parameter(ParameterSetName='Start0')]
    [ValidateNotNull()]
    [ValidateNotNullOrEmpty()]
    [switch]
    ${Platform},

    [Parameter(ParameterSetName='Start0')]
    [Alias('Session')]
    [ValidateNotNullOrEmpty()]
    [CimSession[]]
    ${CimSession},

    [Parameter(ParameterSetName='Start0')]
    [int]
    ${ThrottleLimit},

    [Parameter(ParameterSetName='Start0')]
    [switch]
    ${AsJob})

    DynamicParam {
        try 
        {
            if (-not $__cmdletization_exceptionHasBeenThrown)
            {
                $__cmdletization_objectModelWrapper = $script:ObjectModelWrapper::new()
                $__cmdletization_objectModelWrapper.Initialize($PSCmdlet, $script:ClassName, $script:ClassVersion, $script:ModuleVersion, $script:PrivateData)

                if ($__cmdletization_objectModelWrapper -is [System.Management.Automation.IDynamicParameters])
                {
                    ([System.Management.Automation.IDynamicParameters]$__cmdletization_objectModelWrapper).GetDynamicParameters()
                }
            }
        }
        catch
        {
            $__cmdletization_exceptionHasBeenThrown = $true
            throw
        }
    }

    Begin {
        $__cmdletization_exceptionHasBeenThrown = $false
        try 
        {
            __cmdletization_BindCommonParameters $__cmdletization_objectModelWrapper $PSBoundParameters
            $__cmdletization_objectModelWrapper.BeginProcessing()
        }
        catch
        {
            $__cmdletization_exceptionHasBeenThrown = $true
            throw
        }
    }
        

    Process {
        try 
        {
            if (-not $__cmdletization_exceptionHasBeenThrown)
            {
      $__cmdletization_methodParameters = [System.Collections.Generic.List[Microsoft.PowerShell.Cmdletization.MethodParameter]]::new()

        [object]$__cmdletization_defaultValue = $null
        [object]$__cmdletization_defaultValueIsPresent = $false
        if ($PSBoundParameters.ContainsKey('Engine')) {
          [object]$__cmdletization_value = ${Engine}
          $__cmdletization_methodParameter = [Microsoft.PowerShell.Cmdletization.MethodParameter]@{Name = 'Engine'; ParameterType = 'System.Management.Automation.SwitchParameter'; Bindings = 'In'; Value = $__cmdletization_value; IsValuePresent = $true}
        } else {
          $__cmdletization_methodParameter = [Microsoft.PowerShell.Cmdletization.MethodParameter]@{Name = 'Engine'; ParameterType = 'System.Management.Automation.SwitchParameter'; Bindings = 'In'; Value = $__cmdletization_defaultValue; IsValuePresent = $__cmdletization_defaultValueIsPresent}
        }
        $__cmdletization_methodParameters.Add($__cmdletization_methodParameter)

        [object]$__cmdletization_defaultValue = $null
        [object]$__cmdletization_defaultValueIsPresent = $false
        if ($PSBoundParameters.ContainsKey('Platform')) {
          [object]$__cmdletization_value = ${Platform}
          $__cmdletization_methodParameter = [Microsoft.PowerShell.Cmdletization.MethodParameter]@{Name = 'Platform'; ParameterType = 'System.Management.Automation.SwitchParameter'; Bindings = 'In'; Value = $__cmdletization_value; IsValuePresent = $true}
        } else {
          $__cmdletization_methodParameter = [Microsoft.PowerShell.Cmdletization.MethodParameter]@{Name = 'Platform'; ParameterType = 'System.Management.Automation.SwitchParameter'; Bindings = 'In'; Value = $__cmdletization_defaultValue; IsValuePresent = $__cmdletization_defaultValueIsPresent}
        }
        $__cmdletization_methodParameters.Add($__cmdletization_methodParameter)

      $__cmdletization_returnValue = [Microsoft.PowerShell.Cmdletization.MethodParameter]@{ Name = 'ReturnValue'; ParameterType = 'System.Int32'; Bindings = 'Error'; Value = $null; IsValuePresent = $false }
      $__cmdletization_methodInvocationInfo = [Microsoft.PowerShell.Cmdletization.MethodInvocationInfo]::new('Start', $__cmdletization_methodParameters, $__cmdletization_returnValue)
      $__cmdletization_objectModelWrapper.ProcessRecord($__cmdletization_methodInvocationInfo)

            }
        }
        catch
        {
            $__cmdletization_exceptionHasBeenThrown = $true
            throw
        }
    }
        

    End {
        try
        {
            if (-not $__cmdletization_exceptionHasBeenThrown)
            {
                $__cmdletization_objectModelWrapper.EndProcessing()
            }
        }
        catch
        {
            throw
        }
    }

    # .EXTERNALHELP MSFT_MpRollback.cdxml-Help.xml
}
Microsoft.PowerShell.Core\Export-ModuleMember -Function 'Start-MpRollback' -Alias '*'
        


ScriptBlock ID: c3f13a33-ae1f-4dd0-86f1-8badb5e6fa69
Path: "
Warning,3/24/2023 2:23:47 PM,Microsoft-Windows-PowerShell,4104,Execute a Remote Command,"Creating Scriptblock text (1 of 1):

#requires -version 3.0

try { Microsoft.PowerShell.Core\Set-StrictMode -Off } catch { }

$script:MyModule = $MyInvocation.MyCommand.ScriptBlock.Module

$script:ClassName = 'ROOT\Microsoft\Windows\Defender\MSFT_MpWDOScan'
$script:ClassVersion = '1.0'
$script:ModuleVersion = '1.0'
$script:ObjectModelWrapper = [Microsoft.PowerShell.Cmdletization.Cim.CimCmdletAdapter]

$script:PrivateData = [System.Collections.Generic.Dictionary[string,string]]::new()

Microsoft.PowerShell.Core\Export-ModuleMember -Function @()
        

function __cmdletization_BindCommonParameters
{
    param(
        $__cmdletization_objectModelWrapper,
        $myPSBoundParameters
    )       
                

        if ($myPSBoundParameters.ContainsKey('CimSession')) { 
            $__cmdletization_objectModelWrapper.PSObject.Properties['CimSession'].Value = $myPSBoundParameters['CimSession'] 
        }
                    

        if ($myPSBoundParameters.ContainsKey('ThrottleLimit')) { 
            $__cmdletization_objectModelWrapper.PSObject.Properties['ThrottleLimit'].Value = $myPSBoundParameters['ThrottleLimit'] 
        }
                    

        if ($myPSBoundParameters.ContainsKey('AsJob')) { 
            $__cmdletization_objectModelWrapper.PSObject.Properties['AsJob'].Value = $myPSBoundParameters['AsJob'] 
        }
                    

}
                

function Start-MpWDOScan
{
    [CmdletBinding(PositionalBinding=$false)]
    
    
    param(
    
    [Parameter(ParameterSetName='Start0')]
    [Alias('Session')]
    [ValidateNotNullOrEmpty()]
    [CimSession[]]
    ${CimSession},

    [Parameter(ParameterSetName='Start0')]
    [int]
    ${ThrottleLimit},

    [Parameter(ParameterSetName='Start0')]
    [switch]
    ${AsJob})

    DynamicParam {
        try 
        {
            if (-not $__cmdletization_exceptionHasBeenThrown)
            {
                $__cmdletization_objectModelWrapper = $script:ObjectModelWrapper::new()
                $__cmdletization_objectModelWrapper.Initialize($PSCmdlet, $script:ClassName, $script:ClassVersion, $script:ModuleVersion, $script:PrivateData)

                if ($__cmdletization_objectModelWrapper -is [System.Management.Automation.IDynamicParameters])
                {
                    ([System.Management.Automation.IDynamicParameters]$__cmdletization_objectModelWrapper).GetDynamicParameters()
                }
            }
        }
        catch
        {
            $__cmdletization_exceptionHasBeenThrown = $true
            throw
        }
    }

    Begin {
        $__cmdletization_exceptionHasBeenThrown = $false
        try 
        {
            __cmdletization_BindCommonParameters $__cmdletization_objectModelWrapper $PSBoundParameters
            $__cmdletization_objectModelWrapper.BeginProcessing()
        }
        catch
        {
            $__cmdletization_exceptionHasBeenThrown = $true
            throw
        }
    }
        

    Process {
        try 
        {
            if (-not $__cmdletization_exceptionHasBeenThrown)
            {
      $__cmdletization_methodParameters = [System.Collections.Generic.List[Microsoft.PowerShell.Cmdletization.MethodParameter]]::new()

      $__cmdletization_returnValue = [Microsoft.PowerShell.Cmdletization.MethodParameter]@{ Name = 'ReturnValue'; ParameterType = 'System.Int32'; Bindings = 'Error'; Value = $null; IsValuePresent = $false }
      $__cmdletization_methodInvocationInfo = [Microsoft.PowerShell.Cmdletization.MethodInvocationInfo]::new('Start', $__cmdletization_methodParameters, $__cmdletization_returnValue)
      $__cmdletization_objectModelWrapper.ProcessRecord($__cmdletization_methodInvocationInfo)

            }
        }
        catch
        {
            $__cmdletization_exceptionHasBeenThrown = $true
            throw
        }
    }
        

    End {
        try
        {
            if (-not $__cmdletization_exceptionHasBeenThrown)
            {
                $__cmdletization_objectModelWrapper.EndProcessing()
            }
        }
        catch
        {
            throw
        }
    }

    # .EXTERNALHELP MSFT_MpWDOScan.cdxml-Help.xml
}
Microsoft.PowerShell.Core\Export-ModuleMember -Function 'Start-MpWDOScan' -Alias '*'
        


ScriptBlock ID: 01331ca6-a6d3-47ff-99bd-5906d1177def
Path: "
Warning,3/24/2023 2:23:47 PM,Microsoft-Windows-PowerShell,4104,Execute a Remote Command,"Creating Scriptblock text (1 of 1):

#requires -version 3.0

try { Microsoft.PowerShell.Core\Set-StrictMode -Off } catch { }

$script:MyModule = $MyInvocation.MyCommand.ScriptBlock.Module

$script:ClassName = 'ROOT\Microsoft\Windows\Defender\MSFT_MpSignature'
$script:ClassVersion = '1.0'
$script:ModuleVersion = '1.0'
$script:ObjectModelWrapper = [Microsoft.PowerShell.Cmdletization.Cim.CimCmdletAdapter]

$script:PrivateData = [System.Collections.Generic.Dictionary[string,string]]::new()

Microsoft.PowerShell.Core\Export-ModuleMember -Function @()
        

function __cmdletization_BindCommonParameters
{
    param(
        $__cmdletization_objectModelWrapper,
        $myPSBoundParameters
    )       
                

        if ($myPSBoundParameters.ContainsKey('CimSession')) { 
            $__cmdletization_objectModelWrapper.PSObject.Properties['CimSession'].Value = $myPSBoundParameters['CimSession'] 
        }
                    

        if ($myPSBoundParameters.ContainsKey('ThrottleLimit')) { 
            $__cmdletization_objectModelWrapper.PSObject.Properties['ThrottleLimit'].Value = $myPSBoundParameters['ThrottleLimit'] 
        }
                    

        if ($myPSBoundParameters.ContainsKey('AsJob')) { 
            $__cmdletization_objectModelWrapper.PSObject.Properties['AsJob'].Value = $myPSBoundParameters['AsJob'] 
        }
                    

}
                

function Update-MpSignature
{
    [CmdletBinding(PositionalBinding=$false)]
    
    
    param(
    
    [Parameter(ParameterSetName='Update0')]
    [AllowEmptyString()]
    [AllowNull()]
    [ValidateNotNull()]
    [ValidateNotNullOrEmpty()]
    [ValidateSet('InternalDefinitionUpdateServer','MicrosoftUpdateServer','MMPC','FileShares')]
    [Microsoft.PowerShell.Cmdletization.GeneratedTypes.MpSignature.UpdateSource]
    ${UpdateSource},

    [Parameter(ParameterSetName='Update0')]
    [Alias('Session')]
    [ValidateNotNullOrEmpty()]
    [CimSession[]]
    ${CimSession},

    [Parameter(ParameterSetName='Update0')]
    [int]
    ${ThrottleLimit},

    [Parameter(ParameterSetName='Update0')]
    [switch]
    ${AsJob})

    DynamicParam {
        try 
        {
            if (-not $__cmdletization_exceptionHasBeenThrown)
            {
                $__cmdletization_objectModelWrapper = $script:ObjectModelWrapper::new()
                $__cmdletization_objectModelWrapper.Initialize($PSCmdlet, $script:ClassName, $script:ClassVersion, $script:ModuleVersion, $script:PrivateData)

                if ($__cmdletization_objectModelWrapper -is [System.Management.Automation.IDynamicParameters])
                {
                    ([System.Management.Automation.IDynamicParameters]$__cmdletization_objectModelWrapper).GetDynamicParameters()
                }
            }
        }
        catch
        {
            $__cmdletization_exceptionHasBeenThrown = $true
            throw
        }
    }

    Begin {
        $__cmdletization_exceptionHasBeenThrown = $false
        try 
        {
            __cmdletization_BindCommonParameters $__cmdletization_objectModelWrapper $PSBoundParameters
            $__cmdletization_objectModelWrapper.BeginProcessing()
        }
        catch
        {
            $__cmdletization_exceptionHasBeenThrown = $true
            throw
        }
    }
        

    Process {
        try 
        {
            if (-not $__cmdletization_exceptionHasBeenThrown)
            {
      $__cmdletization_methodParameters = [System.Collections.Generic.List[Microsoft.PowerShell.Cmdletization.MethodParameter]]::new()

        [object]$__cmdletization_defaultValue = $null
        [object]$__cmdletization_defaultValueIsPresent = $false
        if ($PSBoundParameters.ContainsKey('UpdateSource')) {
          [object]$__cmdletization_value = ${UpdateSource}
          $__cmdletization_methodParameter = [Microsoft.PowerShell.Cmdletization.MethodParameter]@{Name = 'UpdateSource'; ParameterType = 'Microsoft.PowerShell.Cmdletization.GeneratedTypes.MpSignature.UpdateSource'; Bindings = 'In'; Value = $__cmdletization_value; IsValuePresent = $true}
        } else {
          $__cmdletization_methodParameter = [Microsoft.PowerShell.Cmdletization.MethodParameter]@{Name = 'UpdateSource'; ParameterType = 'Microsoft.PowerShell.Cmdletization.GeneratedTypes.MpSignature.UpdateSource'; Bindings = 'In'; Value = $__cmdletization_defaultValue; IsValuePresent = $__cmdletization_defaultValueIsPresent}
        }
        $__cmdletization_methodParameters.Add($__cmdletization_methodParameter)

      $__cmdletization_returnValue = [Microsoft.PowerShell.Cmdletization.MethodParameter]@{ Name = 'ReturnValue'; ParameterType = 'System.Int32'; Bindings = 'Error'; Value = $null; IsValuePresent = $false }
      $__cmdletization_methodInvocationInfo = [Microsoft.PowerShell.Cmdletization.MethodInvocationInfo]::new('Update', $__cmdletization_methodParameters, $__cmdletization_returnValue)
      $__cmdletization_objectModelWrapper.ProcessRecord($__cmdletization_methodInvocationInfo)

            }
        }
        catch
        {
            $__cmdletization_exceptionHasBeenThrown = $true
            throw
        }
    }
        

    End {
        try
        {
            if (-not $__cmdletization_exceptionHasBeenThrown)
            {
                $__cmdletization_objectModelWrapper.EndProcessing()
            }
        }
        catch
        {
            throw
        }
    }

    # .EXTERNALHELP MSFT_MpSignature.cdxml-Help.xml
}
Microsoft.PowerShell.Core\Export-ModuleMember -Function 'Update-MpSignature' -Alias '*'
        


ScriptBlock ID: 063ef852-4f4f-42e7-ac7e-dbd30b833762
Path: "
Warning,3/24/2023 2:23:47 PM,Microsoft-Windows-PowerShell,4104,Execute a Remote Command,"Creating Scriptblock text (1 of 1):

#requires -version 3.0

try { Microsoft.PowerShell.Core\Set-StrictMode -Off } catch { }

$script:MyModule = $MyInvocation.MyCommand.ScriptBlock.Module

$script:ClassName = 'ROOT\Microsoft\Windows\Defender\MSFT_MpScan'
$script:ClassVersion = '1.0'
$script:ModuleVersion = '1.0'
$script:ObjectModelWrapper = [Microsoft.PowerShell.Cmdletization.Cim.CimCmdletAdapter]

$script:PrivateData = [System.Collections.Generic.Dictionary[string,string]]::new()

Microsoft.PowerShell.Core\Export-ModuleMember -Function @()
        

function __cmdletization_BindCommonParameters
{
    param(
        $__cmdletization_objectModelWrapper,
        $myPSBoundParameters
    )       
                

        if ($myPSBoundParameters.ContainsKey('CimSession')) { 
            $__cmdletization_objectModelWrapper.PSObject.Properties['CimSession'].Value = $myPSBoundParameters['CimSession'] 
        }
                    

        if ($myPSBoundParameters.ContainsKey('ThrottleLimit')) { 
            $__cmdletization_objectModelWrapper.PSObject.Properties['ThrottleLimit'].Value = $myPSBoundParameters['ThrottleLimit'] 
        }
                    

        if ($myPSBoundParameters.ContainsKey('AsJob')) { 
            $__cmdletization_objectModelWrapper.PSObject.Properties['AsJob'].Value = $myPSBoundParameters['AsJob'] 
        }
                    

}
                

function Start-MpScan
{
    [CmdletBinding(PositionalBinding=$false)]
    
    
    param(
    
    [Parameter(ParameterSetName='Start0')]
    [ValidateNotNull()]
    [ValidateNotNullOrEmpty()]
    [string]
    ${ScanPath},

    [Parameter(ParameterSetName='Start0')]
    [ValidateNotNull()]
    [ValidateNotNullOrEmpty()]
    [ValidateSet('FullScan','QuickScan','CustomScan')]
    [Microsoft.PowerShell.Cmdletization.GeneratedTypes.MpScan.ScanType]
    ${ScanType},

    [Parameter(ParameterSetName='Start0')]
    [Alias('Session')]
    [ValidateNotNullOrEmpty()]
    [CimSession[]]
    ${CimSession},

    [Parameter(ParameterSetName='Start0')]
    [int]
    ${ThrottleLimit},

    [Parameter(ParameterSetName='Start0')]
    [switch]
    ${AsJob})

    DynamicParam {
        try 
        {
            if (-not $__cmdletization_exceptionHasBeenThrown)
            {
                $__cmdletization_objectModelWrapper = $script:ObjectModelWrapper::new()
                $__cmdletization_objectModelWrapper.Initialize($PSCmdlet, $script:ClassName, $script:ClassVersion, $script:ModuleVersion, $script:PrivateData)

                if ($__cmdletization_objectModelWrapper -is [System.Management.Automation.IDynamicParameters])
                {
                    ([System.Management.Automation.IDynamicParameters]$__cmdletization_objectModelWrapper).GetDynamicParameters()
                }
            }
        }
        catch
        {
            $__cmdletization_exceptionHasBeenThrown = $true
            throw
        }
    }

    Begin {
        $__cmdletization_exceptionHasBeenThrown = $false
        try 
        {
            __cmdletization_BindCommonParameters $__cmdletization_objectModelWrapper $PSBoundParameters
            $__cmdletization_objectModelWrapper.BeginProcessing()
        }
        catch
        {
            $__cmdletization_exceptionHasBeenThrown = $true
            throw
        }
    }
        

    Process {
        try 
        {
            if (-not $__cmdletization_exceptionHasBeenThrown)
            {
      $__cmdletization_methodParameters = [System.Collections.Generic.List[Microsoft.PowerShell.Cmdletization.MethodParameter]]::new()

        [object]$__cmdletization_defaultValue = $null
        [object]$__cmdletization_defaultValueIsPresent = $false
        if ($PSBoundParameters.ContainsKey('ScanPath')) {
          [object]$__cmdletization_value = ${ScanPath}
          $__cmdletization_methodParameter = [Microsoft.PowerShell.Cmdletization.MethodParameter]@{Name = 'ScanPath'; ParameterType = 'System.String'; Bindings = 'In'; Value = $__cmdletization_value; IsValuePresent = $true}
        } else {
          $__cmdletization_methodParameter = [Microsoft.PowerShell.Cmdletization.MethodParameter]@{Name = 'ScanPath'; ParameterType = 'System.String'; Bindings = 'In'; Value = $__cmdletization_defaultValue; IsValuePresent = $__cmdletization_defaultValueIsPresent}
        }
        $__cmdletization_methodParameters.Add($__cmdletization_methodParameter)

        [object]$__cmdletization_defaultValue = $null
        [object]$__cmdletization_defaultValueIsPresent = $false
        if ($PSBoundParameters.ContainsKey('ScanType')) {
          [object]$__cmdletization_value = ${ScanType}
          $__cmdletization_methodParameter = [Microsoft.PowerShell.Cmdletization.MethodParameter]@{Name = 'ScanType'; ParameterType = 'Microsoft.PowerShell.Cmdletization.GeneratedTypes.MpScan.ScanType'; Bindings = 'In'; Value = $__cmdletization_value; IsValuePresent = $true}
        } else {
          $__cmdletization_methodParameter = [Microsoft.PowerShell.Cmdletization.MethodParameter]@{Name = 'ScanType'; ParameterType = 'Microsoft.PowerShell.Cmdletization.GeneratedTypes.MpScan.ScanType'; Bindings = 'In'; Value = $__cmdletization_defaultValue; IsValuePresent = $__cmdletization_defaultValueIsPresent}
        }
        $__cmdletization_methodParameters.Add($__cmdletization_methodParameter)

      $__cmdletization_returnValue = [Microsoft.PowerShell.Cmdletization.MethodParameter]@{ Name = 'ReturnValue'; ParameterType = 'System.Int32'; Bindings = 'Error'; Value = $null; IsValuePresent = $false }
      $__cmdletization_methodInvocationInfo = [Microsoft.PowerShell.Cmdletization.MethodInvocationInfo]::new('Start', $__cmdletization_methodParameters, $__cmdletization_returnValue)
      $__cmdletization_objectModelWrapper.ProcessRecord($__cmdletization_methodInvocationInfo)

            }
        }
        catch
        {
            $__cmdletization_exceptionHasBeenThrown = $true
            throw
        }
    }
        

    End {
        try
        {
            if (-not $__cmdletization_exceptionHasBeenThrown)
            {
                $__cmdletization_objectModelWrapper.EndProcessing()
            }
        }
        catch
        {
            throw
        }
    }

    # .EXTERNALHELP MSFT_MpScan.cdxml-Help.xml
}
Microsoft.PowerShell.Core\Export-ModuleMember -Function 'Start-MpScan' -Alias '*'
        


ScriptBlock ID: 9ffdd2b3-92c0-4ee2-9fba-0b0793fb9934
Path: "
