Level,Date and Time,Source,Event ID,Task Category
Information,3/27/2023 7:52:50 AM,Microsoft-Windows-Security-Auditing,4702,Other Object Access Events,"A scheduled task was updated.

Subject:
	Security ID:		NETWORK SERVICE
	Account Name:		DESKTOP-887GK2L$
	Account Domain:		WORKGROUP
	Logon ID:		0x3E4

Task Information:
	Task Name: 		\Microsoft\Windows\SoftwareProtectionPlatform\SvcRestartTask
	Task New Content: 		<?xml version=""1.0"" encoding=""UTF-16""?>
<Task version=""1.6"" xmlns=""http://schemas.microsoft.com/windows/2004/02/mit/task"">
  <RegistrationInfo>
    <Source>$(@%systemroot%\system32\sppc.dll,-200)</Source>
    <Author>$(@%systemroot%\system32\sppc.dll,-200)</Author>
    <Version>1.0</Version>
    <Description>$(@%systemroot%\system32\sppc.dll,-201)</Description>
    <URI>\Microsoft\Windows\SoftwareProtectionPlatform\SvcRestartTask</URI>
    <SecurityDescriptor>D:P(A;;FA;;;SY)(A;;FA;;;BA)(A;;FA;;;S-1-5-80-123231216-2592883651-3715271367-3753151631-4175906628)(A;;FR;;;S-1-5-87-2912274048-3994893941-1669128114-1310430903-1263774323)</SecurityDescriptor>
  </RegistrationInfo>
  <Triggers>
    <CalendarTrigger>
      <StartBoundary>2023-03-28T14:36:50Z</StartBoundary>
      <Enabled>true</Enabled>
      <ScheduleByDay>
        <DaysInterval>1</DaysInterval>
      </ScheduleByDay>
    </CalendarTrigger>
  </Triggers>
  <Principals>
    <Principal id=""NetworkService"">
      <UserId>S-1-5-20</UserId>
      <RunLevel>LeastPrivilege</RunLevel>
    </Principal>
  </Principals>
  <Settings>
    <MultipleInstancesPolicy>IgnoreNew</MultipleInstancesPolicy>
    <DisallowStartIfOnBatteries>false</DisallowStartIfOnBatteries>
    <StopIfGoingOnBatteries>false</StopIfGoingOnBatteries>
    <AllowHardTerminate>false</AllowHardTerminate>
    <StartWhenAvailable>true</StartWhenAvailable>
    <RunOnlyIfNetworkAvailable>false</RunOnlyIfNetworkAvailable>
    <IdleSettings>
      <StopOnIdleEnd>true</StopOnIdleEnd>
      <RestartOnIdle>false</RestartOnIdle>
    </IdleSettings>
    <AllowStartOnDemand>true</AllowStartOnDemand>
    <Enabled>true</Enabled>
    <Hidden>true</Hidden>
    <RunOnlyIfIdle>false</RunOnlyIfIdle>
    <DisallowStartOnRemoteAppSession>false</DisallowStartOnRemoteAppSession>
    <UseUnifiedSchedulingEngine>true</UseUnifiedSchedulingEngine>
    <WakeToRun>false</WakeToRun>
    <ExecutionTimeLimit>PT0S</ExecutionTimeLimit>
    <Priority>7</Priority>
    <RestartOnFailure>
      <Interval>PT1M</Interval>
      <Count>3</Count>
    </RestartOnFailure>
  </Settings>
  <Actions Context=""NetworkService"">
    <ComHandler>
      <ClassId>{B1AEBB5D-EAD9-4476-B375-9C3ED9F32AFC}</ClassId>
      <Data><![CDATA[timer]]></Data>
    </ComHandler>
  </Actions>
</Task>

Other Information:
	ProcessCreationTime: 		4222124650660185
	ClientProcessId: 			2104
	ParentProcessId: 			712
	FQDN: 		0
	"
Information,3/27/2023 7:52:43 AM,Microsoft-Windows-Security-Auditing,4624,Logon,"An account was successfully logged on.

Subject:
	Security ID:		SYSTEM
	Account Name:		DESKTOP-887GK2L$
	Account Domain:		WORKGROUP
	Logon ID:		0x3E7

Logon Information:
	Logon Type:		2
	Restricted Admin Mode:	-
	Virtual Account:		Yes
	Elevated Token:		No

Impersonation Level:		Impersonation

New Logon:
	Security ID:		Window Manager\DWM-1
	Account Name:		DWM-1
	Account Domain:		Window Manager
	Logon ID:		0x553B36
	Linked Logon ID:		0x553B1E
	Network Account Name:	-
	Network Account Domain:	-
	Logon GUID:		{00000000-0000-0000-0000-000000000000}

Process Information:
	Process ID:		0x2d0
	Process Name:		C:\Windows\System32\winlogon.exe

Network Information:
	Workstation Name:	-
	Source Network Address:	-
	Source Port:		-

Detailed Authentication Information:
	Logon Process:		Advapi  
	Authentication Package:	Negotiate
	Transited Services:	-
	Package Name (NTLM only):	-
	Key Length:		0

This event is generated when a logon session is created. It is generated on the computer that was accessed.

The subject fields indicate the account on the local system which requested the logon. This is most commonly a service such as the Server service, or a local process such as Winlogon.exe or Services.exe.

The logon type field indicates the kind of logon that occurred. The most common types are 2 (interactive) and 3 (network).

The New Logon fields indicate the account for whom the new logon was created, i.e. the account that was logged on.

The network fields indicate where a remote logon request originated. Workstation name is not always available and may be left blank in some cases.

The impersonation level field indicates the extent to which a process in the logon session can impersonate.

The authentication information fields provide detailed information about this specific logon request.
	- Logon GUID is a unique identifier that can be used to correlate this event with a KDC event.
	- Transited services indicate which intermediate services have participated in this logon request.
	- Package name indicates which sub-protocol was used among the NTLM protocols.
	- Key length indicates the length of the generated session key. This will be 0 if no session key was requested."
Information,3/27/2023 7:52:43 AM,Microsoft-Windows-Security-Auditing,4624,Logon,"An account was successfully logged on.

Subject:
	Security ID:		SYSTEM
	Account Name:		DESKTOP-887GK2L$
	Account Domain:		WORKGROUP
	Logon ID:		0x3E7

Logon Information:
	Logon Type:		2
	Restricted Admin Mode:	-
	Virtual Account:		Yes
	Elevated Token:		Yes

Impersonation Level:		Impersonation

New Logon:
	Security ID:		Window Manager\DWM-1
	Account Name:		DWM-1
	Account Domain:		Window Manager
	Logon ID:		0x553B1E
	Linked Logon ID:		0x553B36
	Network Account Name:	-
	Network Account Domain:	-
	Logon GUID:		{00000000-0000-0000-0000-000000000000}

Process Information:
	Process ID:		0x2d0
	Process Name:		C:\Windows\System32\winlogon.exe

Network Information:
	Workstation Name:	-
	Source Network Address:	-
	Source Port:		-

Detailed Authentication Information:
	Logon Process:		Advapi  
	Authentication Package:	Negotiate
	Transited Services:	-
	Package Name (NTLM only):	-
	Key Length:		0

This event is generated when a logon session is created. It is generated on the computer that was accessed.

The subject fields indicate the account on the local system which requested the logon. This is most commonly a service such as the Server service, or a local process such as Winlogon.exe or Services.exe.

The logon type field indicates the kind of logon that occurred. The most common types are 2 (interactive) and 3 (network).

The New Logon fields indicate the account for whom the new logon was created, i.e. the account that was logged on.

The network fields indicate where a remote logon request originated. Workstation name is not always available and may be left blank in some cases.

The impersonation level field indicates the extent to which a process in the logon session can impersonate.

The authentication information fields provide detailed information about this specific logon request.
	- Logon GUID is a unique identifier that can be used to correlate this event with a KDC event.
	- Transited services indicate which intermediate services have participated in this logon request.
	- Package name indicates which sub-protocol was used among the NTLM protocols.
	- Key length indicates the length of the generated session key. This will be 0 if no session key was requested."
Information,3/27/2023 7:52:43 AM,Microsoft-Windows-Security-Auditing,4648,Logon,"A logon was attempted using explicit credentials.

Subject:
	Security ID:		SYSTEM
	Account Name:		DESKTOP-887GK2L$
	Account Domain:		WORKGROUP
	Logon ID:		0x3E7
	Logon GUID:		{00000000-0000-0000-0000-000000000000}

Account Whose Credentials Were Used:
	Account Name:		DWM-1
	Account Domain:		Window Manager
	Logon GUID:		{00000000-0000-0000-0000-000000000000}

Target Server:
	Target Server Name:	localhost
	Additional Information:	localhost

Process Information:
	Process ID:		0x2d0
	Process Name:		C:\Windows\System32\winlogon.exe

Network Information:
	Network Address:	-
	Port:			-

This event is generated when a process attempts to log on an account by explicitly specifying that account’s credentials.  This most commonly occurs in batch-type configurations such as scheduled tasks, or when using the RUNAS command."
Information,3/27/2023 7:52:40 AM,Microsoft-Windows-Security-Auditing,4624,Logon,"An account was successfully logged on.

Subject:
	Security ID:		SYSTEM
	Account Name:		DESKTOP-887GK2L$
	Account Domain:		WORKGROUP
	Logon ID:		0x3E7

Logon Information:
	Logon Type:		5
	Restricted Admin Mode:	-
	Virtual Account:		No
	Elevated Token:		Yes

Impersonation Level:		Impersonation

New Logon:
	Security ID:		SYSTEM
	Account Name:		SYSTEM
	Account Domain:		NT AUTHORITY
	Logon ID:		0x3E7
	Linked Logon ID:		0x0
	Network Account Name:	-
	Network Account Domain:	-
	Logon GUID:		{00000000-0000-0000-0000-000000000000}

Process Information:
	Process ID:		0x2c8
	Process Name:		C:\Windows\System32\services.exe

Network Information:
	Workstation Name:	-
	Source Network Address:	-
	Source Port:		-

Detailed Authentication Information:
	Logon Process:		Advapi  
	Authentication Package:	Negotiate
	Transited Services:	-
	Package Name (NTLM only):	-
	Key Length:		0

This event is generated when a logon session is created. It is generated on the computer that was accessed.

The subject fields indicate the account on the local system which requested the logon. This is most commonly a service such as the Server service, or a local process such as Winlogon.exe or Services.exe.

The logon type field indicates the kind of logon that occurred. The most common types are 2 (interactive) and 3 (network).

The New Logon fields indicate the account for whom the new logon was created, i.e. the account that was logged on.

The network fields indicate where a remote logon request originated. Workstation name is not always available and may be left blank in some cases.

The impersonation level field indicates the extent to which a process in the logon session can impersonate.

The authentication information fields provide detailed information about this specific logon request.
	- Logon GUID is a unique identifier that can be used to correlate this event with a KDC event.
	- Transited services indicate which intermediate services have participated in this logon request.
	- Package name indicates which sub-protocol was used among the NTLM protocols.
	- Key length indicates the length of the generated session key. This will be 0 if no session key was requested."
Information,3/27/2023 7:52:40 AM,Microsoft-Windows-Security-Auditing,4624,Logon,"An account was successfully logged on.

Subject:
	Security ID:		SYSTEM
	Account Name:		DESKTOP-887GK2L$
	Account Domain:		WORKGROUP
	Logon ID:		0x3E7

Logon Information:
	Logon Type:		5
	Restricted Admin Mode:	-
	Virtual Account:		No
	Elevated Token:		Yes

Impersonation Level:		Impersonation

New Logon:
	Security ID:		SYSTEM
	Account Name:		SYSTEM
	Account Domain:		NT AUTHORITY
	Logon ID:		0x3E7
	Linked Logon ID:		0x0
	Network Account Name:	-
	Network Account Domain:	-
	Logon GUID:		{00000000-0000-0000-0000-000000000000}

Process Information:
	Process ID:		0x2c8
	Process Name:		C:\Windows\System32\services.exe

Network Information:
	Workstation Name:	-
	Source Network Address:	-
	Source Port:		-

Detailed Authentication Information:
	Logon Process:		Advapi  
	Authentication Package:	Negotiate
	Transited Services:	-
	Package Name (NTLM only):	-
	Key Length:		0

This event is generated when a logon session is created. It is generated on the computer that was accessed.

The subject fields indicate the account on the local system which requested the logon. This is most commonly a service such as the Server service, or a local process such as Winlogon.exe or Services.exe.

The logon type field indicates the kind of logon that occurred. The most common types are 2 (interactive) and 3 (network).

The New Logon fields indicate the account for whom the new logon was created, i.e. the account that was logged on.

The network fields indicate where a remote logon request originated. Workstation name is not always available and may be left blank in some cases.

The impersonation level field indicates the extent to which a process in the logon session can impersonate.

The authentication information fields provide detailed information about this specific logon request.
	- Logon GUID is a unique identifier that can be used to correlate this event with a KDC event.
	- Transited services indicate which intermediate services have participated in this logon request.
	- Package name indicates which sub-protocol was used among the NTLM protocols.
	- Key length indicates the length of the generated session key. This will be 0 if no session key was requested."
Information,3/27/2023 7:52:20 AM,Microsoft-Windows-Security-Auditing,4702,Other Object Access Events,"A scheduled task was updated.

Subject:
	Security ID:		SYSTEM
	Account Name:		DESKTOP-887GK2L$
	Account Domain:		WORKGROUP
	Logon ID:		0x3E7

Task Information:
	Task Name: 		\Microsoft\Windows\Flighting\OneSettings\RefreshCache
	Task New Content: 		<?xml version=""1.0"" encoding=""UTF-16""?>
<Task version=""1.6"" xmlns=""http://schemas.microsoft.com/windows/2004/02/mit/task"">
  <RegistrationInfo>
    <Source>$(@%systemroot%\system32\wosc.dll,-602)</Source>
    <Author>$(@%systemroot%\system32\wosc.dll,-601)</Author>
    <Description>$(@%systemroot%\system32\wosc.dll,-603)</Description>
    <URI>\Microsoft\Windows\Flighting\OneSettings\RefreshCache</URI>
    <SecurityDescriptor>D:P(A;;FA;;;SY)(A;;FA;;;BA)(A;;FRFX;;;AU)</SecurityDescriptor>
  </RegistrationInfo>
  <Triggers>
    <TimeTrigger>
      <Repetition>
        <Interval>PT462M</Interval>
        <StopAtDurationEnd>false</StopAtDurationEnd>
      </Repetition>
      <StartBoundary>2023-03-27T14:56:20.101Z</StartBoundary>
      <Enabled>true</Enabled>
      <RandomDelay>PT1H</RandomDelay>
    </TimeTrigger>
    <WnfStateChangeTrigger>
      <Enabled>true</Enabled>
      <StateName>7538BCA33A019502</StateName>
    </WnfStateChangeTrigger>
  </Triggers>
  <Principals>
    <Principal id=""LocalSystem"">
      <UserId>S-1-5-18</UserId>
      <RunLevel>LeastPrivilege</RunLevel>
    </Principal>
  </Principals>
  <Settings>
    <MultipleInstancesPolicy>IgnoreNew</MultipleInstancesPolicy>
    <DisallowStartIfOnBatteries>false</DisallowStartIfOnBatteries>
    <StopIfGoingOnBatteries>false</StopIfGoingOnBatteries>
    <AllowHardTerminate>true</AllowHardTerminate>
    <StartWhenAvailable>true</StartWhenAvailable>
    <RunOnlyIfNetworkAvailable>true</RunOnlyIfNetworkAvailable>
    <IdleSettings>
      <StopOnIdleEnd>false</StopOnIdleEnd>
      <RestartOnIdle>false</RestartOnIdle>
    </IdleSettings>
    <AllowStartOnDemand>true</AllowStartOnDemand>
    <Enabled>true</Enabled>
    <Hidden>false</Hidden>
    <RunOnlyIfIdle>false</RunOnlyIfIdle>
    <DisallowStartOnRemoteAppSession>false</DisallowStartOnRemoteAppSession>
    <UseUnifiedSchedulingEngine>true</UseUnifiedSchedulingEngine>
    <WakeToRun>false</WakeToRun>
    <ExecutionTimeLimit>PT5M</ExecutionTimeLimit>
    <Priority>7</Priority>
  </Settings>
  <Actions Context=""LocalSystem"">
    <ComHandler>
      <ClassId>{E07647F7-AED2-48D9-9720-939BC24A8A3C}</ClassId>
    </ComHandler>
  </Actions>
</Task>

Other Information:
	ProcessCreationTime: 		4222124650660192
	ClientProcessId: 			6480
	ParentProcessId: 			1268
	FQDN: 		0
	"
Information,3/27/2023 7:52:20 AM,Microsoft-Windows-Security-Auditing,4702,Other Object Access Events,"A scheduled task was updated.

Subject:
	Security ID:		SYSTEM
	Account Name:		DESKTOP-887GK2L$
	Account Domain:		WORKGROUP
	Logon ID:		0x3E7

Task Information:
	Task Name: 		\Microsoft\Windows\UpdateOrchestrator\Schedule Maintenance Work
	Task New Content: 		<?xml version=""1.0"" encoding=""UTF-16""?>
<Task version=""1.2"" xmlns=""http://schemas.microsoft.com/windows/2004/02/mit/task"">
  <RegistrationInfo>
    <URI>\Microsoft\Windows\UpdateOrchestrator\Schedule Maintenance Work</URI>
  </RegistrationInfo>
  <Triggers />
  <Principals>
    <Principal id=""Author"">
      <UserId>S-1-5-18</UserId>
      <RunLevel>LeastPrivilege</RunLevel>
    </Principal>
  </Principals>
  <Settings>
    <MultipleInstancesPolicy>IgnoreNew</MultipleInstancesPolicy>
    <DisallowStartIfOnBatteries>true</DisallowStartIfOnBatteries>
    <StopIfGoingOnBatteries>true</StopIfGoingOnBatteries>
    <AllowHardTerminate>true</AllowHardTerminate>
    <StartWhenAvailable>false</StartWhenAvailable>
    <RunOnlyIfNetworkAvailable>false</RunOnlyIfNetworkAvailable>
    <IdleSettings>
      <Duration>PT10M</Duration>
      <WaitTimeout>PT1H</WaitTimeout>
      <StopOnIdleEnd>true</StopOnIdleEnd>
      <RestartOnIdle>false</RestartOnIdle>
    </IdleSettings>
    <AllowStartOnDemand>true</AllowStartOnDemand>
    <Enabled>false</Enabled>
    <Hidden>false</Hidden>
    <RunOnlyIfIdle>false</RunOnlyIfIdle>
    <WakeToRun>false</WakeToRun>
    <ExecutionTimeLimit>PT72H</ExecutionTimeLimit>
    <Priority>7</Priority>
  </Settings>
  <Actions Context=""Author"">
    <Exec>
      <Command>%systemroot%\system32\usoclient.exe</Command>
      <Arguments>StartMaintenanceWork</Arguments>
    </Exec>
  </Actions>
</Task>

Other Information:
	ProcessCreationTime: 		4222124650660191
	ClientProcessId: 			6440
	ParentProcessId: 			712
	FQDN: 		0
	"
Information,3/27/2023 7:52:20 AM,Microsoft-Windows-Security-Auditing,4702,Other Object Access Events,"A scheduled task was updated.

Subject:
	Security ID:		SYSTEM
	Account Name:		DESKTOP-887GK2L$
	Account Domain:		WORKGROUP
	Logon ID:		0x3E7

Task Information:
	Task Name: 		\Microsoft\Windows\UpdateOrchestrator\Schedule Maintenance Work
	Task New Content: 		<?xml version=""1.0"" encoding=""UTF-16""?>
<Task version=""1.2"" xmlns=""http://schemas.microsoft.com/windows/2004/02/mit/task"">
  <RegistrationInfo>
    <URI>\Microsoft\Windows\UpdateOrchestrator\Schedule Maintenance Work</URI>
    <SecurityDescriptor>D:P(A;;FA;;;SY)(A;;FRFX;;;LS)(A;;FRFX;;;BA)</SecurityDescriptor>
  </RegistrationInfo>
  <Triggers />
  <Principals>
    <Principal id=""Author"">
      <RunLevel>LeastPrivilege</RunLevel>
      <UserId>S-1-5-18</UserId>
    </Principal>
  </Principals>
  <Settings>
    <MultipleInstancesPolicy>IgnoreNew</MultipleInstancesPolicy>
    <DisallowStartIfOnBatteries>true</DisallowStartIfOnBatteries>
    <StopIfGoingOnBatteries>true</StopIfGoingOnBatteries>
    <AllowHardTerminate>true</AllowHardTerminate>
    <StartWhenAvailable>false</StartWhenAvailable>
    <RunOnlyIfNetworkAvailable>false</RunOnlyIfNetworkAvailable>
    <IdleSettings>
      <Duration>PT10M</Duration>
      <WaitTimeout>PT1H</WaitTimeout>
      <StopOnIdleEnd>true</StopOnIdleEnd>
      <RestartOnIdle>false</RestartOnIdle>
    </IdleSettings>
    <AllowStartOnDemand>true</AllowStartOnDemand>
    <Enabled>false</Enabled>
    <Hidden>false</Hidden>
    <RunOnlyIfIdle>false</RunOnlyIfIdle>
    <WakeToRun>false</WakeToRun>
    <ExecutionTimeLimit>PT72H</ExecutionTimeLimit>
    <Priority>7</Priority>
  </Settings>
  <Actions Context=""Author"">
    <Exec>
      <Command>%systemroot%\system32\usoclient.exe</Command>
      <Arguments>StartMaintenanceWork</Arguments>
    </Exec>
  </Actions>
</Task>

Other Information:
	ProcessCreationTime: 		4222124650660190
	ClientProcessId: 			3964
	ParentProcessId: 			888
	FQDN: 		0
	"
Information,3/27/2023 7:52:20 AM,Microsoft-Windows-Security-Auditing,4702,Other Object Access Events,"A scheduled task was updated.

Subject:
	Security ID:		SYSTEM
	Account Name:		DESKTOP-887GK2L$
	Account Domain:		WORKGROUP
	Logon ID:		0x3E7

Task Information:
	Task Name: 		\Microsoft\Windows\UpdateOrchestrator\Schedule Wake To Work
	Task New Content: 		<?xml version=""1.0"" encoding=""UTF-16""?>
<Task version=""1.2"" xmlns=""http://schemas.microsoft.com/windows/2004/02/mit/task"">
  <RegistrationInfo>
    <URI>\Microsoft\Windows\UpdateOrchestrator\Schedule Wake To Work</URI>
  </RegistrationInfo>
  <Triggers />
  <Principals>
    <Principal id=""Author"">
      <UserId>S-1-5-18</UserId>
      <RunLevel>LeastPrivilege</RunLevel>
    </Principal>
  </Principals>
  <Settings>
    <MultipleInstancesPolicy>IgnoreNew</MultipleInstancesPolicy>
    <DisallowStartIfOnBatteries>true</DisallowStartIfOnBatteries>
    <StopIfGoingOnBatteries>true</StopIfGoingOnBatteries>
    <AllowHardTerminate>true</AllowHardTerminate>
    <StartWhenAvailable>false</StartWhenAvailable>
    <RunOnlyIfNetworkAvailable>false</RunOnlyIfNetworkAvailable>
    <IdleSettings>
      <Duration>PT10M</Duration>
      <WaitTimeout>PT1H</WaitTimeout>
      <StopOnIdleEnd>true</StopOnIdleEnd>
      <RestartOnIdle>false</RestartOnIdle>
    </IdleSettings>
    <AllowStartOnDemand>true</AllowStartOnDemand>
    <Enabled>false</Enabled>
    <Hidden>false</Hidden>
    <RunOnlyIfIdle>false</RunOnlyIfIdle>
    <WakeToRun>false</WakeToRun>
    <ExecutionTimeLimit>PT72H</ExecutionTimeLimit>
    <Priority>7</Priority>
  </Settings>
  <Actions Context=""Author"">
    <Exec>
      <Command>%systemroot%\system32\usoclient.exe</Command>
      <Arguments>StartWork</Arguments>
    </Exec>
  </Actions>
</Task>

Other Information:
	ProcessCreationTime: 		4222124650660191
	ClientProcessId: 			6440
	ParentProcessId: 			712
	FQDN: 		0
	"
Information,3/27/2023 7:52:20 AM,Microsoft-Windows-Security-Auditing,4702,Other Object Access Events,"A scheduled task was updated.

Subject:
	Security ID:		SYSTEM
	Account Name:		DESKTOP-887GK2L$
	Account Domain:		WORKGROUP
	Logon ID:		0x3E7

Task Information:
	Task Name: 		\Microsoft\Windows\UpdateOrchestrator\Schedule Wake To Work
	Task New Content: 		<?xml version=""1.0"" encoding=""UTF-16""?>
<Task version=""1.2"" xmlns=""http://schemas.microsoft.com/windows/2004/02/mit/task"">
  <RegistrationInfo>
    <URI>\Microsoft\Windows\UpdateOrchestrator\Schedule Wake To Work</URI>
    <SecurityDescriptor>D:P(A;;FA;;;SY)(A;;FRFX;;;LS)(A;;FRFX;;;BA)</SecurityDescriptor>
  </RegistrationInfo>
  <Triggers />
  <Principals>
    <Principal id=""Author"">
      <RunLevel>LeastPrivilege</RunLevel>
      <UserId>S-1-5-18</UserId>
    </Principal>
  </Principals>
  <Settings>
    <MultipleInstancesPolicy>IgnoreNew</MultipleInstancesPolicy>
    <DisallowStartIfOnBatteries>true</DisallowStartIfOnBatteries>
    <StopIfGoingOnBatteries>true</StopIfGoingOnBatteries>
    <AllowHardTerminate>true</AllowHardTerminate>
    <StartWhenAvailable>false</StartWhenAvailable>
    <RunOnlyIfNetworkAvailable>false</RunOnlyIfNetworkAvailable>
    <IdleSettings>
      <Duration>PT10M</Duration>
      <WaitTimeout>PT1H</WaitTimeout>
      <StopOnIdleEnd>true</StopOnIdleEnd>
      <RestartOnIdle>false</RestartOnIdle>
    </IdleSettings>
    <AllowStartOnDemand>true</AllowStartOnDemand>
    <Enabled>false</Enabled>
    <Hidden>false</Hidden>
    <RunOnlyIfIdle>false</RunOnlyIfIdle>
    <WakeToRun>false</WakeToRun>
    <ExecutionTimeLimit>PT72H</ExecutionTimeLimit>
    <Priority>7</Priority>
  </Settings>
  <Actions Context=""Author"">
    <Exec>
      <Command>%systemroot%\system32\usoclient.exe</Command>
      <Arguments>StartWork</Arguments>
    </Exec>
  </Actions>
</Task>

Other Information:
	ProcessCreationTime: 		4222124650660190
	ClientProcessId: 			3964
	ParentProcessId: 			888
	FQDN: 		0
	"
Information,3/27/2023 7:52:20 AM,Microsoft-Windows-Security-Auditing,4702,Other Object Access Events,"A scheduled task was updated.

Subject:
	Security ID:		SYSTEM
	Account Name:		DESKTOP-887GK2L$
	Account Domain:		WORKGROUP
	Logon ID:		0x3E7

Task Information:
	Task Name: 		\Microsoft\Windows\UpdateOrchestrator\Schedule Work
	Task New Content: 		<?xml version=""1.0"" encoding=""UTF-16""?>
<Task version=""1.2"" xmlns=""http://schemas.microsoft.com/windows/2004/02/mit/task"">
  <RegistrationInfo>
    <URI>\Microsoft\Windows\UpdateOrchestrator\Schedule Work</URI>
  </RegistrationInfo>
  <Triggers>
    <TimeTrigger>
      <StartBoundary>2023-03-28T07:39:20.000Z</StartBoundary>
      <Enabled>true</Enabled>
    </TimeTrigger>
  </Triggers>
  <Principals>
    <Principal id=""Author"">
      <UserId>S-1-5-18</UserId>
      <RunLevel>LeastPrivilege</RunLevel>
    </Principal>
  </Principals>
  <Settings>
    <MultipleInstancesPolicy>IgnoreNew</MultipleInstancesPolicy>
    <DisallowStartIfOnBatteries>true</DisallowStartIfOnBatteries>
    <StopIfGoingOnBatteries>true</StopIfGoingOnBatteries>
    <AllowHardTerminate>true</AllowHardTerminate>
    <StartWhenAvailable>true</StartWhenAvailable>
    <RunOnlyIfNetworkAvailable>false</RunOnlyIfNetworkAvailable>
    <IdleSettings>
      <Duration>PT10M</Duration>
      <WaitTimeout>PT1H</WaitTimeout>
      <StopOnIdleEnd>true</StopOnIdleEnd>
      <RestartOnIdle>false</RestartOnIdle>
    </IdleSettings>
    <AllowStartOnDemand>true</AllowStartOnDemand>
    <Enabled>true</Enabled>
    <Hidden>false</Hidden>
    <RunOnlyIfIdle>false</RunOnlyIfIdle>
    <WakeToRun>false</WakeToRun>
    <ExecutionTimeLimit>PT72H</ExecutionTimeLimit>
    <Priority>7</Priority>
  </Settings>
  <Actions Context=""Author"">
    <Exec>
      <Command>%systemroot%\system32\usoclient.exe</Command>
      <Arguments>StartWork</Arguments>
    </Exec>
  </Actions>
</Task>

Other Information:
	ProcessCreationTime: 		4222124650660191
	ClientProcessId: 			6440
	ParentProcessId: 			712
	FQDN: 		0
	"
Information,3/27/2023 7:52:20 AM,Microsoft-Windows-Security-Auditing,4702,Other Object Access Events,"A scheduled task was updated.

Subject:
	Security ID:		SYSTEM
	Account Name:		DESKTOP-887GK2L$
	Account Domain:		WORKGROUP
	Logon ID:		0x3E7

Task Information:
	Task Name: 		\Microsoft\Windows\UpdateOrchestrator\Schedule Work
	Task New Content: 		<?xml version=""1.0"" encoding=""UTF-16""?>
<Task version=""1.2"" xmlns=""http://schemas.microsoft.com/windows/2004/02/mit/task"">
  <RegistrationInfo>
    <URI>\Microsoft\Windows\UpdateOrchestrator\Schedule Work</URI>
    <SecurityDescriptor>D:P(A;;FA;;;SY)(A;;FRFX;;;LS)(A;;FRFX;;;BA)</SecurityDescriptor>
  </RegistrationInfo>
  <Triggers>
    <TimeTrigger>
      <StartBoundary>2023-03-28T07:39:20.000Z</StartBoundary>
      <Enabled>true</Enabled>
    </TimeTrigger>
  </Triggers>
  <Principals>
    <Principal id=""Author"">
      <RunLevel>LeastPrivilege</RunLevel>
      <UserId>S-1-5-18</UserId>
    </Principal>
  </Principals>
  <Settings>
    <MultipleInstancesPolicy>IgnoreNew</MultipleInstancesPolicy>
    <DisallowStartIfOnBatteries>true</DisallowStartIfOnBatteries>
    <StopIfGoingOnBatteries>true</StopIfGoingOnBatteries>
    <AllowHardTerminate>true</AllowHardTerminate>
    <StartWhenAvailable>true</StartWhenAvailable>
    <RunOnlyIfNetworkAvailable>false</RunOnlyIfNetworkAvailable>
    <IdleSettings>
      <Duration>PT10M</Duration>
      <WaitTimeout>PT1H</WaitTimeout>
      <StopOnIdleEnd>true</StopOnIdleEnd>
      <RestartOnIdle>false</RestartOnIdle>
    </IdleSettings>
    <AllowStartOnDemand>true</AllowStartOnDemand>
    <Enabled>true</Enabled>
    <Hidden>false</Hidden>
    <RunOnlyIfIdle>false</RunOnlyIfIdle>
    <WakeToRun>false</WakeToRun>
    <ExecutionTimeLimit>PT72H</ExecutionTimeLimit>
    <Priority>7</Priority>
  </Settings>
  <Actions Context=""Author"">
    <Exec>
      <Command>%systemroot%\system32\usoclient.exe</Command>
      <Arguments>StartWork</Arguments>
    </Exec>
  </Actions>
</Task>

Other Information:
	ProcessCreationTime: 		4222124650660190
	ClientProcessId: 			3964
	ParentProcessId: 			888
	FQDN: 		0
	"
Information,3/27/2023 7:52:19 AM,Microsoft-Windows-Security-Auditing,4702,Other Object Access Events,"A scheduled task was updated.

Subject:
	Security ID:		SYSTEM
	Account Name:		DESKTOP-887GK2L$
	Account Domain:		WORKGROUP
	Logon ID:		0x3E7

Task Information:
	Task Name: 		\Microsoft\Windows\UpdateOrchestrator\Schedule Maintenance Work
	Task New Content: 		<?xml version=""1.0"" encoding=""UTF-16""?>
<Task version=""1.2"" xmlns=""http://schemas.microsoft.com/windows/2004/02/mit/task"">
  <RegistrationInfo>
    <URI>\Microsoft\Windows\UpdateOrchestrator\Schedule Maintenance Work</URI>
  </RegistrationInfo>
  <Triggers />
  <Principals>
    <Principal id=""Author"">
      <UserId>S-1-5-18</UserId>
      <RunLevel>LeastPrivilege</RunLevel>
    </Principal>
  </Principals>
  <Settings>
    <MultipleInstancesPolicy>IgnoreNew</MultipleInstancesPolicy>
    <DisallowStartIfOnBatteries>true</DisallowStartIfOnBatteries>
    <StopIfGoingOnBatteries>true</StopIfGoingOnBatteries>
    <AllowHardTerminate>true</AllowHardTerminate>
    <StartWhenAvailable>false</StartWhenAvailable>
    <RunOnlyIfNetworkAvailable>false</RunOnlyIfNetworkAvailable>
    <IdleSettings>
      <Duration>PT10M</Duration>
      <WaitTimeout>PT1H</WaitTimeout>
      <StopOnIdleEnd>true</StopOnIdleEnd>
      <RestartOnIdle>false</RestartOnIdle>
    </IdleSettings>
    <AllowStartOnDemand>true</AllowStartOnDemand>
    <Enabled>false</Enabled>
    <Hidden>false</Hidden>
    <RunOnlyIfIdle>false</RunOnlyIfIdle>
    <WakeToRun>false</WakeToRun>
    <ExecutionTimeLimit>PT72H</ExecutionTimeLimit>
    <Priority>7</Priority>
  </Settings>
  <Actions Context=""Author"">
    <Exec>
      <Command>%systemroot%\system32\usoclient.exe</Command>
      <Arguments>StartMaintenanceWork</Arguments>
    </Exec>
  </Actions>
</Task>

Other Information:
	ProcessCreationTime: 		4222124650660191
	ClientProcessId: 			6440
	ParentProcessId: 			712
	FQDN: 		0
	"
Information,3/27/2023 7:52:19 AM,Microsoft-Windows-Security-Auditing,4702,Other Object Access Events,"A scheduled task was updated.

Subject:
	Security ID:		SYSTEM
	Account Name:		DESKTOP-887GK2L$
	Account Domain:		WORKGROUP
	Logon ID:		0x3E7

Task Information:
	Task Name: 		\Microsoft\Windows\UpdateOrchestrator\Schedule Maintenance Work
	Task New Content: 		<?xml version=""1.0"" encoding=""UTF-16""?>
<Task version=""1.2"" xmlns=""http://schemas.microsoft.com/windows/2004/02/mit/task"">
  <RegistrationInfo>
    <URI>\Microsoft\Windows\UpdateOrchestrator\Schedule Maintenance Work</URI>
    <SecurityDescriptor>D:P(A;;FA;;;SY)(A;;FRFX;;;LS)(A;;FRFX;;;BA)</SecurityDescriptor>
  </RegistrationInfo>
  <Triggers />
  <Principals>
    <Principal id=""Author"">
      <RunLevel>LeastPrivilege</RunLevel>
      <UserId>S-1-5-18</UserId>
    </Principal>
  </Principals>
  <Settings>
    <MultipleInstancesPolicy>IgnoreNew</MultipleInstancesPolicy>
    <DisallowStartIfOnBatteries>true</DisallowStartIfOnBatteries>
    <StopIfGoingOnBatteries>true</StopIfGoingOnBatteries>
    <AllowHardTerminate>true</AllowHardTerminate>
    <StartWhenAvailable>false</StartWhenAvailable>
    <RunOnlyIfNetworkAvailable>false</RunOnlyIfNetworkAvailable>
    <IdleSettings>
      <Duration>PT10M</Duration>
      <WaitTimeout>PT1H</WaitTimeout>
      <StopOnIdleEnd>true</StopOnIdleEnd>
      <RestartOnIdle>false</RestartOnIdle>
    </IdleSettings>
    <AllowStartOnDemand>true</AllowStartOnDemand>
    <Enabled>false</Enabled>
    <Hidden>false</Hidden>
    <RunOnlyIfIdle>false</RunOnlyIfIdle>
    <WakeToRun>false</WakeToRun>
    <ExecutionTimeLimit>PT72H</ExecutionTimeLimit>
    <Priority>7</Priority>
  </Settings>
  <Actions Context=""Author"">
    <Exec>
      <Command>%systemroot%\system32\usoclient.exe</Command>
      <Arguments>StartMaintenanceWork</Arguments>
    </Exec>
  </Actions>
</Task>

Other Information:
	ProcessCreationTime: 		4222124650660190
	ClientProcessId: 			3964
	ParentProcessId: 			888
	FQDN: 		0
	"
Information,3/27/2023 7:52:19 AM,Microsoft-Windows-Security-Auditing,4702,Other Object Access Events,"A scheduled task was updated.

Subject:
	Security ID:		SYSTEM
	Account Name:		DESKTOP-887GK2L$
	Account Domain:		WORKGROUP
	Logon ID:		0x3E7

Task Information:
	Task Name: 		\Microsoft\Windows\UpdateOrchestrator\Schedule Wake To Work
	Task New Content: 		<?xml version=""1.0"" encoding=""UTF-16""?>
<Task version=""1.2"" xmlns=""http://schemas.microsoft.com/windows/2004/02/mit/task"">
  <RegistrationInfo>
    <URI>\Microsoft\Windows\UpdateOrchestrator\Schedule Wake To Work</URI>
  </RegistrationInfo>
  <Triggers />
  <Principals>
    <Principal id=""Author"">
      <UserId>S-1-5-18</UserId>
      <RunLevel>LeastPrivilege</RunLevel>
    </Principal>
  </Principals>
  <Settings>
    <MultipleInstancesPolicy>IgnoreNew</MultipleInstancesPolicy>
    <DisallowStartIfOnBatteries>true</DisallowStartIfOnBatteries>
    <StopIfGoingOnBatteries>true</StopIfGoingOnBatteries>
    <AllowHardTerminate>true</AllowHardTerminate>
    <StartWhenAvailable>false</StartWhenAvailable>
    <RunOnlyIfNetworkAvailable>false</RunOnlyIfNetworkAvailable>
    <IdleSettings>
      <Duration>PT10M</Duration>
      <WaitTimeout>PT1H</WaitTimeout>
      <StopOnIdleEnd>true</StopOnIdleEnd>
      <RestartOnIdle>false</RestartOnIdle>
    </IdleSettings>
    <AllowStartOnDemand>true</AllowStartOnDemand>
    <Enabled>false</Enabled>
    <Hidden>false</Hidden>
    <RunOnlyIfIdle>false</RunOnlyIfIdle>
    <WakeToRun>false</WakeToRun>
    <ExecutionTimeLimit>PT72H</ExecutionTimeLimit>
    <Priority>7</Priority>
  </Settings>
  <Actions Context=""Author"">
    <Exec>
      <Command>%systemroot%\system32\usoclient.exe</Command>
      <Arguments>StartWork</Arguments>
    </Exec>
  </Actions>
</Task>

Other Information:
	ProcessCreationTime: 		4222124650660191
	ClientProcessId: 			6440
	ParentProcessId: 			712
	FQDN: 		0
	"
Information,3/27/2023 7:52:19 AM,Microsoft-Windows-Security-Auditing,4702,Other Object Access Events,"A scheduled task was updated.

Subject:
	Security ID:		SYSTEM
	Account Name:		DESKTOP-887GK2L$
	Account Domain:		WORKGROUP
	Logon ID:		0x3E7

Task Information:
	Task Name: 		\Microsoft\Windows\UpdateOrchestrator\Schedule Wake To Work
	Task New Content: 		<?xml version=""1.0"" encoding=""UTF-16""?>
<Task version=""1.2"" xmlns=""http://schemas.microsoft.com/windows/2004/02/mit/task"">
  <RegistrationInfo>
    <URI>\Microsoft\Windows\UpdateOrchestrator\Schedule Wake To Work</URI>
    <SecurityDescriptor>D:P(A;;FA;;;SY)(A;;FRFX;;;LS)(A;;FRFX;;;BA)</SecurityDescriptor>
  </RegistrationInfo>
  <Triggers />
  <Principals>
    <Principal id=""Author"">
      <RunLevel>LeastPrivilege</RunLevel>
      <UserId>S-1-5-18</UserId>
    </Principal>
  </Principals>
  <Settings>
    <MultipleInstancesPolicy>IgnoreNew</MultipleInstancesPolicy>
    <DisallowStartIfOnBatteries>true</DisallowStartIfOnBatteries>
    <StopIfGoingOnBatteries>true</StopIfGoingOnBatteries>
    <AllowHardTerminate>true</AllowHardTerminate>
    <StartWhenAvailable>false</StartWhenAvailable>
    <RunOnlyIfNetworkAvailable>false</RunOnlyIfNetworkAvailable>
    <IdleSettings>
      <Duration>PT10M</Duration>
      <WaitTimeout>PT1H</WaitTimeout>
      <StopOnIdleEnd>true</StopOnIdleEnd>
      <RestartOnIdle>false</RestartOnIdle>
    </IdleSettings>
    <AllowStartOnDemand>true</AllowStartOnDemand>
    <Enabled>false</Enabled>
    <Hidden>false</Hidden>
    <RunOnlyIfIdle>false</RunOnlyIfIdle>
    <WakeToRun>false</WakeToRun>
    <ExecutionTimeLimit>PT72H</ExecutionTimeLimit>
    <Priority>7</Priority>
  </Settings>
  <Actions Context=""Author"">
    <Exec>
      <Command>%systemroot%\system32\usoclient.exe</Command>
      <Arguments>StartWork</Arguments>
    </Exec>
  </Actions>
</Task>

Other Information:
	ProcessCreationTime: 		4222124650660190
	ClientProcessId: 			3964
	ParentProcessId: 			888
	FQDN: 		0
	"
Information,3/27/2023 7:52:19 AM,Microsoft-Windows-Security-Auditing,4702,Other Object Access Events,"A scheduled task was updated.

Subject:
	Security ID:		SYSTEM
	Account Name:		DESKTOP-887GK2L$
	Account Domain:		WORKGROUP
	Logon ID:		0x3E7

Task Information:
	Task Name: 		\Microsoft\Windows\UpdateOrchestrator\Schedule Work
	Task New Content: 		<?xml version=""1.0"" encoding=""UTF-16""?>
<Task version=""1.2"" xmlns=""http://schemas.microsoft.com/windows/2004/02/mit/task"">
  <RegistrationInfo>
    <URI>\Microsoft\Windows\UpdateOrchestrator\Schedule Work</URI>
  </RegistrationInfo>
  <Triggers>
    <TimeTrigger>
      <StartBoundary>2023-03-01T04:46:44-07:00</StartBoundary>
      <Enabled>true</Enabled>
    </TimeTrigger>
  </Triggers>
  <Principals>
    <Principal id=""Author"">
      <UserId>S-1-5-18</UserId>
      <RunLevel>LeastPrivilege</RunLevel>
    </Principal>
  </Principals>
  <Settings>
    <MultipleInstancesPolicy>IgnoreNew</MultipleInstancesPolicy>
    <DisallowStartIfOnBatteries>true</DisallowStartIfOnBatteries>
    <StopIfGoingOnBatteries>true</StopIfGoingOnBatteries>
    <AllowHardTerminate>true</AllowHardTerminate>
    <StartWhenAvailable>true</StartWhenAvailable>
    <RunOnlyIfNetworkAvailable>false</RunOnlyIfNetworkAvailable>
    <IdleSettings>
      <Duration>PT10M</Duration>
      <WaitTimeout>PT1H</WaitTimeout>
      <StopOnIdleEnd>true</StopOnIdleEnd>
      <RestartOnIdle>false</RestartOnIdle>
    </IdleSettings>
    <AllowStartOnDemand>true</AllowStartOnDemand>
    <Enabled>false</Enabled>
    <Hidden>false</Hidden>
    <RunOnlyIfIdle>false</RunOnlyIfIdle>
    <WakeToRun>false</WakeToRun>
    <ExecutionTimeLimit>PT72H</ExecutionTimeLimit>
    <Priority>7</Priority>
  </Settings>
  <Actions Context=""Author"">
    <Exec>
      <Command>%systemroot%\system32\usoclient.exe</Command>
      <Arguments>StartWork</Arguments>
    </Exec>
  </Actions>
</Task>

Other Information:
	ProcessCreationTime: 		4222124650660191
	ClientProcessId: 			6440
	ParentProcessId: 			712
	FQDN: 		0
	"
Information,3/27/2023 7:52:19 AM,Microsoft-Windows-Security-Auditing,4702,Other Object Access Events,"A scheduled task was updated.

Subject:
	Security ID:		SYSTEM
	Account Name:		DESKTOP-887GK2L$
	Account Domain:		WORKGROUP
	Logon ID:		0x3E7

Task Information:
	Task Name: 		\Microsoft\Windows\UpdateOrchestrator\Schedule Work
	Task New Content: 		<?xml version=""1.0"" encoding=""UTF-16""?>
<Task version=""1.2"" xmlns=""http://schemas.microsoft.com/windows/2004/02/mit/task"">
  <RegistrationInfo>
    <URI>\Microsoft\Windows\UpdateOrchestrator\Schedule Work</URI>
    <SecurityDescriptor>D:P(A;;FA;;;SY)(A;;FRFX;;;LS)(A;;FRFX;;;BA)</SecurityDescriptor>
  </RegistrationInfo>
  <Triggers>
    <TimeTrigger>
      <StartBoundary>2023-03-01T04:46:44-07:00</StartBoundary>
      <Enabled>true</Enabled>
    </TimeTrigger>
  </Triggers>
  <Principals>
    <Principal id=""Author"">
      <RunLevel>LeastPrivilege</RunLevel>
      <UserId>S-1-5-18</UserId>
    </Principal>
  </Principals>
  <Settings>
    <MultipleInstancesPolicy>IgnoreNew</MultipleInstancesPolicy>
    <DisallowStartIfOnBatteries>true</DisallowStartIfOnBatteries>
    <StopIfGoingOnBatteries>true</StopIfGoingOnBatteries>
    <AllowHardTerminate>true</AllowHardTerminate>
    <StartWhenAvailable>true</StartWhenAvailable>
    <RunOnlyIfNetworkAvailable>false</RunOnlyIfNetworkAvailable>
    <IdleSettings>
      <Duration>PT10M</Duration>
      <WaitTimeout>PT1H</WaitTimeout>
      <StopOnIdleEnd>true</StopOnIdleEnd>
      <RestartOnIdle>false</RestartOnIdle>
    </IdleSettings>
    <AllowStartOnDemand>true</AllowStartOnDemand>
    <Enabled>false</Enabled>
    <Hidden>false</Hidden>
    <RunOnlyIfIdle>false</RunOnlyIfIdle>
    <WakeToRun>false</WakeToRun>
    <ExecutionTimeLimit>PT72H</ExecutionTimeLimit>
    <Priority>7</Priority>
  </Settings>
  <Actions Context=""Author"">
    <Exec>
      <Command>%systemroot%\system32\usoclient.exe</Command>
      <Arguments>StartWork</Arguments>
    </Exec>
  </Actions>
</Task>

Other Information:
	ProcessCreationTime: 		4222124650660190
	ClientProcessId: 			3964
	ParentProcessId: 			888
	FQDN: 		0
	"
Information,3/27/2023 7:52:19 AM,Microsoft-Windows-Security-Auditing,4702,Other Object Access Events,"A scheduled task was updated.

Subject:
	Security ID:		SYSTEM
	Account Name:		DESKTOP-887GK2L$
	Account Domain:		WORKGROUP
	Logon ID:		0x3E7

Task Information:
	Task Name: 		\Microsoft\Windows\UpdateOrchestrator\Schedule Scan
	Task New Content: 		<?xml version=""1.0"" encoding=""UTF-16""?>
<Task version=""1.3"" xmlns=""http://schemas.microsoft.com/windows/2004/02/mit/task"">
  <RegistrationInfo>
    <URI>\Microsoft\Windows\UpdateOrchestrator\Schedule Scan</URI>
    <SecurityDescriptor>D:P(A;;FA;;;SY)(A;;FRFX;;;LS)(A;;FRFX;;;BA)</SecurityDescriptor>
  </RegistrationInfo>
  <Triggers>
    <TimeTrigger>
      <Repetition>
        <Interval>PT1320M</Interval>
        <StopAtDurationEnd>false</StopAtDurationEnd>
      </Repetition>
      <StartBoundary>2019-01-01T12:00:00</StartBoundary>
      <Enabled>true</Enabled>
      <RandomDelay>PT330M</RandomDelay>
    </TimeTrigger>
  </Triggers>
  <Principals>
    <Principal id=""Author"">
      <UserId>S-1-5-18</UserId>
      <RunLevel>LeastPrivilege</RunLevel>
    </Principal>
  </Principals>
  <Settings>
    <MultipleInstancesPolicy>IgnoreNew</MultipleInstancesPolicy>
    <DisallowStartIfOnBatteries>false</DisallowStartIfOnBatteries>
    <StopIfGoingOnBatteries>false</StopIfGoingOnBatteries>
    <AllowHardTerminate>true</AllowHardTerminate>
    <StartWhenAvailable>true</StartWhenAvailable>
    <RunOnlyIfNetworkAvailable>true</RunOnlyIfNetworkAvailable>
    <IdleSettings>
      <Duration>PT10M</Duration>
      <WaitTimeout>PT1H</WaitTimeout>
      <StopOnIdleEnd>false</StopOnIdleEnd>
      <RestartOnIdle>false</RestartOnIdle>
    </IdleSettings>
    <AllowStartOnDemand>true</AllowStartOnDemand>
    <Enabled>true</Enabled>
    <Hidden>false</Hidden>
    <RunOnlyIfIdle>false</RunOnlyIfIdle>
    <DisallowStartOnRemoteAppSession>false</DisallowStartOnRemoteAppSession>
    <UseUnifiedSchedulingEngine>true</UseUnifiedSchedulingEngine>
    <WakeToRun>false</WakeToRun>
    <ExecutionTimeLimit>PT72H</ExecutionTimeLimit>
    <Priority>7</Priority>
  </Settings>
  <Actions Context=""Author"">
    <Exec>
      <Command>%systemroot%\system32\usoclient.exe</Command>
      <Arguments>StartScan</Arguments>
    </Exec>
  </Actions>
</Task>

Other Information:
	ProcessCreationTime: 		4222124650660191
	ClientProcessId: 			6440
	ParentProcessId: 			712
	FQDN: 		0
	"
Information,3/27/2023 7:52:19 AM,Microsoft-Windows-Security-Auditing,4702,Other Object Access Events,"A scheduled task was updated.

Subject:
	Security ID:		SYSTEM
	Account Name:		DESKTOP-887GK2L$
	Account Domain:		WORKGROUP
	Logon ID:		0x3E7

Task Information:
	Task Name: 		\Microsoft\Windows\UpdateOrchestrator\Schedule Scan
	Task New Content: 		<?xml version=""1.0"" encoding=""UTF-16""?>
<Task version=""1.3"" xmlns=""http://schemas.microsoft.com/windows/2004/02/mit/task"">
  <RegistrationInfo>
    <URI>\Microsoft\Windows\UpdateOrchestrator\Schedule Scan</URI>
    <SecurityDescriptor>D:P(A;;FA;;;SY)(A;;FRFX;;;LS)(A;;FRFX;;;BA)</SecurityDescriptor>
  </RegistrationInfo>
  <Triggers>
    <TimeTrigger>
      <Repetition>
        <Interval>PT1320M</Interval>
        <StopAtDurationEnd>false</StopAtDurationEnd>
      </Repetition>
      <StartBoundary>2019-01-01T12:00:00</StartBoundary>
      <Enabled>true</Enabled>
      <RandomDelay>PT330M</RandomDelay>
    </TimeTrigger>
  </Triggers>
  <Principals>
    <Principal id=""Author"">
      <RunLevel>LeastPrivilege</RunLevel>
      <UserId>S-1-5-18</UserId>
    </Principal>
  </Principals>
  <Settings>
    <MultipleInstancesPolicy>IgnoreNew</MultipleInstancesPolicy>
    <DisallowStartIfOnBatteries>false</DisallowStartIfOnBatteries>
    <StopIfGoingOnBatteries>false</StopIfGoingOnBatteries>
    <AllowHardTerminate>true</AllowHardTerminate>
    <StartWhenAvailable>true</StartWhenAvailable>
    <RunOnlyIfNetworkAvailable>true</RunOnlyIfNetworkAvailable>
    <IdleSettings>
      <Duration>PT10M</Duration>
      <WaitTimeout>PT1H</WaitTimeout>
      <StopOnIdleEnd>false</StopOnIdleEnd>
      <RestartOnIdle>false</RestartOnIdle>
    </IdleSettings>
    <AllowStartOnDemand>true</AllowStartOnDemand>
    <Enabled>true</Enabled>
    <Hidden>false</Hidden>
    <RunOnlyIfIdle>false</RunOnlyIfIdle>
    <DisallowStartOnRemoteAppSession>false</DisallowStartOnRemoteAppSession>
    <UseUnifiedSchedulingEngine>true</UseUnifiedSchedulingEngine>
    <WakeToRun>false</WakeToRun>
    <ExecutionTimeLimit>PT72H</ExecutionTimeLimit>
    <Priority>7</Priority>
  </Settings>
  <Actions Context=""Author"">
    <Exec>
      <Command>%systemroot%\system32\usoclient.exe</Command>
      <Arguments>StartScan</Arguments>
    </Exec>
  </Actions>
</Task>

Other Information:
	ProcessCreationTime: 		4222124650660190
	ClientProcessId: 			3964
	ParentProcessId: 			888
	FQDN: 		0
	"
Information,3/27/2023 7:52:19 AM,Microsoft-Windows-Security-Auditing,4702,Other Object Access Events,"A scheduled task was updated.

Subject:
	Security ID:		SYSTEM
	Account Name:		DESKTOP-887GK2L$
	Account Domain:		WORKGROUP
	Logon ID:		0x3E7

Task Information:
	Task Name: 		\Microsoft\Windows\UpdateOrchestrator\Schedule Maintenance Work
	Task New Content: 		<?xml version=""1.0"" encoding=""UTF-16""?>
<Task version=""1.2"" xmlns=""http://schemas.microsoft.com/windows/2004/02/mit/task"">
  <RegistrationInfo>
    <URI>\Microsoft\Windows\UpdateOrchestrator\Schedule Maintenance Work</URI>
  </RegistrationInfo>
  <Triggers />
  <Principals>
    <Principal id=""Author"">
      <UserId>S-1-5-18</UserId>
      <RunLevel>LeastPrivilege</RunLevel>
    </Principal>
  </Principals>
  <Settings>
    <MultipleInstancesPolicy>IgnoreNew</MultipleInstancesPolicy>
    <DisallowStartIfOnBatteries>true</DisallowStartIfOnBatteries>
    <StopIfGoingOnBatteries>true</StopIfGoingOnBatteries>
    <AllowHardTerminate>true</AllowHardTerminate>
    <StartWhenAvailable>false</StartWhenAvailable>
    <RunOnlyIfNetworkAvailable>false</RunOnlyIfNetworkAvailable>
    <IdleSettings>
      <Duration>PT10M</Duration>
      <WaitTimeout>PT1H</WaitTimeout>
      <StopOnIdleEnd>true</StopOnIdleEnd>
      <RestartOnIdle>false</RestartOnIdle>
    </IdleSettings>
    <AllowStartOnDemand>true</AllowStartOnDemand>
    <Enabled>false</Enabled>
    <Hidden>false</Hidden>
    <RunOnlyIfIdle>false</RunOnlyIfIdle>
    <WakeToRun>false</WakeToRun>
    <ExecutionTimeLimit>PT72H</ExecutionTimeLimit>
    <Priority>7</Priority>
  </Settings>
  <Actions Context=""Author"">
    <Exec>
      <Command>%systemroot%\system32\usoclient.exe</Command>
      <Arguments>StartMaintenanceWork</Arguments>
    </Exec>
  </Actions>
</Task>

Other Information:
	ProcessCreationTime: 		4222124650660191
	ClientProcessId: 			6440
	ParentProcessId: 			712
	FQDN: 		0
	"
Information,3/27/2023 7:52:19 AM,Microsoft-Windows-Security-Auditing,4702,Other Object Access Events,"A scheduled task was updated.

Subject:
	Security ID:		SYSTEM
	Account Name:		DESKTOP-887GK2L$
	Account Domain:		WORKGROUP
	Logon ID:		0x3E7

Task Information:
	Task Name: 		\Microsoft\Windows\UpdateOrchestrator\Schedule Maintenance Work
	Task New Content: 		<?xml version=""1.0"" encoding=""UTF-16""?>
<Task version=""1.2"" xmlns=""http://schemas.microsoft.com/windows/2004/02/mit/task"">
  <RegistrationInfo>
    <URI>\Microsoft\Windows\UpdateOrchestrator\Schedule Maintenance Work</URI>
    <SecurityDescriptor>D:P(A;;FA;;;SY)(A;;FRFX;;;LS)(A;;FRFX;;;BA)</SecurityDescriptor>
  </RegistrationInfo>
  <Triggers />
  <Principals>
    <Principal id=""Author"">
      <RunLevel>LeastPrivilege</RunLevel>
      <UserId>S-1-5-18</UserId>
    </Principal>
  </Principals>
  <Settings>
    <MultipleInstancesPolicy>IgnoreNew</MultipleInstancesPolicy>
    <DisallowStartIfOnBatteries>true</DisallowStartIfOnBatteries>
    <StopIfGoingOnBatteries>true</StopIfGoingOnBatteries>
    <AllowHardTerminate>true</AllowHardTerminate>
    <StartWhenAvailable>false</StartWhenAvailable>
    <RunOnlyIfNetworkAvailable>false</RunOnlyIfNetworkAvailable>
    <IdleSettings>
      <Duration>PT10M</Duration>
      <WaitTimeout>PT1H</WaitTimeout>
      <StopOnIdleEnd>true</StopOnIdleEnd>
      <RestartOnIdle>false</RestartOnIdle>
    </IdleSettings>
    <AllowStartOnDemand>true</AllowStartOnDemand>
    <Enabled>false</Enabled>
    <Hidden>false</Hidden>
    <RunOnlyIfIdle>false</RunOnlyIfIdle>
    <WakeToRun>false</WakeToRun>
    <ExecutionTimeLimit>PT72H</ExecutionTimeLimit>
    <Priority>7</Priority>
  </Settings>
  <Actions Context=""Author"">
    <Exec>
      <Command>%systemroot%\system32\usoclient.exe</Command>
      <Arguments>StartMaintenanceWork</Arguments>
    </Exec>
  </Actions>
</Task>

Other Information:
	ProcessCreationTime: 		4222124650660190
	ClientProcessId: 			3964
	ParentProcessId: 			888
	FQDN: 		0
	"
