Information,3/23/2023 1:23:18 AM,Microsoft-Windows-Windows Defender,5007,None,"Microsoft Defender Antivirus Configuration has changed. If this is an unexpected event you should review the settings as this may be the result of malware.
 	Old value: 
 	New value: HKLM\SOFTWARE\Microsoft\Windows Defender\MpEngine\MpEngineRing = 0x4"
Information,3/23/2023 1:23:18 AM,Microsoft-Windows-Windows Defender,5007,None,"Microsoft Defender Antivirus Configuration has changed. If this is an unexpected event you should review the settings as this may be the result of malware.
 	Old value: 
 	New value: HKLM\SOFTWARE\Microsoft\Windows Defender\MpEngine\MpCampRing = 0x4"
Information,3/23/2023 1:23:15 AM,Microsoft-Windows-Windows Defender,5007,None,"Microsoft Defender Antivirus Configuration has changed. If this is an unexpected event you should review the settings as this may be the result of malware.
 	Old value: HKLM\SOFTWARE\Microsoft\Windows Defender\MpEngine\MpEngineRing = 0x4
 	New value: "
Information,3/23/2023 1:23:15 AM,Microsoft-Windows-Windows Defender,5007,None,"Microsoft Defender Antivirus Configuration has changed. If this is an unexpected event you should review the settings as this may be the result of malware.
 	Old value: HKLM\SOFTWARE\Microsoft\Windows Defender\MpEngine\MpCampRing = 0x4
 	New value: "
Information,3/23/2023 1:23:14 AM,Microsoft-Windows-Windows Defender,5007,None,"Microsoft Defender Antivirus Configuration has changed. If this is an unexpected event you should review the settings as this may be the result of malware.
 	Old value: Default\ServiceStartStates = 0x0
 	New value: HKLM\SOFTWARE\Microsoft\Windows Defender\ServiceStartStates = 0x1"
Information,3/23/2023 1:23:12 AM,Microsoft-Windows-Windows Defender,5007,None,"Microsoft Defender Antivirus Configuration has changed. If this is an unexpected event you should review the settings as this may be the result of malware.
 	Old value: Default\IsServiceRunning = 0x0
 	New value: HKLM\SOFTWARE\Microsoft\Windows Defender\IsServiceRunning = 0x1"
Information,3/22/2023 9:57:35 AM,Microsoft-Windows-Windows Defender,1151,None,"Endpoint Protection client health report (time in UTC):
 	Platform version: 4.18.2302.3
 	Engine version: 1.1.20100.6
 	Network Realtime Inspection engine version: 1.1.20100.6
 	Antivirus security intelligence version: 1.385.746.0
 	Antispyware security intelligence version: 1.385.746.0
 	Network Realtime Inspection security intelligence version: 1.385.746.0
 	RTP state: Enabled
 	OA state: Enabled
 	IOAV state: Enabled
 	BM state: Enabled
 	Antivirus security intelligence age: 0
 	Antispyware security intelligence age: 0
 	Last quick scan age: 0
 	Last full scan age: 4294967295
 	Antivirus security intelligence creation time: 2023-03-22T01:14:19Z
 	Antispyware security intelligence creation time: 2023-03-22T01:14:20Z
 	Last quick scan start time: 2023-03-22T08:34:51Z
 	Last quick scan end time: 2023-03-22T08:35:23Z
 	Last quick scan source: 2
 	Last full scan start time: 1601-01-01T00:00:00Z
 	Last full scan end time: 1601-01-01T00:00:00Z
 	Last full scan source: 0
 	Product status: 0x00080000
"
Information,3/22/2023 9:57:35 AM,Microsoft-Windows-Windows Defender,1150,None,"Endpoint Protection client is up and running in a healthy state.
 	Platform version: 4.18.2302.3
 	Engine version: 1.1.20100.6
 	Security intelligence version: 1.385.746.0
"
Information,3/22/2023 2:22:33 AM,Microsoft-Windows-Windows Defender,1151,None,"Endpoint Protection client health report (time in UTC):
 	Platform version: 4.18.2302.3
 	Engine version: 1.1.20100.6
 	Network Realtime Inspection engine version: 1.1.20100.6
 	Antivirus security intelligence version: 1.385.746.0
 	Antispyware security intelligence version: 1.385.746.0
 	Network Realtime Inspection security intelligence version: 1.385.746.0
 	RTP state: Enabled
 	OA state: Enabled
 	IOAV state: Enabled
 	BM state: Enabled
 	Antivirus security intelligence age: 0
 	Antispyware security intelligence age: 0
 	Last quick scan age: 0
 	Last full scan age: 4294967295
 	Antivirus security intelligence creation time: 2023-03-22T01:14:19Z
 	Antispyware security intelligence creation time: 2023-03-22T01:14:20Z
 	Last quick scan start time: 2023-03-22T08:34:51Z
 	Last quick scan end time: 2023-03-22T08:35:23Z
 	Last quick scan source: 2
 	Last full scan start time: 1601-01-01T00:00:00Z
 	Last full scan end time: 1601-01-01T00:00:00Z
 	Last full scan source: 0
 	Product status: 0x00080000
"
Information,3/22/2023 2:22:33 AM,Microsoft-Windows-Windows Defender,1150,None,"Endpoint Protection client is up and running in a healthy state.
 	Platform version: 4.18.2302.3
 	Engine version: 1.1.20100.6
 	Security intelligence version: 1.385.746.0
"
Information,3/22/2023 1:35:23 AM,Microsoft-Windows-Windows Defender,1001,None,"Microsoft Defender Antivirus scan has finished.
 	Scan ID: {7A373D4B-CA2E-42C7-B643-5FB669D586F2}
 	Scan Type: Antimalware
 	Scan Parameters: Quick Scan
 	User: NT AUTHORITY\SYSTEM
 	Scan Time: 0:00:31"
Information,3/22/2023 1:34:51 AM,Microsoft-Windows-Windows Defender,1000,None,"Microsoft Defender Antivirus scan has started.
 	Scan ID: {7A373D4B-CA2E-42C7-B643-5FB669D586F2}
 	Scan Type: Antimalware
 	Scan Parameters: Quick Scan
 	Scan Resources: 
 	User: NT AUTHORITY\SYSTEM"
Information,3/22/2023 1:23:09 AM,Microsoft-Windows-Windows Defender,2000,None,"Microsoft Defender Antivirus security intelligence version updated.
 	Current security intelligence Version: 1.385.746.0
 	Previous security intelligence Version: 1.383.1419.0
 	Security intelligence Type: AntiSpyware
 	Update Type: Full
 	User: NT AUTHORITY\SYSTEM
 	Current Engine Version: 1.1.20100.6
 	Previous Engine Version: 1.1.20100.6"
Information,3/22/2023 1:23:09 AM,Microsoft-Windows-Windows Defender,2000,None,"Microsoft Defender Antivirus security intelligence version updated.
 	Current security intelligence Version: 1.385.746.0
 	Previous security intelligence Version: 1.383.1419.0
 	Security intelligence Type: AntiVirus
 	Update Type: Full
 	User: NT AUTHORITY\SYSTEM
 	Current Engine Version: 1.1.20100.6
 	Previous Engine Version: 1.1.20100.6"
Information,3/22/2023 1:23:09 AM,Microsoft-Windows-Windows Defender,5007,None,"Microsoft Defender Antivirus Configuration has changed. If this is an unexpected event you should review the settings as this may be the result of malware.
 	Old value: 
 	New value: HKLM\SOFTWARE\Microsoft\Windows Defender\MpEngine\MpEngineRing = 0x4"
Information,3/22/2023 1:23:09 AM,Microsoft-Windows-Windows Defender,5007,None,"Microsoft Defender Antivirus Configuration has changed. If this is an unexpected event you should review the settings as this may be the result of malware.
 	Old value: 
 	New value: HKLM\SOFTWARE\Microsoft\Windows Defender\MpEngine\MpCampRing = 0x4"
Information,3/22/2023 1:23:07 AM,Microsoft-Windows-Windows Defender,5007,None,"Microsoft Defender Antivirus Configuration has changed. If this is an unexpected event you should review the settings as this may be the result of malware.
 	Old value: HKLM\SOFTWARE\Microsoft\Windows Defender\ServiceStartStates = 0x1
 	New value: Default\ServiceStartStates = 0x0"
Information,3/22/2023 1:23:07 AM,Microsoft-Windows-Windows Defender,5007,None,"Microsoft Defender Antivirus Configuration has changed. If this is an unexpected event you should review the settings as this may be the result of malware.
 	Old value: HKLM\SOFTWARE\Microsoft\Windows Defender\OldMachineGUID = {6FDA7F34-280A-44C7-B5EF-BBC81E5A0D10}
 	New value: N/A\OldMachineGUID = "
Information,3/22/2023 1:23:05 AM,Microsoft-Windows-Windows Defender,5007,None,"Microsoft Defender Antivirus Configuration has changed. If this is an unexpected event you should review the settings as this may be the result of malware.
 	Old value: HKLM\SOFTWARE\Microsoft\Windows Defender\MpEngine\MpEngineRing = 0x4
 	New value: "
Information,3/22/2023 1:23:05 AM,Microsoft-Windows-Windows Defender,5007,None,"Microsoft Defender Antivirus Configuration has changed. If this is an unexpected event you should review the settings as this may be the result of malware.
 	Old value: HKLM\SOFTWARE\Microsoft\Windows Defender\MpEngine\MpCampRing = 0x4
 	New value: "
Information,3/22/2023 1:22:33 AM,Microsoft-Windows-Windows Defender,5007,None,"Microsoft Defender Antivirus Configuration has changed. If this is an unexpected event you should review the settings as this may be the result of malware.
 	Old value: Default\Features\DlpFileEvidenceEnabled = 0x0
 	New value: HKLM\SOFTWARE\Microsoft\Windows Defender\Features\DlpFileEvidenceEnabled = 0x0"
Information,3/22/2023 1:22:33 AM,Microsoft-Windows-Windows Defender,5007,None,"Microsoft Defender Antivirus Configuration has changed. If this is an unexpected event you should review the settings as this may be the result of malware.
 	Old value: 
 	New value: HKLM\SOFTWARE\Microsoft\Windows Defender\MpEngine\MpEngineRing = 0x4"
Information,3/22/2023 1:22:33 AM,Microsoft-Windows-Windows Defender,5007,None,"Microsoft Defender Antivirus Configuration has changed. If this is an unexpected event you should review the settings as this may be the result of malware.
 	Old value: 
 	New value: HKLM\SOFTWARE\Microsoft\Windows Defender\MpEngine\MpCampRing = 0x4"
Information,3/22/2023 1:22:33 AM,Microsoft-Windows-Windows Defender,5007,None,"Microsoft Defender Antivirus Configuration has changed. If this is an unexpected event you should review the settings as this may be the result of malware.
 	Old value: 
 	New value: HKLM\SOFTWARE\Microsoft\Windows Defender\Features\Controls\22 = 0x3C"
Information,3/22/2023 1:22:33 AM,Microsoft-Windows-Windows Defender,5007,None,"Microsoft Defender Antivirus Configuration has changed. If this is an unexpected event you should review the settings as this may be the result of malware.
 	Old value: 
 	New value: HKLM\SOFTWARE\Microsoft\Windows Defender\Features\Controls\25 = 0x1"
Information,3/22/2023 1:22:33 AM,Microsoft-Windows-Windows Defender,5007,None,"Microsoft Defender Antivirus Configuration has changed. If this is an unexpected event you should review the settings as this may be the result of malware.
 	Old value: HKLM\SOFTWARE\Microsoft\Windows Defender\InstallLocation = C:\ProgramData\Microsoft\Windows Defender\platform\4.18.2301.6-0\
 	New value: HKLM\SOFTWARE\Microsoft\Windows Defender\InstallLocation = C:\ProgramData\Microsoft\Windows Defender\Platform\4.18.2302.3-0\"
Information,3/22/2023 1:22:30 AM,Microsoft-Windows-Windows Defender,5007,None,"Microsoft Defender Antivirus Configuration has changed. If this is an unexpected event you should review the settings as this may be the result of malware.
 	Old value: HKLM\SOFTWARE\Microsoft\Windows Defender\MpEngine\MpEngineRing = 0x4
 	New value: "
Information,3/22/2023 1:22:30 AM,Microsoft-Windows-Windows Defender,5007,None,"Microsoft Defender Antivirus Configuration has changed. If this is an unexpected event you should review the settings as this may be the result of malware.
 	Old value: HKLM\SOFTWARE\Microsoft\Windows Defender\MpEngine\MpCampRing = 0x4
 	New value: "
Information,3/22/2023 1:22:30 AM,Microsoft-Windows-Windows Defender,5007,None,"Microsoft Defender Antivirus Configuration has changed. If this is an unexpected event you should review the settings as this may be the result of malware.
 	Old value: Default\IsServiceRunning = 0x0
 	New value: HKLM\SOFTWARE\Microsoft\Windows Defender\IsServiceRunning = 0x1"
Information,3/22/2023 1:22:29 AM,Microsoft-Windows-Windows Defender,2014,None,"Microsoft Defender Antivirus platform update to 4.18.2302.3 has succeeded.
"
Information,3/22/2023 1:21:38 AM,Microsoft-Windows-Windows Defender,5007,None,"Microsoft Defender Antivirus Configuration has changed. If this is an unexpected event you should review the settings as this may be the result of malware.
 	Old value: 
 	New value: HKLM\SOFTWARE\Microsoft\Windows Defender\MpEngine\MpEngineRing = 0x4"
Information,3/22/2023 1:21:38 AM,Microsoft-Windows-Windows Defender,5007,None,"Microsoft Defender Antivirus Configuration has changed. If this is an unexpected event you should review the settings as this may be the result of malware.
 	Old value: 
 	New value: HKLM\SOFTWARE\Microsoft\Windows Defender\MpEngine\MpCampRing = 0x4"
Information,3/22/2023 1:21:36 AM,Microsoft-Windows-Windows Defender,5007,None,"Microsoft Defender Antivirus Configuration has changed. If this is an unexpected event you should review the settings as this may be the result of malware.
 	Old value: HKLM\SOFTWARE\Microsoft\Windows Defender\MpEngine\MpEngineRing = 0x4
 	New value: "
Information,3/22/2023 1:21:36 AM,Microsoft-Windows-Windows Defender,5007,None,"Microsoft Defender Antivirus Configuration has changed. If this is an unexpected event you should review the settings as this may be the result of malware.
 	Old value: HKLM\SOFTWARE\Microsoft\Windows Defender\MpEngine\MpCampRing = 0x4
 	New value: "
Information,3/22/2023 1:20:55 AM,Microsoft-Windows-Windows Defender,5007,None,"Microsoft Defender Antivirus Configuration has changed. If this is an unexpected event you should review the settings as this may be the result of malware.
 	Old value: 
 	New value: HKLM\SOFTWARE\Microsoft\Windows Defender\MpEngine\MpEngineRing = 0x4"
Information,3/22/2023 1:20:55 AM,Microsoft-Windows-Windows Defender,5007,None,"Microsoft Defender Antivirus Configuration has changed. If this is an unexpected event you should review the settings as this may be the result of malware.
 	Old value: 
 	New value: HKLM\SOFTWARE\Microsoft\Windows Defender\MpEngine\MpCampRing = 0x4"
Information,3/22/2023 1:20:52 AM,Microsoft-Windows-Windows Defender,5007,None,"Microsoft Defender Antivirus Configuration has changed. If this is an unexpected event you should review the settings as this may be the result of malware.
 	Old value: HKLM\SOFTWARE\Microsoft\Windows Defender\MpEngine\MpEngineRing = 0x4
 	New value: "
Information,3/22/2023 1:20:52 AM,Microsoft-Windows-Windows Defender,5007,None,"Microsoft Defender Antivirus Configuration has changed. If this is an unexpected event you should review the settings as this may be the result of malware.
 	Old value: HKLM\SOFTWARE\Microsoft\Windows Defender\MpEngine\MpCampRing = 0x4
 	New value: "
Information,3/22/2023 1:20:50 AM,Microsoft-Windows-Windows Defender,5007,None,"Microsoft Defender Antivirus Configuration has changed. If this is an unexpected event you should review the settings as this may be the result of malware.
 	Old value: Default\IsServiceRunning = 0x0
 	New value: HKLM\SOFTWARE\Microsoft\Windows Defender\IsServiceRunning = 0x1"
Information,3/22/2023 1:19:32 AM,Microsoft-Windows-Windows Defender,1013,None,"Microsoft Defender Antivirus has removed history of malware and other potentially unwanted software.
 	Time: 2023-03-07T08:19:32Z
 	User: NT AUTHORITY\SYSTEM
"
Information,3/22/2023 1:19:32 AM,Microsoft-Windows-Windows Defender,5007,None,"Microsoft Defender Antivirus Configuration has changed. If this is an unexpected event you should review the settings as this may be the result of malware.
 	Old value: 
 	New value: HKLM\SOFTWARE\Microsoft\Windows Defender\MpEngine\MpEngineRing = 0x4"
Information,3/22/2023 1:19:32 AM,Microsoft-Windows-Windows Defender,5007,None,"Microsoft Defender Antivirus Configuration has changed. If this is an unexpected event you should review the settings as this may be the result of malware.
 	Old value: 
 	New value: HKLM\SOFTWARE\Microsoft\Windows Defender\MpEngine\MpCampRing = 0x4"
Information,3/22/2023 1:19:30 AM,Microsoft-Windows-Windows Defender,5007,None,"Microsoft Defender Antivirus Configuration has changed. If this is an unexpected event you should review the settings as this may be the result of malware.
 	Old value: HKLM\SOFTWARE\Microsoft\Windows Defender\MpEngine\MpEngineRing = 0x4
 	New value: "
Information,3/22/2023 1:19:30 AM,Microsoft-Windows-Windows Defender,5007,None,"Microsoft Defender Antivirus Configuration has changed. If this is an unexpected event you should review the settings as this may be the result of malware.
 	Old value: HKLM\SOFTWARE\Microsoft\Windows Defender\MpEngine\MpCampRing = 0x4
 	New value: "
Information,3/9/2023 9:20:27 PM,Microsoft-Windows-Windows Defender,2002,None,"Microsoft Defender Antivirus engine version has been updated.
 	Current Engine Version: 1.1.20100.6
 	Previous Engine Version: 1.1.20000.2
 	User: NT AUTHORITY\SYSTEM"
Information,3/9/2023 9:20:27 PM,Microsoft-Windows-Windows Defender,5007,None,"Microsoft Defender Antivirus Configuration has changed. If this is an unexpected event you should review the settings as this may be the result of malware.
 	Old value: 
 	New value: HKLM\SOFTWARE\Microsoft\Windows Defender\MpEngine\MpEngineRing = 0x4"
Information,3/9/2023 9:20:27 PM,Microsoft-Windows-Windows Defender,5007,None,"Microsoft Defender Antivirus Configuration has changed. If this is an unexpected event you should review the settings as this may be the result of malware.
 	Old value: 
 	New value: HKLM\SOFTWARE\Microsoft\Windows Defender\MpEngine\MpCampRing = 0x4"
Information,3/9/2023 9:20:24 PM,Microsoft-Windows-Windows Defender,5007,None,"Microsoft Defender Antivirus Configuration has changed. If this is an unexpected event you should review the settings as this may be the result of malware.
 	Old value: HKLM\SOFTWARE\Microsoft\Windows Defender\MpEngine\MpEngineRing = 0x4
 	New value: "
Information,3/9/2023 9:20:24 PM,Microsoft-Windows-Windows Defender,5007,None,"Microsoft Defender Antivirus Configuration has changed. If this is an unexpected event you should review the settings as this may be the result of malware.
 	Old value: HKLM\SOFTWARE\Microsoft\Windows Defender\MpEngine\MpCampRing = 0x4
 	New value: "
Information,3/9/2023 9:20:12 PM,Microsoft-Windows-Windows Defender,5007,None,"Microsoft Defender Antivirus Configuration has changed. If this is an unexpected event you should review the settings as this may be the result of malware.
 	Old value: N/A\OldMachineGUID = 
 	New value: HKLM\SOFTWARE\Microsoft\Windows Defender\OldMachineGUID = {6FDA7F34-280A-44C7-B5EF-BBC81E5A0D10}"
Information,3/9/2023 9:20:11 PM,Microsoft-Windows-Windows Defender,5007,None,"Microsoft Defender Antivirus Configuration has changed. If this is an unexpected event you should review the settings as this may be the result of malware.
 	Old value: 
 	New value: HKLM\SOFTWARE\Microsoft\Windows Defender\MpEngine\MpEngineRing = 0x4"
Information,3/9/2023 9:20:11 PM,Microsoft-Windows-Windows Defender,5007,None,"Microsoft Defender Antivirus Configuration has changed. If this is an unexpected event you should review the settings as this may be the result of malware.
 	Old value: 
 	New value: HKLM\SOFTWARE\Microsoft\Windows Defender\MpEngine\MpCampRing = 0x4"
Information,3/9/2023 9:20:09 PM,Microsoft-Windows-Windows Defender,5007,None,"Microsoft Defender Antivirus Configuration has changed. If this is an unexpected event you should review the settings as this may be the result of malware.
 	Old value: Default\ReportingGUID = 6FDA7F34-280A-44C7-B5EF-BBC81E5A0D10
 	New value: HKLM\SOFTWARE\Microsoft\Windows Defender\ReportingGUID = AB0436BF-81F0-4EE2-99AE-47F6609BEAFE"
Information,3/9/2023 9:10:14 PM,Microsoft-Windows-Windows Defender,5000,None,Microsoft Defender Antivirus Real-time Protection scanning for malware and other potentially unwanted software was enabled.
Information,3/9/2023 9:09:58 PM,Microsoft-Windows-Windows Defender,5007,None,"Microsoft Defender Antivirus Configuration has changed. If this is an unexpected event you should review the settings as this may be the result of malware.
 	Old value: Default\ServiceStartStates = 0x0
 	New value: HKLM\SOFTWARE\Microsoft\Windows Defender\ServiceStartStates = 0x1"
Information,3/9/2023 9:09:56 PM,Microsoft-Windows-Windows Defender,5007,None,"Microsoft Defender Antivirus Configuration has changed. If this is an unexpected event you should review the settings as this may be the result of malware.
 	Old value: Default\IsServiceRunning = 0x0
 	New value: HKLM\SOFTWARE\Microsoft\Windows Defender\IsServiceRunning = 0x1"
Information,3/9/2023 7:00:36 PM,Microsoft-Windows-Windows Defender,1151,None,"Endpoint Protection client health report (time in UTC):
 	Platform version: 4.18.2301.6
 	Engine version: 1.1.20000.2
 	Network Realtime Inspection engine version: 0.0.0.0
 	Antivirus security intelligence version: 1.383.1419.0
 	Antispyware security intelligence version: 1.383.1419.0
 	Network Realtime Inspection security intelligence version: 0.0.0.0
 	RTP state: Disabled
 	OA state: Disabled
 	IOAV state: Disabled
 	BM state: Disabled
 	Antivirus security intelligence age: 0
 	Antispyware security intelligence age: 0
 	Last quick scan age: 0
 	Last full scan age: 4294967295
 	Antivirus security intelligence creation time: 2023-03-09T19:43:40Z
 	Antispyware security intelligence creation time: 2023-03-09T19:43:40Z
 	Last quick scan start time: 2023-03-10T02:33:49Z
 	Last quick scan end time: 2023-03-10T02:34:32Z
 	Last quick scan source: 2
 	Last full scan start time: 1601-01-01T00:00:00Z
 	Last full scan end time: 1601-01-01T00:00:00Z
 	Last full scan source: 0
 	Product status: 0x00080008
"
Information,3/9/2023 6:48:02 PM,Microsoft-Windows-Windows Defender,5007,None,"Microsoft Defender Antivirus Configuration has changed. If this is an unexpected event you should review the settings as this may be the result of malware.
 	Old value: HKLM\SOFTWARE\Microsoft\Windows Defender\Features\TamperProtectionSource = 0x5
 	New value: HKLM\SOFTWARE\Microsoft\Windows Defender\Features\TamperProtectionSource = 0x2"
Information,3/9/2023 6:48:02 PM,Microsoft-Windows-Windows Defender,5007,None,"Microsoft Defender Antivirus Configuration has changed. If this is an unexpected event you should review the settings as this may be the result of malware.
 	Old value: HKLM\SOFTWARE\Microsoft\Windows Defender\Features\TamperProtection = 0x1
 	New value: HKLM\SOFTWARE\Microsoft\Windows Defender\Features\TamperProtection = 0x4"
Information,3/9/2023 6:48:01 PM,Microsoft-Windows-Windows Defender,5007,None,"Microsoft Defender Antivirus Configuration has changed. If this is an unexpected event you should review the settings as this may be the result of malware.
 	Old value: HKLM\SOFTWARE\Microsoft\Windows Defender\SpyNet\SubmitSamplesConsent = 0x1
 	New value: HKLM\SOFTWARE\Microsoft\Windows Defender\SpyNet\SubmitSamplesConsent = 0x0"
Information,3/9/2023 6:47:59 PM,Microsoft-Windows-Windows Defender,5007,None,"Microsoft Defender Antivirus Configuration has changed. If this is an unexpected event you should review the settings as this may be the result of malware.
 	Old value: HKLM\SOFTWARE\Microsoft\Windows Defender\SpyNet\SpyNetReporting = 0x2
 	New value: HKLM\SOFTWARE\Microsoft\Windows Defender\SpyNet\SpyNetReporting = 0x0"
Information,3/9/2023 6:46:44 PM,Microsoft-Windows-Windows Defender,1117,None,"Microsoft Defender Antivirus has taken action to protect this machine from malware or other potentially unwanted software.
 For more information please see the following:
https://go.microsoft.com/fwlink/?linkid=37020&name=Trojan:Win64/Meterpreter.B&threatid=2147721790&enterprise=0
 	Name: Trojan:Win64/Meterpreter.B
 	ID: 2147721790
 	Severity: Severe
 	Category: Trojan
 	Path: file:_C:\Users\CyberJunkie\AppData\Local\Temp\msf.dll
 	Detection Origin: Local machine
 	Detection Type: Concrete
 	Detection Source: Real-Time Protection
 	User: NT AUTHORITY\SYSTEM
 	Process Name: C:\Windows\System32\svchost.exe
 	Action: Quarantine
 	Action Status:  To finish removing malware and other potentially unwanted software, restart the device. 
 	Error Code: 0x00000000
 	Error description: The operation completed successfully. 
 	Security intelligence Version: AV: 1.383.1419.0, AS: 1.383.1419.0, NIS: 0.0.0.0
 	Engine Version: AM: 1.1.20000.2, NIS: 0.0.0.0"
Information,3/9/2023 6:46:33 PM,Microsoft-Windows-Windows Defender,5001,None,Microsoft Defender Antivirus Real-time Protection scanning for malware and other potentially unwanted software was disabled.
Warning,3/9/2023 6:46:31 PM,Microsoft-Windows-Windows Defender,1116,None,"Microsoft Defender Antivirus has detected malware or other potentially unwanted software.
 For more information please see the following:
https://go.microsoft.com/fwlink/?linkid=37020&name=Trojan:Win64/Meterpreter.B&threatid=2147721790&enterprise=0
 	Name: Trojan:Win64/Meterpreter.B
 	ID: 2147721790
 	Severity: Severe
 	Category: Trojan
 	Path: file:_C:\Users\CyberJunkie\AppData\Local\Temp\msf.dll
 	Detection Origin: Local machine
 	Detection Type: Concrete
 	Detection Source: Real-Time Protection
 	User: NT AUTHORITY\SYSTEM
 	Process Name: C:\Windows\System32\svchost.exe
 	Security intelligence Version: AV: 1.383.1419.0, AS: 1.383.1419.0, NIS: 1.383.1419.0
 	Engine Version: AM: 1.1.20000.2, NIS: 1.1.20000.2"
Information,3/9/2023 6:46:31 PM,Microsoft-Windows-Windows Defender,1117,None,"Microsoft Defender Antivirus has taken action to protect this machine from malware or other potentially unwanted software.
 For more information please see the following:
https://go.microsoft.com/fwlink/?linkid=37020&name=Trojan:Win64/Meterpreter.B&threatid=2147721790&enterprise=0
 	Name: Trojan:Win64/Meterpreter.B
 	ID: 2147721790
 	Severity: Severe
 	Category: Trojan
 	Path: file:_C:\Users\CyberJunkie\AppData\Local\Temp\msf.dll
 	Detection Origin: Local machine
 	Detection Type: Concrete
 	Detection Source: Real-Time Protection
 	User: NT AUTHORITY\SYSTEM
 	Process Name: C:\Windows\System32\svchost.exe
 	Action: Quarantine
 	Action Status:  To finish removing malware and other potentially unwanted software, restart the device. 
 	Error Code: 0x00000000
 	Error description: The operation completed successfully. 
 	Security intelligence Version: AV: 1.383.1419.0, AS: 1.383.1419.0, NIS: 1.383.1419.0
 	Engine Version: AM: 1.1.20000.2, NIS: 1.1.20000.2"
Warning,3/9/2023 6:46:30 PM,Microsoft-Windows-Windows Defender,1116,None,"Microsoft Defender Antivirus has detected malware or other potentially unwanted software.
 For more information please see the following:
https://go.microsoft.com/fwlink/?linkid=37020&name=Trojan:Win64/Meterpreter.B&threatid=2147721790&enterprise=0
 	Name: Trojan:Win64/Meterpreter.B
 	ID: 2147721790
 	Severity: Severe
 	Category: Trojan
 	Path: file:_C:\Users\CyberJunkie\AppData\Local\Temp\msf.dll
 	Detection Origin: Local machine
 	Detection Type: Concrete
 	Detection Source: Real-Time Protection
 	User: NT AUTHORITY\SYSTEM
 	Process Name: C:\Windows\System32\svchost.exe
 	Security intelligence Version: AV: 1.383.1419.0, AS: 1.383.1419.0, NIS: 1.383.1419.0
 	Engine Version: AM: 1.1.20000.2, NIS: 1.1.20000.2"
Warning,3/9/2023 6:46:17 PM,Microsoft-Windows-Windows Defender,1116,None,"Microsoft Defender Antivirus has detected malware or other potentially unwanted software.
 For more information please see the following:
https://go.microsoft.com/fwlink/?linkid=37020&name=Trojan:Win64/Meterpreter.B&threatid=2147721790&enterprise=0
 	Name: Trojan:Win64/Meterpreter.B
 	ID: 2147721790
 	Severity: Severe
 	Category: Trojan
 	Path: file:_C:\Users\CyberJunkie\AppData\Local\Temp\msf.dll
 	Detection Origin: Local machine
 	Detection Type: Concrete
 	Detection Source: Real-Time Protection
 	User: NT AUTHORITY\SYSTEM
 	Process Name: C:\Windows\System32\svchost.exe
 	Security intelligence Version: AV: 1.383.1419.0, AS: 1.383.1419.0, NIS: 1.383.1419.0
 	Engine Version: AM: 1.1.20000.2, NIS: 1.1.20000.2"
Information,3/9/2023 6:46:17 PM,Microsoft-Windows-Windows Defender,1117,None,"Microsoft Defender Antivirus has taken action to protect this machine from malware or other potentially unwanted software.
 For more information please see the following:
https://go.microsoft.com/fwlink/?linkid=37020&name=Trojan:Win64/Meterpreter.B&threatid=2147721790&enterprise=0
 	Name: Trojan:Win64/Meterpreter.B
 	ID: 2147721790
 	Severity: Severe
 	Category: Trojan
 	Path: file:_C:\Users\CyberJunkie\AppData\Local\Temp\msf.dll
 	Detection Origin: Local machine
 	Detection Type: Concrete
 	Detection Source: Real-Time Protection
 	User: NT AUTHORITY\SYSTEM
 	Process Name: C:\Windows\System32\svchost.exe
 	Action: Quarantine
 	Action Status:  To finish removing malware and other potentially unwanted software, restart the device. 
 	Error Code: 0x00000000
 	Error description: The operation completed successfully. 
 	Security intelligence Version: AV: 1.383.1419.0, AS: 1.383.1419.0, NIS: 1.383.1419.0
 	Engine Version: AM: 1.1.20000.2, NIS: 1.1.20000.2"
Warning,3/9/2023 6:46:17 PM,Microsoft-Windows-Windows Defender,1116,None,"Microsoft Defender Antivirus has detected malware or other potentially unwanted software.
 For more information please see the following:
https://go.microsoft.com/fwlink/?linkid=37020&name=Trojan:Win64/Meterpreter.B&threatid=2147721790&enterprise=0
 	Name: Trojan:Win64/Meterpreter.B
 	ID: 2147721790
 	Severity: Severe
 	Category: Trojan
 	Path: file:_C:\Users\CyberJunkie\AppData\Local\Temp\msf.dll
 	Detection Origin: Local machine
 	Detection Type: Concrete
 	Detection Source: Real-Time Protection
 	User: NT AUTHORITY\SYSTEM
 	Process Name: C:\Windows\System32\svchost.exe
 	Security intelligence Version: AV: 1.383.1419.0, AS: 1.383.1419.0, NIS: 1.383.1419.0
 	Engine Version: AM: 1.1.20000.2, NIS: 1.1.20000.2"
Warning,3/9/2023 6:46:04 PM,Microsoft-Windows-Windows Defender,1116,None,"Microsoft Defender Antivirus has detected malware or other potentially unwanted software.
 For more information please see the following:
https://go.microsoft.com/fwlink/?linkid=37020&name=Trojan:Win64/Meterpreter.B&threatid=2147721790&enterprise=0
 	Name: Trojan:Win64/Meterpreter.B
 	ID: 2147721790
 	Severity: Severe
 	Category: Trojan
 	Path: file:_C:\Users\CyberJunkie\AppData\Local\Temp\msf.dll
 	Detection Origin: Local machine
 	Detection Type: Concrete
 	Detection Source: Real-Time Protection
 	User: NT AUTHORITY\SYSTEM
 	Process Name: C:\Windows\System32\svchost.exe
 	Security intelligence Version: AV: 1.383.1419.0, AS: 1.383.1419.0, NIS: 1.383.1419.0
 	Engine Version: AM: 1.1.20000.2, NIS: 1.1.20000.2"
Information,3/9/2023 6:46:04 PM,Microsoft-Windows-Windows Defender,1117,None,"Microsoft Defender Antivirus has taken action to protect this machine from malware or other potentially unwanted software.
 For more information please see the following:
https://go.microsoft.com/fwlink/?linkid=37020&name=Trojan:Win64/Meterpreter.B&threatid=2147721790&enterprise=0
 	Name: Trojan:Win64/Meterpreter.B
 	ID: 2147721790
 	Severity: Severe
 	Category: Trojan
 	Path: file:_C:\Users\CyberJunkie\AppData\Local\Temp\msf.dll
 	Detection Origin: Local machine
 	Detection Type: Concrete
 	Detection Source: Real-Time Protection
 	User: NT AUTHORITY\SYSTEM
 	Process Name: C:\Windows\System32\svchost.exe
 	Action: Quarantine
 	Action Status:  To finish removing malware and other potentially unwanted software, restart the device. 
 	Error Code: 0x00000000
 	Error description: The operation completed successfully. 
 	Security intelligence Version: AV: 1.383.1419.0, AS: 1.383.1419.0, NIS: 1.383.1419.0
 	Engine Version: AM: 1.1.20000.2, NIS: 1.1.20000.2"
Warning,3/9/2023 6:46:04 PM,Microsoft-Windows-Windows Defender,1116,None,"Microsoft Defender Antivirus has detected malware or other potentially unwanted software.
 For more information please see the following:
https://go.microsoft.com/fwlink/?linkid=37020&name=Trojan:Win64/Meterpreter.B&threatid=2147721790&enterprise=0
 	Name: Trojan:Win64/Meterpreter.B
 	ID: 2147721790
 	Severity: Severe
 	Category: Trojan
 	Path: file:_C:\Users\CyberJunkie\AppData\Local\Temp\msf.dll
 	Detection Origin: Local machine
 	Detection Type: Concrete
 	Detection Source: Real-Time Protection
 	User: NT AUTHORITY\SYSTEM
 	Process Name: C:\Windows\System32\svchost.exe
 	Security intelligence Version: AV: 1.383.1419.0, AS: 1.383.1419.0, NIS: 1.383.1419.0
 	Engine Version: AM: 1.1.20000.2, NIS: 1.1.20000.2"
Warning,3/9/2023 6:45:52 PM,Microsoft-Windows-Windows Defender,1116,None,"Microsoft Defender Antivirus has detected malware or other potentially unwanted software.
 For more information please see the following:
https://go.microsoft.com/fwlink/?linkid=37020&name=Trojan:Win64/Meterpreter.B&threatid=2147721790&enterprise=0
 	Name: Trojan:Win64/Meterpreter.B
 	ID: 2147721790
 	Severity: Severe
 	Category: Trojan
 	Path: file:_C:\Users\CyberJunkie\AppData\Local\Temp\msf.dll
 	Detection Origin: Local machine
 	Detection Type: Concrete
 	Detection Source: Real-Time Protection
 	User: NT AUTHORITY\SYSTEM
 	Process Name: C:\Windows\System32\svchost.exe
 	Security intelligence Version: AV: 1.383.1419.0, AS: 1.383.1419.0, NIS: 1.383.1419.0
 	Engine Version: AM: 1.1.20000.2, NIS: 1.1.20000.2"
Information,3/9/2023 6:45:52 PM,Microsoft-Windows-Windows Defender,1117,None,"Microsoft Defender Antivirus has taken action to protect this machine from malware or other potentially unwanted software.
 For more information please see the following:
https://go.microsoft.com/fwlink/?linkid=37020&name=Trojan:Win64/Meterpreter.B&threatid=2147721790&enterprise=0
 	Name: Trojan:Win64/Meterpreter.B
 	ID: 2147721790
 	Severity: Severe
 	Category: Trojan
 	Path: file:_C:\Users\CyberJunkie\AppData\Local\Temp\msf.dll
 	Detection Origin: Local machine
 	Detection Type: Concrete
 	Detection Source: Real-Time Protection
 	User: NT AUTHORITY\SYSTEM
 	Process Name: C:\Windows\System32\svchost.exe
 	Action: Quarantine
 	Action Status:  To finish removing malware and other potentially unwanted software, restart the device. 
 	Error Code: 0x00000000
 	Error description: The operation completed successfully. 
 	Security intelligence Version: AV: 1.383.1419.0, AS: 1.383.1419.0, NIS: 1.383.1419.0
 	Engine Version: AM: 1.1.20000.2, NIS: 1.1.20000.2"
Warning,3/9/2023 6:45:52 PM,Microsoft-Windows-Windows Defender,1116,None,"Microsoft Defender Antivirus has detected malware or other potentially unwanted software.
 For more information please see the following:
https://go.microsoft.com/fwlink/?linkid=37020&name=Trojan:Win64/Meterpreter.B&threatid=2147721790&enterprise=0
 	Name: Trojan:Win64/Meterpreter.B
 	ID: 2147721790
 	Severity: Severe
 	Category: Trojan
 	Path: file:_C:\Users\CyberJunkie\AppData\Local\Temp\msf.dll
 	Detection Origin: Local machine
 	Detection Type: Concrete
 	Detection Source: Real-Time Protection
 	User: NT AUTHORITY\SYSTEM
 	Process Name: C:\Windows\System32\svchost.exe
 	Security intelligence Version: AV: 1.383.1419.0, AS: 1.383.1419.0, NIS: 1.383.1419.0
 	Engine Version: AM: 1.1.20000.2, NIS: 1.1.20000.2"
Warning,3/9/2023 6:45:39 PM,Microsoft-Windows-Windows Defender,1116,None,"Microsoft Defender Antivirus has detected malware or other potentially unwanted software.
 For more information please see the following:
https://go.microsoft.com/fwlink/?linkid=37020&name=Trojan:Win64/Meterpreter.B&threatid=2147721790&enterprise=0
 	Name: Trojan:Win64/Meterpreter.B
 	ID: 2147721790
 	Severity: Severe
 	Category: Trojan
 	Path: file:_C:\Users\CyberJunkie\AppData\Local\Temp\msf.dll
 	Detection Origin: Local machine
 	Detection Type: Concrete
 	Detection Source: Real-Time Protection
 	User: NT AUTHORITY\SYSTEM
 	Process Name: C:\Windows\System32\svchost.exe
 	Security intelligence Version: AV: 1.383.1419.0, AS: 1.383.1419.0, NIS: 1.383.1419.0
 	Engine Version: AM: 1.1.20000.2, NIS: 1.1.20000.2"
Information,3/9/2023 6:45:39 PM,Microsoft-Windows-Windows Defender,1117,None,"Microsoft Defender Antivirus has taken action to protect this machine from malware or other potentially unwanted software.
 For more information please see the following:
https://go.microsoft.com/fwlink/?linkid=37020&name=Trojan:Win64/Meterpreter.B&threatid=2147721790&enterprise=0
 	Name: Trojan:Win64/Meterpreter.B
 	ID: 2147721790
 	Severity: Severe
 	Category: Trojan
 	Path: file:_C:\Users\CyberJunkie\AppData\Local\Temp\msf.dll
 	Detection Origin: Local machine
 	Detection Type: Concrete
 	Detection Source: Real-Time Protection
 	User: NT AUTHORITY\SYSTEM
 	Process Name: C:\Windows\System32\svchost.exe
 	Action: Quarantine
 	Action Status:  To finish removing malware and other potentially unwanted software, restart the device. 
 	Error Code: 0x00000000
 	Error description: The operation completed successfully. 
 	Security intelligence Version: AV: 1.383.1419.0, AS: 1.383.1419.0, NIS: 1.383.1419.0
 	Engine Version: AM: 1.1.20000.2, NIS: 1.1.20000.2"
Warning,3/9/2023 6:45:39 PM,Microsoft-Windows-Windows Defender,1116,None,"Microsoft Defender Antivirus has detected malware or other potentially unwanted software.
 For more information please see the following:
https://go.microsoft.com/fwlink/?linkid=37020&name=Trojan:Win64/Meterpreter.B&threatid=2147721790&enterprise=0
 	Name: Trojan:Win64/Meterpreter.B
 	ID: 2147721790
 	Severity: Severe
 	Category: Trojan
 	Path: file:_C:\Users\CyberJunkie\AppData\Local\Temp\msf.dll
 	Detection Origin: Local machine
 	Detection Type: Concrete
 	Detection Source: Real-Time Protection
 	User: NT AUTHORITY\SYSTEM
 	Process Name: C:\Windows\System32\svchost.exe
 	Security intelligence Version: AV: 1.383.1419.0, AS: 1.383.1419.0, NIS: 1.383.1419.0
 	Engine Version: AM: 1.1.20000.2, NIS: 1.1.20000.2"
Warning,3/9/2023 6:45:26 PM,Microsoft-Windows-Windows Defender,1116,None,"Microsoft Defender Antivirus has detected malware or other potentially unwanted software.
 For more information please see the following:
https://go.microsoft.com/fwlink/?linkid=37020&name=Trojan:Win64/Meterpreter.B&threatid=2147721790&enterprise=0
 	Name: Trojan:Win64/Meterpreter.B
 	ID: 2147721790
 	Severity: Severe
 	Category: Trojan
 	Path: file:_C:\Users\CyberJunkie\AppData\Local\Temp\msf.dll
 	Detection Origin: Local machine
 	Detection Type: Concrete
 	Detection Source: Real-Time Protection
 	User: NT AUTHORITY\SYSTEM
 	Process Name: C:\Windows\System32\svchost.exe
 	Security intelligence Version: AV: 1.383.1419.0, AS: 1.383.1419.0, NIS: 1.383.1419.0
 	Engine Version: AM: 1.1.20000.2, NIS: 1.1.20000.2"
Information,3/9/2023 6:45:26 PM,Microsoft-Windows-Windows Defender,1117,None,"Microsoft Defender Antivirus has taken action to protect this machine from malware or other potentially unwanted software.
 For more information please see the following:
https://go.microsoft.com/fwlink/?linkid=37020&name=Trojan:Win64/Meterpreter.B&threatid=2147721790&enterprise=0
 	Name: Trojan:Win64/Meterpreter.B
 	ID: 2147721790
 	Severity: Severe
 	Category: Trojan
 	Path: file:_C:\Users\CyberJunkie\AppData\Local\Temp\msf.dll
 	Detection Origin: Local machine
 	Detection Type: Concrete
 	Detection Source: Real-Time Protection
 	User: NT AUTHORITY\SYSTEM
 	Process Name: C:\Windows\System32\svchost.exe
 	Action: Quarantine
 	Action Status:  To finish removing malware and other potentially unwanted software, restart the device. 
 	Error Code: 0x00000000
 	Error description: The operation completed successfully. 
 	Security intelligence Version: AV: 1.383.1419.0, AS: 1.383.1419.0, NIS: 1.383.1419.0
 	Engine Version: AM: 1.1.20000.2, NIS: 1.1.20000.2"
Warning,3/9/2023 6:45:26 PM,Microsoft-Windows-Windows Defender,1116,None,"Microsoft Defender Antivirus has detected malware or other potentially unwanted software.
 For more information please see the following:
https://go.microsoft.com/fwlink/?linkid=37020&name=Trojan:Win64/Meterpreter.B&threatid=2147721790&enterprise=0
 	Name: Trojan:Win64/Meterpreter.B
 	ID: 2147721790
 	Severity: Severe
 	Category: Trojan
 	Path: file:_C:\Users\CyberJunkie\AppData\Local\Temp\msf.dll
 	Detection Origin: Local machine
 	Detection Type: Concrete
 	Detection Source: Real-Time Protection
 	User: NT AUTHORITY\SYSTEM
 	Process Name: C:\Windows\System32\svchost.exe
 	Security intelligence Version: AV: 1.383.1419.0, AS: 1.383.1419.0, NIS: 1.383.1419.0
 	Engine Version: AM: 1.1.20000.2, NIS: 1.1.20000.2"
Warning,3/9/2023 6:45:13 PM,Microsoft-Windows-Windows Defender,1116,None,"Microsoft Defender Antivirus has detected malware or other potentially unwanted software.
 For more information please see the following:
https://go.microsoft.com/fwlink/?linkid=37020&name=Trojan:Win64/Meterpreter.B&threatid=2147721790&enterprise=0
 	Name: Trojan:Win64/Meterpreter.B
 	ID: 2147721790
 	Severity: Severe
 	Category: Trojan
 	Path: file:_C:\Users\CyberJunkie\AppData\Local\Temp\msf.dll
 	Detection Origin: Local machine
 	Detection Type: Concrete
 	Detection Source: Real-Time Protection
 	User: NT AUTHORITY\SYSTEM
 	Process Name: C:\Windows\System32\svchost.exe
 	Security intelligence Version: AV: 1.383.1419.0, AS: 1.383.1419.0, NIS: 1.383.1419.0
 	Engine Version: AM: 1.1.20000.2, NIS: 1.1.20000.2"
Information,3/9/2023 6:45:13 PM,Microsoft-Windows-Windows Defender,1117,None,"Microsoft Defender Antivirus has taken action to protect this machine from malware or other potentially unwanted software.
 For more information please see the following:
https://go.microsoft.com/fwlink/?linkid=37020&name=Trojan:Win64/Meterpreter.B&threatid=2147721790&enterprise=0
 	Name: Trojan:Win64/Meterpreter.B
 	ID: 2147721790
 	Severity: Severe
 	Category: Trojan
 	Path: file:_C:\Users\CyberJunkie\AppData\Local\Temp\msf.dll
 	Detection Origin: Local machine
 	Detection Type: Concrete
 	Detection Source: Real-Time Protection
 	User: NT AUTHORITY\SYSTEM
 	Process Name: C:\Windows\System32\svchost.exe
 	Action: Quarantine
 	Action Status:  To finish removing malware and other potentially unwanted software, restart the device. 
 	Error Code: 0x00000000
 	Error description: The operation completed successfully. 
 	Security intelligence Version: AV: 1.383.1419.0, AS: 1.383.1419.0, NIS: 1.383.1419.0
 	Engine Version: AM: 1.1.20000.2, NIS: 1.1.20000.2"
Warning,3/9/2023 6:45:13 PM,Microsoft-Windows-Windows Defender,1116,None,"Microsoft Defender Antivirus has detected malware or other potentially unwanted software.
 For more information please see the following:
https://go.microsoft.com/fwlink/?linkid=37020&name=Trojan:Win64/Meterpreter.B&threatid=2147721790&enterprise=0
 	Name: Trojan:Win64/Meterpreter.B
 	ID: 2147721790
 	Severity: Severe
 	Category: Trojan
 	Path: file:_C:\Users\CyberJunkie\AppData\Local\Temp\msf.dll
 	Detection Origin: Local machine
 	Detection Type: Concrete
 	Detection Source: Real-Time Protection
 	User: NT AUTHORITY\SYSTEM
 	Process Name: C:\Windows\System32\svchost.exe
 	Security intelligence Version: AV: 1.383.1419.0, AS: 1.383.1419.0, NIS: 1.383.1419.0
 	Engine Version: AM: 1.1.20000.2, NIS: 1.1.20000.2"
Warning,3/9/2023 6:45:00 PM,Microsoft-Windows-Windows Defender,1116,None,"Microsoft Defender Antivirus has detected malware or other potentially unwanted software.
 For more information please see the following:
https://go.microsoft.com/fwlink/?linkid=37020&name=Trojan:Win64/Meterpreter.B&threatid=2147721790&enterprise=0
 	Name: Trojan:Win64/Meterpreter.B
 	ID: 2147721790
 	Severity: Severe
 	Category: Trojan
 	Path: file:_C:\Users\CyberJunkie\AppData\Local\Temp\msf.dll
 	Detection Origin: Local machine
 	Detection Type: Concrete
 	Detection Source: Real-Time Protection
 	User: NT AUTHORITY\SYSTEM
 	Process Name: C:\Windows\System32\svchost.exe
 	Security intelligence Version: AV: 1.383.1419.0, AS: 1.383.1419.0, NIS: 1.383.1419.0
 	Engine Version: AM: 1.1.20000.2, NIS: 1.1.20000.2"
Information,3/9/2023 6:45:00 PM,Microsoft-Windows-Windows Defender,1117,None,"Microsoft Defender Antivirus has taken action to protect this machine from malware or other potentially unwanted software.
 For more information please see the following:
https://go.microsoft.com/fwlink/?linkid=37020&name=Trojan:Win64/Meterpreter.B&threatid=2147721790&enterprise=0
 	Name: Trojan:Win64/Meterpreter.B
 	ID: 2147721790
 	Severity: Severe
 	Category: Trojan
 	Path: file:_C:\Users\CyberJunkie\AppData\Local\Temp\msf.dll
 	Detection Origin: Local machine
 	Detection Type: Concrete
 	Detection Source: Real-Time Protection
 	User: NT AUTHORITY\SYSTEM
 	Process Name: C:\Windows\System32\svchost.exe
 	Action: Quarantine
 	Action Status:  To finish removing malware and other potentially unwanted software, restart the device. 
 	Error Code: 0x00000000
 	Error description: The operation completed successfully. 
 	Security intelligence Version: AV: 1.383.1419.0, AS: 1.383.1419.0, NIS: 1.383.1419.0
 	Engine Version: AM: 1.1.20000.2, NIS: 1.1.20000.2"
Warning,3/9/2023 6:45:00 PM,Microsoft-Windows-Windows Defender,1116,None,"Microsoft Defender Antivirus has detected malware or other potentially unwanted software.
 For more information please see the following:
https://go.microsoft.com/fwlink/?linkid=37020&name=Trojan:Win64/Meterpreter.B&threatid=2147721790&enterprise=0
 	Name: Trojan:Win64/Meterpreter.B
 	ID: 2147721790
 	Severity: Severe
 	Category: Trojan
 	Path: file:_C:\Users\CyberJunkie\AppData\Local\Temp\msf.dll
 	Detection Origin: Local machine
 	Detection Type: Concrete
 	Detection Source: Real-Time Protection
 	User: NT AUTHORITY\SYSTEM
 	Process Name: C:\Windows\System32\svchost.exe
 	Security intelligence Version: AV: 1.383.1419.0, AS: 1.383.1419.0, NIS: 1.383.1419.0
 	Engine Version: AM: 1.1.20000.2, NIS: 1.1.20000.2"
Warning,3/9/2023 6:44:48 PM,Microsoft-Windows-Windows Defender,1116,None,"Microsoft Defender Antivirus has detected malware or other potentially unwanted software.
 For more information please see the following:
https://go.microsoft.com/fwlink/?linkid=37020&name=Trojan:Win64/Meterpreter.B&threatid=2147721790&enterprise=0
 	Name: Trojan:Win64/Meterpreter.B
 	ID: 2147721790
 	Severity: Severe
 	Category: Trojan
 	Path: file:_C:\Users\CyberJunkie\AppData\Local\Temp\msf.dll
 	Detection Origin: Local machine
 	Detection Type: Concrete
 	Detection Source: Real-Time Protection
 	User: NT AUTHORITY\SYSTEM
 	Process Name: C:\Windows\System32\svchost.exe
 	Security intelligence Version: AV: 1.383.1419.0, AS: 1.383.1419.0, NIS: 1.383.1419.0
 	Engine Version: AM: 1.1.20000.2, NIS: 1.1.20000.2"
Information,3/9/2023 6:44:48 PM,Microsoft-Windows-Windows Defender,1117,None,"Microsoft Defender Antivirus has taken action to protect this machine from malware or other potentially unwanted software.
 For more information please see the following:
https://go.microsoft.com/fwlink/?linkid=37020&name=Trojan:Win64/Meterpreter.B&threatid=2147721790&enterprise=0
 	Name: Trojan:Win64/Meterpreter.B
 	ID: 2147721790
 	Severity: Severe
 	Category: Trojan
 	Path: file:_C:\Users\CyberJunkie\AppData\Local\Temp\msf.dll
 	Detection Origin: Local machine
 	Detection Type: Concrete
 	Detection Source: Real-Time Protection
 	User: NT AUTHORITY\SYSTEM
 	Process Name: C:\Windows\System32\svchost.exe
 	Action: Quarantine
 	Action Status:  To finish removing malware and other potentially unwanted software, restart the device. 
 	Error Code: 0x00000000
 	Error description: The operation completed successfully. 
 	Security intelligence Version: AV: 1.383.1419.0, AS: 1.383.1419.0, NIS: 1.383.1419.0
 	Engine Version: AM: 1.1.20000.2, NIS: 1.1.20000.2"
Warning,3/9/2023 6:44:48 PM,Microsoft-Windows-Windows Defender,1116,None,"Microsoft Defender Antivirus has detected malware or other potentially unwanted software.
 For more information please see the following:
https://go.microsoft.com/fwlink/?linkid=37020&name=Trojan:Win64/Meterpreter.B&threatid=2147721790&enterprise=0
 	Name: Trojan:Win64/Meterpreter.B
 	ID: 2147721790
 	Severity: Severe
 	Category: Trojan
 	Path: file:_C:\Users\CyberJunkie\AppData\Local\Temp\msf.dll
 	Detection Origin: Local machine
 	Detection Type: Concrete
 	Detection Source: Real-Time Protection
 	User: NT AUTHORITY\SYSTEM
 	Process Name: C:\Windows\System32\svchost.exe
 	Security intelligence Version: AV: 1.383.1419.0, AS: 1.383.1419.0, NIS: 1.383.1419.0
 	Engine Version: AM: 1.1.20000.2, NIS: 1.1.20000.2"
Warning,3/9/2023 6:44:35 PM,Microsoft-Windows-Windows Defender,1116,None,"Microsoft Defender Antivirus has detected malware or other potentially unwanted software.
 For more information please see the following:
https://go.microsoft.com/fwlink/?linkid=37020&name=Trojan:Win64/Meterpreter.B&threatid=2147721790&enterprise=0
 	Name: Trojan:Win64/Meterpreter.B
 	ID: 2147721790
 	Severity: Severe
 	Category: Trojan
 	Path: file:_C:\Users\CyberJunkie\AppData\Local\Temp\msf.dll
 	Detection Origin: Local machine
 	Detection Type: Concrete
 	Detection Source: Real-Time Protection
 	User: NT AUTHORITY\SYSTEM
 	Process Name: C:\Windows\System32\svchost.exe
 	Security intelligence Version: AV: 1.383.1419.0, AS: 1.383.1419.0, NIS: 1.383.1419.0
 	Engine Version: AM: 1.1.20000.2, NIS: 1.1.20000.2"
