Level,Date and Time,Source,Event ID,Task Category
Information,3/27/2023 7:42:48 AM,Microsoft-Windows-Windows Defender,1117,None,"Microsoft Defender Antivirus has taken action to protect this machine from malware or other potentially unwanted software.
 For more information please see the following:
https://go.microsoft.com/fwlink/?linkid=37020&name=HackTool:MSIL/SharpHound!MSR&threatid=2147814944&enterprise=0
 	Name: HackTool:MSIL/SharpHound!MSR
 	ID: 2147814944
 	Severity: High
 	Category: Tool
 	Path: containerfile:_C:\Users\CyberJunkie\Downloads\SharpHound-v1.1.0.zip; file:_C:\Users\CyberJunkie\Downloads\SharpHound-v1.1.0.zip->SharpHound.exe; webfile:_C:\Users\CyberJunkie\Downloads\SharpHound-v1.1.0.zip|https://objects.githubusercontent.com/github-production-release-asset-2e65be/385323486/70d776cc-8f83-44d5-b226-2dccc4f7c1e3?X-Amz-Algorithm=AWS4-HMAC-SHA256&X-Amz-Credential=AKIAIWNJYAX4CSVEH53A4.18.2302.7F202303274.18.2302.7Fus-east-14.18.2302.7Fs34.18.2302.7Faws4_request&X-Amz-Date=20230327T144228Z&X-Amz-Expires=300&X-Amz-Signature=f969ef5ca3eec150dc1e23623434adc1e4a444ba026423c32edf5e85d881a771&X-Amz-SignedHeaders=host&actor_id=0&key_id=0&repo_id=385323486&response-content-disposition=attachment{0EBC4BEA-5532-4EFB-8A34-64F91CC8702E}BDESKTOP-887GK2L\CyberJunkiefilename{0EBC4BEA-5532-4EFB-8A34-64F91CC8702E}DSharpHound-v1.1.0.zip&response-content-type=application4.18.2302.7Foctet-stream|pid:3532,ProcessStart:133244017530289775
 	Detection Origin: Internet
 	Detection Type: Concrete
 	Detection Source: Downloads and attachments
 	User: NT AUTHORITY\SYSTEM
 	Process Name: Unknown
 	Action: Quarantine
 	Action Status:  No additional actions required
 	Error Code: 0x80508023
 	Error description: The program could not find the malware and other potentially unwanted software on this device. 
 	Security intelligence Version: AV: 1.385.1261.0, AS: 1.385.1261.0, NIS: 1.385.1261.0
 	Engine Version: AM: 1.1.20100.6, NIS: 1.1.20100.6"
Information,3/27/2023 7:42:48 AM,Microsoft-Windows-Windows Defender,1117,None,"Microsoft Defender Antivirus has taken action to protect this machine from malware or other potentially unwanted software.
 For more information please see the following:
https://go.microsoft.com/fwlink/?linkid=37020&name=HackTool:MSIL/SharpHound!MSR&threatid=2147814944&enterprise=0
 	Name: HackTool:MSIL/SharpHound!MSR
 	ID: 2147814944
 	Severity: High
 	Category: Tool
 	Path: containerfile:_C:\Users\CyberJunkie\Downloads\SharpHound-v1.1.0.zip; file:_C:\Users\CyberJunkie\Downloads\SharpHound-v1.1.0.zip->SharpHound.exe; webfile:_C:\Users\CyberJunkie\Downloads\SharpHound-v1.1.0.zip|https://objects.githubusercontent.com/github-production-release-asset-2e65be/385323486/70d776cc-8f83-44d5-b226-2dccc4f7c1e3?X-Amz-Algorithm=AWS4-HMAC-SHA256&X-Amz-Credential=AKIAIWNJYAX4CSVEH53A4.18.2302.7F202303274.18.2302.7Fus-east-14.18.2302.7Fs34.18.2302.7Faws4_request&X-Amz-Date=20230327T144228Z&X-Amz-Expires=300&X-Amz-Signature=f969ef5ca3eec150dc1e23623434adc1e4a444ba026423c32edf5e85d881a771&X-Amz-SignedHeaders=host&actor_id=0&key_id=0&repo_id=385323486&response-content-disposition=attachment{0EBC4BEA-5532-4EFB-8A34-64F91CC8702E}BDESKTOP-887GK2L\CyberJunkiefilename{0EBC4BEA-5532-4EFB-8A34-64F91CC8702E}DSharpHound-v1.1.0.zip&response-content-type=application4.18.2302.7Foctet-stream|pid:3532,ProcessStart:133244017530289775
 	Detection Origin: Internet
 	Detection Type: Concrete
 	Detection Source: Downloads and attachments
 	User: NT AUTHORITY\SYSTEM
 	Process Name: Unknown
 	Action: Quarantine
 	Action Status:  No additional actions required
 	Error Code: 0x80508023
 	Error description: The program could not find the malware and other potentially unwanted software on this device. 
 	Security intelligence Version: AV: 1.385.1261.0, AS: 1.385.1261.0, NIS: 1.385.1261.0
 	Engine Version: AM: 1.1.20100.6, NIS: 1.1.20100.6"
Information,3/27/2023 7:42:34 AM,Microsoft-Windows-Windows Defender,5007,None,"Microsoft Defender Antivirus Configuration has changed. If this is an unexpected event you should review the settings as this may be the result of malware.
 	Old value: HKLM\SOFTWARE\Microsoft\Windows Defender\ServiceStartStates = 0x1
 	New value: Default\ServiceStartStates = 0x0"
Warning,3/27/2023 7:42:34 AM,Microsoft-Windows-Windows Defender,1116,None,"Microsoft Defender Antivirus has detected malware or other potentially unwanted software.
 For more information please see the following:
https://go.microsoft.com/fwlink/?linkid=37020&name=HackTool:MSIL/SharpHound!MSR&threatid=2147814944&enterprise=0
 	Name: HackTool:MSIL/SharpHound!MSR
 	ID: 2147814944
 	Severity: High
 	Category: Tool
 	Path: containerfile:_C:\Users\CyberJunkie\Downloads\SharpHound-v1.1.0.zip; file:_C:\Users\CyberJunkie\Downloads\SharpHound-v1.1.0.zip->SharpHound.exe; webfile:_C:\Users\CyberJunkie\Downloads\SharpHound-v1.1.0.zip|https://objects.githubusercontent.com/github-production-release-asset-2e65be/385323486/70d776cc-8f83-44d5-b226-2dccc4f7c1e3?X-Amz-Algorithm=AWS4-HMAC-SHA256&X-Amz-Credential=AKIAIWNJYAX4CSVEH53A4.18.2302.7F202303274.18.2302.7Fus-east-14.18.2302.7Fs34.18.2302.7Faws4_request&X-Amz-Date=20230327T144228Z&X-Amz-Expires=300&X-Amz-Signature=f969ef5ca3eec150dc1e23623434adc1e4a444ba026423c32edf5e85d881a771&X-Amz-SignedHeaders=host&actor_id=0&key_id=0&repo_id=385323486&response-content-disposition=attachment{0EBC4BEA-5532-4EFB-8A34-64F91CC8702E}BDESKTOP-887GK2L\CyberJunkiefilename{0EBC4BEA-5532-4EFB-8A34-64F91CC8702E}DSharpHound-v1.1.0.zip&response-content-type=application4.18.2302.7Foctet-stream|pid:3532,ProcessStart:133244017530289775
 	Detection Origin: Internet
 	Detection Type: Concrete
 	Detection Source: Downloads and attachments
 	User: DESKTOP-887GK2L\CyberJunkie
 	Process Name: Unknown
 	Security intelligence Version: AV: 1.385.1261.0, AS: 1.385.1261.0, NIS: 1.385.1261.0
 	Engine Version: AM: 1.1.20100.6, NIS: 1.1.20100.6"
Warning,3/27/2023 7:42:34 AM,Microsoft-Windows-Windows Defender,1116,None,"Microsoft Defender Antivirus has detected malware or other potentially unwanted software.
 For more information please see the following:
https://go.microsoft.com/fwlink/?linkid=37020&name=HackTool:PowerShell/SharpHound.B&threatid=2147823920&enterprise=0
 	Name: HackTool:PowerShell/SharpHound.B
 	ID: 2147823920
 	Severity: High
 	Category: Tool
 	Path: containerfile:_C:\Users\CyberJunkie\Downloads\SharpHound-v1.1.0.zip; file:_C:\Users\CyberJunkie\Downloads\SharpHound-v1.1.0.zip->SharpHound.ps1; webfile:_C:\Users\CyberJunkie\Downloads\SharpHound-v1.1.0.zip|https://objects.githubusercontent.com/github-production-release-asset-2e65be/385323486/70d776cc-8f83-44d5-b226-2dccc4f7c1e3?X-Amz-Algorithm=AWS4-HMAC-SHA256&X-Amz-Credential=AKIAIWNJYAX4CSVEH53A4.18.2302.7F202303274.18.2302.7Fus-east-14.18.2302.7Fs34.18.2302.7Faws4_request&X-Amz-Date=20230327T144228Z&X-Amz-Expires=300&X-Amz-Signature=f969ef5ca3eec150dc1e23623434adc1e4a444ba026423c32edf5e85d881a771&X-Amz-SignedHeaders=host&actor_id=0&key_id=0&repo_id=385323486&response-content-disposition=attachment{0EBC4BEA-5532-4EFB-8A34-64F91CC8702E}BDESKTOP-887GK2L\CyberJunkiefilename{0EBC4BEA-5532-4EFB-8A34-64F91CC8702E}DSharpHound-v1.1.0.zip&response-content-type=application4.18.2302.7Foctet-stream|pid:3532,ProcessStart:133244017530289775
 	Detection Origin: Internet
 	Detection Type: Concrete
 	Detection Source: Downloads and attachments
 	User: DESKTOP-887GK2L\CyberJunkie
 	Process Name: Unknown
 	Security intelligence Version: AV: 1.385.1261.0, AS: 1.385.1261.0, NIS: 1.385.1261.0
 	Engine Version: AM: 1.1.20100.6, NIS: 1.1.20100.6"
Information,3/27/2023 7:41:45 AM,Microsoft-Windows-Windows Defender,5007,None,"Microsoft Defender Antivirus Configuration has changed. If this is an unexpected event you should review the settings as this may be the result of malware.
 	Old value: HKLM\SOFTWARE\Microsoft\Windows Defender\Exclusions\Paths\C:\ = 0x0
 	New value: "
Information,3/27/2023 7:37:18 AM,Microsoft-Windows-Windows Defender,5007,None,"Microsoft Defender Antivirus Configuration has changed. If this is an unexpected event you should review the settings as this may be the result of malware.
 	Old value: 
 	New value: HKLM\SOFTWARE\Microsoft\Windows Defender\MpEngine\MpEngineRing = 0x4"
Information,3/27/2023 7:37:18 AM,Microsoft-Windows-Windows Defender,5007,None,"Microsoft Defender Antivirus Configuration has changed. If this is an unexpected event you should review the settings as this may be the result of malware.
 	Old value: 
 	New value: HKLM\SOFTWARE\Microsoft\Windows Defender\MpEngine\MpCampRing = 0x4"
Information,3/27/2023 7:37:16 AM,Microsoft-Windows-Windows Defender,5007,None,"Microsoft Defender Antivirus Configuration has changed. If this is an unexpected event you should review the settings as this may be the result of malware.
 	Old value: HKLM\SOFTWARE\Microsoft\Windows Defender\MpEngine\MpEngineRing = 0x4
 	New value: "
Information,3/27/2023 7:37:16 AM,Microsoft-Windows-Windows Defender,5007,None,"Microsoft Defender Antivirus Configuration has changed. If this is an unexpected event you should review the settings as this may be the result of malware.
 	Old value: HKLM\SOFTWARE\Microsoft\Windows Defender\MpEngine\MpCampRing = 0x4
 	New value: "
Information,3/27/2023 7:37:10 AM,Microsoft-Windows-Windows Defender,5007,None,"Microsoft Defender Antivirus Configuration has changed. If this is an unexpected event you should review the settings as this may be the result of malware.
 	Old value: Default\IsServiceRunning = 0x0
 	New value: HKLM\SOFTWARE\Microsoft\Windows Defender\IsServiceRunning = 0x1"
Information,3/27/2023 7:35:57 AM,Microsoft-Windows-Windows Defender,2000,None,"Microsoft Defender Antivirus security intelligence version updated.
 	Current security intelligence Version: 1.385.1261.0
 	Previous security intelligence Version: 1.385.1178.0
 	Security intelligence Type: AntiSpyware
 	Update Type: Delta
 	User: NT AUTHORITY\SYSTEM
 	Current Engine Version: 1.1.20100.6
 	Previous Engine Version: 1.1.20100.6"
Information,3/27/2023 7:35:57 AM,Microsoft-Windows-Windows Defender,2000,None,"Microsoft Defender Antivirus security intelligence version updated.
 	Current security intelligence Version: 1.385.1261.0
 	Previous security intelligence Version: 1.385.1178.0
 	Security intelligence Type: AntiVirus
 	Update Type: Delta
 	User: NT AUTHORITY\SYSTEM
 	Current Engine Version: 1.1.20100.6
 	Previous Engine Version: 1.1.20100.6"
Information,3/27/2023 7:35:56 AM,Microsoft-Windows-Windows Defender,5007,None,"Microsoft Defender Antivirus Configuration has changed. If this is an unexpected event you should review the settings as this may be the result of malware.
 	Old value: 
 	New value: HKLM\SOFTWARE\Microsoft\Windows Defender\MpEngine\MpEngineRing = 0x4"
Information,3/27/2023 7:35:56 AM,Microsoft-Windows-Windows Defender,5007,None,"Microsoft Defender Antivirus Configuration has changed. If this is an unexpected event you should review the settings as this may be the result of malware.
 	Old value: 
 	New value: HKLM\SOFTWARE\Microsoft\Windows Defender\MpEngine\MpCampRing = 0x4"
Information,3/27/2023 7:35:54 AM,Microsoft-Windows-Windows Defender,5007,None,"Microsoft Defender Antivirus Configuration has changed. If this is an unexpected event you should review the settings as this may be the result of malware.
 	Old value: HKLM\SOFTWARE\Microsoft\Windows Defender\MpEngine\MpEngineRing = 0x4
 	New value: "
Information,3/27/2023 7:35:54 AM,Microsoft-Windows-Windows Defender,5007,None,"Microsoft Defender Antivirus Configuration has changed. If this is an unexpected event you should review the settings as this may be the result of malware.
 	Old value: HKLM\SOFTWARE\Microsoft\Windows Defender\MpEngine\MpCampRing = 0x4
 	New value: "
Information,3/27/2023 7:32:09 AM,Microsoft-Windows-Windows Defender,5007,None,"Microsoft Defender Antivirus Configuration has changed. If this is an unexpected event you should review the settings as this may be the result of malware.
 	Old value: 
 	New value: HKLM\SOFTWARE\Microsoft\Windows Defender\MpEngine\MpEngineRing = 0x4"
Information,3/27/2023 7:32:09 AM,Microsoft-Windows-Windows Defender,5007,None,"Microsoft Defender Antivirus Configuration has changed. If this is an unexpected event you should review the settings as this may be the result of malware.
 	Old value: 
 	New value: HKLM\SOFTWARE\Microsoft\Windows Defender\MpEngine\MpCampRing = 0x4"
Information,3/27/2023 7:32:08 AM,Microsoft-Windows-Windows Defender,5007,None,"Microsoft Defender Antivirus Configuration has changed. If this is an unexpected event you should review the settings as this may be the result of malware.
 	Old value: HKLM\SOFTWARE\Microsoft\Windows Defender\MpEngine\MpEngineRing = 0x4
 	New value: "
Information,3/27/2023 7:32:08 AM,Microsoft-Windows-Windows Defender,5007,None,"Microsoft Defender Antivirus Configuration has changed. If this is an unexpected event you should review the settings as this may be the result of malware.
 	Old value: HKLM\SOFTWARE\Microsoft\Windows Defender\MpEngine\MpCampRing = 0x4
 	New value: "
Information,3/27/2023 7:32:02 AM,Microsoft-Windows-Windows Defender,5007,None,"Microsoft Defender Antivirus Configuration has changed. If this is an unexpected event you should review the settings as this may be the result of malware.
 	Old value: Default\IsServiceRunning = 0x0
 	New value: HKLM\SOFTWARE\Microsoft\Windows Defender\IsServiceRunning = 0x1"
Information,3/26/2023 5:00:06 PM,Microsoft-Windows-Windows Defender,2000,None,"Microsoft Defender Antivirus security intelligence version updated.
 	Current security intelligence Version: 1.385.1178.0
 	Previous security intelligence Version: 1.385.1102.0
 	Security intelligence Type: AntiSpyware
 	Update Type: Delta
 	User: NT AUTHORITY\SYSTEM
 	Current Engine Version: 1.1.20100.6
 	Previous Engine Version: 1.1.20100.6"
Information,3/26/2023 5:00:06 PM,Microsoft-Windows-Windows Defender,2000,None,"Microsoft Defender Antivirus security intelligence version updated.
 	Current security intelligence Version: 1.385.1178.0
 	Previous security intelligence Version: 1.385.1102.0
 	Security intelligence Type: AntiVirus
 	Update Type: Delta
 	User: NT AUTHORITY\SYSTEM
 	Current Engine Version: 1.1.20100.6
 	Previous Engine Version: 1.1.20100.6"
Information,3/26/2023 5:00:04 PM,Microsoft-Windows-Windows Defender,5007,None,"Microsoft Defender Antivirus Configuration has changed. If this is an unexpected event you should review the settings as this may be the result of malware.
 	Old value: 
 	New value: HKLM\SOFTWARE\Microsoft\Windows Defender\MpEngine\MpEngineRing = 0x4"
Information,3/26/2023 5:00:04 PM,Microsoft-Windows-Windows Defender,5007,None,"Microsoft Defender Antivirus Configuration has changed. If this is an unexpected event you should review the settings as this may be the result of malware.
 	Old value: 
 	New value: HKLM\SOFTWARE\Microsoft\Windows Defender\MpEngine\MpCampRing = 0x4"
Information,3/26/2023 12:01:07 PM,Microsoft-Windows-Windows Defender,5007,None,"Microsoft Defender Antivirus Configuration has changed. If this is an unexpected event you should review the settings as this may be the result of malware.
 	Old value: HKLM\SOFTWARE\Microsoft\Windows Defender\MpEngine\MpEngineRing = 0x4
 	New value: "
Information,3/26/2023 12:01:07 PM,Microsoft-Windows-Windows Defender,5007,None,"Microsoft Defender Antivirus Configuration has changed. If this is an unexpected event you should review the settings as this may be the result of malware.
 	Old value: HKLM\SOFTWARE\Microsoft\Windows Defender\MpEngine\MpCampRing = 0x4
 	New value: "
Information,3/26/2023 12:00:31 PM,Microsoft-Windows-Windows Defender,5007,None,"Microsoft Defender Antivirus Configuration has changed. If this is an unexpected event you should review the settings as this may be the result of malware.
 	Old value: 
 	New value: HKLM\SOFTWARE\Microsoft\Windows Defender\MpEngine\MpEngineRing = 0x4"
Information,3/26/2023 12:00:31 PM,Microsoft-Windows-Windows Defender,5007,None,"Microsoft Defender Antivirus Configuration has changed. If this is an unexpected event you should review the settings as this may be the result of malware.
 	Old value: 
 	New value: HKLM\SOFTWARE\Microsoft\Windows Defender\MpEngine\MpCampRing = 0x4"
Information,3/26/2023 12:00:29 PM,Microsoft-Windows-Windows Defender,5007,None,"Microsoft Defender Antivirus Configuration has changed. If this is an unexpected event you should review the settings as this may be the result of malware.
 	Old value: HKLM\SOFTWARE\Microsoft\Windows Defender\MpEngine\MpEngineRing = 0x4
 	New value: "
Information,3/26/2023 12:00:29 PM,Microsoft-Windows-Windows Defender,5007,None,"Microsoft Defender Antivirus Configuration has changed. If this is an unexpected event you should review the settings as this may be the result of malware.
 	Old value: HKLM\SOFTWARE\Microsoft\Windows Defender\MpEngine\MpCampRing = 0x4
 	New value: "
Information,3/26/2023 12:00:23 PM,Microsoft-Windows-Windows Defender,5007,None,"Microsoft Defender Antivirus Configuration has changed. If this is an unexpected event you should review the settings as this may be the result of malware.
 	Old value: Default\IsServiceRunning = 0x0
 	New value: HKLM\SOFTWARE\Microsoft\Windows Defender\IsServiceRunning = 0x1"
Information,3/25/2023 7:35:31 AM,Microsoft-Windows-Windows Defender,2000,None,"Microsoft Defender Antivirus security intelligence version updated.
 	Current security intelligence Version: 1.385.1102.0
 	Previous security intelligence Version: 1.385.1020.0
 	Security intelligence Type: AntiSpyware
 	Update Type: Delta
 	User: NT AUTHORITY\SYSTEM
 	Current Engine Version: 1.1.20100.6
 	Previous Engine Version: 1.1.20100.6"
Information,3/25/2023 7:35:31 AM,Microsoft-Windows-Windows Defender,2000,None,"Microsoft Defender Antivirus security intelligence version updated.
 	Current security intelligence Version: 1.385.1102.0
 	Previous security intelligence Version: 1.385.1020.0
 	Security intelligence Type: AntiVirus
 	Update Type: Delta
 	User: NT AUTHORITY\SYSTEM
 	Current Engine Version: 1.1.20100.6
 	Previous Engine Version: 1.1.20100.6"
Information,3/25/2023 7:35:30 AM,Microsoft-Windows-Windows Defender,5007,None,"Microsoft Defender Antivirus Configuration has changed. If this is an unexpected event you should review the settings as this may be the result of malware.
 	Old value: 
 	New value: HKLM\SOFTWARE\Microsoft\Windows Defender\MpEngine\MpEngineRing = 0x4"
Information,3/25/2023 7:35:30 AM,Microsoft-Windows-Windows Defender,5007,None,"Microsoft Defender Antivirus Configuration has changed. If this is an unexpected event you should review the settings as this may be the result of malware.
 	Old value: 
 	New value: HKLM\SOFTWARE\Microsoft\Windows Defender\MpEngine\MpCampRing = 0x4"
Information,3/25/2023 7:35:28 AM,Microsoft-Windows-Windows Defender,5007,None,"Microsoft Defender Antivirus Configuration has changed. If this is an unexpected event you should review the settings as this may be the result of malware.
 	Old value: HKLM\SOFTWARE\Microsoft\Windows Defender\MpEngine\MpEngineRing = 0x4
 	New value: "
Information,3/25/2023 7:35:28 AM,Microsoft-Windows-Windows Defender,5007,None,"Microsoft Defender Antivirus Configuration has changed. If this is an unexpected event you should review the settings as this may be the result of malware.
 	Old value: HKLM\SOFTWARE\Microsoft\Windows Defender\MpEngine\MpCampRing = 0x4
 	New value: "
Information,3/25/2023 7:34:54 AM,Microsoft-Windows-Windows Defender,5007,None,"Microsoft Defender Antivirus Configuration has changed. If this is an unexpected event you should review the settings as this may be the result of malware.
 	Old value: 
 	New value: HKLM\SOFTWARE\Microsoft\Windows Defender\MpEngine\MpEngineRing = 0x4"
Information,3/25/2023 7:34:54 AM,Microsoft-Windows-Windows Defender,5007,None,"Microsoft Defender Antivirus Configuration has changed. If this is an unexpected event you should review the settings as this may be the result of malware.
 	Old value: 
 	New value: HKLM\SOFTWARE\Microsoft\Windows Defender\MpEngine\MpCampRing = 0x4"
Information,3/25/2023 7:34:54 AM,Microsoft-Windows-Windows Defender,5000,None,Microsoft Defender Antivirus Real-time Protection scanning for malware and other potentially unwanted software was enabled.
Information,3/25/2023 7:34:51 AM,Microsoft-Windows-Windows Defender,5007,None,"Microsoft Defender Antivirus Configuration has changed. If this is an unexpected event you should review the settings as this may be the result of malware.
 	Old value: HKLM\SOFTWARE\Microsoft\Windows Defender\MpEngine\MpEngineRing = 0x4
 	New value: "
Information,3/25/2023 7:34:51 AM,Microsoft-Windows-Windows Defender,5007,None,"Microsoft Defender Antivirus Configuration has changed. If this is an unexpected event you should review the settings as this may be the result of malware.
 	Old value: HKLM\SOFTWARE\Microsoft\Windows Defender\MpEngine\MpCampRing = 0x4
 	New value: "
Information,3/25/2023 7:34:50 AM,Microsoft-Windows-Windows Defender,5007,None,"Microsoft Defender Antivirus Configuration has changed. If this is an unexpected event you should review the settings as this may be the result of malware.
 	Old value: 
 	New value: HKLM\SOFTWARE\Microsoft\Windows Defender\MpEngine\MpEngineRing = 0x4"
Information,3/25/2023 7:34:50 AM,Microsoft-Windows-Windows Defender,5007,None,"Microsoft Defender Antivirus Configuration has changed. If this is an unexpected event you should review the settings as this may be the result of malware.
 	Old value: 
 	New value: HKLM\SOFTWARE\Microsoft\Windows Defender\MpEngine\MpCampRing = 0x4"
Information,3/25/2023 7:34:48 AM,Microsoft-Windows-Windows Defender,5007,None,"Microsoft Defender Antivirus Configuration has changed. If this is an unexpected event you should review the settings as this may be the result of malware.
 	Old value: HKLM\SOFTWARE\Microsoft\Windows Defender\MpEngine\MpEngineRing = 0x4
 	New value: "
Information,3/25/2023 7:34:48 AM,Microsoft-Windows-Windows Defender,5007,None,"Microsoft Defender Antivirus Configuration has changed. If this is an unexpected event you should review the settings as this may be the result of malware.
 	Old value: HKLM\SOFTWARE\Microsoft\Windows Defender\MpEngine\MpCampRing = 0x4
 	New value: "
Information,3/25/2023 7:34:48 AM,Microsoft-Windows-Windows Defender,5007,None,"Microsoft Defender Antivirus Configuration has changed. If this is an unexpected event you should review the settings as this may be the result of malware.
 	Old value: Default\ServiceStartStates = 0x0
 	New value: HKLM\SOFTWARE\Microsoft\Windows Defender\ServiceStartStates = 0x1"
Information,3/25/2023 7:34:42 AM,Microsoft-Windows-Windows Defender,5007,None,"Microsoft Defender Antivirus Configuration has changed. If this is an unexpected event you should review the settings as this may be the result of malware.
 	Old value: Default\IsServiceRunning = 0x0
 	New value: HKLM\SOFTWARE\Microsoft\Windows Defender\IsServiceRunning = 0x1"
Information,3/24/2023 2:04:16 PM,Microsoft-Windows-Windows Defender,1151,None,"Endpoint Protection client health report (time in UTC):
 	Platform version: 4.18.2302.7
 	Engine version: 1.1.20100.6
 	Network Realtime Inspection engine version: 0.0.0.0
 	Antivirus security intelligence version: 1.385.1020.0
 	Antispyware security intelligence version: 1.385.1020.0
 	Network Realtime Inspection security intelligence version: 0.0.0.0
 	RTP state: Disabled
 	OA state: Disabled
 	IOAV state: Disabled
 	BM state: Disabled
 	Antivirus security intelligence age: 0
 	Antispyware security intelligence age: 0
 	Last quick scan age: 0
 	Last full scan age: 4294967295
 	Antivirus security intelligence creation time: 2023-03-24T11:56:52Z
 	Antispyware security intelligence creation time: 2023-03-24T11:56:52Z
 	Last quick scan start time: 2023-03-23T21:45:46Z
 	Last quick scan end time: 2023-03-23T21:46:17Z
 	Last quick scan source: 2
 	Last full scan start time: 1601-01-01T00:00:00Z
 	Last full scan end time: 1601-01-01T00:00:00Z
 	Last full scan source: 0
 	Product status: 0x00080000
"
Information,3/24/2023 1:04:17 PM,Microsoft-Windows-Windows Defender,1151,None,"Endpoint Protection client health report (time in UTC):
 	Platform version: 4.18.2302.7
 	Engine version: 1.1.20100.6
 	Network Realtime Inspection engine version: 0.0.0.0
 	Antivirus security intelligence version: 1.385.1020.0
 	Antispyware security intelligence version: 1.385.1020.0
 	Network Realtime Inspection security intelligence version: 0.0.0.0
 	RTP state: Disabled
 	OA state: Disabled
 	IOAV state: Disabled
 	BM state: Disabled
 	Antivirus security intelligence age: 0
 	Antispyware security intelligence age: 0
 	Last quick scan age: 0
 	Last full scan age: 4294967295
 	Antivirus security intelligence creation time: 2023-03-24T11:56:52Z
 	Antispyware security intelligence creation time: 2023-03-24T11:56:52Z
 	Last quick scan start time: 2023-03-23T21:45:46Z
 	Last quick scan end time: 2023-03-23T21:46:17Z
 	Last quick scan source: 2
 	Last full scan start time: 1601-01-01T00:00:00Z
 	Last full scan end time: 1601-01-01T00:00:00Z
 	Last full scan source: 0
 	Product status: 0x00080000
"
Information,3/24/2023 12:09:46 PM,Microsoft-Windows-Windows Defender,2000,None,"Microsoft Defender Antivirus security intelligence version updated.
 	Current security intelligence Version: 1.385.1020.0
 	Previous security intelligence Version: 1.385.924.0
 	Security intelligence Type: AntiSpyware
 	Update Type: Delta
 	User: NT AUTHORITY\SYSTEM
 	Current Engine Version: 1.1.20100.6
 	Previous Engine Version: 1.1.20100.6"
Information,3/24/2023 12:09:46 PM,Microsoft-Windows-Windows Defender,2000,None,"Microsoft Defender Antivirus security intelligence version updated.
 	Current security intelligence Version: 1.385.1020.0
 	Previous security intelligence Version: 1.385.924.0
 	Security intelligence Type: AntiVirus
 	Update Type: Delta
 	User: NT AUTHORITY\SYSTEM
 	Current Engine Version: 1.1.20100.6
 	Previous Engine Version: 1.1.20100.6"
Information,3/24/2023 12:09:46 PM,Microsoft-Windows-Windows Defender,5007,None,"Microsoft Defender Antivirus Configuration has changed. If this is an unexpected event you should review the settings as this may be the result of malware.
 	Old value: 
 	New value: HKLM\SOFTWARE\Microsoft\Windows Defender\MpEngine\MpEngineRing = 0x4"
Information,3/24/2023 12:09:46 PM,Microsoft-Windows-Windows Defender,5007,None,"Microsoft Defender Antivirus Configuration has changed. If this is an unexpected event you should review the settings as this may be the result of malware.
 	Old value: 
 	New value: HKLM\SOFTWARE\Microsoft\Windows Defender\MpEngine\MpCampRing = 0x4"
Information,3/24/2023 12:09:44 PM,Microsoft-Windows-Windows Defender,5007,None,"Microsoft Defender Antivirus Configuration has changed. If this is an unexpected event you should review the settings as this may be the result of malware.
 	Old value: HKLM\SOFTWARE\Microsoft\Windows Defender\MpEngine\MpEngineRing = 0x4
 	New value: "
Information,3/24/2023 12:09:44 PM,Microsoft-Windows-Windows Defender,5007,None,"Microsoft Defender Antivirus Configuration has changed. If this is an unexpected event you should review the settings as this may be the result of malware.
 	Old value: HKLM\SOFTWARE\Microsoft\Windows Defender\MpEngine\MpCampRing = 0x4
 	New value: "
Information,3/24/2023 6:37:47 AM,Microsoft-Windows-Windows Defender,1151,None,"Endpoint Protection client health report (time in UTC):
 	Platform version: 4.18.2302.7
 	Engine version: 1.1.20100.6
 	Network Realtime Inspection engine version: 0.0.0.0
 	Antivirus security intelligence version: 1.385.924.0
 	Antispyware security intelligence version: 1.385.924.0
 	Network Realtime Inspection security intelligence version: 0.0.0.0
 	RTP state: Disabled
 	OA state: Disabled
 	IOAV state: Disabled
 	BM state: Disabled
 	Antivirus security intelligence age: 0
 	Antispyware security intelligence age: 0
 	Last quick scan age: 0
 	Last full scan age: 4294967295
 	Antivirus security intelligence creation time: 2023-03-23T14:32:51Z
 	Antispyware security intelligence creation time: 2023-03-23T14:32:51Z
 	Last quick scan start time: 2023-03-23T21:45:46Z
 	Last quick scan end time: 2023-03-23T21:46:17Z
 	Last quick scan source: 2
 	Last full scan start time: 1601-01-01T00:00:00Z
 	Last full scan end time: 1601-01-01T00:00:00Z
 	Last full scan source: 0
 	Product status: 0x00080000
"
Information,3/24/2023 5:37:47 AM,Microsoft-Windows-Windows Defender,1151,None,"Endpoint Protection client health report (time in UTC):
 	Platform version: 4.18.2302.7
 	Engine version: 1.1.20100.6
 	Network Realtime Inspection engine version: 0.0.0.0
 	Antivirus security intelligence version: 1.385.924.0
 	Antispyware security intelligence version: 1.385.924.0
 	Network Realtime Inspection security intelligence version: 0.0.0.0
 	RTP state: Disabled
 	OA state: Disabled
 	IOAV state: Disabled
 	BM state: Disabled
 	Antivirus security intelligence age: 0
 	Antispyware security intelligence age: 0
 	Last quick scan age: 0
 	Last full scan age: 4294967295
 	Antivirus security intelligence creation time: 2023-03-23T14:32:51Z
 	Antispyware security intelligence creation time: 2023-03-23T14:32:51Z
 	Last quick scan start time: 2023-03-23T21:45:46Z
 	Last quick scan end time: 2023-03-23T21:46:17Z
 	Last quick scan source: 2
 	Last full scan start time: 1601-01-01T00:00:00Z
 	Last full scan end time: 1601-01-01T00:00:00Z
 	Last full scan source: 0
 	Product status: 0x00080000
"
Information,3/24/2023 4:55:31 AM,Microsoft-Windows-Windows Defender,5007,None,"Microsoft Defender Antivirus Configuration has changed. If this is an unexpected event you should review the settings as this may be the result of malware.
 	Old value: 
 	New value: HKLM\SOFTWARE\Microsoft\Windows Defender\Exclusions\Paths\C:\ = 0x0"
Information,3/24/2023 4:55:07 AM,Microsoft-Windows-Windows Defender,5001,None,Microsoft Defender Antivirus Real-time Protection scanning for malware and other potentially unwanted software was disabled.
Information,3/23/2023 2:59:17 PM,Microsoft-Windows-Windows Defender,5007,None,"Microsoft Defender Antivirus Configuration has changed. If this is an unexpected event you should review the settings as this may be the result of malware.
 	Old value: HKLM\SOFTWARE\Microsoft\Windows Defender\ServiceStartStates = 0x1
 	New value: Default\ServiceStartStates = 0x0"
Information,3/23/2023 2:55:57 PM,Microsoft-Windows-Windows Defender,1151,None,"Endpoint Protection client health report (time in UTC):
 	Platform version: 4.18.2302.7
 	Engine version: 1.1.20100.6
 	Network Realtime Inspection engine version: 1.1.20100.6
 	Antivirus security intelligence version: 1.385.924.0
 	Antispyware security intelligence version: 1.385.924.0
 	Network Realtime Inspection security intelligence version: 1.385.924.0
 	RTP state: Enabled
 	OA state: Enabled
 	IOAV state: Enabled
 	BM state: Enabled
 	Antivirus security intelligence age: 0
 	Antispyware security intelligence age: 0
 	Last quick scan age: 0
 	Last full scan age: 4294967295
 	Antivirus security intelligence creation time: 2023-03-23T14:32:51Z
 	Antispyware security intelligence creation time: 2023-03-23T14:32:51Z
 	Last quick scan start time: 2023-03-23T21:45:46Z
 	Last quick scan end time: 2023-03-23T21:46:17Z
 	Last quick scan source: 2
 	Last full scan start time: 1601-01-01T00:00:00Z
 	Last full scan end time: 1601-01-01T00:00:00Z
 	Last full scan source: 0
 	Product status: 0x00080000
"
Information,3/23/2023 2:55:57 PM,Microsoft-Windows-Windows Defender,1150,None,"Endpoint Protection client is up and running in a healthy state.
 	Platform version: 4.18.2302.7
 	Engine version: 1.1.20100.6
 	Security intelligence version: 1.385.924.0
"
Information,3/23/2023 2:46:17 PM,Microsoft-Windows-Windows Defender,1001,None,"Microsoft Defender Antivirus scan has finished.
 	Scan ID: {463D8B6C-7B41-4022-9CFD-B7B0F7C4B38D}
 	Scan Type: Antimalware
 	Scan Parameters: Quick Scan
 	User: NT AUTHORITY\SYSTEM
 	Scan Time: 0:00:31"
Information,3/23/2023 2:45:46 PM,Microsoft-Windows-Windows Defender,1000,None,"Microsoft Defender Antivirus scan has started.
 	Scan ID: {463D8B6C-7B41-4022-9CFD-B7B0F7C4B38D}
 	Scan Type: Antimalware
 	Scan Parameters: Quick Scan
 	Scan Resources: 
 	User: NT AUTHORITY\SYSTEM"
Information,3/23/2023 1:55:57 PM,Microsoft-Windows-Windows Defender,5007,None,"Microsoft Defender Antivirus Configuration has changed. If this is an unexpected event you should review the settings as this may be the result of malware.
 	Old value: 
 	New value: HKLM\SOFTWARE\Microsoft\Windows Defender\MpEngine\MpEngineRing = 0x4"
Information,3/23/2023 1:55:57 PM,Microsoft-Windows-Windows Defender,5007,None,"Microsoft Defender Antivirus Configuration has changed. If this is an unexpected event you should review the settings as this may be the result of malware.
 	Old value: 
 	New value: HKLM\SOFTWARE\Microsoft\Windows Defender\MpEngine\MpCampRing = 0x4"
Information,3/23/2023 1:55:57 PM,Microsoft-Windows-Windows Defender,5007,None,"Microsoft Defender Antivirus Configuration has changed. If this is an unexpected event you should review the settings as this may be the result of malware.
 	Old value: HKLM\SOFTWARE\Microsoft\Windows Defender\InstallLocation = C:\ProgramData\Microsoft\Windows Defender\Platform\4.18.2302.3-0\
 	New value: HKLM\SOFTWARE\Microsoft\Windows Defender\InstallLocation = C:\ProgramData\Microsoft\Windows Defender\Platform\4.18.2302.7-0\"
Information,3/23/2023 1:55:54 PM,Microsoft-Windows-Windows Defender,5007,None,"Microsoft Defender Antivirus Configuration has changed. If this is an unexpected event you should review the settings as this may be the result of malware.
 	Old value: HKLM\SOFTWARE\Microsoft\Windows Defender\MpEngine\MpEngineRing = 0x4
 	New value: "
Information,3/23/2023 1:55:54 PM,Microsoft-Windows-Windows Defender,5007,None,"Microsoft Defender Antivirus Configuration has changed. If this is an unexpected event you should review the settings as this may be the result of malware.
 	Old value: HKLM\SOFTWARE\Microsoft\Windows Defender\MpEngine\MpCampRing = 0x4
 	New value: "
Information,3/23/2023 1:55:54 PM,Microsoft-Windows-Windows Defender,5007,None,"Microsoft Defender Antivirus Configuration has changed. If this is an unexpected event you should review the settings as this may be the result of malware.
 	Old value: Default\ServiceStartStates = 0x0
 	New value: HKLM\SOFTWARE\Microsoft\Windows Defender\ServiceStartStates = 0x1"
Information,3/23/2023 1:55:53 PM,Microsoft-Windows-Windows Defender,5007,None,"Microsoft Defender Antivirus Configuration has changed. If this is an unexpected event you should review the settings as this may be the result of malware.
 	Old value: Default\IsServiceRunning = 0x0
 	New value: HKLM\SOFTWARE\Microsoft\Windows Defender\IsServiceRunning = 0x1"
Information,3/23/2023 1:55:53 PM,Microsoft-Windows-Windows Defender,2014,None,"Microsoft Defender Antivirus platform update to 4.18.2302.7 has succeeded.
"
Information,3/23/2023 1:55:47 PM,Microsoft-Windows-Windows Defender,2000,None,"Microsoft Defender Antivirus security intelligence version updated.
 	Current security intelligence Version: 1.385.924.0
 	Previous security intelligence Version: 1.385.865.0
 	Security intelligence Type: AntiSpyware
 	Update Type: Delta
 	User: NT AUTHORITY\SYSTEM
 	Current Engine Version: 1.1.20100.6
 	Previous Engine Version: 1.1.20100.6"
Information,3/23/2023 1:55:47 PM,Microsoft-Windows-Windows Defender,2000,None,"Microsoft Defender Antivirus security intelligence version updated.
 	Current security intelligence Version: 1.385.924.0
 	Previous security intelligence Version: 1.385.865.0
 	Security intelligence Type: AntiVirus
 	Update Type: Delta
 	User: NT AUTHORITY\SYSTEM
 	Current Engine Version: 1.1.20100.6
 	Previous Engine Version: 1.1.20100.6"
Information,3/23/2023 1:55:47 PM,Microsoft-Windows-Windows Defender,5007,None,"Microsoft Defender Antivirus Configuration has changed. If this is an unexpected event you should review the settings as this may be the result of malware.
 	Old value: 
 	New value: HKLM\SOFTWARE\Microsoft\Windows Defender\MpEngine\MpEngineRing = 0x4"
Information,3/23/2023 1:55:47 PM,Microsoft-Windows-Windows Defender,5007,None,"Microsoft Defender Antivirus Configuration has changed. If this is an unexpected event you should review the settings as this may be the result of malware.
 	Old value: 
 	New value: HKLM\SOFTWARE\Microsoft\Windows Defender\MpEngine\MpCampRing = 0x4"
Information,3/23/2023 1:55:44 PM,Microsoft-Windows-Windows Defender,5007,None,"Microsoft Defender Antivirus Configuration has changed. If this is an unexpected event you should review the settings as this may be the result of malware.
 	Old value: HKLM\SOFTWARE\Microsoft\Windows Defender\MpEngine\MpEngineRing = 0x4
 	New value: "
Information,3/23/2023 1:55:44 PM,Microsoft-Windows-Windows Defender,5007,None,"Microsoft Defender Antivirus Configuration has changed. If this is an unexpected event you should review the settings as this may be the result of malware.
 	Old value: HKLM\SOFTWARE\Microsoft\Windows Defender\MpEngine\MpCampRing = 0x4
 	New value: "
Information,3/23/2023 12:04:36 PM,Microsoft-Windows-Windows Defender,1151,None,"Endpoint Protection client health report (time in UTC):
 	Platform version: 4.18.2302.3
 	Engine version: 1.1.20100.6
 	Network Realtime Inspection engine version: 1.1.20100.6
 	Antivirus security intelligence version: 1.385.865.0
 	Antispyware security intelligence version: 1.385.865.0
 	Network Realtime Inspection security intelligence version: 1.385.865.0
 	RTP state: Enabled
 	OA state: Enabled
 	IOAV state: Enabled
 	BM state: Enabled
 	Antivirus security intelligence age: 0
 	Antispyware security intelligence age: 0
 	Last quick scan age: 0
 	Last full scan age: 4294967295
 	Antivirus security intelligence creation time: 2023-03-23T01:29:41Z
 	Antispyware security intelligence creation time: 2023-03-23T01:29:41Z
 	Last quick scan start time: 2023-03-23T08:33:47Z
 	Last quick scan end time: 2023-03-23T08:34:26Z
 	Last quick scan source: 2
 	Last full scan start time: 1601-01-01T00:00:00Z
 	Last full scan end time: 1601-01-01T00:00:00Z
 	Last full scan source: 0
 	Product status: 0x00080000
"
Information,3/23/2023 12:04:36 PM,Microsoft-Windows-Windows Defender,1150,None,"Endpoint Protection client is up and running in a healthy state.
 	Platform version: 4.18.2302.3
 	Engine version: 1.1.20100.6
 	Security intelligence version: 1.385.865.0
"
Information,3/23/2023 11:45:04 AM,Microsoft-Windows-Windows Defender,5007,None,"Microsoft Defender Antivirus Configuration has changed. If this is an unexpected event you should review the settings as this may be the result of malware.
 	Old value: HKLM\SOFTWARE\Microsoft\Windows Defender\ServiceStartStates = 0x1
 	New value: Default\ServiceStartStates = 0x0"
Information,3/23/2023 6:31:00 AM,Microsoft-Windows-Windows Defender,1151,None,"Endpoint Protection client health report (time in UTC):
 	Platform version: 4.18.2302.3
 	Engine version: 1.1.20100.6
 	Network Realtime Inspection engine version: 1.1.20100.6
 	Antivirus security intelligence version: 1.385.865.0
 	Antispyware security intelligence version: 1.385.865.0
 	Network Realtime Inspection security intelligence version: 1.385.865.0
 	RTP state: Enabled
 	OA state: Enabled
 	IOAV state: Enabled
 	BM state: Enabled
 	Antivirus security intelligence age: 0
 	Antispyware security intelligence age: 0
 	Last quick scan age: 0
 	Last full scan age: 4294967295
 	Antivirus security intelligence creation time: 2023-03-23T01:29:41Z
 	Antispyware security intelligence creation time: 2023-03-23T01:29:41Z
 	Last quick scan start time: 2023-03-23T08:33:47Z
 	Last quick scan end time: 2023-03-23T08:34:26Z
 	Last quick scan source: 2
 	Last full scan start time: 1601-01-01T00:00:00Z
 	Last full scan end time: 1601-01-01T00:00:00Z
 	Last full scan source: 0
 	Product status: 0x00080000
"
Information,3/23/2023 6:31:00 AM,Microsoft-Windows-Windows Defender,1150,None,"Endpoint Protection client is up and running in a healthy state.
 	Platform version: 4.18.2302.3
 	Engine version: 1.1.20100.6
 	Security intelligence version: 1.385.865.0
"
Information,3/23/2023 5:31:00 AM,Microsoft-Windows-Windows Defender,1151,None,"Endpoint Protection client health report (time in UTC):
 	Platform version: 4.18.2302.3
 	Engine version: 1.1.20100.6
 	Network Realtime Inspection engine version: 1.1.20100.6
 	Antivirus security intelligence version: 1.385.865.0
 	Antispyware security intelligence version: 1.385.865.0
 	Network Realtime Inspection security intelligence version: 1.385.865.0
 	RTP state: Enabled
 	OA state: Enabled
 	IOAV state: Enabled
 	BM state: Enabled
 	Antivirus security intelligence age: 0
 	Antispyware security intelligence age: 0
 	Last quick scan age: 0
 	Last full scan age: 4294967295
 	Antivirus security intelligence creation time: 2023-03-23T01:29:41Z
 	Antispyware security intelligence creation time: 2023-03-23T01:29:41Z
 	Last quick scan start time: 2023-03-23T08:33:47Z
 	Last quick scan end time: 2023-03-23T08:34:26Z
 	Last quick scan source: 2
 	Last full scan start time: 1601-01-01T00:00:00Z
 	Last full scan end time: 1601-01-01T00:00:00Z
 	Last full scan source: 0
 	Product status: 0x00080000
"
Information,3/23/2023 5:31:00 AM,Microsoft-Windows-Windows Defender,1150,None,"Endpoint Protection client is up and running in a healthy state.
 	Platform version: 4.18.2302.3
 	Engine version: 1.1.20100.6
 	Security intelligence version: 1.385.865.0
"
Information,3/23/2023 3:41:23 AM,Microsoft-Windows-Windows Defender,1151,None,"Endpoint Protection client health report (time in UTC):
 	Platform version: 4.18.2302.3
 	Engine version: 1.1.20100.6
 	Network Realtime Inspection engine version: 1.1.20100.6
 	Antivirus security intelligence version: 1.385.865.0
 	Antispyware security intelligence version: 1.385.865.0
 	Network Realtime Inspection security intelligence version: 1.385.865.0
 	RTP state: Enabled
 	OA state: Enabled
 	IOAV state: Enabled
 	BM state: Enabled
 	Antivirus security intelligence age: 0
 	Antispyware security intelligence age: 0
 	Last quick scan age: 0
 	Last full scan age: 4294967295
 	Antivirus security intelligence creation time: 2023-03-23T01:29:41Z
 	Antispyware security intelligence creation time: 2023-03-23T01:29:41Z
 	Last quick scan start time: 2023-03-23T08:33:47Z
 	Last quick scan end time: 2023-03-23T08:34:26Z
 	Last quick scan source: 2
 	Last full scan start time: 1601-01-01T00:00:00Z
 	Last full scan end time: 1601-01-01T00:00:00Z
 	Last full scan source: 0
 	Product status: 0x00080000
"
Information,3/23/2023 3:41:23 AM,Microsoft-Windows-Windows Defender,1150,None,"Endpoint Protection client is up and running in a healthy state.
 	Platform version: 4.18.2302.3
 	Engine version: 1.1.20100.6
 	Security intelligence version: 1.385.865.0
"
Information,3/23/2023 2:41:23 AM,Microsoft-Windows-Windows Defender,1151,None,"Endpoint Protection client health report (time in UTC):
 	Platform version: 4.18.2302.3
 	Engine version: 1.1.20100.6
 	Network Realtime Inspection engine version: 1.1.20100.6
 	Antivirus security intelligence version: 1.385.865.0
 	Antispyware security intelligence version: 1.385.865.0
 	Network Realtime Inspection security intelligence version: 1.385.865.0
 	RTP state: Enabled
 	OA state: Enabled
 	IOAV state: Enabled
 	BM state: Enabled
 	Antivirus security intelligence age: 0
 	Antispyware security intelligence age: 0
 	Last quick scan age: 0
 	Last full scan age: 4294967295
 	Antivirus security intelligence creation time: 2023-03-23T01:29:41Z
 	Antispyware security intelligence creation time: 2023-03-23T01:29:41Z
 	Last quick scan start time: 2023-03-23T08:33:47Z
 	Last quick scan end time: 2023-03-23T08:34:26Z
 	Last quick scan source: 2
 	Last full scan start time: 1601-01-01T00:00:00Z
 	Last full scan end time: 1601-01-01T00:00:00Z
 	Last full scan source: 0
 	Product status: 0x00080000
"
Information,3/23/2023 2:41:23 AM,Microsoft-Windows-Windows Defender,1150,None,"Endpoint Protection client is up and running in a healthy state.
 	Platform version: 4.18.2302.3
 	Engine version: 1.1.20100.6
 	Security intelligence version: 1.385.865.0
"
Information,3/23/2023 1:41:23 AM,Microsoft-Windows-Windows Defender,5007,None,"Microsoft Defender Antivirus Configuration has changed. If this is an unexpected event you should review the settings as this may be the result of malware.
 	Old value: 
 	New value: HKLM\SOFTWARE\Microsoft\Windows Defender\MpEngine\MpEngineRing = 0x4"
Information,3/23/2023 1:41:23 AM,Microsoft-Windows-Windows Defender,5007,None,"Microsoft Defender Antivirus Configuration has changed. If this is an unexpected event you should review the settings as this may be the result of malware.
 	Old value: 
 	New value: HKLM\SOFTWARE\Microsoft\Windows Defender\MpEngine\MpCampRing = 0x4"
Information,3/23/2023 1:41:21 AM,Microsoft-Windows-Windows Defender,5007,None,"Microsoft Defender Antivirus Configuration has changed. If this is an unexpected event you should review the settings as this may be the result of malware.
 	Old value: HKLM\SOFTWARE\Microsoft\Windows Defender\MpEngine\MpEngineRing = 0x4
 	New value: "
Information,3/23/2023 1:41:21 AM,Microsoft-Windows-Windows Defender,5007,None,"Microsoft Defender Antivirus Configuration has changed. If this is an unexpected event you should review the settings as this may be the result of malware.
 	Old value: HKLM\SOFTWARE\Microsoft\Windows Defender\MpEngine\MpCampRing = 0x4
 	New value: "
Information,3/23/2023 1:41:21 AM,Microsoft-Windows-Windows Defender,5007,None,"Microsoft Defender Antivirus Configuration has changed. If this is an unexpected event you should review the settings as this may be the result of malware.
 	Old value: Default\ServiceStartStates = 0x0
 	New value: HKLM\SOFTWARE\Microsoft\Windows Defender\ServiceStartStates = 0x1"
Information,3/23/2023 1:37:16 AM,Microsoft-Windows-Windows Defender,5007,None,"Microsoft Defender Antivirus Configuration has changed. If this is an unexpected event you should review the settings as this may be the result of malware.
 	Old value: HKLM\SOFTWARE\Microsoft\Windows Defender\ServiceStartStates = 0x1
 	New value: Default\ServiceStartStates = 0x0"
Information,3/23/2023 1:34:26 AM,Microsoft-Windows-Windows Defender,1001,None,"Microsoft Defender Antivirus scan has finished.
 	Scan ID: {F2297406-27AC-4EB1-BDFB-53F218AC9191}
 	Scan Type: Antimalware
 	Scan Parameters: Quick Scan
 	User: NT AUTHORITY\SYSTEM
 	Scan Time: 0:00:38"
Information,3/23/2023 1:33:47 AM,Microsoft-Windows-Windows Defender,1000,None,"Microsoft Defender Antivirus scan has started.
 	Scan ID: {F2297406-27AC-4EB1-BDFB-53F218AC9191}
 	Scan Type: Antimalware
 	Scan Parameters: Quick Scan
 	Scan Resources: 
 	User: NT AUTHORITY\SYSTEM"
Information,3/23/2023 1:23:54 AM,Microsoft-Windows-Windows Defender,2000,None,"Microsoft Defender Antivirus security intelligence version updated.
 	Current security intelligence Version: 1.385.865.0
 	Previous security intelligence Version: 1.385.746.0
 	Security intelligence Type: AntiSpyware
 	Update Type: Delta
 	User: NT AUTHORITY\SYSTEM
 	Current Engine Version: 1.1.20100.6
 	Previous Engine Version: 1.1.20100.6"
Information,3/23/2023 1:23:54 AM,Microsoft-Windows-Windows Defender,2000,None,"Microsoft Defender Antivirus security intelligence version updated.
 	Current security intelligence Version: 1.385.865.0
 	Previous security intelligence Version: 1.385.746.0
 	Security intelligence Type: AntiVirus
 	Update Type: Delta
 	User: NT AUTHORITY\SYSTEM
 	Current Engine Version: 1.1.20100.6
 	Previous Engine Version: 1.1.20100.6"
Information,3/23/2023 1:23:54 AM,Microsoft-Windows-Windows Defender,5007,None,"Microsoft Defender Antivirus Configuration has changed. If this is an unexpected event you should review the settings as this may be the result of malware.
 	Old value: 
 	New value: HKLM\SOFTWARE\Microsoft\Windows Defender\MpEngine\MpEngineRing = 0x4"
Information,3/23/2023 1:23:54 AM,Microsoft-Windows-Windows Defender,5007,None,"Microsoft Defender Antivirus Configuration has changed. If this is an unexpected event you should review the settings as this may be the result of malware.
 	Old value: 
 	New value: HKLM\SOFTWARE\Microsoft\Windows Defender\MpEngine\MpCampRing = 0x4"
Information,3/23/2023 1:23:52 AM,Microsoft-Windows-Windows Defender,5007,None,"Microsoft Defender Antivirus Configuration has changed. If this is an unexpected event you should review the settings as this may be the result of malware.
 	Old value: HKLM\SOFTWARE\Microsoft\Windows Defender\MpEngine\MpEngineRing = 0x4
 	New value: "
Information,3/23/2023 1:23:52 AM,Microsoft-Windows-Windows Defender,5007,None,"Microsoft Defender Antivirus Configuration has changed. If this is an unexpected event you should review the settings as this may be the result of malware.
 	Old value: HKLM\SOFTWARE\Microsoft\Windows Defender\MpEngine\MpCampRing = 0x4
 	New value: "
